2021-06-29 13:18:49.210 +06:00 [INF] Application Starting up
2021-06-29 13:19:22.807 +06:00 [INF] Application Starting up
2021-06-29 13:20:21.127 +06:00 [INF] Application Starting up
2021-06-29 13:20:38.288 +06:00 [ERR] The view 'Admin' was not found. Searched locations: ["/Views/Dashboard/Admin.cshtml","/Views/Shared/Admin.cshtml","/Pages/Shared/Admin.cshtml"]
2021-06-29 13:20:38.316 +06:00 [ERR] An unhandled exception has occurred while executing the request.
System.InvalidOperationException: The view 'Admin' was not found. The following locations were searched:
/Views/Dashboard/Admin.cshtml
/Views/Shared/Admin.cshtml
/Pages/Shared/Admin.cshtml
   at Microsoft.AspNetCore.Mvc.ViewEngines.ViewEngineResult.EnsureSuccessful(IEnumerable`1 originalLocations)
   at Microsoft.AspNetCore.Mvc.ViewFeatures.ViewResultExecutor.ExecuteAsync(ActionContext context, ViewResult result)
   at Microsoft.AspNetCore.Mvc.ViewResult.ExecuteResultAsync(ActionContext context)
   at Microsoft.AspNetCore.Mvc.Infrastructure.ResourceInvoker.<InvokeNextResultFilterAsync>g__Awaited|29_0[TFilter,TFilterAsync](ResourceInvoker invoker, Task lastTask, State next, Scope scope, Object state, Boolean isCompleted)
   at Microsoft.AspNetCore.Mvc.Infrastructure.ResourceInvoker.Rethrow(ResultExecutedContextSealed context)
   at Microsoft.AspNetCore.Mvc.Infrastructure.ResourceInvoker.ResultNext[TFilter,TFilterAsync](State& next, Scope& scope, Object& state, Boolean& isCompleted)
   at Microsoft.AspNetCore.Mvc.Infrastructure.ResourceInvoker.InvokeResultFilters()
--- End of stack trace from previous location ---
   at Microsoft.AspNetCore.Mvc.Infrastructure.ResourceInvoker.<InvokeNextResourceFilter>g__Awaited|24_0(ResourceInvoker invoker, Task lastTask, State next, Scope scope, Object state, Boolean isCompleted)
   at Microsoft.AspNetCore.Mvc.Infrastructure.ResourceInvoker.Rethrow(ResourceExecutedContextSealed context)
   at Microsoft.AspNetCore.Mvc.Infrastructure.ResourceInvoker.Next(State& next, Scope& scope, Object& state, Boolean& isCompleted)
   at Microsoft.AspNetCore.Mvc.Infrastructure.ResourceInvoker.InvokeFilterPipelineAsync()
--- End of stack trace from previous location ---
   at Microsoft.AspNetCore.Mvc.Infrastructure.ResourceInvoker.<InvokeAsync>g__Awaited|17_0(ResourceInvoker invoker, Task task, IDisposable scope)
   at Microsoft.AspNetCore.Routing.EndpointMiddleware.<Invoke>g__AwaitRequestTask|6_0(Endpoint endpoint, Task requestTask, ILogger logger)
   at Microsoft.AspNetCore.Session.SessionMiddleware.Invoke(HttpContext context)
   at Microsoft.AspNetCore.Session.SessionMiddleware.Invoke(HttpContext context)
   at Microsoft.AspNetCore.Authorization.AuthorizationMiddleware.Invoke(HttpContext context)
   at Microsoft.AspNetCore.Authentication.AuthenticationMiddleware.Invoke(HttpContext context)
   at Microsoft.AspNetCore.Diagnostics.EntityFrameworkCore.MigrationsEndPointMiddleware.Invoke(HttpContext context)
   at Microsoft.AspNetCore.Diagnostics.DeveloperExceptionPageMiddleware.Invoke(HttpContext context)
2021-06-29 13:20:40.444 +06:00 [ERR] An exception occurred while calculating the database error page content. Skipping display of the database error page.
System.InvalidOperationException: StatusCode cannot be set because the response has already started.
   at Microsoft.AspNetCore.Server.IIS.Core.IISHttpContext.ThrowResponseAlreadyStartedException(String name)
   at Microsoft.AspNetCore.Server.IIS.Core.IISHttpContext.set_StatusCode(Int32 value)
   at Microsoft.AspNetCore.Server.IIS.Core.IISHttpContext.Microsoft.AspNetCore.Http.Features.IHttpResponseFeature.set_StatusCode(Int32 value)
   at Microsoft.AspNetCore.Http.DefaultHttpResponse.set_StatusCode(Int32 value)
   at Microsoft.AspNetCore.Diagnostics.EntityFrameworkCore.Views.DatabaseErrorPage.ExecuteAsync()
   at Microsoft.Extensions.RazorViews.BaseView.ExecuteAsync(HttpContext context)
   at Microsoft.AspNetCore.Diagnostics.EntityFrameworkCore.DatabaseDeveloperPageExceptionFilter.HandleExceptionAsync(ErrorContext errorContext, Func`2 next)
2021-06-29 13:41:58.956 +06:00 [INF] Application Starting up
2021-06-29 13:42:56.044 +06:00 [ERR] The view 'Admin' was not found. Searched locations: ["/Views/Dashboard/Admin.cshtml","/Views/Shared/Admin.cshtml","/Pages/Shared/Admin.cshtml"]
2021-06-29 13:42:56.114 +06:00 [ERR] An unhandled exception has occurred while executing the request.
System.InvalidOperationException: The view 'Admin' was not found. The following locations were searched:
/Views/Dashboard/Admin.cshtml
/Views/Shared/Admin.cshtml
/Pages/Shared/Admin.cshtml
   at Microsoft.AspNetCore.Mvc.ViewEngines.ViewEngineResult.EnsureSuccessful(IEnumerable`1 originalLocations)
   at Microsoft.AspNetCore.Mvc.ViewFeatures.ViewResultExecutor.ExecuteAsync(ActionContext context, ViewResult result)
   at Microsoft.AspNetCore.Mvc.ViewResult.ExecuteResultAsync(ActionContext context)
   at Microsoft.AspNetCore.Mvc.Infrastructure.ResourceInvoker.<InvokeNextResultFilterAsync>g__Awaited|29_0[TFilter,TFilterAsync](ResourceInvoker invoker, Task lastTask, State next, Scope scope, Object state, Boolean isCompleted)
   at Microsoft.AspNetCore.Mvc.Infrastructure.ResourceInvoker.Rethrow(ResultExecutedContextSealed context)
   at Microsoft.AspNetCore.Mvc.Infrastructure.ResourceInvoker.ResultNext[TFilter,TFilterAsync](State& next, Scope& scope, Object& state, Boolean& isCompleted)
   at Microsoft.AspNetCore.Mvc.Infrastructure.ResourceInvoker.InvokeResultFilters()
--- End of stack trace from previous location ---
   at Microsoft.AspNetCore.Mvc.Infrastructure.ResourceInvoker.<InvokeNextResourceFilter>g__Awaited|24_0(ResourceInvoker invoker, Task lastTask, State next, Scope scope, Object state, Boolean isCompleted)
   at Microsoft.AspNetCore.Mvc.Infrastructure.ResourceInvoker.Rethrow(ResourceExecutedContextSealed context)
   at Microsoft.AspNetCore.Mvc.Infrastructure.ResourceInvoker.Next(State& next, Scope& scope, Object& state, Boolean& isCompleted)
   at Microsoft.AspNetCore.Mvc.Infrastructure.ResourceInvoker.InvokeFilterPipelineAsync()
--- End of stack trace from previous location ---
   at Microsoft.AspNetCore.Mvc.Infrastructure.ResourceInvoker.<InvokeAsync>g__Awaited|17_0(ResourceInvoker invoker, Task task, IDisposable scope)
   at Microsoft.AspNetCore.Routing.EndpointMiddleware.<Invoke>g__AwaitRequestTask|6_0(Endpoint endpoint, Task requestTask, ILogger logger)
   at Microsoft.AspNetCore.Session.SessionMiddleware.Invoke(HttpContext context)
   at Microsoft.AspNetCore.Session.SessionMiddleware.Invoke(HttpContext context)
   at Microsoft.AspNetCore.Authorization.AuthorizationMiddleware.Invoke(HttpContext context)
   at Microsoft.AspNetCore.Authentication.AuthenticationMiddleware.Invoke(HttpContext context)
   at Microsoft.AspNetCore.Diagnostics.EntityFrameworkCore.MigrationsEndPointMiddleware.Invoke(HttpContext context)
   at Microsoft.AspNetCore.Diagnostics.DeveloperExceptionPageMiddleware.Invoke(HttpContext context)
2021-06-29 13:42:58.663 +06:00 [ERR] An exception occurred while calculating the database error page content. Skipping display of the database error page.
System.InvalidOperationException: StatusCode cannot be set because the response has already started.
   at Microsoft.AspNetCore.Server.IIS.Core.IISHttpContext.ThrowResponseAlreadyStartedException(String name)
   at Microsoft.AspNetCore.Server.IIS.Core.IISHttpContext.set_StatusCode(Int32 value)
   at Microsoft.AspNetCore.Server.IIS.Core.IISHttpContext.Microsoft.AspNetCore.Http.Features.IHttpResponseFeature.set_StatusCode(Int32 value)
   at Microsoft.AspNetCore.Http.DefaultHttpResponse.set_StatusCode(Int32 value)
   at Microsoft.AspNetCore.Diagnostics.EntityFrameworkCore.Views.DatabaseErrorPage.ExecuteAsync()
   at Microsoft.Extensions.RazorViews.BaseView.ExecuteAsync(HttpContext context)
   at Microsoft.AspNetCore.Diagnostics.EntityFrameworkCore.DatabaseDeveloperPageExceptionFilter.HandleExceptionAsync(ErrorContext errorContext, Func`2 next)
2021-06-29 13:43:55.418 +06:00 [INF] Application Starting up
2021-06-29 13:46:17.012 +06:00 [INF] Application Starting up
2021-06-29 13:46:40.540 +06:00 [ERR] An unhandled exception has occurred while executing the request.
System.InvalidOperationException: The partial view '_FooterMenuPartial' was not found. The following locations were searched:
/Areas/Admin/Views/Dashboard/_FooterMenuPartial.cshtml
/Areas/Admin/Views/Shared/_FooterMenuPartial.cshtml
/Views/Shared/_FooterMenuPartial.cshtml
/Pages/Shared/_FooterMenuPartial.cshtml
   at Microsoft.AspNetCore.Mvc.TagHelpers.PartialTagHelper.ProcessAsync(TagHelperContext context, TagHelperOutput output)
   at Microsoft.AspNetCore.Razor.Runtime.TagHelpers.TagHelperRunner.<RunAsync>g__Awaited|0_0(Task task, TagHelperExecutionContext executionContext, Int32 i, Int32 count)
   at AspNetCore.Areas_Admin_Views_Shared__Layout.<ExecuteAsync>b__14_1() in D:\DevSkill\dotNet\Code\Asp.NetBatch5\AspDotNetMVC\ClassEighteen\MVC.Web\Areas\Admin\Views\Shared\_Layout.cshtml:line 851
   at Microsoft.AspNetCore.Razor.Runtime.TagHelpers.TagHelperExecutionContext.SetOutputContentAsync()
   at AspNetCore.Areas_Admin_Views_Shared__Layout.ExecuteAsync()
   at Microsoft.AspNetCore.Mvc.Razor.RazorView.RenderPageCoreAsync(IRazorPage page, ViewContext context)
   at Microsoft.AspNetCore.Mvc.Razor.RazorView.RenderPageAsync(IRazorPage page, ViewContext context, Boolean invokeViewStarts)
   at Microsoft.AspNetCore.Mvc.Razor.RazorView.RenderLayoutAsync(ViewContext context, ViewBufferTextWriter bodyWriter)
   at Microsoft.AspNetCore.Mvc.Razor.RazorView.RenderAsync(ViewContext context)
   at Microsoft.AspNetCore.Mvc.ViewFeatures.ViewExecutor.ExecuteAsync(ViewContext viewContext, String contentType, Nullable`1 statusCode)
   at Microsoft.AspNetCore.Mvc.ViewFeatures.ViewExecutor.ExecuteAsync(ViewContext viewContext, String contentType, Nullable`1 statusCode)
   at Microsoft.AspNetCore.Mvc.ViewFeatures.ViewExecutor.ExecuteAsync(ActionContext actionContext, IView view, ViewDataDictionary viewData, ITempDataDictionary tempData, String contentType, Nullable`1 statusCode)
   at Microsoft.AspNetCore.Mvc.ViewFeatures.ViewResultExecutor.ExecuteAsync(ActionContext context, ViewResult result)
   at Microsoft.AspNetCore.Mvc.ViewResult.ExecuteResultAsync(ActionContext context)
   at Microsoft.AspNetCore.Mvc.Infrastructure.ResourceInvoker.<InvokeNextResultFilterAsync>g__Awaited|29_0[TFilter,TFilterAsync](ResourceInvoker invoker, Task lastTask, State next, Scope scope, Object state, Boolean isCompleted)
   at Microsoft.AspNetCore.Mvc.Infrastructure.ResourceInvoker.Rethrow(ResultExecutedContextSealed context)
   at Microsoft.AspNetCore.Mvc.Infrastructure.ResourceInvoker.ResultNext[TFilter,TFilterAsync](State& next, Scope& scope, Object& state, Boolean& isCompleted)
   at Microsoft.AspNetCore.Mvc.Infrastructure.ResourceInvoker.InvokeResultFilters()
--- End of stack trace from previous location ---
   at Microsoft.AspNetCore.Mvc.Infrastructure.ResourceInvoker.<InvokeNextResourceFilter>g__Awaited|24_0(ResourceInvoker invoker, Task lastTask, State next, Scope scope, Object state, Boolean isCompleted)
   at Microsoft.AspNetCore.Mvc.Infrastructure.ResourceInvoker.Rethrow(ResourceExecutedContextSealed context)
   at Microsoft.AspNetCore.Mvc.Infrastructure.ResourceInvoker.Next(State& next, Scope& scope, Object& state, Boolean& isCompleted)
   at Microsoft.AspNetCore.Mvc.Infrastructure.ResourceInvoker.InvokeFilterPipelineAsync()
--- End of stack trace from previous location ---
   at Microsoft.AspNetCore.Mvc.Infrastructure.ResourceInvoker.<InvokeAsync>g__Awaited|17_0(ResourceInvoker invoker, Task task, IDisposable scope)
   at Microsoft.AspNetCore.Routing.EndpointMiddleware.<Invoke>g__AwaitRequestTask|6_0(Endpoint endpoint, Task requestTask, ILogger logger)
   at Microsoft.AspNetCore.Session.SessionMiddleware.Invoke(HttpContext context)
   at Microsoft.AspNetCore.Session.SessionMiddleware.Invoke(HttpContext context)
   at Microsoft.AspNetCore.Authorization.AuthorizationMiddleware.Invoke(HttpContext context)
   at Microsoft.AspNetCore.Authentication.AuthenticationMiddleware.Invoke(HttpContext context)
   at Microsoft.AspNetCore.Diagnostics.EntityFrameworkCore.MigrationsEndPointMiddleware.Invoke(HttpContext context)
   at Microsoft.AspNetCore.Diagnostics.DeveloperExceptionPageMiddleware.Invoke(HttpContext context)
2021-06-29 13:46:43.059 +06:00 [ERR] An exception occurred while calculating the database error page content. Skipping display of the database error page.
System.InvalidOperationException: StatusCode cannot be set because the response has already started.
   at Microsoft.AspNetCore.Server.IIS.Core.IISHttpContext.ThrowResponseAlreadyStartedException(String name)
   at Microsoft.AspNetCore.Server.IIS.Core.IISHttpContext.set_StatusCode(Int32 value)
   at Microsoft.AspNetCore.Server.IIS.Core.IISHttpContext.Microsoft.AspNetCore.Http.Features.IHttpResponseFeature.set_StatusCode(Int32 value)
   at Microsoft.AspNetCore.Http.DefaultHttpResponse.set_StatusCode(Int32 value)
   at Microsoft.AspNetCore.Diagnostics.EntityFrameworkCore.Views.DatabaseErrorPage.ExecuteAsync()
   at Microsoft.Extensions.RazorViews.BaseView.ExecuteAsync(HttpContext context)
   at Microsoft.AspNetCore.Diagnostics.EntityFrameworkCore.DatabaseDeveloperPageExceptionFilter.HandleExceptionAsync(ErrorContext errorContext, Func`2 next)
2021-06-29 13:55:36.221 +06:00 [INF] Application Starting up
2021-06-29 13:55:48.130 +06:00 [ERR] An unhandled exception has occurred while executing the request.
System.InvalidOperationException: The partial view '_FooterMenuPartial' was not found. The following locations were searched:
/Areas/Admin/Views/Dashboard/_FooterMenuPartial.cshtml
/Areas/Admin/Views/Shared/_FooterMenuPartial.cshtml
/Views/Shared/_FooterMenuPartial.cshtml
/Pages/Shared/_FooterMenuPartial.cshtml
   at Microsoft.AspNetCore.Mvc.TagHelpers.PartialTagHelper.ProcessAsync(TagHelperContext context, TagHelperOutput output)
   at Microsoft.AspNetCore.Razor.Runtime.TagHelpers.TagHelperRunner.<RunAsync>g__Awaited|0_0(Task task, TagHelperExecutionContext executionContext, Int32 i, Int32 count)
   at AspNetCore.Areas_Admin_Views_Shared__Layout.<ExecuteAsync>b__14_1() in D:\DevSkill\dotNet\Code\Asp.NetBatch5\AspDotNetMVC\ClassEighteen\MVC.Web\Areas\Admin\Views\Shared\_Layout.cshtml:line 851
   at Microsoft.AspNetCore.Razor.Runtime.TagHelpers.TagHelperExecutionContext.SetOutputContentAsync()
   at AspNetCore.Areas_Admin_Views_Shared__Layout.ExecuteAsync()
   at Microsoft.AspNetCore.Mvc.Razor.RazorView.RenderPageCoreAsync(IRazorPage page, ViewContext context)
   at Microsoft.AspNetCore.Mvc.Razor.RazorView.RenderPageAsync(IRazorPage page, ViewContext context, Boolean invokeViewStarts)
   at Microsoft.AspNetCore.Mvc.Razor.RazorView.RenderLayoutAsync(ViewContext context, ViewBufferTextWriter bodyWriter)
   at Microsoft.AspNetCore.Mvc.Razor.RazorView.RenderAsync(ViewContext context)
   at Microsoft.AspNetCore.Mvc.ViewFeatures.ViewExecutor.ExecuteAsync(ViewContext viewContext, String contentType, Nullable`1 statusCode)
   at Microsoft.AspNetCore.Mvc.ViewFeatures.ViewExecutor.ExecuteAsync(ViewContext viewContext, String contentType, Nullable`1 statusCode)
   at Microsoft.AspNetCore.Mvc.ViewFeatures.ViewExecutor.ExecuteAsync(ActionContext actionContext, IView view, ViewDataDictionary viewData, ITempDataDictionary tempData, String contentType, Nullable`1 statusCode)
   at Microsoft.AspNetCore.Mvc.ViewFeatures.ViewResultExecutor.ExecuteAsync(ActionContext context, ViewResult result)
   at Microsoft.AspNetCore.Mvc.ViewResult.ExecuteResultAsync(ActionContext context)
   at Microsoft.AspNetCore.Mvc.Infrastructure.ResourceInvoker.<InvokeNextResultFilterAsync>g__Awaited|29_0[TFilter,TFilterAsync](ResourceInvoker invoker, Task lastTask, State next, Scope scope, Object state, Boolean isCompleted)
   at Microsoft.AspNetCore.Mvc.Infrastructure.ResourceInvoker.Rethrow(ResultExecutedContextSealed context)
   at Microsoft.AspNetCore.Mvc.Infrastructure.ResourceInvoker.ResultNext[TFilter,TFilterAsync](State& next, Scope& scope, Object& state, Boolean& isCompleted)
   at Microsoft.AspNetCore.Mvc.Infrastructure.ResourceInvoker.InvokeResultFilters()
--- End of stack trace from previous location ---
   at Microsoft.AspNetCore.Mvc.Infrastructure.ResourceInvoker.<InvokeNextResourceFilter>g__Awaited|24_0(ResourceInvoker invoker, Task lastTask, State next, Scope scope, Object state, Boolean isCompleted)
   at Microsoft.AspNetCore.Mvc.Infrastructure.ResourceInvoker.Rethrow(ResourceExecutedContextSealed context)
   at Microsoft.AspNetCore.Mvc.Infrastructure.ResourceInvoker.Next(State& next, Scope& scope, Object& state, Boolean& isCompleted)
   at Microsoft.AspNetCore.Mvc.Infrastructure.ResourceInvoker.InvokeFilterPipelineAsync()
--- End of stack trace from previous location ---
   at Microsoft.AspNetCore.Mvc.Infrastructure.ResourceInvoker.<InvokeAsync>g__Awaited|17_0(ResourceInvoker invoker, Task task, IDisposable scope)
   at Microsoft.AspNetCore.Routing.EndpointMiddleware.<Invoke>g__AwaitRequestTask|6_0(Endpoint endpoint, Task requestTask, ILogger logger)
   at Microsoft.AspNetCore.Session.SessionMiddleware.Invoke(HttpContext context)
   at Microsoft.AspNetCore.Session.SessionMiddleware.Invoke(HttpContext context)
   at Microsoft.AspNetCore.Authorization.AuthorizationMiddleware.Invoke(HttpContext context)
   at Microsoft.AspNetCore.Authentication.AuthenticationMiddleware.Invoke(HttpContext context)
   at Microsoft.AspNetCore.Diagnostics.EntityFrameworkCore.MigrationsEndPointMiddleware.Invoke(HttpContext context)
   at Microsoft.AspNetCore.Diagnostics.DeveloperExceptionPageMiddleware.Invoke(HttpContext context)
2021-06-29 13:55:50.765 +06:00 [ERR] An exception occurred while calculating the database error page content. Skipping display of the database error page.
System.InvalidOperationException: StatusCode cannot be set because the response has already started.
   at Microsoft.AspNetCore.Server.IIS.Core.IISHttpContext.ThrowResponseAlreadyStartedException(String name)
   at Microsoft.AspNetCore.Server.IIS.Core.IISHttpContext.set_StatusCode(Int32 value)
   at Microsoft.AspNetCore.Server.IIS.Core.IISHttpContext.Microsoft.AspNetCore.Http.Features.IHttpResponseFeature.set_StatusCode(Int32 value)
   at Microsoft.AspNetCore.Http.DefaultHttpResponse.set_StatusCode(Int32 value)
   at Microsoft.AspNetCore.Diagnostics.EntityFrameworkCore.Views.DatabaseErrorPage.ExecuteAsync()
   at Microsoft.Extensions.RazorViews.BaseView.ExecuteAsync(HttpContext context)
   at Microsoft.AspNetCore.Diagnostics.EntityFrameworkCore.DatabaseDeveloperPageExceptionFilter.HandleExceptionAsync(ErrorContext errorContext, Func`2 next)
2021-06-29 13:56:56.105 +06:00 [INF] Application Starting up
2021-06-29 14:00:54.380 +06:00 [INF] Application Starting up
2021-06-29 15:13:58.299 +06:00 [INF] Application Starting up
2021-06-29 15:18:20.832 +06:00 [INF] Application Starting up
2021-06-29 15:21:09.222 +06:00 [INF] Application Starting up
2021-06-29 22:52:59.657 +06:00 [INF] Application Starting up
2021-06-29 22:55:07.033 +06:00 [INF] Application Starting up
2021-06-29 22:57:58.650 +06:00 [ERR] An unhandled exception has occurred while executing the request.
Autofac.Core.Registration.ComponentNotRegisteredException: The requested service 'MVC.Training.Services.ICoursesService' has not been registered. To avoid this exception, either register a component to provide the service, check for service registration using IsRegistered(), or use the ResolveOptional() method to resolve an optional dependency.
   at Autofac.ResolutionExtensions.ResolveService(IComponentContext context, Service service, IEnumerable`1 parameters)
   at Autofac.ResolutionExtensions.Resolve(IComponentContext context, Type serviceType, IEnumerable`1 parameters)
   at Autofac.ResolutionExtensions.Resolve[TService](IComponentContext context, IEnumerable`1 parameters)
   at Autofac.ResolutionExtensions.Resolve[TService](IComponentContext context)
   at MVC.Web.Areas.Admin.Models.CourseListModel..ctor() in D:\DevSkill\dotNet\Code\Asp.NetBatch5\AspDotNetMVC\ClassEighteen\MVC.Web\Areas\Admin\Models\CourseListModel.cs:line 19
   at MVC.Web.Areas.Admin.Controllers.CourseController.Index() in D:\DevSkill\dotNet\Code\Asp.NetBatch5\AspDotNetMVC\ClassEighteen\MVC.Web\Areas\Admin\Controllers\CourseController.cs:line 17
   at lambda_method566(Closure , Object , Object[] )
   at Microsoft.AspNetCore.Mvc.Infrastructure.ActionMethodExecutor.SyncActionResultExecutor.Execute(IActionResultTypeMapper mapper, ObjectMethodExecutor executor, Object controller, Object[] arguments)
   at Microsoft.AspNetCore.Mvc.Infrastructure.ControllerActionInvoker.InvokeActionMethodAsync()
   at Microsoft.AspNetCore.Mvc.Infrastructure.ControllerActionInvoker.Next(State& next, Scope& scope, Object& state, Boolean& isCompleted)
   at Microsoft.AspNetCore.Mvc.Infrastructure.ControllerActionInvoker.InvokeNextActionFilterAsync()
--- End of stack trace from previous location ---
   at Microsoft.AspNetCore.Mvc.Infrastructure.ControllerActionInvoker.Rethrow(ActionExecutedContextSealed context)
   at Microsoft.AspNetCore.Mvc.Infrastructure.ControllerActionInvoker.Next(State& next, Scope& scope, Object& state, Boolean& isCompleted)
   at Microsoft.AspNetCore.Mvc.Infrastructure.ControllerActionInvoker.InvokeInnerFilterAsync()
--- End of stack trace from previous location ---
   at Microsoft.AspNetCore.Mvc.Infrastructure.ResourceInvoker.<InvokeNextResourceFilter>g__Awaited|24_0(ResourceInvoker invoker, Task lastTask, State next, Scope scope, Object state, Boolean isCompleted)
   at Microsoft.AspNetCore.Mvc.Infrastructure.ResourceInvoker.Rethrow(ResourceExecutedContextSealed context)
   at Microsoft.AspNetCore.Mvc.Infrastructure.ResourceInvoker.Next(State& next, Scope& scope, Object& state, Boolean& isCompleted)
   at Microsoft.AspNetCore.Mvc.Infrastructure.ResourceInvoker.InvokeFilterPipelineAsync()
--- End of stack trace from previous location ---
   at Microsoft.AspNetCore.Mvc.Infrastructure.ResourceInvoker.<InvokeAsync>g__Awaited|17_0(ResourceInvoker invoker, Task task, IDisposable scope)
   at Microsoft.AspNetCore.Routing.EndpointMiddleware.<Invoke>g__AwaitRequestTask|6_0(Endpoint endpoint, Task requestTask, ILogger logger)
   at Microsoft.AspNetCore.Session.SessionMiddleware.Invoke(HttpContext context)
   at Microsoft.AspNetCore.Session.SessionMiddleware.Invoke(HttpContext context)
   at Microsoft.AspNetCore.Authorization.AuthorizationMiddleware.Invoke(HttpContext context)
   at Microsoft.AspNetCore.Authentication.AuthenticationMiddleware.Invoke(HttpContext context)
   at Microsoft.AspNetCore.Diagnostics.EntityFrameworkCore.MigrationsEndPointMiddleware.Invoke(HttpContext context)
   at Microsoft.AspNetCore.Diagnostics.DeveloperExceptionPageMiddleware.Invoke(HttpContext context)
2021-06-29 22:58:01.056 +06:00 [ERR] An exception occurred while calculating the database error page content. Skipping display of the database error page.
System.InvalidOperationException: StatusCode cannot be set because the response has already started.
   at Microsoft.AspNetCore.Server.IIS.Core.IISHttpContext.ThrowResponseAlreadyStartedException(String name)
   at Microsoft.AspNetCore.Server.IIS.Core.IISHttpContext.set_StatusCode(Int32 value)
   at Microsoft.AspNetCore.Server.IIS.Core.IISHttpContext.Microsoft.AspNetCore.Http.Features.IHttpResponseFeature.set_StatusCode(Int32 value)
   at Microsoft.AspNetCore.Http.DefaultHttpResponse.set_StatusCode(Int32 value)
   at Microsoft.AspNetCore.Diagnostics.EntityFrameworkCore.Views.DatabaseErrorPage.ExecuteAsync()
   at Microsoft.Extensions.RazorViews.BaseView.ExecuteAsync(HttpContext context)
   at Microsoft.AspNetCore.Diagnostics.EntityFrameworkCore.DatabaseDeveloperPageExceptionFilter.HandleExceptionAsync(ErrorContext errorContext, Func`2 next)
2021-06-29 23:02:42.035 +06:00 [INF] Application Starting up
2021-06-29 23:05:36.659 +06:00 [INF] Application Starting up
2021-06-29 23:17:16.897 +06:00 [INF] Application Starting up
2021-06-29 23:20:14.260 +06:00 [INF] Application Starting up
2021-06-29 23:22:01.951 +06:00 [INF] Application Starting up
2021-06-29 23:24:25.156 +06:00 [INF] Application Starting up
2021-06-29 23:26:05.012 +06:00 [INF] Application Starting up
2021-06-29 23:27:39.389 +06:00 [INF] Application Starting up
2021-06-29 23:28:33.521 +06:00 [INF] Application Starting up
