2021-08-24 18:07:09.480 +06:00 [INF] Application Starting up
2021-08-24 18:08:39.588 +06:00 [INF] Application Starting up
2021-08-24 18:09:19.154 +06:00 [INF] Application Starting up
2021-08-24 19:43:30.854 +06:00 [INF] Application Starting up
2021-08-24 19:44:10.212 +06:00 [INF] User created a new account with password.
2021-08-24 19:45:59.500 +06:00 [INF] Application Starting up
2021-08-24 19:48:30.552 +06:00 [INF] Application Starting up
2021-08-24 19:50:40.816 +06:00 [INF] Application Starting up
2021-08-24 19:51:06.810 +06:00 [INF] User logged in.
2021-08-24 19:51:13.306 +06:00 [INF] User logged out.
2021-08-24 19:51:28.511 +06:00 [INF] User created a new account with password.
2021-08-24 20:15:42.799 +06:00 [INF] Application Starting up
2021-08-24 20:23:37.926 +06:00 [INF] Application Starting up
2021-08-24 20:32:05.758 +06:00 [INF] Application Starting up
2021-08-24 20:32:24.168 +06:00 [WRN] User cannot sign in without a confirmed account.
2021-08-24 20:32:32.569 +06:00 [WRN] User cannot sign in without a confirmed account.
2021-08-24 20:33:04.535 +06:00 [INF] User logged in.
2021-08-24 20:33:14.628 +06:00 [INF] User logged out.
2021-08-24 20:33:42.745 +06:00 [INF] User logged in.
2021-08-24 20:34:46.377 +06:00 [INF] Application Starting up
2021-08-24 20:36:36.995 +06:00 [INF] Application Starting up
2021-08-24 20:36:45.361 +06:00 [INF] User logged out.
2021-08-24 20:37:16.447 +06:00 [INF] User logged in.
2021-08-24 20:41:47.390 +06:00 [INF] Application Starting up
2021-08-24 20:43:23.652 +06:00 [INF] Application Starting up
2021-08-24 20:45:37.928 +06:00 [INF] Application Starting up
2021-08-24 20:45:45.079 +06:00 [INF] User logged out.
2021-08-24 20:46:22.007 +06:00 [INF] User created a new account with password.
2021-08-24 20:48:25.587 +06:00 [INF] Application Starting up
2021-08-24 20:48:31.801 +06:00 [INF] User logged out.
2021-08-24 20:48:55.206 +06:00 [INF] User created a new account with password.
2021-08-24 20:49:01.913 +06:00 [INF] User logged out.
2021-08-24 20:50:02.886 +06:00 [INF] Application Starting up
2021-08-24 20:50:28.280 +06:00 [INF] User created a new account with password.
2021-08-24 20:52:20.821 +06:00 [INF] Application Starting up
2021-08-24 20:52:42.419 +06:00 [INF] User logged out.
2021-08-24 20:52:54.448 +06:00 [INF] User created a new account with password.
2021-08-24 20:52:56.824 +06:00 [INF] User logged out.
2021-08-24 20:54:12.201 +06:00 [INF] Application Starting up
2021-08-24 20:54:30.684 +06:00 [INF] User created a new account with password.
2021-08-24 20:54:53.685 +06:00 [INF] Application Starting up
2021-08-24 20:54:56.877 +06:00 [FTL] Application startup exception
System.InvalidOperationException: Unable to resolve service for type 'Microsoft.AspNetCore.Session.ISessionStore' while attempting to activate 'Microsoft.AspNetCore.Session.SessionMiddleware'.
   at Microsoft.Extensions.Internal.ActivatorUtilities.ConstructorMatcher.CreateInstance(IServiceProvider provider)
   at Microsoft.Extensions.Internal.ActivatorUtilities.CreateInstance(IServiceProvider provider, Type instanceType, Object[] parameters)
   at Microsoft.AspNetCore.Builder.UseMiddlewareExtensions.<>c__DisplayClass5_0.<UseMiddleware>b__0(RequestDelegate next)
   at Microsoft.AspNetCore.Builder.ApplicationBuilder.Build()
   at Microsoft.AspNetCore.Hosting.GenericWebHostService.StartAsync(CancellationToken cancellationToken)
2021-08-24 20:54:57.002 +06:00 [FTL] Application start-up failed
System.InvalidOperationException: Unable to resolve service for type 'Microsoft.AspNetCore.Session.ISessionStore' while attempting to activate 'Microsoft.AspNetCore.Session.SessionMiddleware'.
   at Microsoft.Extensions.Internal.ActivatorUtilities.ConstructorMatcher.CreateInstance(IServiceProvider provider)
   at Microsoft.Extensions.Internal.ActivatorUtilities.CreateInstance(IServiceProvider provider, Type instanceType, Object[] parameters)
   at Microsoft.AspNetCore.Builder.UseMiddlewareExtensions.<>c__DisplayClass5_0.<UseMiddleware>b__0(RequestDelegate next)
   at Microsoft.AspNetCore.Builder.ApplicationBuilder.Build()
   at Microsoft.AspNetCore.Hosting.GenericWebHostService.StartAsync(CancellationToken cancellationToken)
   at Microsoft.Extensions.Hosting.Internal.Host.StartAsync(CancellationToken cancellationToken)
   at Microsoft.Extensions.Hosting.HostingAbstractionsHostExtensions.RunAsync(IHost host, CancellationToken token)
   at Microsoft.Extensions.Hosting.HostingAbstractionsHostExtensions.RunAsync(IHost host, CancellationToken token)
   at Microsoft.Extensions.Hosting.HostingAbstractionsHostExtensions.Run(IHost host)
   at ExamTimeChallenge.Web.Program.Main(String[] args) in D:\DevSkill\dotNet\Code\Asp.NetBatch5\AspDotNetMVC\TimeChallenge\ExamTimeChallenge\ExamTimeChallenge.Web\Program.cs:line 33
2021-08-24 20:55:24.507 +06:00 [INF] Application Starting up
2021-08-24 20:55:55.083 +06:00 [INF] Application Starting up
2021-08-24 20:56:01.130 +06:00 [INF] User logged out.
2021-08-24 20:56:19.596 +06:00 [INF] User created a new account with password.
2021-08-24 20:56:22.557 +06:00 [INF] User logged out.
2021-08-24 20:57:28.970 +06:00 [INF] Application Starting up
2021-08-24 20:58:02.561 +06:00 [INF] User created a new account with password.
2021-08-24 20:58:05.021 +06:00 [INF] User logged out.
2021-08-24 20:58:43.102 +06:00 [INF] Application Starting up
2021-08-24 20:59:02.121 +06:00 [INF] User created a new account with password.
2021-08-24 20:59:04.113 +06:00 [INF] User logged out.
2021-08-24 20:59:50.495 +06:00 [INF] Application Starting up
2021-08-24 21:00:21.511 +06:00 [INF] User created a new account with password.
2021-08-24 21:02:33.897 +06:00 [INF] Application Starting up
2021-08-24 21:02:40.398 +06:00 [INF] User logged out.
2021-08-24 21:03:01.390 +06:00 [INF] User created a new account with password.
2021-08-24 21:04:50.443 +06:00 [INF] Application Starting up
2021-08-24 21:05:19.824 +06:00 [INF] User logged in.
2021-08-24 21:05:29.080 +06:00 [INF] User logged out.
2021-08-24 21:05:40.442 +06:00 [INF] User logged in.
2021-08-24 21:05:46.956 +06:00 [INF] User logged out.
2021-08-24 21:06:03.583 +06:00 [INF] User logged in.
2021-08-24 21:13:21.517 +06:00 [INF] Application Starting up
2021-08-24 21:13:34.843 +06:00 [INF] User logged out.
2021-08-24 21:14:05.439 +06:00 [INF] User logged in.
2021-08-24 21:24:00.913 +06:00 [INF] Application Starting up
2021-08-24 21:33:04.341 +06:00 [INF] Application Starting up
2021-08-24 21:36:46.399 +06:00 [INF] Application Starting up
2021-08-24 21:51:32.773 +06:00 [INF] Application Starting up
2021-08-24 21:52:53.724 +06:00 [INF] Application Starting up
2021-08-24 21:53:49.659 +06:00 [INF] Application Starting up
2021-08-24 21:53:59.377 +06:00 [INF] User logged out.
2021-08-24 21:54:30.695 +06:00 [INF] User created a new account with password.
2021-08-24 21:55:16.316 +06:00 [INF] Application Starting up
2021-08-24 21:55:52.977 +06:00 [ERR] An unhandled exception has occurred while executing the request.
System.InvalidOperationException: Unable to resolve service for type 'Microsoft.AspNetCore.Identity.SignInManager`1[Microsoft.AspNetCore.Identity.IdentityUser]' while attempting to activate 'ExamTimeChallenge.Web.Areas.Identity.Pages.Account.LogoutModel'.
   at Microsoft.Extensions.DependencyInjection.ActivatorUtilities.GetService(IServiceProvider sp, Type type, Type requiredBy, Boolean isDefaultParameterRequired)
   at lambda_method605(Closure , IServiceProvider , Object[] )
   at Microsoft.AspNetCore.Mvc.RazorPages.Infrastructure.DefaultPageModelActivatorProvider.<>c__DisplayClass1_0.<CreateActivator>b__0(PageContext context)
   at Microsoft.AspNetCore.Mvc.RazorPages.Infrastructure.DefaultPageModelFactoryProvider.<>c__DisplayClass3_0.<CreateModelFactory>b__0(PageContext pageContext)
   at Microsoft.AspNetCore.Mvc.RazorPages.Infrastructure.PageActionInvoker.CreateInstance()
   at Microsoft.AspNetCore.Mvc.RazorPages.Infrastructure.PageActionInvoker.Next(State& next, Scope& scope, Object& state, Boolean& isCompleted)
   at Microsoft.AspNetCore.Mvc.RazorPages.Infrastructure.PageActionInvoker.InvokeInnerFilterAsync()
   at Microsoft.AspNetCore.Mvc.Infrastructure.ResourceInvoker.<InvokeNextResourceFilter>g__Awaited|24_0(ResourceInvoker invoker, Task lastTask, State next, Scope scope, Object state, Boolean isCompleted)
   at Microsoft.AspNetCore.Mvc.Infrastructure.ResourceInvoker.Rethrow(ResourceExecutedContextSealed context)
   at Microsoft.AspNetCore.Mvc.Infrastructure.ResourceInvoker.Next(State& next, Scope& scope, Object& state, Boolean& isCompleted)
   at Microsoft.AspNetCore.Mvc.Infrastructure.ResourceInvoker.InvokeFilterPipelineAsync()
--- End of stack trace from previous location ---
   at Microsoft.AspNetCore.Mvc.Infrastructure.ResourceInvoker.<InvokeAsync>g__Awaited|17_0(ResourceInvoker invoker, Task task, IDisposable scope)
   at Microsoft.AspNetCore.Routing.EndpointMiddleware.<Invoke>g__AwaitRequestTask|6_0(Endpoint endpoint, Task requestTask, ILogger logger)
   at Microsoft.AspNetCore.Session.SessionMiddleware.Invoke(HttpContext context)
   at Microsoft.AspNetCore.Session.SessionMiddleware.Invoke(HttpContext context)
   at Microsoft.AspNetCore.Authorization.AuthorizationMiddleware.Invoke(HttpContext context)
   at Microsoft.AspNetCore.Authentication.AuthenticationMiddleware.Invoke(HttpContext context)
   at Microsoft.AspNetCore.Diagnostics.EntityFrameworkCore.MigrationsEndPointMiddleware.Invoke(HttpContext context)
   at Microsoft.AspNetCore.Diagnostics.DeveloperExceptionPageMiddleware.Invoke(HttpContext context)
2021-08-24 21:55:55.478 +06:00 [ERR] An exception occurred while calculating the database error page content. Skipping display of the database error page.
System.InvalidOperationException: StatusCode cannot be set because the response has already started.
   at Microsoft.AspNetCore.Server.IIS.Core.IISHttpContext.ThrowResponseAlreadyStartedException(String name)
   at Microsoft.AspNetCore.Server.IIS.Core.IISHttpContext.set_StatusCode(Int32 value)
   at Microsoft.AspNetCore.Server.IIS.Core.IISHttpContext.Microsoft.AspNetCore.Http.Features.IHttpResponseFeature.set_StatusCode(Int32 value)
   at Microsoft.AspNetCore.Http.DefaultHttpResponse.set_StatusCode(Int32 value)
   at Microsoft.AspNetCore.Diagnostics.EntityFrameworkCore.Views.DatabaseErrorPage.ExecuteAsync()
   at Microsoft.Extensions.RazorViews.BaseView.ExecuteAsync(HttpContext context)
   at Microsoft.AspNetCore.Diagnostics.EntityFrameworkCore.DatabaseDeveloperPageExceptionFilter.HandleExceptionAsync(ErrorContext errorContext, Func`2 next)
2021-08-24 22:41:56.976 +06:00 [INF] Application Starting up
2021-08-24 22:47:25.978 +06:00 [INF] Application Starting up
2021-08-24 23:06:47.196 +06:00 [INF] Application Starting up
2021-08-24 23:09:06.055 +06:00 [INF] Application Starting up
2021-08-24 23:10:37.236 +06:00 [INF] Application Starting up
2021-08-24 23:26:51.551 +06:00 [INF] Application Starting up
2021-08-24 23:27:36.073 +06:00 [INF] User logged in.
2021-08-24 23:28:55.510 +06:00 [INF] User logged out.
2021-08-24 23:29:05.955 +06:00 [INF] User logged in.
2021-08-24 23:29:25.408 +06:00 [INF] User logged out.
