2021-08-25 00:06:26.796 +06:00 [INF] Application Starting up
2021-08-25 00:07:34.057 +06:00 [INF] Application Starting up
2021-08-25 00:08:10.768 +06:00 [INF] User logged in.
2021-08-25 00:08:25.555 +06:00 [INF] User logged out.
2021-08-25 00:30:42.485 +06:00 [INF] Application Starting up
2021-08-25 00:31:08.026 +06:00 [INF] User logged in.
2021-08-25 00:34:57.850 +06:00 [INF] Application Starting up
2021-08-25 11:03:25.135 +06:00 [INF] Application Starting up
2021-08-25 11:05:12.934 +06:00 [INF] User logged in.
2021-08-25 11:12:43.475 +06:00 [INF] Application Starting up
2021-08-25 11:13:16.068 +06:00 [INF] Application Starting up
2021-08-25 11:13:38.133 +06:00 [INF] Application Starting up
2021-08-25 11:13:45.602 +06:00 [ERR] An unhandled exception has occurred while executing the request.
System.InvalidOperationException: The AuthorizationPolicy named: 'View_Permission' was not found.
   at Microsoft.AspNetCore.Authorization.AuthorizationPolicy.CombineAsync(IAuthorizationPolicyProvider policyProvider, IEnumerable`1 authorizeData)
   at Microsoft.AspNetCore.Authorization.AuthorizationMiddleware.Invoke(HttpContext context)
   at Microsoft.AspNetCore.Authentication.AuthenticationMiddleware.Invoke(HttpContext context)
   at Microsoft.AspNetCore.Diagnostics.EntityFrameworkCore.MigrationsEndPointMiddleware.Invoke(HttpContext context)
   at Microsoft.AspNetCore.Diagnostics.DeveloperExceptionPageMiddleware.Invoke(HttpContext context)
2021-08-25 11:13:48.047 +06:00 [ERR] An exception occurred while calculating the database error page content. Skipping display of the database error page.
System.InvalidOperationException: StatusCode cannot be set because the response has already started.
   at Microsoft.AspNetCore.Server.IIS.Core.IISHttpContext.ThrowResponseAlreadyStartedException(String name)
   at Microsoft.AspNetCore.Server.IIS.Core.IISHttpContext.set_StatusCode(Int32 value)
   at Microsoft.AspNetCore.Server.IIS.Core.IISHttpContext.Microsoft.AspNetCore.Http.Features.IHttpResponseFeature.set_StatusCode(Int32 value)
   at Microsoft.AspNetCore.Http.DefaultHttpResponse.set_StatusCode(Int32 value)
   at Microsoft.AspNetCore.Diagnostics.EntityFrameworkCore.Views.DatabaseErrorPage.ExecuteAsync()
   at Microsoft.Extensions.RazorViews.BaseView.ExecuteAsync(HttpContext context)
   at Microsoft.AspNetCore.Diagnostics.EntityFrameworkCore.DatabaseDeveloperPageExceptionFilter.HandleExceptionAsync(ErrorContext errorContext, Func`2 next)
2021-08-25 11:14:45.398 +06:00 [INF] Application Starting up
2021-08-25 11:14:51.651 +06:00 [ERR] An unhandled exception has occurred while executing the request.
System.InvalidOperationException: The AuthorizationPolicy named: 'View_Permission' was not found.
   at Microsoft.AspNetCore.Authorization.AuthorizationPolicy.CombineAsync(IAuthorizationPolicyProvider policyProvider, IEnumerable`1 authorizeData)
   at Microsoft.AspNetCore.Authorization.AuthorizationMiddleware.Invoke(HttpContext context)
   at Microsoft.AspNetCore.Authentication.AuthenticationMiddleware.Invoke(HttpContext context)
   at Microsoft.AspNetCore.Diagnostics.EntityFrameworkCore.MigrationsEndPointMiddleware.Invoke(HttpContext context)
   at Microsoft.AspNetCore.Diagnostics.DeveloperExceptionPageMiddleware.Invoke(HttpContext context)
2021-08-25 11:14:54.165 +06:00 [ERR] An exception occurred while calculating the database error page content. Skipping display of the database error page.
System.InvalidOperationException: StatusCode cannot be set because the response has already started.
   at Microsoft.AspNetCore.Server.IIS.Core.IISHttpContext.ThrowResponseAlreadyStartedException(String name)
   at Microsoft.AspNetCore.Server.IIS.Core.IISHttpContext.set_StatusCode(Int32 value)
   at Microsoft.AspNetCore.Server.IIS.Core.IISHttpContext.Microsoft.AspNetCore.Http.Features.IHttpResponseFeature.set_StatusCode(Int32 value)
   at Microsoft.AspNetCore.Http.DefaultHttpResponse.set_StatusCode(Int32 value)
   at Microsoft.AspNetCore.Diagnostics.EntityFrameworkCore.Views.DatabaseErrorPage.ExecuteAsync()
   at Microsoft.Extensions.RazorViews.BaseView.ExecuteAsync(HttpContext context)
   at Microsoft.AspNetCore.Diagnostics.EntityFrameworkCore.DatabaseDeveloperPageExceptionFilter.HandleExceptionAsync(ErrorContext errorContext, Func`2 next)
2021-08-25 11:16:05.113 +06:00 [INF] Application Starting up
2021-08-25 11:41:12.250 +06:00 [INF] Application Starting up
2021-08-25 11:41:41.727 +06:00 [INF] User created a new account with password.
2021-08-25 11:42:45.804 +06:00 [INF] User logged out.
2021-08-25 11:42:55.662 +06:00 [INF] User logged in.
2021-08-25 11:43:38.070 +06:00 [INF] Application Starting up
2021-08-25 11:43:52.534 +06:00 [INF] User logged out.
2021-08-25 11:44:51.351 +06:00 [INF] User created a new account with password.
2021-08-25 11:45:37.710 +06:00 [INF] User logged out.
2021-08-25 11:45:45.409 +06:00 [INF] User logged in.
