2021-08-05 18:52:24.761 +06:00 [INF] Application Starting up
2021-08-05 18:53:07.704 +06:00 [ERR] Failed
AutoMapper.AutoMapperMappingException: Missing type map configuration or unsupported mapping.

Mapping types:
Object -> User
System.Object -> SocialMedia.Account.Entities.User
   at lambda_method666(Closure , Object , User , ResolutionContext )
   at SocialMedia.Account.Services.UserService.CreateUser(User user) in D:\DevSkill\dotNet\Code\Asp.NetBatch5\AspDotNetMVC\Personal\SocialMedia\SocialMedia.Profile\Services\UserService.cs:line 24
   at SocialMedia.Web.Areas.Account.Models.CreateUserModel.CreateUser() in D:\DevSkill\dotNet\Code\Asp.NetBatch5\AspDotNetMVC\Personal\SocialMedia\SocialMedia.Web\Areas\Account\Models\CreateUserModel.cs:line 39
   at SocialMedia.Web.Areas.Account.Controllers.UserController.Create(CreateUserModel model) in D:\DevSkill\dotNet\Code\Asp.NetBatch5\AspDotNetMVC\Personal\SocialMedia\SocialMedia.Web\Areas\Account\Controllers\UserController.cs:line 39
2021-08-05 18:58:38.394 +06:00 [INF] Application Starting up
2021-08-05 19:01:01.518 +06:00 [ERR] Failed
AutoMapper.AutoMapperMappingException: Missing type map configuration or unsupported mapping.

Mapping types:
Object -> User
System.Object -> SocialMedia.Account.Entities.User
   at lambda_method620(Closure , Object , User , ResolutionContext )
   at SocialMedia.Account.Services.UserService.CreateUser(User user) in D:\DevSkill\dotNet\Code\Asp.NetBatch5\AspDotNetMVC\Personal\SocialMedia\SocialMedia.Profile\Services\UserService.cs:line 24
   at SocialMedia.Web.Areas.Account.Models.CreateUserModel.CreateUser() in D:\DevSkill\dotNet\Code\Asp.NetBatch5\AspDotNetMVC\Personal\SocialMedia\SocialMedia.Web\Areas\Account\Models\CreateUserModel.cs:line 39
   at SocialMedia.Web.Areas.Account.Controllers.UserController.Create(CreateUserModel model) in D:\DevSkill\dotNet\Code\Asp.NetBatch5\AspDotNetMVC\Personal\SocialMedia\SocialMedia.Web\Areas\Account\Controllers\UserController.cs:line 39
2021-08-05 19:02:53.303 +06:00 [INF] Application Starting up
2021-08-05 19:05:59.117 +06:00 [INF] Application Starting up
2021-08-05 19:22:22.395 +06:00 [INF] Application Starting up
2021-08-05 19:24:29.666 +06:00 [INF] Application Starting up
2021-08-05 19:34:23.739 +06:00 [INF] Application Starting up
2021-08-05 19:38:48.660 +06:00 [INF] Application Starting up
