2021-07-29 12:36:54.820 +06:00 [INF] Application Starting up
2021-07-29 13:44:04.488 +06:00 [INF] Application Starting up
2021-07-29 13:44:46.944 +06:00 [INF] Application Starting up
2021-07-29 13:46:25.020 +06:00 [INF] Application Starting up
2021-07-29 13:48:14.094 +06:00 [INF] Application Starting up
2021-07-29 13:48:55.392 +06:00 [INF] Application Starting up
2021-07-29 13:51:01.687 +06:00 [INF] Application Starting up
2021-07-29 15:52:19.094 +06:00 [INF] Application Starting up
2021-07-29 15:53:29.045 +06:00 [ERR] An unhandled exception has occurred while executing the request.
System.InvalidCastException: The field of type System.Int32 must be a string, array or ICollection type.
   at System.ComponentModel.DataAnnotations.MaxLengthAttribute.IsValid(Object value)
   at System.ComponentModel.DataAnnotations.ValidationAttribute.IsValid(Object value, ValidationContext validationContext)
   at System.ComponentModel.DataAnnotations.ValidationAttribute.GetValidationResult(Object value, ValidationContext validationContext)
   at Microsoft.AspNetCore.Mvc.DataAnnotations.DataAnnotationsModelValidator.Validate(ModelValidationContext validationContext)
   at Microsoft.AspNetCore.Mvc.ModelBinding.Validation.ValidationVisitor.ValidateNode()
   at Microsoft.AspNetCore.Mvc.ModelBinding.Validation.ValidationVisitor.VisitSimpleType()
   at Microsoft.AspNetCore.Mvc.ModelBinding.Validation.ValidationVisitor.VisitImplementation(ModelMetadata& metadata, String& key, Object model)
   at Microsoft.AspNetCore.Mvc.ModelBinding.Validation.ValidationVisitor.Visit(ModelMetadata metadata, String key, Object model)
   at Microsoft.AspNetCore.Mvc.ModelBinding.Validation.ValidationVisitor.VisitChildren(IValidationStrategy strategy)
   at Microsoft.AspNetCore.Mvc.ModelBinding.Validation.ValidationVisitor.VisitComplexType(IValidationStrategy defaultStrategy)
   at Microsoft.AspNetCore.Mvc.ModelBinding.Validation.ValidationVisitor.VisitImplementation(ModelMetadata& metadata, String& key, Object model)
   at Microsoft.AspNetCore.Mvc.ModelBinding.Validation.ValidationVisitor.Visit(ModelMetadata metadata, String key, Object model)
   at Microsoft.AspNetCore.Mvc.ModelBinding.Validation.ValidationVisitor.Validate(ModelMetadata metadata, String key, Object model, Boolean alwaysValidateAtTopLevel, Object container)
   at Microsoft.AspNetCore.Mvc.ModelBinding.ObjectModelValidator.Validate(ActionContext actionContext, ValidationStateDictionary validationState, String prefix, Object model, ModelMetadata metadata, Object container)
   at Microsoft.AspNetCore.Mvc.ModelBinding.ParameterBinder.EnforceBindRequiredAndValidate(ObjectModelValidator baseObjectValidator, ActionContext actionContext, ParameterDescriptor parameter, ModelMetadata metadata, ModelBindingContext modelBindingContext, ModelBindingResult modelBindingResult, Object container)
   at Microsoft.AspNetCore.Mvc.ModelBinding.ParameterBinder.BindModelAsync(ActionContext actionContext, IModelBinder modelBinder, IValueProvider valueProvider, ParameterDescriptor parameter, ModelMetadata metadata, Object value, Object container)
   at Microsoft.AspNetCore.Mvc.Controllers.ControllerBinderDelegateProvider.<>c__DisplayClass0_0.<<CreateBinderDelegate>g__Bind|0>d.MoveNext()
--- End of stack trace from previous location ---
   at Microsoft.AspNetCore.Mvc.Infrastructure.ControllerActionInvoker.<InvokeInnerFilterAsync>g__Awaited|13_0(ControllerActionInvoker invoker, Task lastTask, State next, Scope scope, Object state, Boolean isCompleted)
   at Microsoft.AspNetCore.Mvc.Infrastructure.ResourceInvoker.<InvokeNextResourceFilter>g__Awaited|24_0(ResourceInvoker invoker, Task lastTask, State next, Scope scope, Object state, Boolean isCompleted)
   at Microsoft.AspNetCore.Mvc.Infrastructure.ResourceInvoker.Rethrow(ResourceExecutedContextSealed context)
   at Microsoft.AspNetCore.Mvc.Infrastructure.ResourceInvoker.Next(State& next, Scope& scope, Object& state, Boolean& isCompleted)
   at Microsoft.AspNetCore.Mvc.Infrastructure.ResourceInvoker.InvokeFilterPipelineAsync()
--- End of stack trace from previous location ---
   at Microsoft.AspNetCore.Mvc.Infrastructure.ResourceInvoker.<InvokeAsync>g__Awaited|17_0(ResourceInvoker invoker, Task task, IDisposable scope)
   at Microsoft.AspNetCore.Routing.EndpointMiddleware.<Invoke>g__AwaitRequestTask|6_0(Endpoint endpoint, Task requestTask, ILogger logger)
   at Microsoft.AspNetCore.Session.SessionMiddleware.Invoke(HttpContext context)
   at Microsoft.AspNetCore.Session.SessionMiddleware.Invoke(HttpContext context)
   at Microsoft.AspNetCore.Authorization.AuthorizationMiddleware.Invoke(HttpContext context)
   at Microsoft.AspNetCore.Authentication.AuthenticationMiddleware.Invoke(HttpContext context)
   at Microsoft.AspNetCore.Diagnostics.EntityFrameworkCore.MigrationsEndPointMiddleware.Invoke(HttpContext context)
   at Microsoft.AspNetCore.Diagnostics.DeveloperExceptionPageMiddleware.Invoke(HttpContext context)
2021-07-29 15:53:31.514 +06:00 [ERR] An exception occurred while calculating the database error page content. Skipping display of the database error page.
System.InvalidOperationException: StatusCode cannot be set because the response has already started.
   at Microsoft.AspNetCore.Server.IIS.Core.IISHttpContext.ThrowResponseAlreadyStartedException(String name)
   at Microsoft.AspNetCore.Server.IIS.Core.IISHttpContext.set_StatusCode(Int32 value)
   at Microsoft.AspNetCore.Server.IIS.Core.IISHttpContext.Microsoft.AspNetCore.Http.Features.IHttpResponseFeature.set_StatusCode(Int32 value)
   at Microsoft.AspNetCore.Http.DefaultHttpResponse.set_StatusCode(Int32 value)
   at Microsoft.AspNetCore.Diagnostics.EntityFrameworkCore.Views.DatabaseErrorPage.ExecuteAsync()
   at Microsoft.Extensions.RazorViews.BaseView.ExecuteAsync(HttpContext context)
   at Microsoft.AspNetCore.Diagnostics.EntityFrameworkCore.DatabaseDeveloperPageExceptionFilter.HandleExceptionAsync(ErrorContext errorContext, Func`2 next)
2021-07-29 16:01:58.508 +06:00 [INF] Application Starting up
2021-07-29 16:55:34.063 +06:00 [INF] Application Starting up
2021-07-29 16:57:12.928 +06:00 [INF] Application Starting up
2021-07-29 17:16:30.917 +06:00 [INF] Application Starting up
2021-07-29 17:18:04.920 +06:00 [ERR] An unhandled exception has occurred while executing the request.
AttendanceSystem.Present.Exceptions.DuplicateValueException: Roll already Exit
   at AttendanceSystem.Present.Services.StudentService.CreateStudent(Student student) in J:\ASP\Assignment_3\AttendanceSystem.Web\AttendanceSystem.Present\Services\StudentService.cs:line 30
   at AttendanceSystem.Web.Areas.Education.Models.CreateStudentModel.CreateStudent() in J:\ASP\Assignment_3\AttendanceSystem.Web\AttendanceSystem.Web\Areas\Education\Models\CreateStudentModel.cs:line 34
   at AttendanceSystem.Web.Areas.Education.Controllers.StudentController.Create(CreateStudentModel model) in J:\ASP\Assignment_3\AttendanceSystem.Web\AttendanceSystem.Web\Areas\Education\Controllers\StudentController.cs:line 27
   at lambda_method608(Closure , Object , Object[] )
   at Microsoft.AspNetCore.Mvc.Infrastructure.ActionMethodExecutor.SyncActionResultExecutor.Execute(IActionResultTypeMapper mapper, ObjectMethodExecutor executor, Object controller, Object[] arguments)
   at Microsoft.AspNetCore.Mvc.Infrastructure.ControllerActionInvoker.InvokeActionMethodAsync()
   at Microsoft.AspNetCore.Mvc.Infrastructure.ControllerActionInvoker.Next(State& next, Scope& scope, Object& state, Boolean& isCompleted)
   at Microsoft.AspNetCore.Mvc.Infrastructure.ControllerActionInvoker.InvokeNextActionFilterAsync()
--- End of stack trace from previous location ---
   at Microsoft.AspNetCore.Mvc.Infrastructure.ControllerActionInvoker.Rethrow(ActionExecutedContextSealed context)
   at Microsoft.AspNetCore.Mvc.Infrastructure.ControllerActionInvoker.Next(State& next, Scope& scope, Object& state, Boolean& isCompleted)
   at Microsoft.AspNetCore.Mvc.Infrastructure.ControllerActionInvoker.InvokeInnerFilterAsync()
--- End of stack trace from previous location ---
   at Microsoft.AspNetCore.Mvc.Infrastructure.ResourceInvoker.<InvokeNextResourceFilter>g__Awaited|24_0(ResourceInvoker invoker, Task lastTask, State next, Scope scope, Object state, Boolean isCompleted)
   at Microsoft.AspNetCore.Mvc.Infrastructure.ResourceInvoker.Rethrow(ResourceExecutedContextSealed context)
   at Microsoft.AspNetCore.Mvc.Infrastructure.ResourceInvoker.Next(State& next, Scope& scope, Object& state, Boolean& isCompleted)
   at Microsoft.AspNetCore.Mvc.Infrastructure.ResourceInvoker.InvokeFilterPipelineAsync()
--- End of stack trace from previous location ---
   at Microsoft.AspNetCore.Mvc.Infrastructure.ResourceInvoker.<InvokeAsync>g__Awaited|17_0(ResourceInvoker invoker, Task task, IDisposable scope)
   at Microsoft.AspNetCore.Routing.EndpointMiddleware.<Invoke>g__AwaitRequestTask|6_0(Endpoint endpoint, Task requestTask, ILogger logger)
   at Microsoft.AspNetCore.Session.SessionMiddleware.Invoke(HttpContext context)
   at Microsoft.AspNetCore.Session.SessionMiddleware.Invoke(HttpContext context)
   at Microsoft.AspNetCore.Authorization.AuthorizationMiddleware.Invoke(HttpContext context)
   at Microsoft.AspNetCore.Authentication.AuthenticationMiddleware.Invoke(HttpContext context)
   at Microsoft.AspNetCore.Diagnostics.EntityFrameworkCore.MigrationsEndPointMiddleware.Invoke(HttpContext context)
   at Microsoft.AspNetCore.Diagnostics.DeveloperExceptionPageMiddleware.Invoke(HttpContext context)
2021-07-29 17:18:13.283 +06:00 [ERR] An exception occurred while calculating the database error page content. Skipping display of the database error page.
System.InvalidOperationException: StatusCode cannot be set because the response has already started.
   at Microsoft.AspNetCore.Server.IIS.Core.IISHttpContext.ThrowResponseAlreadyStartedException(String name)
   at Microsoft.AspNetCore.Server.IIS.Core.IISHttpContext.set_StatusCode(Int32 value)
   at Microsoft.AspNetCore.Server.IIS.Core.IISHttpContext.Microsoft.AspNetCore.Http.Features.IHttpResponseFeature.set_StatusCode(Int32 value)
   at Microsoft.AspNetCore.Http.DefaultHttpResponse.set_StatusCode(Int32 value)
   at Microsoft.AspNetCore.Diagnostics.EntityFrameworkCore.Views.DatabaseErrorPage.ExecuteAsync()
   at Microsoft.Extensions.RazorViews.BaseView.ExecuteAsync(HttpContext context)
   at Microsoft.AspNetCore.Diagnostics.EntityFrameworkCore.DatabaseDeveloperPageExceptionFilter.HandleExceptionAsync(ErrorContext errorContext, Func`2 next)
2021-07-29 17:22:07.921 +06:00 [INF] Application Starting up
2021-07-29 17:22:27.010 +06:00 [ERR] Failed
AttendanceSystem.Present.Exceptions.DuplicateValueException: Roll already Exit
   at AttendanceSystem.Present.Services.StudentService.CreateStudent(Student student) in J:\ASP\Assignment_3\AttendanceSystem.Web\AttendanceSystem.Present\Services\StudentService.cs:line 30
   at AttendanceSystem.Web.Areas.Education.Models.CreateStudentModel.CreateStudent() in J:\ASP\Assignment_3\AttendanceSystem.Web\AttendanceSystem.Web\Areas\Education\Models\CreateStudentModel.cs:line 34
   at AttendanceSystem.Web.Areas.Education.Controllers.StudentController.Create(CreateStudentModel model) in J:\ASP\Assignment_3\AttendanceSystem.Web\AttendanceSystem.Web\Areas\Education\Controllers\StudentController.cs:line 37
2021-07-29 18:17:51.898 +06:00 [INF] Application Starting up
2021-07-29 19:21:16.020 +06:00 [INF] Application Starting up
2021-07-29 19:36:41.768 +06:00 [INF] Application Starting up
2021-07-29 19:37:45.118 +06:00 [ERR] Failed
AttendanceSystem.Present.Exceptions.DuplicateValueException: Roll already exit
   at AttendanceSystem.Present.Services.StudentService.UpdateStudent(Student student) in J:\ASP\Assignment_3\AttendanceSystem.Web\AttendanceSystem.Present\Services\StudentService.cs:line 76
   at AttendanceSystem.Web.Areas.Education.Models.EditStudentModel.Update() in J:\ASP\Assignment_3\AttendanceSystem.Web\AttendanceSystem.Web\Areas\Education\Models\EditStudentModel.cs:line 40
   at AttendanceSystem.Web.Areas.Education.Controllers.StudentController.Edit(EditStudentModel model) in J:\ASP\Assignment_3\AttendanceSystem.Web\AttendanceSystem.Web\Areas\Education\Controllers\StudentController.cs:line 75
2021-07-29 19:53:48.987 +06:00 [INF] Application Starting up
2021-07-29 19:55:03.933 +06:00 [INF] Application Starting up
2021-07-29 20:45:26.459 +06:00 [INF] Application Starting up
2021-07-29 20:45:28.072 +06:00 [FTL] Application start-up failed
System.ArgumentException: The type 'AttendanceSystem.Present.Repositories.AttendanceRepository' is not assignable to service 'AttendanceSystem.Present.Repositories.IAttendanceRepository'.
   at Autofac.Builder.RegistrationBuilder.CreateRegistration(Guid id, RegistrationData data, IInstanceActivator activator, IResolvePipelineBuilder pipelineBuilder, Service[] services, IComponentRegistration target)
   at Autofac.Builder.RegistrationBuilder.CreateRegistration[TLimit,TActivatorData,TSingleRegistrationStyle](IRegistrationBuilder`3 builder)
   at Autofac.Builder.RegistrationBuilder.RegisterSingleComponent[TLimit,TActivatorData,TSingleRegistrationStyle](IComponentRegistryBuilder cr, IRegistrationBuilder`3 builder)
   at Autofac.RegistrationExtensions.<>c__DisplayClass37_0`1.<RegisterType>b__0(IComponentRegistryBuilder cr)
   at Autofac.ContainerBuilder.Build(IComponentRegistryBuilder componentRegistry, Boolean excludeDefaultModules)
   at Autofac.ContainerBuilder.UpdateRegistry(IComponentRegistryBuilder componentRegistry)
   at Autofac.Module.Configure(IComponentRegistryBuilder componentRegistry)
   at Autofac.ContainerBuilder.Build(IComponentRegistryBuilder componentRegistry, Boolean excludeDefaultModules)
   at Autofac.ContainerBuilder.Build(ContainerBuildOptions options)
   at Autofac.Extensions.DependencyInjection.AutofacServiceProviderFactory.CreateServiceProvider(ContainerBuilder containerBuilder)
   at Microsoft.Extensions.Hosting.Internal.ServiceFactoryAdapter`1.CreateServiceProvider(Object containerBuilder)
   at Microsoft.Extensions.Hosting.HostBuilder.CreateServiceProvider()
   at Microsoft.Extensions.Hosting.HostBuilder.Build()
   at AttendanceSystem.Web.Program.Main(String[] args) in J:\ASP\Assignment_3\AttendanceSystem.Web\AttendanceSystem.Web\Program.cs:line 33
2021-07-29 20:46:28.667 +06:00 [INF] Application Starting up
2021-07-29 20:46:30.029 +06:00 [FTL] Application start-up failed
System.ArgumentException: The type 'AttendanceSystem.Present.Repositories.AttendanceRepository' is not assignable to service 'AttendanceSystem.Present.Repositories.IAttendanceRepository'.
   at Autofac.Builder.RegistrationBuilder.CreateRegistration(Guid id, RegistrationData data, IInstanceActivator activator, IResolvePipelineBuilder pipelineBuilder, Service[] services, IComponentRegistration target)
   at Autofac.Builder.RegistrationBuilder.CreateRegistration[TLimit,TActivatorData,TSingleRegistrationStyle](IRegistrationBuilder`3 builder)
   at Autofac.Builder.RegistrationBuilder.RegisterSingleComponent[TLimit,TActivatorData,TSingleRegistrationStyle](IComponentRegistryBuilder cr, IRegistrationBuilder`3 builder)
   at Autofac.RegistrationExtensions.<>c__DisplayClass37_0`1.<RegisterType>b__0(IComponentRegistryBuilder cr)
   at Autofac.ContainerBuilder.Build(IComponentRegistryBuilder componentRegistry, Boolean excludeDefaultModules)
   at Autofac.ContainerBuilder.UpdateRegistry(IComponentRegistryBuilder componentRegistry)
   at Autofac.Module.Configure(IComponentRegistryBuilder componentRegistry)
   at Autofac.ContainerBuilder.Build(IComponentRegistryBuilder componentRegistry, Boolean excludeDefaultModules)
   at Autofac.ContainerBuilder.Build(ContainerBuildOptions options)
   at Autofac.Extensions.DependencyInjection.AutofacServiceProviderFactory.CreateServiceProvider(ContainerBuilder containerBuilder)
   at Microsoft.Extensions.Hosting.Internal.ServiceFactoryAdapter`1.CreateServiceProvider(Object containerBuilder)
   at Microsoft.Extensions.Hosting.HostBuilder.CreateServiceProvider()
   at Microsoft.Extensions.Hosting.HostBuilder.Build()
   at AttendanceSystem.Web.Program.Main(String[] args) in J:\ASP\Assignment_3\AttendanceSystem.Web\AttendanceSystem.Web\Program.cs:line 33
2021-07-29 20:49:33.313 +06:00 [INF] Application Starting up
2021-07-29 20:49:59.889 +06:00 [ERR] An unhandled exception has occurred while executing the request.
Microsoft.EntityFrameworkCore.DbUpdateException: An error occurred while updating the entries. See the inner exception for details.
 ---> Microsoft.Data.SqlClient.SqlException (0x80131904): The INSERT statement conflicted with the FOREIGN KEY constraint "FK_Attendances_Students_StudentId". The conflict occurred in database "Assignment_3", table "dbo.Students", column 'Id'.
The statement has been terminated.
   at Microsoft.Data.SqlClient.SqlConnection.OnError(SqlException exception, Boolean breakConnection, Action`1 wrapCloseInAction)
   at Microsoft.Data.SqlClient.SqlInternalConnection.OnError(SqlException exception, Boolean breakConnection, Action`1 wrapCloseInAction)
   at Microsoft.Data.SqlClient.TdsParser.ThrowExceptionAndWarning(TdsParserStateObject stateObj, Boolean callerHasConnectionLock, Boolean asyncClose)
   at Microsoft.Data.SqlClient.TdsParser.TryRun(RunBehavior runBehavior, SqlCommand cmdHandler, SqlDataReader dataStream, BulkCopySimpleResultSet bulkCopyHandler, TdsParserStateObject stateObj, Boolean& dataReady)
   at Microsoft.Data.SqlClient.SqlDataReader.TryConsumeMetaData()
   at Microsoft.Data.SqlClient.SqlDataReader.get_MetaData()
   at Microsoft.Data.SqlClient.SqlCommand.FinishExecuteReader(SqlDataReader ds, RunBehavior runBehavior, String resetOptionsString, Boolean isInternal, Boolean forDescribeParameterEncryption, Boolean shouldCacheForAlwaysEncrypted)
   at Microsoft.Data.SqlClient.SqlCommand.RunExecuteReaderTds(CommandBehavior cmdBehavior, RunBehavior runBehavior, Boolean returnStream, Boolean isAsync, Int32 timeout, Task& task, Boolean asyncWrite, Boolean inRetry, SqlDataReader ds, Boolean describeParameterEncryptionRequest)
   at Microsoft.Data.SqlClient.SqlCommand.RunExecuteReader(CommandBehavior cmdBehavior, RunBehavior runBehavior, Boolean returnStream, TaskCompletionSource`1 completion, Int32 timeout, Task& task, Boolean& usedCache, Boolean asyncWrite, Boolean inRetry, String method)
   at Microsoft.Data.SqlClient.SqlCommand.RunExecuteReader(CommandBehavior cmdBehavior, RunBehavior runBehavior, Boolean returnStream, String method)
   at Microsoft.Data.SqlClient.SqlCommand.ExecuteReader(CommandBehavior behavior)
   at Microsoft.Data.SqlClient.SqlCommand.ExecuteDbDataReader(CommandBehavior behavior)
   at System.Data.Common.DbCommand.ExecuteReader()
   at Microsoft.EntityFrameworkCore.Storage.RelationalCommand.ExecuteReader(RelationalCommandParameterObject parameterObject)
   at Microsoft.EntityFrameworkCore.Update.ReaderModificationCommandBatch.Execute(IRelationalConnection connection)
ClientConnectionId:8ab3daa9-b2ca-40bc-9640-fb16bb1f72ba
Error Number:547,State:0,Class:16
   --- End of inner exception stack trace ---
   at Microsoft.EntityFrameworkCore.Update.ReaderModificationCommandBatch.Execute(IRelationalConnection connection)
   at Microsoft.EntityFrameworkCore.Update.Internal.BatchExecutor.Execute(IEnumerable`1 commandBatches, IRelationalConnection connection)
   at Microsoft.EntityFrameworkCore.Storage.RelationalDatabase.SaveChanges(IList`1 entries)
   at Microsoft.EntityFrameworkCore.ChangeTracking.Internal.StateManager.SaveChanges(IList`1 entriesToSave)
   at Microsoft.EntityFrameworkCore.ChangeTracking.Internal.StateManager.SaveChanges(DbContext _, Boolean acceptAllChangesOnSuccess)
   at Microsoft.EntityFrameworkCore.SqlServer.Storage.Internal.SqlServerExecutionStrategy.Execute[TState,TResult](TState state, Func`3 operation, Func`3 verifySucceeded)
   at Microsoft.EntityFrameworkCore.ChangeTracking.Internal.StateManager.SaveChanges(Boolean acceptAllChangesOnSuccess)
   at Microsoft.EntityFrameworkCore.DbContext.SaveChanges(Boolean acceptAllChangesOnSuccess)
   at Microsoft.EntityFrameworkCore.DbContext.SaveChanges()
   at AttendanceSystem.Data.UnitOfWork.Save() in J:\ASP\Assignment_3\AttendanceSystem.Web\AttendanceSystem.Data\UnitOfWork.cs:line 16
   at AttendanceSystem.Present.Services.AttendanceService.CreateAttendance(Attendance attendance) in J:\ASP\Assignment_3\AttendanceSystem.Web\AttendanceSystem.Present\Services\AttendanceService.cs:line 35
   at AttendanceSystem.Web.Areas.Education.Models.CreateAttendanceModel.CreateAttendance() in J:\ASP\Assignment_3\AttendanceSystem.Web\AttendanceSystem.Web\Areas\Education\Models\CreateAttendanceModel.cs:line 37
   at AttendanceSystem.Web.Areas.Education.Controllers.AttendanceController.Create() in J:\ASP\Assignment_3\AttendanceSystem.Web\AttendanceSystem.Web\Areas\Education\Controllers\AttendanceController.cs:line 21
   at lambda_method590(Closure , Object , Object[] )
   at Microsoft.AspNetCore.Mvc.Infrastructure.ActionMethodExecutor.SyncActionResultExecutor.Execute(IActionResultTypeMapper mapper, ObjectMethodExecutor executor, Object controller, Object[] arguments)
   at Microsoft.AspNetCore.Mvc.Infrastructure.ControllerActionInvoker.InvokeActionMethodAsync()
   at Microsoft.AspNetCore.Mvc.Infrastructure.ControllerActionInvoker.Next(State& next, Scope& scope, Object& state, Boolean& isCompleted)
   at Microsoft.AspNetCore.Mvc.Infrastructure.ControllerActionInvoker.InvokeNextActionFilterAsync()
--- End of stack trace from previous location ---
   at Microsoft.AspNetCore.Mvc.Infrastructure.ControllerActionInvoker.Rethrow(ActionExecutedContextSealed context)
   at Microsoft.AspNetCore.Mvc.Infrastructure.ControllerActionInvoker.Next(State& next, Scope& scope, Object& state, Boolean& isCompleted)
   at Microsoft.AspNetCore.Mvc.Infrastructure.ControllerActionInvoker.InvokeInnerFilterAsync()
--- End of stack trace from previous location ---
   at Microsoft.AspNetCore.Mvc.Infrastructure.ResourceInvoker.<InvokeNextResourceFilter>g__Awaited|24_0(ResourceInvoker invoker, Task lastTask, State next, Scope scope, Object state, Boolean isCompleted)
   at Microsoft.AspNetCore.Mvc.Infrastructure.ResourceInvoker.Rethrow(ResourceExecutedContextSealed context)
   at Microsoft.AspNetCore.Mvc.Infrastructure.ResourceInvoker.Next(State& next, Scope& scope, Object& state, Boolean& isCompleted)
   at Microsoft.AspNetCore.Mvc.Infrastructure.ResourceInvoker.InvokeFilterPipelineAsync()
--- End of stack trace from previous location ---
   at Microsoft.AspNetCore.Mvc.Infrastructure.ResourceInvoker.<InvokeAsync>g__Awaited|17_0(ResourceInvoker invoker, Task task, IDisposable scope)
   at Microsoft.AspNetCore.Routing.EndpointMiddleware.<Invoke>g__AwaitRequestTask|6_0(Endpoint endpoint, Task requestTask, ILogger logger)
   at Microsoft.AspNetCore.Session.SessionMiddleware.Invoke(HttpContext context)
   at Microsoft.AspNetCore.Session.SessionMiddleware.Invoke(HttpContext context)
   at Microsoft.AspNetCore.Authorization.AuthorizationMiddleware.Invoke(HttpContext context)
   at Microsoft.AspNetCore.Authentication.AuthenticationMiddleware.Invoke(HttpContext context)
   at Microsoft.AspNetCore.Diagnostics.EntityFrameworkCore.MigrationsEndPointMiddleware.Invoke(HttpContext context)
   at Microsoft.AspNetCore.Diagnostics.DeveloperExceptionPageMiddleware.Invoke(HttpContext context)
2021-07-29 20:50:01.660 +06:00 [ERR] An exception occurred while calculating the database error page content. Skipping display of the database error page.
System.InvalidOperationException: StatusCode cannot be set because the response has already started.
   at Microsoft.AspNetCore.Server.IIS.Core.IISHttpContext.ThrowResponseAlreadyStartedException(String name)
   at Microsoft.AspNetCore.Server.IIS.Core.IISHttpContext.set_StatusCode(Int32 value)
   at Microsoft.AspNetCore.Server.IIS.Core.IISHttpContext.Microsoft.AspNetCore.Http.Features.IHttpResponseFeature.set_StatusCode(Int32 value)
   at Microsoft.AspNetCore.Http.DefaultHttpResponse.set_StatusCode(Int32 value)
   at Microsoft.AspNetCore.Diagnostics.EntityFrameworkCore.Views.DatabaseErrorPage.ExecuteAsync()
   at Microsoft.Extensions.RazorViews.BaseView.ExecuteAsync(HttpContext context)
   at Microsoft.AspNetCore.Diagnostics.EntityFrameworkCore.DatabaseDeveloperPageExceptionFilter.HandleExceptionAsync(ErrorContext errorContext, Func`2 next)
2021-07-29 20:54:32.286 +06:00 [INF] Application Starting up
2021-07-29 20:56:20.300 +06:00 [INF] Application Starting up
2021-07-29 20:58:03.557 +06:00 [INF] Application Starting up
2021-07-29 20:58:57.613 +06:00 [INF] Application Starting up
2021-07-29 21:03:56.359 +06:00 [INF] Application Starting up
2021-07-29 21:07:26.622 +06:00 [INF] Application Starting up
2021-07-29 22:46:31.300 +06:00 [INF] Application Starting up
2021-07-29 22:48:41.620 +06:00 [ERR] Failed
System.InvalidOperationException: invalid student
   at AttendanceSystem.Present.Services.AttendanceService.CreateAttendance(Attendance attendance) in J:\ASP\Assignment_3\AttendanceSystem.Web\AttendanceSystem.Present\Services\AttendanceService.cs:line 41
   at AttendanceSystem.Web.Areas.Education.Models.CreateAttendanceModel.CreateAttendance() in J:\ASP\Assignment_3\AttendanceSystem.Web\AttendanceSystem.Web\Areas\Education\Models\CreateAttendanceModel.cs:line 37
   at AttendanceSystem.Web.Areas.Education.Controllers.AttendanceController.Create(CreateAttendanceModel model) in J:\ASP\Assignment_3\AttendanceSystem.Web\AttendanceSystem.Web\Areas\Education\Controllers\AttendanceController.cs:line 36
2021-07-29 22:59:07.202 +06:00 [INF] Application Starting up
2021-07-29 23:00:23.777 +06:00 [ERR] Failed
System.InvalidOperationException: Attendance already added
   at AttendanceSystem.Present.Services.AttendanceService.CreateAttendance(Attendance attendance) in J:\ASP\Assignment_3\AttendanceSystem.Web\AttendanceSystem.Present\Services\AttendanceService.cs:line 29
   at AttendanceSystem.Web.Areas.Education.Models.CreateAttendanceModel.CreateAttendance() in J:\ASP\Assignment_3\AttendanceSystem.Web\AttendanceSystem.Web\Areas\Education\Models\CreateAttendanceModel.cs:line 37
   at AttendanceSystem.Web.Areas.Education.Controllers.AttendanceController.Create(CreateAttendanceModel model) in J:\ASP\Assignment_3\AttendanceSystem.Web\AttendanceSystem.Web\Areas\Education\Controllers\AttendanceController.cs:line 36
2021-07-29 23:00:29.453 +06:00 [ERR] Failed
System.InvalidOperationException: Attendance already added
   at AttendanceSystem.Present.Services.AttendanceService.CreateAttendance(Attendance attendance) in J:\ASP\Assignment_3\AttendanceSystem.Web\AttendanceSystem.Present\Services\AttendanceService.cs:line 29
   at AttendanceSystem.Web.Areas.Education.Models.CreateAttendanceModel.CreateAttendance() in J:\ASP\Assignment_3\AttendanceSystem.Web\AttendanceSystem.Web\Areas\Education\Models\CreateAttendanceModel.cs:line 37
   at AttendanceSystem.Web.Areas.Education.Controllers.AttendanceController.Create(CreateAttendanceModel model) in J:\ASP\Assignment_3\AttendanceSystem.Web\AttendanceSystem.Web\Areas\Education\Controllers\AttendanceController.cs:line 36
2021-07-29 23:53:10.843 +06:00 [INF] Application Starting up
2021-07-29 23:56:14.429 +06:00 [INF] Application Starting up
2021-07-29 23:57:47.772 +06:00 [INF] Application Starting up
