2021-07-28 00:08:23.449 +06:00 [INF] Application Starting up
2021-07-28 01:17:48.132 +06:00 [INF] Application Starting up
2021-07-28 01:18:32.894 +06:00 [ERR] An unhandled exception has occurred while executing the request.
System.InvalidOperationException: Unable to resolve service for type 'Microsoft.Extensions.Logging.Logger`1[TicketBookingSystem.Web.Areas.Ticket.Controllers.TicketController]' while attempting to activate 'TicketBookingSystem.Web.Areas.Ticket.Controllers.TicketController'.
   at Microsoft.Extensions.DependencyInjection.ActivatorUtilities.GetService(IServiceProvider sp, Type type, Type requiredBy, Boolean isDefaultParameterRequired)
   at lambda_method605(Closure , IServiceProvider , Object[] )
   at Microsoft.AspNetCore.Mvc.Controllers.ControllerActivatorProvider.<>c__DisplayClass4_0.<CreateActivator>b__0(ControllerContext controllerContext)
   at Microsoft.AspNetCore.Mvc.Controllers.ControllerFactoryProvider.<>c__DisplayClass5_0.<CreateControllerFactory>g__CreateController|0(ControllerContext controllerContext)
   at Microsoft.AspNetCore.Mvc.Infrastructure.ControllerActionInvoker.Next(State& next, Scope& scope, Object& state, Boolean& isCompleted)
   at Microsoft.AspNetCore.Mvc.Infrastructure.ControllerActionInvoker.InvokeInnerFilterAsync()
--- End of stack trace from previous location ---
   at Microsoft.AspNetCore.Mvc.Infrastructure.ResourceInvoker.<InvokeNextResourceFilter>g__Awaited|24_0(ResourceInvoker invoker, Task lastTask, State next, Scope scope, Object state, Boolean isCompleted)
   at Microsoft.AspNetCore.Mvc.Infrastructure.ResourceInvoker.Rethrow(ResourceExecutedContextSealed context)
   at Microsoft.AspNetCore.Mvc.Infrastructure.ResourceInvoker.Next(State& next, Scope& scope, Object& state, Boolean& isCompleted)
   at Microsoft.AspNetCore.Mvc.Infrastructure.ResourceInvoker.InvokeFilterPipelineAsync()
--- End of stack trace from previous location ---
   at Microsoft.AspNetCore.Mvc.Infrastructure.ResourceInvoker.<InvokeAsync>g__Awaited|17_0(ResourceInvoker invoker, Task task, IDisposable scope)
   at Microsoft.AspNetCore.Routing.EndpointMiddleware.<Invoke>g__AwaitRequestTask|6_0(Endpoint endpoint, Task requestTask, ILogger logger)
   at Microsoft.AspNetCore.Session.SessionMiddleware.Invoke(HttpContext context)
   at Microsoft.AspNetCore.Session.SessionMiddleware.Invoke(HttpContext context)
   at Microsoft.AspNetCore.Authorization.AuthorizationMiddleware.Invoke(HttpContext context)
   at Microsoft.AspNetCore.Authentication.AuthenticationMiddleware.Invoke(HttpContext context)
   at Microsoft.AspNetCore.Diagnostics.EntityFrameworkCore.MigrationsEndPointMiddleware.Invoke(HttpContext context)
   at Microsoft.AspNetCore.Diagnostics.DeveloperExceptionPageMiddleware.Invoke(HttpContext context)
2021-07-28 01:18:36.531 +06:00 [ERR] An exception occurred while calculating the database error page content. Skipping display of the database error page.
System.InvalidOperationException: StatusCode cannot be set because the response has already started.
   at Microsoft.AspNetCore.Server.IIS.Core.IISHttpContext.ThrowResponseAlreadyStartedException(String name)
   at Microsoft.AspNetCore.Server.IIS.Core.IISHttpContext.set_StatusCode(Int32 value)
   at Microsoft.AspNetCore.Server.IIS.Core.IISHttpContext.Microsoft.AspNetCore.Http.Features.IHttpResponseFeature.set_StatusCode(Int32 value)
   at Microsoft.AspNetCore.Http.DefaultHttpResponse.set_StatusCode(Int32 value)
   at Microsoft.AspNetCore.Diagnostics.EntityFrameworkCore.Views.DatabaseErrorPage.ExecuteAsync()
   at Microsoft.Extensions.RazorViews.BaseView.ExecuteAsync(HttpContext context)
   at Microsoft.AspNetCore.Diagnostics.EntityFrameworkCore.DatabaseDeveloperPageExceptionFilter.HandleExceptionAsync(ErrorContext errorContext, Func`2 next)
2021-07-28 01:22:02.648 +06:00 [ERR] An unhandled exception has occurred while executing the request.
System.InvalidOperationException: Unable to resolve service for type 'Microsoft.Extensions.Logging.Logger`1[TicketBookingSystem.Web.Areas.Ticket.Controllers.TicketController]' while attempting to activate 'TicketBookingSystem.Web.Areas.Ticket.Controllers.TicketController'.
   at Microsoft.Extensions.DependencyInjection.ActivatorUtilities.GetService(IServiceProvider sp, Type type, Type requiredBy, Boolean isDefaultParameterRequired)
   at lambda_method605(Closure , IServiceProvider , Object[] )
   at Microsoft.AspNetCore.Mvc.Controllers.ControllerActivatorProvider.<>c__DisplayClass4_0.<CreateActivator>b__0(ControllerContext controllerContext)
   at Microsoft.AspNetCore.Mvc.Controllers.ControllerFactoryProvider.<>c__DisplayClass5_0.<CreateControllerFactory>g__CreateController|0(ControllerContext controllerContext)
   at Microsoft.AspNetCore.Mvc.Infrastructure.ControllerActionInvoker.Next(State& next, Scope& scope, Object& state, Boolean& isCompleted)
   at Microsoft.AspNetCore.Mvc.Infrastructure.ControllerActionInvoker.InvokeInnerFilterAsync()
--- End of stack trace from previous location ---
   at Microsoft.AspNetCore.Mvc.Infrastructure.ResourceInvoker.<InvokeNextResourceFilter>g__Awaited|24_0(ResourceInvoker invoker, Task lastTask, State next, Scope scope, Object state, Boolean isCompleted)
   at Microsoft.AspNetCore.Mvc.Infrastructure.ResourceInvoker.Rethrow(ResourceExecutedContextSealed context)
   at Microsoft.AspNetCore.Mvc.Infrastructure.ResourceInvoker.Next(State& next, Scope& scope, Object& state, Boolean& isCompleted)
   at Microsoft.AspNetCore.Mvc.Infrastructure.ResourceInvoker.InvokeFilterPipelineAsync()
--- End of stack trace from previous location ---
   at Microsoft.AspNetCore.Mvc.Infrastructure.ResourceInvoker.<InvokeAsync>g__Awaited|17_0(ResourceInvoker invoker, Task task, IDisposable scope)
   at Microsoft.AspNetCore.Routing.EndpointMiddleware.<Invoke>g__AwaitRequestTask|6_0(Endpoint endpoint, Task requestTask, ILogger logger)
   at Microsoft.AspNetCore.Session.SessionMiddleware.Invoke(HttpContext context)
   at Microsoft.AspNetCore.Session.SessionMiddleware.Invoke(HttpContext context)
   at Microsoft.AspNetCore.Authorization.AuthorizationMiddleware.Invoke(HttpContext context)
   at Microsoft.AspNetCore.Authentication.AuthenticationMiddleware.Invoke(HttpContext context)
   at Microsoft.AspNetCore.Diagnostics.EntityFrameworkCore.MigrationsEndPointMiddleware.Invoke(HttpContext context)
   at Microsoft.AspNetCore.Diagnostics.DeveloperExceptionPageMiddleware.Invoke(HttpContext context)
2021-07-28 01:22:03.951 +06:00 [ERR] An exception occurred while calculating the database error page content. Skipping display of the database error page.
System.InvalidOperationException: StatusCode cannot be set because the response has already started.
   at Microsoft.AspNetCore.Server.IIS.Core.IISHttpContext.ThrowResponseAlreadyStartedException(String name)
   at Microsoft.AspNetCore.Server.IIS.Core.IISHttpContext.set_StatusCode(Int32 value)
   at Microsoft.AspNetCore.Server.IIS.Core.IISHttpContext.Microsoft.AspNetCore.Http.Features.IHttpResponseFeature.set_StatusCode(Int32 value)
   at Microsoft.AspNetCore.Http.DefaultHttpResponse.set_StatusCode(Int32 value)
   at Microsoft.AspNetCore.Diagnostics.EntityFrameworkCore.Views.DatabaseErrorPage.ExecuteAsync()
   at Microsoft.Extensions.RazorViews.BaseView.ExecuteAsync(HttpContext context)
   at Microsoft.AspNetCore.Diagnostics.EntityFrameworkCore.DatabaseDeveloperPageExceptionFilter.HandleExceptionAsync(ErrorContext errorContext, Func`2 next)
2021-07-28 01:22:18.065 +06:00 [ERR] An unhandled exception has occurred while executing the request.
System.InvalidOperationException: Unable to resolve service for type 'Microsoft.Extensions.Logging.Logger`1[TicketBookingSystem.Web.Areas.Ticket.Controllers.TicketController]' while attempting to activate 'TicketBookingSystem.Web.Areas.Ticket.Controllers.TicketController'.
   at Microsoft.Extensions.DependencyInjection.ActivatorUtilities.GetService(IServiceProvider sp, Type type, Type requiredBy, Boolean isDefaultParameterRequired)
   at lambda_method605(Closure , IServiceProvider , Object[] )
   at Microsoft.AspNetCore.Mvc.Controllers.ControllerActivatorProvider.<>c__DisplayClass4_0.<CreateActivator>b__0(ControllerContext controllerContext)
   at Microsoft.AspNetCore.Mvc.Controllers.ControllerFactoryProvider.<>c__DisplayClass5_0.<CreateControllerFactory>g__CreateController|0(ControllerContext controllerContext)
   at Microsoft.AspNetCore.Mvc.Infrastructure.ControllerActionInvoker.Next(State& next, Scope& scope, Object& state, Boolean& isCompleted)
   at Microsoft.AspNetCore.Mvc.Infrastructure.ControllerActionInvoker.InvokeInnerFilterAsync()
--- End of stack trace from previous location ---
   at Microsoft.AspNetCore.Mvc.Infrastructure.ResourceInvoker.<InvokeNextResourceFilter>g__Awaited|24_0(ResourceInvoker invoker, Task lastTask, State next, Scope scope, Object state, Boolean isCompleted)
   at Microsoft.AspNetCore.Mvc.Infrastructure.ResourceInvoker.Rethrow(ResourceExecutedContextSealed context)
   at Microsoft.AspNetCore.Mvc.Infrastructure.ResourceInvoker.Next(State& next, Scope& scope, Object& state, Boolean& isCompleted)
   at Microsoft.AspNetCore.Mvc.Infrastructure.ResourceInvoker.InvokeFilterPipelineAsync()
--- End of stack trace from previous location ---
   at Microsoft.AspNetCore.Mvc.Infrastructure.ResourceInvoker.<InvokeAsync>g__Awaited|17_0(ResourceInvoker invoker, Task task, IDisposable scope)
   at Microsoft.AspNetCore.Routing.EndpointMiddleware.<Invoke>g__AwaitRequestTask|6_0(Endpoint endpoint, Task requestTask, ILogger logger)
   at Microsoft.AspNetCore.Session.SessionMiddleware.Invoke(HttpContext context)
   at Microsoft.AspNetCore.Session.SessionMiddleware.Invoke(HttpContext context)
   at Microsoft.AspNetCore.Authorization.AuthorizationMiddleware.Invoke(HttpContext context)
   at Microsoft.AspNetCore.Authentication.AuthenticationMiddleware.Invoke(HttpContext context)
   at Microsoft.AspNetCore.Diagnostics.EntityFrameworkCore.MigrationsEndPointMiddleware.Invoke(HttpContext context)
   at Microsoft.AspNetCore.Diagnostics.DeveloperExceptionPageMiddleware.Invoke(HttpContext context)
2021-07-28 01:22:18.226 +06:00 [ERR] An exception occurred while calculating the database error page content. Skipping display of the database error page.
System.InvalidOperationException: StatusCode cannot be set because the response has already started.
   at Microsoft.AspNetCore.Server.IIS.Core.IISHttpContext.ThrowResponseAlreadyStartedException(String name)
   at Microsoft.AspNetCore.Server.IIS.Core.IISHttpContext.set_StatusCode(Int32 value)
   at Microsoft.AspNetCore.Server.IIS.Core.IISHttpContext.Microsoft.AspNetCore.Http.Features.IHttpResponseFeature.set_StatusCode(Int32 value)
   at Microsoft.AspNetCore.Http.DefaultHttpResponse.set_StatusCode(Int32 value)
   at Microsoft.AspNetCore.Diagnostics.EntityFrameworkCore.Views.DatabaseErrorPage.ExecuteAsync()
   at Microsoft.Extensions.RazorViews.BaseView.ExecuteAsync(HttpContext context)
   at Microsoft.AspNetCore.Diagnostics.EntityFrameworkCore.DatabaseDeveloperPageExceptionFilter.HandleExceptionAsync(ErrorContext errorContext, Func`2 next)
2021-07-28 01:32:00.912 +06:00 [INF] Application Starting up
2021-07-28 01:32:20.649 +06:00 [ERR] An unhandled exception has occurred while executing the request.
System.InvalidOperationException: Unable to resolve service for type 'Microsoft.Extensions.Logging.Logger`1[TicketBookingSystem.Web.Areas.Ticket.Controllers.TicketController]' while attempting to activate 'TicketBookingSystem.Web.Areas.Ticket.Controllers.TicketController'.
   at Microsoft.Extensions.DependencyInjection.ActivatorUtilities.GetService(IServiceProvider sp, Type type, Type requiredBy, Boolean isDefaultParameterRequired)
   at lambda_method569(Closure , IServiceProvider , Object[] )
   at Microsoft.AspNetCore.Mvc.Controllers.ControllerActivatorProvider.<>c__DisplayClass4_0.<CreateActivator>b__0(ControllerContext controllerContext)
   at Microsoft.AspNetCore.Mvc.Controllers.ControllerFactoryProvider.<>c__DisplayClass5_0.<CreateControllerFactory>g__CreateController|0(ControllerContext controllerContext)
   at Microsoft.AspNetCore.Mvc.Infrastructure.ControllerActionInvoker.Next(State& next, Scope& scope, Object& state, Boolean& isCompleted)
   at Microsoft.AspNetCore.Mvc.Infrastructure.ControllerActionInvoker.InvokeInnerFilterAsync()
--- End of stack trace from previous location ---
   at Microsoft.AspNetCore.Mvc.Infrastructure.ResourceInvoker.<InvokeNextResourceFilter>g__Awaited|24_0(ResourceInvoker invoker, Task lastTask, State next, Scope scope, Object state, Boolean isCompleted)
   at Microsoft.AspNetCore.Mvc.Infrastructure.ResourceInvoker.Rethrow(ResourceExecutedContextSealed context)
   at Microsoft.AspNetCore.Mvc.Infrastructure.ResourceInvoker.Next(State& next, Scope& scope, Object& state, Boolean& isCompleted)
   at Microsoft.AspNetCore.Mvc.Infrastructure.ResourceInvoker.InvokeFilterPipelineAsync()
--- End of stack trace from previous location ---
   at Microsoft.AspNetCore.Mvc.Infrastructure.ResourceInvoker.<InvokeAsync>g__Awaited|17_0(ResourceInvoker invoker, Task task, IDisposable scope)
   at Microsoft.AspNetCore.Routing.EndpointMiddleware.<Invoke>g__AwaitRequestTask|6_0(Endpoint endpoint, Task requestTask, ILogger logger)
   at Microsoft.AspNetCore.Session.SessionMiddleware.Invoke(HttpContext context)
   at Microsoft.AspNetCore.Session.SessionMiddleware.Invoke(HttpContext context)
   at Microsoft.AspNetCore.Authorization.AuthorizationMiddleware.Invoke(HttpContext context)
   at Microsoft.AspNetCore.Authentication.AuthenticationMiddleware.Invoke(HttpContext context)
   at Microsoft.AspNetCore.Diagnostics.EntityFrameworkCore.MigrationsEndPointMiddleware.Invoke(HttpContext context)
   at Microsoft.AspNetCore.Diagnostics.DeveloperExceptionPageMiddleware.Invoke(HttpContext context)
2021-07-28 01:32:22.583 +06:00 [ERR] An exception occurred while calculating the database error page content. Skipping display of the database error page.
System.InvalidOperationException: StatusCode cannot be set because the response has already started.
   at Microsoft.AspNetCore.Server.IIS.Core.IISHttpContext.ThrowResponseAlreadyStartedException(String name)
   at Microsoft.AspNetCore.Server.IIS.Core.IISHttpContext.set_StatusCode(Int32 value)
   at Microsoft.AspNetCore.Server.IIS.Core.IISHttpContext.Microsoft.AspNetCore.Http.Features.IHttpResponseFeature.set_StatusCode(Int32 value)
   at Microsoft.AspNetCore.Http.DefaultHttpResponse.set_StatusCode(Int32 value)
   at Microsoft.AspNetCore.Diagnostics.EntityFrameworkCore.Views.DatabaseErrorPage.ExecuteAsync()
   at Microsoft.Extensions.RazorViews.BaseView.ExecuteAsync(HttpContext context)
   at Microsoft.AspNetCore.Diagnostics.EntityFrameworkCore.DatabaseDeveloperPageExceptionFilter.HandleExceptionAsync(ErrorContext errorContext, Func`2 next)
2021-07-28 01:33:47.987 +06:00 [INF] Application Starting up
2021-07-28 01:34:22.622 +06:00 [ERR] An unhandled exception has occurred while executing the request.
System.InvalidOperationException: Unable to resolve service for type 'Microsoft.Extensions.Logging.Logger`1[TicketBookingSystem.Web.Areas.Ticket.Controllers.CounterController]' while attempting to activate 'TicketBookingSystem.Web.Areas.Ticket.Controllers.CounterController'.
   at Microsoft.Extensions.DependencyInjection.ActivatorUtilities.GetService(IServiceProvider sp, Type type, Type requiredBy, Boolean isDefaultParameterRequired)
   at lambda_method569(Closure , IServiceProvider , Object[] )
   at Microsoft.AspNetCore.Mvc.Controllers.ControllerActivatorProvider.<>c__DisplayClass4_0.<CreateActivator>b__0(ControllerContext controllerContext)
   at Microsoft.AspNetCore.Mvc.Controllers.ControllerFactoryProvider.<>c__DisplayClass5_0.<CreateControllerFactory>g__CreateController|0(ControllerContext controllerContext)
   at Microsoft.AspNetCore.Mvc.Infrastructure.ControllerActionInvoker.Next(State& next, Scope& scope, Object& state, Boolean& isCompleted)
   at Microsoft.AspNetCore.Mvc.Infrastructure.ControllerActionInvoker.InvokeInnerFilterAsync()
--- End of stack trace from previous location ---
   at Microsoft.AspNetCore.Mvc.Infrastructure.ResourceInvoker.<InvokeNextResourceFilter>g__Awaited|24_0(ResourceInvoker invoker, Task lastTask, State next, Scope scope, Object state, Boolean isCompleted)
   at Microsoft.AspNetCore.Mvc.Infrastructure.ResourceInvoker.Rethrow(ResourceExecutedContextSealed context)
   at Microsoft.AspNetCore.Mvc.Infrastructure.ResourceInvoker.Next(State& next, Scope& scope, Object& state, Boolean& isCompleted)
   at Microsoft.AspNetCore.Mvc.Infrastructure.ResourceInvoker.InvokeFilterPipelineAsync()
--- End of stack trace from previous location ---
   at Microsoft.AspNetCore.Mvc.Infrastructure.ResourceInvoker.<InvokeAsync>g__Awaited|17_0(ResourceInvoker invoker, Task task, IDisposable scope)
   at Microsoft.AspNetCore.Routing.EndpointMiddleware.<Invoke>g__AwaitRequestTask|6_0(Endpoint endpoint, Task requestTask, ILogger logger)
   at Microsoft.AspNetCore.Session.SessionMiddleware.Invoke(HttpContext context)
   at Microsoft.AspNetCore.Session.SessionMiddleware.Invoke(HttpContext context)
   at Microsoft.AspNetCore.Authorization.AuthorizationMiddleware.Invoke(HttpContext context)
   at Microsoft.AspNetCore.Authentication.AuthenticationMiddleware.Invoke(HttpContext context)
   at Microsoft.AspNetCore.Diagnostics.EntityFrameworkCore.MigrationsEndPointMiddleware.Invoke(HttpContext context)
   at Microsoft.AspNetCore.Diagnostics.DeveloperExceptionPageMiddleware.Invoke(HttpContext context)
2021-07-28 01:34:24.100 +06:00 [ERR] An exception occurred while calculating the database error page content. Skipping display of the database error page.
System.InvalidOperationException: StatusCode cannot be set because the response has already started.
   at Microsoft.AspNetCore.Server.IIS.Core.IISHttpContext.ThrowResponseAlreadyStartedException(String name)
   at Microsoft.AspNetCore.Server.IIS.Core.IISHttpContext.set_StatusCode(Int32 value)
   at Microsoft.AspNetCore.Server.IIS.Core.IISHttpContext.Microsoft.AspNetCore.Http.Features.IHttpResponseFeature.set_StatusCode(Int32 value)
   at Microsoft.AspNetCore.Http.DefaultHttpResponse.set_StatusCode(Int32 value)
   at Microsoft.AspNetCore.Diagnostics.EntityFrameworkCore.Views.DatabaseErrorPage.ExecuteAsync()
   at Microsoft.Extensions.RazorViews.BaseView.ExecuteAsync(HttpContext context)
   at Microsoft.AspNetCore.Diagnostics.EntityFrameworkCore.DatabaseDeveloperPageExceptionFilter.HandleExceptionAsync(ErrorContext errorContext, Func`2 next)
2021-07-28 01:36:53.014 +06:00 [INF] Application Starting up
2021-07-28 01:37:07.589 +06:00 [ERR] An unhandled exception has occurred while executing the request.
System.InvalidOperationException: Unable to resolve service for type 'Microsoft.Extensions.Logging.Logger`1[TicketBookingSystem.Web.Areas.Ticket.Controllers.CounterController]' while attempting to activate 'TicketBookingSystem.Web.Areas.Ticket.Controllers.CounterController'.
   at Microsoft.Extensions.DependencyInjection.ActivatorUtilities.GetService(IServiceProvider sp, Type type, Type requiredBy, Boolean isDefaultParameterRequired)
   at lambda_method569(Closure , IServiceProvider , Object[] )
   at Microsoft.AspNetCore.Mvc.Controllers.ControllerActivatorProvider.<>c__DisplayClass4_0.<CreateActivator>b__0(ControllerContext controllerContext)
   at Microsoft.AspNetCore.Mvc.Controllers.ControllerFactoryProvider.<>c__DisplayClass5_0.<CreateControllerFactory>g__CreateController|0(ControllerContext controllerContext)
   at Microsoft.AspNetCore.Mvc.Infrastructure.ControllerActionInvoker.Next(State& next, Scope& scope, Object& state, Boolean& isCompleted)
   at Microsoft.AspNetCore.Mvc.Infrastructure.ControllerActionInvoker.InvokeInnerFilterAsync()
--- End of stack trace from previous location ---
   at Microsoft.AspNetCore.Mvc.Infrastructure.ResourceInvoker.<InvokeNextResourceFilter>g__Awaited|24_0(ResourceInvoker invoker, Task lastTask, State next, Scope scope, Object state, Boolean isCompleted)
   at Microsoft.AspNetCore.Mvc.Infrastructure.ResourceInvoker.Rethrow(ResourceExecutedContextSealed context)
   at Microsoft.AspNetCore.Mvc.Infrastructure.ResourceInvoker.Next(State& next, Scope& scope, Object& state, Boolean& isCompleted)
   at Microsoft.AspNetCore.Mvc.Infrastructure.ResourceInvoker.InvokeFilterPipelineAsync()
--- End of stack trace from previous location ---
   at Microsoft.AspNetCore.Mvc.Infrastructure.ResourceInvoker.<InvokeAsync>g__Awaited|17_0(ResourceInvoker invoker, Task task, IDisposable scope)
   at Microsoft.AspNetCore.Routing.EndpointMiddleware.<Invoke>g__AwaitRequestTask|6_0(Endpoint endpoint, Task requestTask, ILogger logger)
   at Microsoft.AspNetCore.Session.SessionMiddleware.Invoke(HttpContext context)
   at Microsoft.AspNetCore.Session.SessionMiddleware.Invoke(HttpContext context)
   at Microsoft.AspNetCore.Authorization.AuthorizationMiddleware.Invoke(HttpContext context)
   at Microsoft.AspNetCore.Authentication.AuthenticationMiddleware.Invoke(HttpContext context)
   at Microsoft.AspNetCore.Diagnostics.EntityFrameworkCore.MigrationsEndPointMiddleware.Invoke(HttpContext context)
   at Microsoft.AspNetCore.Diagnostics.DeveloperExceptionPageMiddleware.Invoke(HttpContext context)
2021-07-28 01:37:08.989 +06:00 [ERR] An exception occurred while calculating the database error page content. Skipping display of the database error page.
System.InvalidOperationException: StatusCode cannot be set because the response has already started.
   at Microsoft.AspNetCore.Server.IIS.Core.IISHttpContext.ThrowResponseAlreadyStartedException(String name)
   at Microsoft.AspNetCore.Server.IIS.Core.IISHttpContext.set_StatusCode(Int32 value)
   at Microsoft.AspNetCore.Server.IIS.Core.IISHttpContext.Microsoft.AspNetCore.Http.Features.IHttpResponseFeature.set_StatusCode(Int32 value)
   at Microsoft.AspNetCore.Http.DefaultHttpResponse.set_StatusCode(Int32 value)
   at Microsoft.AspNetCore.Diagnostics.EntityFrameworkCore.Views.DatabaseErrorPage.ExecuteAsync()
   at Microsoft.Extensions.RazorViews.BaseView.ExecuteAsync(HttpContext context)
   at Microsoft.AspNetCore.Diagnostics.EntityFrameworkCore.DatabaseDeveloperPageExceptionFilter.HandleExceptionAsync(ErrorContext errorContext, Func`2 next)
2021-07-28 01:37:51.200 +06:00 [INF] Application Starting up
2021-07-28 01:38:12.556 +06:00 [ERR] The view 'Create' was not found. Searched locations: ["/Areas/Ticket/Views/Counter/Create.cshtml","/Areas/Ticket/Views/Shared/Create.cshtml","/Views/Shared/Create.cshtml","/Pages/Shared/Create.cshtml"]
2021-07-28 01:38:12.598 +06:00 [ERR] An unhandled exception has occurred while executing the request.
System.InvalidOperationException: The view 'Create' was not found. The following locations were searched:
/Areas/Ticket/Views/Counter/Create.cshtml
/Areas/Ticket/Views/Shared/Create.cshtml
/Views/Shared/Create.cshtml
/Pages/Shared/Create.cshtml
   at Microsoft.AspNetCore.Mvc.ViewEngines.ViewEngineResult.EnsureSuccessful(IEnumerable`1 originalLocations)
   at Microsoft.AspNetCore.Mvc.ViewFeatures.ViewResultExecutor.ExecuteAsync(ActionContext context, ViewResult result)
   at Microsoft.AspNetCore.Mvc.ViewResult.ExecuteResultAsync(ActionContext context)
   at Microsoft.AspNetCore.Mvc.Infrastructure.ResourceInvoker.<InvokeNextResultFilterAsync>g__Awaited|29_0[TFilter,TFilterAsync](ResourceInvoker invoker, Task lastTask, State next, Scope scope, Object state, Boolean isCompleted)
   at Microsoft.AspNetCore.Mvc.Infrastructure.ResourceInvoker.Rethrow(ResultExecutedContextSealed context)
   at Microsoft.AspNetCore.Mvc.Infrastructure.ResourceInvoker.ResultNext[TFilter,TFilterAsync](State& next, Scope& scope, Object& state, Boolean& isCompleted)
   at Microsoft.AspNetCore.Mvc.Infrastructure.ResourceInvoker.InvokeResultFilters()
--- End of stack trace from previous location ---
   at Microsoft.AspNetCore.Mvc.Infrastructure.ResourceInvoker.<InvokeNextResourceFilter>g__Awaited|24_0(ResourceInvoker invoker, Task lastTask, State next, Scope scope, Object state, Boolean isCompleted)
   at Microsoft.AspNetCore.Mvc.Infrastructure.ResourceInvoker.Rethrow(ResourceExecutedContextSealed context)
   at Microsoft.AspNetCore.Mvc.Infrastructure.ResourceInvoker.Next(State& next, Scope& scope, Object& state, Boolean& isCompleted)
   at Microsoft.AspNetCore.Mvc.Infrastructure.ResourceInvoker.InvokeFilterPipelineAsync()
--- End of stack trace from previous location ---
   at Microsoft.AspNetCore.Mvc.Infrastructure.ResourceInvoker.<InvokeAsync>g__Awaited|17_0(ResourceInvoker invoker, Task task, IDisposable scope)
   at Microsoft.AspNetCore.Routing.EndpointMiddleware.<Invoke>g__AwaitRequestTask|6_0(Endpoint endpoint, Task requestTask, ILogger logger)
   at Microsoft.AspNetCore.Session.SessionMiddleware.Invoke(HttpContext context)
   at Microsoft.AspNetCore.Session.SessionMiddleware.Invoke(HttpContext context)
   at Microsoft.AspNetCore.Authorization.AuthorizationMiddleware.Invoke(HttpContext context)
   at Microsoft.AspNetCore.Authentication.AuthenticationMiddleware.Invoke(HttpContext context)
   at Microsoft.AspNetCore.Diagnostics.EntityFrameworkCore.MigrationsEndPointMiddleware.Invoke(HttpContext context)
   at Microsoft.AspNetCore.Diagnostics.DeveloperExceptionPageMiddleware.Invoke(HttpContext context)
2021-07-28 01:38:31.422 +06:00 [ERR] An exception occurred while calculating the database error page content. Skipping display of the database error page.
System.InvalidOperationException: StatusCode cannot be set because the response has already started.
   at Microsoft.AspNetCore.Server.IIS.Core.IISHttpContext.ThrowResponseAlreadyStartedException(String name)
   at Microsoft.AspNetCore.Server.IIS.Core.IISHttpContext.set_StatusCode(Int32 value)
   at Microsoft.AspNetCore.Server.IIS.Core.IISHttpContext.Microsoft.AspNetCore.Http.Features.IHttpResponseFeature.set_StatusCode(Int32 value)
   at Microsoft.AspNetCore.Http.DefaultHttpResponse.set_StatusCode(Int32 value)
   at Microsoft.AspNetCore.Diagnostics.EntityFrameworkCore.Views.DatabaseErrorPage.ExecuteAsync()
   at Microsoft.Extensions.RazorViews.BaseView.ExecuteAsync(HttpContext context)
   at Microsoft.AspNetCore.Diagnostics.EntityFrameworkCore.DatabaseDeveloperPageExceptionFilter.HandleExceptionAsync(ErrorContext errorContext, Func`2 next)
2021-07-28 01:40:46.235 +06:00 [INF] Application Starting up
2021-07-28 01:42:36.113 +06:00 [ERR] An unhandled exception has occurred while executing the request.
System.InvalidOperationException: Operation is not valid due to the current state of the object.
   at TicketBookingSystem.Booking.Sevices.TicketService.CreateTicket(Ticket ticket) in J:\ASP\Assignment_3\TicketBookingSystem\TicketBookingSystem.Booking\Sevices\TicketService.cs:line 39
   at TicketBookingSystem.Web.Areas.Ticket.Models.CreateTicketModel.CreateTicket() in J:\ASP\Assignment_3\TicketBookingSystem\TicketBookingSystem.Web\Areas\Ticket\Models\CreateTicketModel.cs:line 41
   at TicketBookingSystem.Web.Areas.Ticket.Controllers.TicketController.Create(CreateTicketModel model) in J:\ASP\Assignment_3\TicketBookingSystem\TicketBookingSystem.Web\Areas\Ticket\Controllers\TicketController.cs:line 46
   at lambda_method605(Closure , Object , Object[] )
   at Microsoft.AspNetCore.Mvc.Infrastructure.ActionMethodExecutor.SyncActionResultExecutor.Execute(IActionResultTypeMapper mapper, ObjectMethodExecutor executor, Object controller, Object[] arguments)
   at Microsoft.AspNetCore.Mvc.Infrastructure.ControllerActionInvoker.InvokeActionMethodAsync()
   at Microsoft.AspNetCore.Mvc.Infrastructure.ControllerActionInvoker.Next(State& next, Scope& scope, Object& state, Boolean& isCompleted)
   at Microsoft.AspNetCore.Mvc.Infrastructure.ControllerActionInvoker.InvokeNextActionFilterAsync()
--- End of stack trace from previous location ---
   at Microsoft.AspNetCore.Mvc.Infrastructure.ControllerActionInvoker.Rethrow(ActionExecutedContextSealed context)
   at Microsoft.AspNetCore.Mvc.Infrastructure.ControllerActionInvoker.Next(State& next, Scope& scope, Object& state, Boolean& isCompleted)
   at Microsoft.AspNetCore.Mvc.Infrastructure.ControllerActionInvoker.InvokeInnerFilterAsync()
--- End of stack trace from previous location ---
   at Microsoft.AspNetCore.Mvc.Infrastructure.ResourceInvoker.<InvokeNextResourceFilter>g__Awaited|24_0(ResourceInvoker invoker, Task lastTask, State next, Scope scope, Object state, Boolean isCompleted)
   at Microsoft.AspNetCore.Mvc.Infrastructure.ResourceInvoker.Rethrow(ResourceExecutedContextSealed context)
   at Microsoft.AspNetCore.Mvc.Infrastructure.ResourceInvoker.Next(State& next, Scope& scope, Object& state, Boolean& isCompleted)
   at Microsoft.AspNetCore.Mvc.Infrastructure.ResourceInvoker.InvokeFilterPipelineAsync()
--- End of stack trace from previous location ---
   at Microsoft.AspNetCore.Mvc.Infrastructure.ResourceInvoker.<InvokeAsync>g__Awaited|17_0(ResourceInvoker invoker, Task task, IDisposable scope)
   at Microsoft.AspNetCore.Routing.EndpointMiddleware.<Invoke>g__AwaitRequestTask|6_0(Endpoint endpoint, Task requestTask, ILogger logger)
   at Microsoft.AspNetCore.Session.SessionMiddleware.Invoke(HttpContext context)
   at Microsoft.AspNetCore.Session.SessionMiddleware.Invoke(HttpContext context)
   at Microsoft.AspNetCore.Authorization.AuthorizationMiddleware.Invoke(HttpContext context)
   at Microsoft.AspNetCore.Authentication.AuthenticationMiddleware.Invoke(HttpContext context)
   at Microsoft.AspNetCore.Diagnostics.EntityFrameworkCore.MigrationsEndPointMiddleware.Invoke(HttpContext context)
   at Microsoft.AspNetCore.Diagnostics.DeveloperExceptionPageMiddleware.Invoke(HttpContext context)
2021-07-28 01:42:37.063 +06:00 [ERR] An exception occurred while calculating the database error page content. Skipping display of the database error page.
System.InvalidOperationException: StatusCode cannot be set because the response has already started.
   at Microsoft.AspNetCore.Server.IIS.Core.IISHttpContext.ThrowResponseAlreadyStartedException(String name)
   at Microsoft.AspNetCore.Server.IIS.Core.IISHttpContext.set_StatusCode(Int32 value)
   at Microsoft.AspNetCore.Server.IIS.Core.IISHttpContext.Microsoft.AspNetCore.Http.Features.IHttpResponseFeature.set_StatusCode(Int32 value)
   at Microsoft.AspNetCore.Http.DefaultHttpResponse.set_StatusCode(Int32 value)
   at Microsoft.AspNetCore.Diagnostics.EntityFrameworkCore.Views.DatabaseErrorPage.ExecuteAsync()
   at Microsoft.Extensions.RazorViews.BaseView.ExecuteAsync(HttpContext context)
   at Microsoft.AspNetCore.Diagnostics.EntityFrameworkCore.DatabaseDeveloperPageExceptionFilter.HandleExceptionAsync(ErrorContext errorContext, Func`2 next)
2021-07-28 01:45:05.949 +06:00 [INF] Application Starting up
2021-07-28 01:51:53.721 +06:00 [INF] Application Starting up
2021-07-28 01:55:43.910 +06:00 [INF] Application Starting up
2021-07-28 01:56:16.350 +06:00 [ERR] Failed to booking ticket
System.InvalidOperationException: Operation is not valid due to the current state of the object.
   at TicketBookingSystem.Booking.Sevices.TicketService.CreateTicket(Ticket ticket) in J:\ASP\Assignment_3\TicketBookingSystem\TicketBookingSystem.Booking\Sevices\TicketService.cs:line 27
   at TicketBookingSystem.Web.Areas.Ticket.Models.CreateTicketModel.CreateTicket() in J:\ASP\Assignment_3\TicketBookingSystem\TicketBookingSystem.Web\Areas\Ticket\Models\CreateTicketModel.cs:line 41
   at TicketBookingSystem.Web.Areas.Ticket.Controllers.TicketController.Create(CreateTicketModel model) in J:\ASP\Assignment_3\TicketBookingSystem\TicketBookingSystem.Web\Areas\Ticket\Controllers\TicketController.cs:line 36
2021-07-28 11:43:56.443 +06:00 [INF] Application Starting up
2021-07-28 14:05:09.352 +06:00 [INF] Application Starting up
2021-07-28 14:07:11.491 +06:00 [INF] Application Starting up
2021-07-28 14:11:49.041 +06:00 [INF] Application Starting up
2021-07-28 14:15:47.632 +06:00 [INF] Application Starting up
2021-07-28 14:20:20.298 +06:00 [INF] Application Starting up
2021-07-28 14:45:16.353 +06:00 [INF] Application Starting up
2021-07-28 14:46:13.766 +06:00 [ERR] An unhandled exception has occurred while executing the request.
No property or field 'Title' exists in type 'Ticket' (at index 0)
2021-07-28 14:46:16.583 +06:00 [ERR] An exception occurred while calculating the database error page content. Skipping display of the database error page.
System.InvalidOperationException: StatusCode cannot be set because the response has already started.
   at Microsoft.AspNetCore.Server.IIS.Core.IISHttpContext.ThrowResponseAlreadyStartedException(String name)
   at Microsoft.AspNetCore.Server.IIS.Core.IISHttpContext.set_StatusCode(Int32 value)
   at Microsoft.AspNetCore.Server.IIS.Core.IISHttpContext.Microsoft.AspNetCore.Http.Features.IHttpResponseFeature.set_StatusCode(Int32 value)
   at Microsoft.AspNetCore.Http.DefaultHttpResponse.set_StatusCode(Int32 value)
   at Microsoft.AspNetCore.Diagnostics.EntityFrameworkCore.Views.DatabaseErrorPage.ExecuteAsync()
   at Microsoft.Extensions.RazorViews.BaseView.ExecuteAsync(HttpContext context)
   at Microsoft.AspNetCore.Diagnostics.EntityFrameworkCore.DatabaseDeveloperPageExceptionFilter.HandleExceptionAsync(ErrorContext errorContext, Func`2 next)
2021-07-28 14:47:19.189 +06:00 [INF] Application Starting up
2021-07-28 14:48:54.515 +06:00 [INF] Application Starting up
2021-07-28 14:51:15.322 +06:00 [INF] Application Starting up
2021-07-28 14:53:50.619 +06:00 [INF] Application Starting up
2021-07-28 15:00:02.549 +06:00 [INF] Application Starting up
2021-07-28 16:35:49.541 +06:00 [INF] Application Starting up
2021-07-28 16:37:22.287 +06:00 [INF] Application Starting up
2021-07-28 16:40:02.732 +06:00 [INF] Application Starting up
2021-07-28 16:41:09.019 +06:00 [INF] Application Starting up
2021-07-28 16:42:32.598 +06:00 [INF] Application Starting up
2021-07-28 16:45:18.449 +06:00 [INF] Application Starting up
2021-07-28 17:32:47.990 +06:00 [INF] Application Starting up
2021-07-28 18:23:58.368 +06:00 [INF] Application Starting up
2021-07-28 18:28:46.304 +06:00 [INF] Application Starting up
2021-07-28 18:30:26.118 +06:00 [INF] Application Starting up
2021-07-28 18:30:58.266 +06:00 [ERR] Update Product Failed
TicketBookingSystem.Booking.Exceptions.DuplicateIdException: Product name already used in other Product
   at TicketBookingSystem.Booking.Sevices.TicketService.UpdateTicket(Ticket ticket) in J:\ASP\Assignment_3\TicketBookingSystem\TicketBookingSystem.Booking\Sevices\TicketService.cs:line 86
   at TicketBookingSystem.Web.Areas.Ticket.Models.EditTicketModel.Update() in J:\ASP\Assignment_3\TicketBookingSystem\TicketBookingSystem.Web\Areas\Ticket\Models\EditTicketModel.cs:line 55
   at TicketBookingSystem.Web.Areas.Ticket.Controllers.TicketController.Edit(EditTicketModel model) in J:\ASP\Assignment_3\TicketBookingSystem\TicketBookingSystem.Web\Areas\Ticket\Controllers\TicketController.cs:line 78
2021-07-28 18:31:32.953 +06:00 [ERR] Update Product Failed
TicketBookingSystem.Booking.Exceptions.DuplicateIdException: Product name already used in other Product
   at TicketBookingSystem.Booking.Sevices.TicketService.UpdateTicket(Ticket ticket) in J:\ASP\Assignment_3\TicketBookingSystem\TicketBookingSystem.Booking\Sevices\TicketService.cs:line 86
   at TicketBookingSystem.Web.Areas.Ticket.Models.EditTicketModel.Update() in J:\ASP\Assignment_3\TicketBookingSystem\TicketBookingSystem.Web\Areas\Ticket\Models\EditTicketModel.cs:line 55
   at TicketBookingSystem.Web.Areas.Ticket.Controllers.TicketController.Edit(EditTicketModel model) in J:\ASP\Assignment_3\TicketBookingSystem\TicketBookingSystem.Web\Areas\Ticket\Controllers\TicketController.cs:line 78
2021-07-28 18:46:49.543 +06:00 [INF] Application Starting up
2021-07-28 18:53:04.924 +06:00 [INF] Application Starting up
2021-07-28 18:55:21.402 +06:00 [INF] Application Starting up
2021-07-28 19:03:27.661 +06:00 [INF] Application Starting up
2021-07-28 19:04:59.230 +06:00 [ERR] Update Product Failed
TicketBookingSystem.Booking.Exceptions.DuplicateIdException: Product name already used in other Product
   at TicketBookingSystem.Booking.Sevices.TicketService.UpdateTicket(Ticket ticket) in J:\ASP\Assignment_3\TicketBookingSystem\TicketBookingSystem.Booking\Sevices\TicketService.cs:line 86
   at TicketBookingSystem.Web.Areas.Ticket.Models.EditTicketModel.Update() in J:\ASP\Assignment_3\TicketBookingSystem\TicketBookingSystem.Web\Areas\Ticket\Models\EditTicketModel.cs:line 55
   at TicketBookingSystem.Web.Areas.Ticket.Controllers.TicketController.Edit(EditTicketModel model) in J:\ASP\Assignment_3\TicketBookingSystem\TicketBookingSystem.Web\Areas\Ticket\Controllers\TicketController.cs:line 78
2021-07-28 19:05:14.412 +06:00 [ERR] Update Product Failed
TicketBookingSystem.Booking.Exceptions.DuplicateIdException: Product name already used in other Product
   at TicketBookingSystem.Booking.Sevices.TicketService.UpdateTicket(Ticket ticket) in J:\ASP\Assignment_3\TicketBookingSystem\TicketBookingSystem.Booking\Sevices\TicketService.cs:line 86
   at TicketBookingSystem.Web.Areas.Ticket.Models.EditTicketModel.Update() in J:\ASP\Assignment_3\TicketBookingSystem\TicketBookingSystem.Web\Areas\Ticket\Models\EditTicketModel.cs:line 55
   at TicketBookingSystem.Web.Areas.Ticket.Controllers.TicketController.Edit(EditTicketModel model) in J:\ASP\Assignment_3\TicketBookingSystem\TicketBookingSystem.Web\Areas\Ticket\Controllers\TicketController.cs:line 78
2021-07-28 19:07:38.147 +06:00 [ERR] Update Product Failed
TicketBookingSystem.Booking.Exceptions.DuplicateIdException: Product name already used in other Product
   at TicketBookingSystem.Booking.Sevices.TicketService.UpdateTicket(Ticket ticket) in J:\ASP\Assignment_3\TicketBookingSystem\TicketBookingSystem.Booking\Sevices\TicketService.cs:line 86
   at TicketBookingSystem.Web.Areas.Ticket.Models.EditTicketModel.Update() in J:\ASP\Assignment_3\TicketBookingSystem\TicketBookingSystem.Web\Areas\Ticket\Models\EditTicketModel.cs:line 55
   at TicketBookingSystem.Web.Areas.Ticket.Controllers.TicketController.Edit(EditTicketModel model) in J:\ASP\Assignment_3\TicketBookingSystem\TicketBookingSystem.Web\Areas\Ticket\Controllers\TicketController.cs:line 78
2021-07-28 19:50:24.039 +06:00 [INF] Application Starting up
2021-07-28 19:50:49.707 +06:00 [ERR] Update Product Failed
TicketBookingSystem.Booking.Exceptions.DuplicateIdException: Product name already used in other Product
   at TicketBookingSystem.Booking.Sevices.TicketService.UpdateTicket(Ticket ticket) in J:\ASP\Assignment_3\TicketBookingSystem\TicketBookingSystem.Booking\Sevices\TicketService.cs:line 86
   at TicketBookingSystem.Web.Areas.Ticket.Models.EditTicketModel.Update() in J:\ASP\Assignment_3\TicketBookingSystem\TicketBookingSystem.Web\Areas\Ticket\Models\EditTicketModel.cs:line 55
   at TicketBookingSystem.Web.Areas.Ticket.Controllers.TicketController.Edit(EditTicketModel model) in J:\ASP\Assignment_3\TicketBookingSystem\TicketBookingSystem.Web\Areas\Ticket\Controllers\TicketController.cs:line 78
2021-07-28 19:51:23.333 +06:00 [ERR] Update Product Failed
TicketBookingSystem.Booking.Exceptions.DuplicateIdException: Product name already used in other Product
   at TicketBookingSystem.Booking.Sevices.TicketService.UpdateTicket(Ticket ticket) in J:\ASP\Assignment_3\TicketBookingSystem\TicketBookingSystem.Booking\Sevices\TicketService.cs:line 86
   at TicketBookingSystem.Web.Areas.Ticket.Models.EditTicketModel.Update() in J:\ASP\Assignment_3\TicketBookingSystem\TicketBookingSystem.Web\Areas\Ticket\Models\EditTicketModel.cs:line 55
   at TicketBookingSystem.Web.Areas.Ticket.Controllers.TicketController.Edit(EditTicketModel model) in J:\ASP\Assignment_3\TicketBookingSystem\TicketBookingSystem.Web\Areas\Ticket\Controllers\TicketController.cs:line 78
2021-07-28 19:51:58.873 +06:00 [ERR] Update Product Failed
TicketBookingSystem.Booking.Exceptions.DuplicateIdException: Product name already used in other Product
   at TicketBookingSystem.Booking.Sevices.TicketService.UpdateTicket(Ticket ticket) in J:\ASP\Assignment_3\TicketBookingSystem\TicketBookingSystem.Booking\Sevices\TicketService.cs:line 86
   at TicketBookingSystem.Web.Areas.Ticket.Models.EditTicketModel.Update() in J:\ASP\Assignment_3\TicketBookingSystem\TicketBookingSystem.Web\Areas\Ticket\Models\EditTicketModel.cs:line 55
   at TicketBookingSystem.Web.Areas.Ticket.Controllers.TicketController.Edit(EditTicketModel model) in J:\ASP\Assignment_3\TicketBookingSystem\TicketBookingSystem.Web\Areas\Ticket\Controllers\TicketController.cs:line 78
2021-07-28 19:52:14.482 +06:00 [ERR] Update Product Failed
TicketBookingSystem.Booking.Exceptions.DuplicateIdException: Product name already used in other Product
   at TicketBookingSystem.Booking.Sevices.TicketService.UpdateTicket(Ticket ticket) in J:\ASP\Assignment_3\TicketBookingSystem\TicketBookingSystem.Booking\Sevices\TicketService.cs:line 86
   at TicketBookingSystem.Web.Areas.Ticket.Models.EditTicketModel.Update() in J:\ASP\Assignment_3\TicketBookingSystem\TicketBookingSystem.Web\Areas\Ticket\Models\EditTicketModel.cs:line 55
   at TicketBookingSystem.Web.Areas.Ticket.Controllers.TicketController.Edit(EditTicketModel model) in J:\ASP\Assignment_3\TicketBookingSystem\TicketBookingSystem.Web\Areas\Ticket\Controllers\TicketController.cs:line 78
2021-07-28 19:55:20.259 +06:00 [ERR] Update Product Failed
TicketBookingSystem.Booking.Exceptions.DuplicateIdException: Product name already used in other Product
   at TicketBookingSystem.Booking.Sevices.TicketService.UpdateTicket(Ticket ticket) in J:\ASP\Assignment_3\TicketBookingSystem\TicketBookingSystem.Booking\Sevices\TicketService.cs:line 86
   at TicketBookingSystem.Web.Areas.Ticket.Models.EditTicketModel.Update() in J:\ASP\Assignment_3\TicketBookingSystem\TicketBookingSystem.Web\Areas\Ticket\Models\EditTicketModel.cs:line 55
   at TicketBookingSystem.Web.Areas.Ticket.Controllers.TicketController.Edit(EditTicketModel model) in J:\ASP\Assignment_3\TicketBookingSystem\TicketBookingSystem.Web\Areas\Ticket\Controllers\TicketController.cs:line 78
2021-07-28 20:00:25.998 +06:00 [ERR] Update Product Failed
TicketBookingSystem.Booking.Exceptions.DuplicateIdException: Product name already used in other Product
   at TicketBookingSystem.Booking.Sevices.TicketService.UpdateTicket(Ticket ticket) in J:\ASP\Assignment_3\TicketBookingSystem\TicketBookingSystem.Booking\Sevices\TicketService.cs:line 86
   at TicketBookingSystem.Web.Areas.Ticket.Models.EditTicketModel.Update() in J:\ASP\Assignment_3\TicketBookingSystem\TicketBookingSystem.Web\Areas\Ticket\Models\EditTicketModel.cs:line 55
   at TicketBookingSystem.Web.Areas.Ticket.Controllers.TicketController.Edit(EditTicketModel model) in J:\ASP\Assignment_3\TicketBookingSystem\TicketBookingSystem.Web\Areas\Ticket\Controllers\TicketController.cs:line 78
2021-07-28 20:10:52.890 +06:00 [INF] Application Starting up
2021-07-28 20:21:39.541 +06:00 [INF] Application Starting up
2021-07-28 20:23:40.762 +06:00 [INF] Application Starting up
2021-07-28 20:26:57.709 +06:00 [INF] Application Starting up
2021-07-28 20:28:38.488 +06:00 [INF] Application Starting up
2021-07-28 20:30:21.729 +06:00 [INF] Application Starting up
2021-07-28 20:41:20.446 +06:00 [INF] Application Starting up
2021-07-28 20:42:29.242 +06:00 [INF] Application Starting up
2021-07-28 20:52:02.924 +06:00 [INF] Application Starting up
2021-07-28 20:53:29.747 +06:00 [INF] Application Starting up
2021-07-28 20:54:52.308 +06:00 [INF] Application Starting up
2021-07-28 20:55:30.180 +06:00 [INF] Application Starting up
2021-07-28 20:56:17.298 +06:00 [INF] Application Starting up
2021-07-28 20:57:12.515 +06:00 [INF] Application Starting up
2021-07-28 23:41:14.220 +06:00 [INF] Application Starting up
