2021-08-13 11:38:58.086 +06:00 [INF] Application Starting up
2021-08-13 11:59:12.902 +06:00 [ERR] failed to create new user.
System.NullReferenceException: Object reference not set to an instance of an object.
   at TimeChallenge.User.Services.UserService.CreateUser(User user) in D:\DevSkill\dotNet\Code\Asp.NetBatch5\AspDotNetMVC\TimeChallenge\TimeChallenge.User\Services\UserService.cs:line 25
   at TimeChallenge.Web.Areas.Admin.Models.CreateUserModel.CreateUser() in D:\DevSkill\dotNet\Code\Asp.NetBatch5\AspDotNetMVC\TimeChallenge\TimeChallenge.Web\Areas\Admin\Models\CreateUserModel.cs:line 46
   at TimeChallenge.Web.Areas.Admin.Controllers.UserController.Create(CreateUserModel model) in D:\DevSkill\dotNet\Code\Asp.NetBatch5\AspDotNetMVC\TimeChallenge\TimeChallenge.Web\Areas\Admin\Controllers\UserController.cs:line 38
2021-08-13 12:06:09.582 +06:00 [INF] Application Starting up
2021-08-13 12:07:15.922 +06:00 [INF] Application Starting up
2021-08-13 12:08:53.093 +06:00 [INF] Application Starting up
2021-08-13 12:09:12.598 +06:00 [ERR] An unhandled exception has occurred while executing the request.
System.NullReferenceException: Object reference not set to an instance of an object.
   at TimeChallenge.User.Services.UserService.CreateUser(User user) in D:\DevSkill\dotNet\Code\Asp.NetBatch5\AspDotNetMVC\TimeChallenge\TimeChallenge.User\Services\UserService.cs:line 26
   at TimeChallenge.Web.Areas.Admin.Models.CreateUserModel.CreateUser() in D:\DevSkill\dotNet\Code\Asp.NetBatch5\AspDotNetMVC\TimeChallenge\TimeChallenge.Web\Areas\Admin\Models\CreateUserModel.cs:line 46
   at TimeChallenge.Web.Areas.Admin.Controllers.UserController.Create(CreateUserModel model) in D:\DevSkill\dotNet\Code\Asp.NetBatch5\AspDotNetMVC\TimeChallenge\TimeChallenge.Web\Areas\Admin\Controllers\UserController.cs:line 46
   at lambda_method608(Closure , Object , Object[] )
   at Microsoft.AspNetCore.Mvc.Infrastructure.ActionMethodExecutor.SyncActionResultExecutor.Execute(IActionResultTypeMapper mapper, ObjectMethodExecutor executor, Object controller, Object[] arguments)
   at Microsoft.AspNetCore.Mvc.Infrastructure.ControllerActionInvoker.InvokeActionMethodAsync()
   at Microsoft.AspNetCore.Mvc.Infrastructure.ControllerActionInvoker.Next(State& next, Scope& scope, Object& state, Boolean& isCompleted)
   at Microsoft.AspNetCore.Mvc.Infrastructure.ControllerActionInvoker.InvokeNextActionFilterAsync()
--- End of stack trace from previous location ---
   at Microsoft.AspNetCore.Mvc.Infrastructure.ControllerActionInvoker.Rethrow(ActionExecutedContextSealed context)
   at Microsoft.AspNetCore.Mvc.Infrastructure.ControllerActionInvoker.Next(State& next, Scope& scope, Object& state, Boolean& isCompleted)
   at Microsoft.AspNetCore.Mvc.Infrastructure.ControllerActionInvoker.InvokeInnerFilterAsync()
--- End of stack trace from previous location ---
   at Microsoft.AspNetCore.Mvc.Infrastructure.ResourceInvoker.<InvokeNextResourceFilter>g__Awaited|24_0(ResourceInvoker invoker, Task lastTask, State next, Scope scope, Object state, Boolean isCompleted)
   at Microsoft.AspNetCore.Mvc.Infrastructure.ResourceInvoker.Rethrow(ResourceExecutedContextSealed context)
   at Microsoft.AspNetCore.Mvc.Infrastructure.ResourceInvoker.Next(State& next, Scope& scope, Object& state, Boolean& isCompleted)
   at Microsoft.AspNetCore.Mvc.Infrastructure.ResourceInvoker.InvokeFilterPipelineAsync()
--- End of stack trace from previous location ---
   at Microsoft.AspNetCore.Mvc.Infrastructure.ResourceInvoker.<InvokeAsync>g__Awaited|17_0(ResourceInvoker invoker, Task task, IDisposable scope)
   at Microsoft.AspNetCore.Routing.EndpointMiddleware.<Invoke>g__AwaitRequestTask|6_0(Endpoint endpoint, Task requestTask, ILogger logger)
   at Microsoft.AspNetCore.Session.SessionMiddleware.Invoke(HttpContext context)
   at Microsoft.AspNetCore.Session.SessionMiddleware.Invoke(HttpContext context)
   at Microsoft.AspNetCore.Authorization.AuthorizationMiddleware.Invoke(HttpContext context)
   at Microsoft.AspNetCore.Authentication.AuthenticationMiddleware.Invoke(HttpContext context)
   at Microsoft.AspNetCore.Diagnostics.EntityFrameworkCore.MigrationsEndPointMiddleware.Invoke(HttpContext context)
   at Microsoft.AspNetCore.Diagnostics.DeveloperExceptionPageMiddleware.Invoke(HttpContext context)
2021-08-13 12:09:15.242 +06:00 [ERR] An exception occurred while calculating the database error page content. Skipping display of the database error page.
System.InvalidOperationException: StatusCode cannot be set because the response has already started.
   at Microsoft.AspNetCore.Server.IIS.Core.IISHttpContext.ThrowResponseAlreadyStartedException(String name)
   at Microsoft.AspNetCore.Server.IIS.Core.IISHttpContext.set_StatusCode(Int32 value)
   at Microsoft.AspNetCore.Server.IIS.Core.IISHttpContext.Microsoft.AspNetCore.Http.Features.IHttpResponseFeature.set_StatusCode(Int32 value)
   at Microsoft.AspNetCore.Http.DefaultHttpResponse.set_StatusCode(Int32 value)
   at Microsoft.AspNetCore.Diagnostics.EntityFrameworkCore.Views.DatabaseErrorPage.ExecuteAsync()
   at Microsoft.Extensions.RazorViews.BaseView.ExecuteAsync(HttpContext context)
   at Microsoft.AspNetCore.Diagnostics.EntityFrameworkCore.DatabaseDeveloperPageExceptionFilter.HandleExceptionAsync(ErrorContext errorContext, Func`2 next)
2021-08-13 12:19:50.953 +06:00 [INF] Application Starting up
2021-08-13 12:30:22.752 +06:00 [INF] Application Starting up
2021-08-13 12:36:02.888 +06:00 [INF] Application Starting up
2021-08-13 12:36:39.813 +06:00 [ERR] failed to create new user.
AutoMapper.AutoMapperMappingException: Missing type map configuration or unsupported mapping.

Mapping types:
Object -> User
System.Object -> TimeChallenge.User.BusinessObjects.User
   at lambda_method619(Closure , Object , User , ResolutionContext )
   at TimeChallenge.Web.Areas.Admin.Models.CreateUserModel.CreateUser() in D:\DevSkill\dotNet\Code\Asp.NetBatch5\AspDotNetMVC\TimeChallenge\TimeChallenge.Web\Areas\Admin\Models\CreateUserModel.cs:line 38
   at TimeChallenge.Web.Areas.Admin.Controllers.UserController.Create(CreateUserModel model) in D:\DevSkill\dotNet\Code\Asp.NetBatch5\AspDotNetMVC\TimeChallenge\TimeChallenge.Web\Areas\Admin\Controllers\UserController.cs:line 38
2021-08-13 12:37:21.911 +06:00 [ERR] failed to create new user.
AutoMapper.AutoMapperMappingException: Missing type map configuration or unsupported mapping.

Mapping types:
Object -> User
System.Object -> TimeChallenge.User.BusinessObjects.User
   at lambda_method619(Closure , Object , User , ResolutionContext )
   at TimeChallenge.Web.Areas.Admin.Models.CreateUserModel.CreateUser() in D:\DevSkill\dotNet\Code\Asp.NetBatch5\AspDotNetMVC\TimeChallenge\TimeChallenge.Web\Areas\Admin\Models\CreateUserModel.cs:line 38
   at TimeChallenge.Web.Areas.Admin.Controllers.UserController.Create(CreateUserModel model) in D:\DevSkill\dotNet\Code\Asp.NetBatch5\AspDotNetMVC\TimeChallenge\TimeChallenge.Web\Areas\Admin\Controllers\UserController.cs:line 38
2021-08-13 12:46:26.523 +06:00 [INF] Application Starting up
2021-08-13 15:11:37.450 +06:00 [INF] Application Starting up
2021-08-13 15:13:04.140 +06:00 [ERR] failed to create new user.
AutoMapper.AutoMapperMappingException: Missing type map configuration or unsupported mapping.

Mapping types:
Object -> User
System.Object -> TimeChallenge.User.BusinessObjects.User
   at lambda_method613(Closure , Object , User , ResolutionContext )
   at TimeChallenge.Web.Areas.Admin.Models.CreateUserModel.CreateUser() in D:\DevSkill\dotNet\Code\Asp.NetBatch5\AspDotNetMVC\TimeChallenge\TimeChallenge.Web\Areas\Admin\Models\CreateUserModel.cs:line 38
   at TimeChallenge.Web.Areas.Admin.Controllers.UserController.Create(CreateUserModel model) in D:\DevSkill\dotNet\Code\Asp.NetBatch5\AspDotNetMVC\TimeChallenge\TimeChallenge.Web\Areas\Admin\Controllers\UserController.cs:line 38
2021-08-13 15:22:55.345 +06:00 [INF] Application Starting up
2021-08-13 15:32:39.863 +06:00 [INF] Application Starting up
2021-08-13 15:35:50.599 +06:00 [INF] Application Starting up
