2021-09-19 00:01:13.864 +06:00 [INF] Application Starting up
2021-09-19 00:01:31.294 +06:00 [ERR] An unhandled exception has occurred while executing the request.
System.InvalidOperationException: Unable to resolve service for type 'Microsoft.AspNetCore.Identity.UI.Services.IEmailSender' while attempting to activate 'DataImporter.Web.Controllers.AccountController'.
   at Microsoft.Extensions.DependencyInjection.ActivatorUtilities.GetService(IServiceProvider sp, Type type, Type requiredBy, Boolean isDefaultParameterRequired)
   at lambda_method612(Closure , IServiceProvider , Object[] )
   at Microsoft.AspNetCore.Mvc.Controllers.ControllerActivatorProvider.<>c__DisplayClass4_0.<CreateActivator>b__0(ControllerContext controllerContext)
   at Microsoft.AspNetCore.Mvc.Controllers.ControllerFactoryProvider.<>c__DisplayClass5_0.<CreateControllerFactory>g__CreateController|0(ControllerContext controllerContext)
   at Microsoft.AspNetCore.Mvc.Infrastructure.ControllerActionInvoker.Next(State& next, Scope& scope, Object& state, Boolean& isCompleted)
   at Microsoft.AspNetCore.Mvc.Infrastructure.ControllerActionInvoker.InvokeInnerFilterAsync()
--- End of stack trace from previous location ---
   at Microsoft.AspNetCore.Mvc.Infrastructure.ResourceInvoker.<InvokeNextResourceFilter>g__Awaited|24_0(ResourceInvoker invoker, Task lastTask, State next, Scope scope, Object state, Boolean isCompleted)
   at Microsoft.AspNetCore.Mvc.Infrastructure.ResourceInvoker.Rethrow(ResourceExecutedContextSealed context)
   at Microsoft.AspNetCore.Mvc.Infrastructure.ResourceInvoker.Next(State& next, Scope& scope, Object& state, Boolean& isCompleted)
   at Microsoft.AspNetCore.Mvc.Infrastructure.ResourceInvoker.InvokeFilterPipelineAsync()
--- End of stack trace from previous location ---
   at Microsoft.AspNetCore.Mvc.Infrastructure.ResourceInvoker.<InvokeAsync>g__Awaited|17_0(ResourceInvoker invoker, Task task, IDisposable scope)
   at Microsoft.AspNetCore.Routing.EndpointMiddleware.<Invoke>g__AwaitRequestTask|6_0(Endpoint endpoint, Task requestTask, ILogger logger)
   at Microsoft.AspNetCore.Session.SessionMiddleware.Invoke(HttpContext context)
   at Microsoft.AspNetCore.Session.SessionMiddleware.Invoke(HttpContext context)
   at Microsoft.AspNetCore.Authorization.AuthorizationMiddleware.Invoke(HttpContext context)
   at Microsoft.AspNetCore.Authentication.AuthenticationMiddleware.Invoke(HttpContext context)
   at Microsoft.AspNetCore.Diagnostics.EntityFrameworkCore.MigrationsEndPointMiddleware.Invoke(HttpContext context)
   at Microsoft.AspNetCore.Diagnostics.DeveloperExceptionPageMiddleware.Invoke(HttpContext context)
2021-09-19 00:02:07.100 +06:00 [INF] Application Starting up
2021-09-19 00:02:19.046 +06:00 [INF] User logged out.
2021-09-19 00:07:55.371 +06:00 [INF] Application Starting up
2021-09-19 00:08:58.247 +06:00 [INF] Application Starting up
2021-09-19 00:30:12.974 +06:00 [INF] Application Starting up
2021-09-19 00:30:27.488 +06:00 [INF] User logged out.
2021-09-19 00:30:34.887 +06:00 [ERR] The view 'Groups' was not found. Searched locations: ["/Views/Group/Groups.cshtml","/Views/Shared/Groups.cshtml","/Pages/Shared/Groups.cshtml"]
2021-09-19 00:30:34.901 +06:00 [ERR] An unhandled exception has occurred while executing the request.
System.InvalidOperationException: The view 'Groups' was not found. The following locations were searched:
/Views/Group/Groups.cshtml
/Views/Shared/Groups.cshtml
/Pages/Shared/Groups.cshtml
   at Microsoft.AspNetCore.Mvc.ViewEngines.ViewEngineResult.EnsureSuccessful(IEnumerable`1 originalLocations)
   at Microsoft.AspNetCore.Mvc.ViewFeatures.ViewResultExecutor.ExecuteAsync(ActionContext context, ViewResult result)
   at Microsoft.AspNetCore.Mvc.ViewResult.ExecuteResultAsync(ActionContext context)
   at Microsoft.AspNetCore.Mvc.Infrastructure.ResourceInvoker.<InvokeNextResultFilterAsync>g__Awaited|29_0[TFilter,TFilterAsync](ResourceInvoker invoker, Task lastTask, State next, Scope scope, Object state, Boolean isCompleted)
   at Microsoft.AspNetCore.Mvc.Infrastructure.ResourceInvoker.Rethrow(ResultExecutedContextSealed context)
   at Microsoft.AspNetCore.Mvc.Infrastructure.ResourceInvoker.ResultNext[TFilter,TFilterAsync](State& next, Scope& scope, Object& state, Boolean& isCompleted)
   at Microsoft.AspNetCore.Mvc.Infrastructure.ResourceInvoker.InvokeResultFilters()
--- End of stack trace from previous location ---
   at Microsoft.AspNetCore.Mvc.Infrastructure.ResourceInvoker.<InvokeNextResourceFilter>g__Awaited|24_0(ResourceInvoker invoker, Task lastTask, State next, Scope scope, Object state, Boolean isCompleted)
   at Microsoft.AspNetCore.Mvc.Infrastructure.ResourceInvoker.Rethrow(ResourceExecutedContextSealed context)
   at Microsoft.AspNetCore.Mvc.Infrastructure.ResourceInvoker.Next(State& next, Scope& scope, Object& state, Boolean& isCompleted)
   at Microsoft.AspNetCore.Mvc.Infrastructure.ResourceInvoker.InvokeFilterPipelineAsync()
--- End of stack trace from previous location ---
   at Microsoft.AspNetCore.Mvc.Infrastructure.ResourceInvoker.<InvokeAsync>g__Awaited|17_0(ResourceInvoker invoker, Task task, IDisposable scope)
   at Microsoft.AspNetCore.Routing.EndpointMiddleware.<Invoke>g__AwaitRequestTask|6_0(Endpoint endpoint, Task requestTask, ILogger logger)
   at Microsoft.AspNetCore.Session.SessionMiddleware.Invoke(HttpContext context)
   at Microsoft.AspNetCore.Session.SessionMiddleware.Invoke(HttpContext context)
   at Microsoft.AspNetCore.Authorization.Policy.AuthorizationMiddlewareResultHandler.HandleAsync(RequestDelegate next, HttpContext context, AuthorizationPolicy policy, PolicyAuthorizationResult authorizeResult)
   at Microsoft.AspNetCore.Authorization.AuthorizationMiddleware.Invoke(HttpContext context)
   at Microsoft.AspNetCore.Authentication.AuthenticationMiddleware.Invoke(HttpContext context)
   at Microsoft.AspNetCore.Diagnostics.EntityFrameworkCore.MigrationsEndPointMiddleware.Invoke(HttpContext context)
   at Microsoft.AspNetCore.Diagnostics.DeveloperExceptionPageMiddleware.Invoke(HttpContext context)
2021-09-19 00:34:14.024 +06:00 [INF] Application Starting up
2021-09-19 01:32:01.154 +06:00 [INF] Application Starting up
2021-09-19 01:33:59.669 +06:00 [INF] Application Starting up
2021-09-19 01:39:06.682 +06:00 [INF] Application Starting up
2021-09-19 02:08:47.029 +06:00 [ERR] An unhandled exception has occurred while executing the request.
Microsoft.AspNetCore.Mvc.Razor.RuntimeCompilation.CompilationFailedException: One or more compilation failures occurred:
D:\DevSkill\dotNet\Code\Asp.NetBatch5\FinalProject\DataImporter\DataImporter.Web\Views\Group\Contacts.cshtml(30,136): error CS1061: 'ContactsModel' does not contain a definition for 'Name' and no accessible extension method 'Name' accepting a first argument of type 'ContactsModel' could be found (are you missing a using directive or an assembly reference?)
   at Microsoft.AspNetCore.Mvc.Razor.RuntimeCompilation.RuntimeViewCompiler.CompileAndEmit(RazorCodeDocument codeDocument, String generatedCode)
   at Microsoft.AspNetCore.Mvc.Razor.RuntimeCompilation.RuntimeViewCompiler.CompileAndEmit(String relativePath)
   at Microsoft.AspNetCore.Mvc.Razor.RuntimeCompilation.RuntimeViewCompiler.OnCacheMiss(String normalizedPath)
--- End of stack trace from previous location ---
   at Microsoft.AspNetCore.Mvc.Razor.Compilation.DefaultRazorPageFactoryProvider.CreateFactory(String relativePath)
   at Microsoft.AspNetCore.Mvc.Razor.RazorViewEngine.CreateCacheResult(HashSet`1 expirationTokens, String relativePath, Boolean isMainPage)
   at Microsoft.AspNetCore.Mvc.Razor.RazorViewEngine.OnCacheMiss(ViewLocationExpanderContext expanderContext, ViewLocationCacheKey cacheKey)
   at Microsoft.AspNetCore.Mvc.Razor.RazorViewEngine.LocatePageFromViewLocations(ActionContext actionContext, String pageName, Boolean isMainPage)
   at Microsoft.AspNetCore.Mvc.Razor.RazorViewEngine.FindView(ActionContext context, String viewName, Boolean isMainPage)
   at Microsoft.AspNetCore.Mvc.ViewEngines.CompositeViewEngine.FindView(ActionContext context, String viewName, Boolean isMainPage)
   at Microsoft.AspNetCore.Mvc.ViewFeatures.ViewResultExecutor.FindView(ActionContext actionContext, ViewResult viewResult)
   at Microsoft.AspNetCore.Mvc.ViewFeatures.ViewResultExecutor.ExecuteAsync(ActionContext context, ViewResult result)
   at Microsoft.AspNetCore.Mvc.ViewResult.ExecuteResultAsync(ActionContext context)
   at Microsoft.AspNetCore.Mvc.Infrastructure.ResourceInvoker.<InvokeNextResultFilterAsync>g__Awaited|29_0[TFilter,TFilterAsync](ResourceInvoker invoker, Task lastTask, State next, Scope scope, Object state, Boolean isCompleted)
   at Microsoft.AspNetCore.Mvc.Infrastructure.ResourceInvoker.Rethrow(ResultExecutedContextSealed context)
   at Microsoft.AspNetCore.Mvc.Infrastructure.ResourceInvoker.ResultNext[TFilter,TFilterAsync](State& next, Scope& scope, Object& state, Boolean& isCompleted)
   at Microsoft.AspNetCore.Mvc.Infrastructure.ResourceInvoker.InvokeResultFilters()
--- End of stack trace from previous location ---
   at Microsoft.AspNetCore.Mvc.Infrastructure.ResourceInvoker.<InvokeNextResourceFilter>g__Awaited|24_0(ResourceInvoker invoker, Task lastTask, State next, Scope scope, Object state, Boolean isCompleted)
   at Microsoft.AspNetCore.Mvc.Infrastructure.ResourceInvoker.Rethrow(ResourceExecutedContextSealed context)
   at Microsoft.AspNetCore.Mvc.Infrastructure.ResourceInvoker.Next(State& next, Scope& scope, Object& state, Boolean& isCompleted)
   at Microsoft.AspNetCore.Mvc.Infrastructure.ResourceInvoker.InvokeFilterPipelineAsync()
--- End of stack trace from previous location ---
   at Microsoft.AspNetCore.Mvc.Infrastructure.ResourceInvoker.<InvokeAsync>g__Awaited|17_0(ResourceInvoker invoker, Task task, IDisposable scope)
   at Microsoft.AspNetCore.Routing.EndpointMiddleware.<Invoke>g__AwaitRequestTask|6_0(Endpoint endpoint, Task requestTask, ILogger logger)
   at Microsoft.AspNetCore.Session.SessionMiddleware.Invoke(HttpContext context)
   at Microsoft.AspNetCore.Session.SessionMiddleware.Invoke(HttpContext context)
   at Microsoft.AspNetCore.Authorization.Policy.AuthorizationMiddlewareResultHandler.HandleAsync(RequestDelegate next, HttpContext context, AuthorizationPolicy policy, PolicyAuthorizationResult authorizeResult)
   at Microsoft.AspNetCore.Authorization.AuthorizationMiddleware.Invoke(HttpContext context)
   at Microsoft.AspNetCore.Authentication.AuthenticationMiddleware.Invoke(HttpContext context)
   at Microsoft.AspNetCore.Diagnostics.EntityFrameworkCore.MigrationsEndPointMiddleware.Invoke(HttpContext context)
   at Microsoft.AspNetCore.Diagnostics.DeveloperExceptionPageMiddleware.Invoke(HttpContext context)
2021-09-19 02:20:38.437 +06:00 [INF] Application Starting up
2021-09-19 02:50:43.321 +06:00 [INF] Application Starting up
2021-09-19 02:50:59.905 +06:00 [ERR] An unhandled exception has occurred while executing the request.
System.ArgumentNullException: Value cannot be null. (Parameter 'items')
   at Microsoft.AspNetCore.Mvc.Rendering.MultiSelectList..ctor(IEnumerable items, String dataValueField, String dataTextField, IEnumerable selectedValues, String dataGroupField)
   at Microsoft.AspNetCore.Mvc.Rendering.SelectList..ctor(IEnumerable items, String dataValueField, String dataTextField, Object selectedValue)
   at Microsoft.AspNetCore.Mvc.Rendering.SelectList..ctor(IEnumerable items, String dataValueField, String dataTextField)
   at CallSite.Target(Closure , CallSite , Type , Object , String , String )
   at System.Dynamic.UpdateDelegates.UpdateAndExecute4[T0,T1,T2,T3,TRet](CallSite site, T0 arg0, T1 arg1, T2 arg2, T3 arg3)
   at AspNetCore.Views_Group_Contacts.<ExecuteAsync>b__26_2() in D:\DevSkill\dotNet\Code\Asp.NetBatch5\FinalProject\DataImporter\DataImporter.Web\Views\Group\Contacts.cshtml:line 28
   at Microsoft.AspNetCore.Razor.Runtime.TagHelpers.TagHelperExecutionContext.GetChildContentAsync(Boolean useCachedResult, HtmlEncoder encoder)
   at Microsoft.AspNetCore.Mvc.TagHelpers.RenderAtEndOfFormTagHelper.ProcessAsync(TagHelperContext context, TagHelperOutput output)
   at Microsoft.AspNetCore.Razor.Runtime.TagHelpers.TagHelperRunner.<RunAsync>g__Awaited|0_0(Task task, TagHelperExecutionContext executionContext, Int32 i, Int32 count)
   at AspNetCore.Views_Group_Contacts.ExecuteAsync() in D:\DevSkill\dotNet\Code\Asp.NetBatch5\FinalProject\DataImporter\DataImporter.Web\Views\Group\Contacts.cshtml:line 21
   at Microsoft.AspNetCore.Mvc.Razor.RazorView.RenderPageCoreAsync(IRazorPage page, ViewContext context)
   at Microsoft.AspNetCore.Mvc.Razor.RazorView.RenderPageAsync(IRazorPage page, ViewContext context, Boolean invokeViewStarts)
   at Microsoft.AspNetCore.Mvc.Razor.RazorView.RenderAsync(ViewContext context)
   at Microsoft.AspNetCore.Mvc.ViewFeatures.ViewExecutor.ExecuteAsync(ViewContext viewContext, String contentType, Nullable`1 statusCode)
   at Microsoft.AspNetCore.Mvc.ViewFeatures.ViewExecutor.ExecuteAsync(ViewContext viewContext, String contentType, Nullable`1 statusCode)
   at Microsoft.AspNetCore.Mvc.ViewFeatures.ViewExecutor.ExecuteAsync(ActionContext actionContext, IView view, ViewDataDictionary viewData, ITempDataDictionary tempData, String contentType, Nullable`1 statusCode)
   at Microsoft.AspNetCore.Mvc.ViewFeatures.ViewResultExecutor.ExecuteAsync(ActionContext context, ViewResult result)
   at Microsoft.AspNetCore.Mvc.ViewResult.ExecuteResultAsync(ActionContext context)
   at Microsoft.AspNetCore.Mvc.Infrastructure.ResourceInvoker.<InvokeNextResultFilterAsync>g__Awaited|29_0[TFilter,TFilterAsync](ResourceInvoker invoker, Task lastTask, State next, Scope scope, Object state, Boolean isCompleted)
   at Microsoft.AspNetCore.Mvc.Infrastructure.ResourceInvoker.Rethrow(ResultExecutedContextSealed context)
   at Microsoft.AspNetCore.Mvc.Infrastructure.ResourceInvoker.ResultNext[TFilter,TFilterAsync](State& next, Scope& scope, Object& state, Boolean& isCompleted)
   at Microsoft.AspNetCore.Mvc.Infrastructure.ResourceInvoker.InvokeResultFilters()
--- End of stack trace from previous location ---
   at Microsoft.AspNetCore.Mvc.Infrastructure.ResourceInvoker.<InvokeNextResourceFilter>g__Awaited|24_0(ResourceInvoker invoker, Task lastTask, State next, Scope scope, Object state, Boolean isCompleted)
   at Microsoft.AspNetCore.Mvc.Infrastructure.ResourceInvoker.Rethrow(ResourceExecutedContextSealed context)
   at Microsoft.AspNetCore.Mvc.Infrastructure.ResourceInvoker.Next(State& next, Scope& scope, Object& state, Boolean& isCompleted)
   at Microsoft.AspNetCore.Mvc.Infrastructure.ResourceInvoker.InvokeFilterPipelineAsync()
--- End of stack trace from previous location ---
   at Microsoft.AspNetCore.Mvc.Infrastructure.ResourceInvoker.<InvokeAsync>g__Awaited|17_0(ResourceInvoker invoker, Task task, IDisposable scope)
   at Microsoft.AspNetCore.Routing.EndpointMiddleware.<Invoke>g__AwaitRequestTask|6_0(Endpoint endpoint, Task requestTask, ILogger logger)
   at Microsoft.AspNetCore.Session.SessionMiddleware.Invoke(HttpContext context)
   at Microsoft.AspNetCore.Session.SessionMiddleware.Invoke(HttpContext context)
   at Microsoft.AspNetCore.Authorization.Policy.AuthorizationMiddlewareResultHandler.HandleAsync(RequestDelegate next, HttpContext context, AuthorizationPolicy policy, PolicyAuthorizationResult authorizeResult)
   at Microsoft.AspNetCore.Authorization.AuthorizationMiddleware.Invoke(HttpContext context)
   at Microsoft.AspNetCore.Authentication.AuthenticationMiddleware.Invoke(HttpContext context)
   at Microsoft.AspNetCore.Diagnostics.EntityFrameworkCore.MigrationsEndPointMiddleware.Invoke(HttpContext context)
   at Microsoft.AspNetCore.Diagnostics.DeveloperExceptionPageMiddleware.Invoke(HttpContext context)
2021-09-19 02:53:56.991 +06:00 [ERR] An unhandled exception has occurred while executing the request.
Microsoft.AspNetCore.Mvc.Razor.RuntimeCompilation.CompilationFailedException: One or more compilation failures occurred:
D:\DevSkill\dotNet\Code\Asp.NetBatch5\FinalProject\DataImporter\DataImporter.Web\Views\Group\Contacts.cshtml(28,136): error CS1061: 'ContactsModel' does not contain a definition for 'Id' and no accessible extension method 'Id' accepting a first argument of type 'ContactsModel' could be found (are you missing a using directive or an assembly reference?)
   at Microsoft.AspNetCore.Mvc.Razor.RuntimeCompilation.RuntimeViewCompiler.CompileAndEmit(RazorCodeDocument codeDocument, String generatedCode)
   at Microsoft.AspNetCore.Mvc.Razor.RuntimeCompilation.RuntimeViewCompiler.CompileAndEmit(String relativePath)
   at Microsoft.AspNetCore.Mvc.Razor.RuntimeCompilation.RuntimeViewCompiler.OnCacheMiss(String normalizedPath)
--- End of stack trace from previous location ---
   at Microsoft.AspNetCore.Mvc.Razor.Compilation.DefaultRazorPageFactoryProvider.CreateFactory(String relativePath)
   at Microsoft.AspNetCore.Mvc.Razor.RazorViewEngine.CreateCacheResult(HashSet`1 expirationTokens, String relativePath, Boolean isMainPage)
   at Microsoft.AspNetCore.Mvc.Razor.RazorViewEngine.OnCacheMiss(ViewLocationExpanderContext expanderContext, ViewLocationCacheKey cacheKey)
   at Microsoft.AspNetCore.Mvc.Razor.RazorViewEngine.LocatePageFromViewLocations(ActionContext actionContext, String pageName, Boolean isMainPage)
   at Microsoft.AspNetCore.Mvc.Razor.RazorViewEngine.FindView(ActionContext context, String viewName, Boolean isMainPage)
   at Microsoft.AspNetCore.Mvc.ViewEngines.CompositeViewEngine.FindView(ActionContext context, String viewName, Boolean isMainPage)
   at Microsoft.AspNetCore.Mvc.ViewFeatures.ViewResultExecutor.FindView(ActionContext actionContext, ViewResult viewResult)
   at Microsoft.AspNetCore.Mvc.ViewFeatures.ViewResultExecutor.ExecuteAsync(ActionContext context, ViewResult result)
   at Microsoft.AspNetCore.Mvc.ViewResult.ExecuteResultAsync(ActionContext context)
   at Microsoft.AspNetCore.Mvc.Infrastructure.ResourceInvoker.<InvokeNextResultFilterAsync>g__Awaited|29_0[TFilter,TFilterAsync](ResourceInvoker invoker, Task lastTask, State next, Scope scope, Object state, Boolean isCompleted)
   at Microsoft.AspNetCore.Mvc.Infrastructure.ResourceInvoker.Rethrow(ResultExecutedContextSealed context)
   at Microsoft.AspNetCore.Mvc.Infrastructure.ResourceInvoker.ResultNext[TFilter,TFilterAsync](State& next, Scope& scope, Object& state, Boolean& isCompleted)
   at Microsoft.AspNetCore.Mvc.Infrastructure.ResourceInvoker.InvokeResultFilters()
--- End of stack trace from previous location ---
   at Microsoft.AspNetCore.Mvc.Infrastructure.ResourceInvoker.<InvokeNextResourceFilter>g__Awaited|24_0(ResourceInvoker invoker, Task lastTask, State next, Scope scope, Object state, Boolean isCompleted)
   at Microsoft.AspNetCore.Mvc.Infrastructure.ResourceInvoker.Rethrow(ResourceExecutedContextSealed context)
   at Microsoft.AspNetCore.Mvc.Infrastructure.ResourceInvoker.Next(State& next, Scope& scope, Object& state, Boolean& isCompleted)
   at Microsoft.AspNetCore.Mvc.Infrastructure.ResourceInvoker.InvokeFilterPipelineAsync()
--- End of stack trace from previous location ---
   at Microsoft.AspNetCore.Mvc.Infrastructure.ResourceInvoker.<InvokeAsync>g__Awaited|17_0(ResourceInvoker invoker, Task task, IDisposable scope)
   at Microsoft.AspNetCore.Routing.EndpointMiddleware.<Invoke>g__AwaitRequestTask|6_0(Endpoint endpoint, Task requestTask, ILogger logger)
   at Microsoft.AspNetCore.Session.SessionMiddleware.Invoke(HttpContext context)
   at Microsoft.AspNetCore.Session.SessionMiddleware.Invoke(HttpContext context)
   at Microsoft.AspNetCore.Authorization.Policy.AuthorizationMiddlewareResultHandler.HandleAsync(RequestDelegate next, HttpContext context, AuthorizationPolicy policy, PolicyAuthorizationResult authorizeResult)
   at Microsoft.AspNetCore.Authorization.AuthorizationMiddleware.Invoke(HttpContext context)
   at Microsoft.AspNetCore.Authentication.AuthenticationMiddleware.Invoke(HttpContext context)
   at Microsoft.AspNetCore.Diagnostics.EntityFrameworkCore.MigrationsEndPointMiddleware.Invoke(HttpContext context)
   at Microsoft.AspNetCore.Diagnostics.DeveloperExceptionPageMiddleware.Invoke(HttpContext context)
2021-09-19 02:55:54.394 +06:00 [INF] Application Starting up
2021-09-19 02:56:31.080 +06:00 [ERR] An unhandled exception has occurred while executing the request.
System.ArgumentNullException: Value cannot be null. (Parameter 'items')
   at Microsoft.AspNetCore.Mvc.Rendering.MultiSelectList..ctor(IEnumerable items, String dataValueField, String dataTextField, IEnumerable selectedValues, String dataGroupField)
   at Microsoft.AspNetCore.Mvc.Rendering.SelectList..ctor(IEnumerable items, String dataValueField, String dataTextField, Object selectedValue)
   at Microsoft.AspNetCore.Mvc.Rendering.SelectList..ctor(IEnumerable items, String dataValueField, String dataTextField)
   at CallSite.Target(Closure , CallSite , Type , Object , String , String )
   at System.Dynamic.UpdateDelegates.UpdateAndExecute4[T0,T1,T2,T3,TRet](CallSite site, T0 arg0, T1 arg1, T2 arg2, T3 arg3)
   at AspNetCore.Views_Group_Contacts.<ExecuteAsync>b__26_2() in D:\DevSkill\dotNet\Code\Asp.NetBatch5\FinalProject\DataImporter\DataImporter.Web\Views\Group\Contacts.cshtml:line 28
   at Microsoft.AspNetCore.Razor.Runtime.TagHelpers.TagHelperExecutionContext.GetChildContentAsync(Boolean useCachedResult, HtmlEncoder encoder)
   at Microsoft.AspNetCore.Mvc.TagHelpers.RenderAtEndOfFormTagHelper.ProcessAsync(TagHelperContext context, TagHelperOutput output)
   at Microsoft.AspNetCore.Razor.Runtime.TagHelpers.TagHelperRunner.<RunAsync>g__Awaited|0_0(Task task, TagHelperExecutionContext executionContext, Int32 i, Int32 count)
   at AspNetCore.Views_Group_Contacts.ExecuteAsync() in D:\DevSkill\dotNet\Code\Asp.NetBatch5\FinalProject\DataImporter\DataImporter.Web\Views\Group\Contacts.cshtml:line 21
   at Microsoft.AspNetCore.Mvc.Razor.RazorView.RenderPageCoreAsync(IRazorPage page, ViewContext context)
   at Microsoft.AspNetCore.Mvc.Razor.RazorView.RenderPageAsync(IRazorPage page, ViewContext context, Boolean invokeViewStarts)
   at Microsoft.AspNetCore.Mvc.Razor.RazorView.RenderAsync(ViewContext context)
   at Microsoft.AspNetCore.Mvc.ViewFeatures.ViewExecutor.ExecuteAsync(ViewContext viewContext, String contentType, Nullable`1 statusCode)
   at Microsoft.AspNetCore.Mvc.ViewFeatures.ViewExecutor.ExecuteAsync(ViewContext viewContext, String contentType, Nullable`1 statusCode)
   at Microsoft.AspNetCore.Mvc.ViewFeatures.ViewExecutor.ExecuteAsync(ActionContext actionContext, IView view, ViewDataDictionary viewData, ITempDataDictionary tempData, String contentType, Nullable`1 statusCode)
   at Microsoft.AspNetCore.Mvc.ViewFeatures.ViewResultExecutor.ExecuteAsync(ActionContext context, ViewResult result)
   at Microsoft.AspNetCore.Mvc.ViewResult.ExecuteResultAsync(ActionContext context)
   at Microsoft.AspNetCore.Mvc.Infrastructure.ResourceInvoker.<InvokeNextResultFilterAsync>g__Awaited|29_0[TFilter,TFilterAsync](ResourceInvoker invoker, Task lastTask, State next, Scope scope, Object state, Boolean isCompleted)
   at Microsoft.AspNetCore.Mvc.Infrastructure.ResourceInvoker.Rethrow(ResultExecutedContextSealed context)
   at Microsoft.AspNetCore.Mvc.Infrastructure.ResourceInvoker.ResultNext[TFilter,TFilterAsync](State& next, Scope& scope, Object& state, Boolean& isCompleted)
   at Microsoft.AspNetCore.Mvc.Infrastructure.ResourceInvoker.InvokeResultFilters()
--- End of stack trace from previous location ---
   at Microsoft.AspNetCore.Mvc.Infrastructure.ResourceInvoker.<InvokeNextResourceFilter>g__Awaited|24_0(ResourceInvoker invoker, Task lastTask, State next, Scope scope, Object state, Boolean isCompleted)
   at Microsoft.AspNetCore.Mvc.Infrastructure.ResourceInvoker.Rethrow(ResourceExecutedContextSealed context)
   at Microsoft.AspNetCore.Mvc.Infrastructure.ResourceInvoker.Next(State& next, Scope& scope, Object& state, Boolean& isCompleted)
   at Microsoft.AspNetCore.Mvc.Infrastructure.ResourceInvoker.InvokeFilterPipelineAsync()
--- End of stack trace from previous location ---
   at Microsoft.AspNetCore.Mvc.Infrastructure.ResourceInvoker.<InvokeAsync>g__Awaited|17_0(ResourceInvoker invoker, Task task, IDisposable scope)
   at Microsoft.AspNetCore.Routing.EndpointMiddleware.<Invoke>g__AwaitRequestTask|6_0(Endpoint endpoint, Task requestTask, ILogger logger)
   at Microsoft.AspNetCore.Session.SessionMiddleware.Invoke(HttpContext context)
   at Microsoft.AspNetCore.Session.SessionMiddleware.Invoke(HttpContext context)
   at Microsoft.AspNetCore.Authorization.Policy.AuthorizationMiddlewareResultHandler.HandleAsync(RequestDelegate next, HttpContext context, AuthorizationPolicy policy, PolicyAuthorizationResult authorizeResult)
   at Microsoft.AspNetCore.Authorization.AuthorizationMiddleware.Invoke(HttpContext context)
   at Microsoft.AspNetCore.Authentication.AuthenticationMiddleware.Invoke(HttpContext context)
   at Microsoft.AspNetCore.Diagnostics.EntityFrameworkCore.MigrationsEndPointMiddleware.Invoke(HttpContext context)
   at Microsoft.AspNetCore.Diagnostics.DeveloperExceptionPageMiddleware.Invoke(HttpContext context)
2021-09-19 02:59:58.001 +06:00 [INF] Application Starting up
2021-09-19 11:28:52.667 +06:00 [INF] Application Starting up
2021-09-19 12:00:20.175 +06:00 [INF] Application Starting up
2021-09-19 12:22:51.432 +06:00 [INF] User logged out.
2021-09-19 12:24:33.217 +06:00 [INF] Application Starting up
2021-09-19 12:24:55.074 +06:00 [ERR] An unhandled exception has occurred while executing the request.
System.InvalidOperationException: Unable to resolve service for type 'Microsoft.AspNetCore.Identity.UI.Services.IEmailSender' while attempting to activate 'DataImporter.Web.Controllers.AccountController'.
   at Microsoft.Extensions.DependencyInjection.ActivatorUtilities.GetService(IServiceProvider sp, Type type, Type requiredBy, Boolean isDefaultParameterRequired)
   at lambda_method604(Closure , IServiceProvider , Object[] )
   at Microsoft.AspNetCore.Mvc.Controllers.ControllerActivatorProvider.<>c__DisplayClass4_0.<CreateActivator>b__0(ControllerContext controllerContext)
   at Microsoft.AspNetCore.Mvc.Controllers.ControllerFactoryProvider.<>c__DisplayClass5_0.<CreateControllerFactory>g__CreateController|0(ControllerContext controllerContext)
   at Microsoft.AspNetCore.Mvc.Infrastructure.ControllerActionInvoker.Next(State& next, Scope& scope, Object& state, Boolean& isCompleted)
   at Microsoft.AspNetCore.Mvc.Infrastructure.ControllerActionInvoker.InvokeInnerFilterAsync()
--- End of stack trace from previous location ---
   at Microsoft.AspNetCore.Mvc.Infrastructure.ResourceInvoker.<InvokeNextResourceFilter>g__Awaited|24_0(ResourceInvoker invoker, Task lastTask, State next, Scope scope, Object state, Boolean isCompleted)
   at Microsoft.AspNetCore.Mvc.Infrastructure.ResourceInvoker.Rethrow(ResourceExecutedContextSealed context)
   at Microsoft.AspNetCore.Mvc.Infrastructure.ResourceInvoker.Next(State& next, Scope& scope, Object& state, Boolean& isCompleted)
   at Microsoft.AspNetCore.Mvc.Infrastructure.ResourceInvoker.InvokeFilterPipelineAsync()
--- End of stack trace from previous location ---
   at Microsoft.AspNetCore.Mvc.Infrastructure.ResourceInvoker.<InvokeAsync>g__Awaited|17_0(ResourceInvoker invoker, Task task, IDisposable scope)
   at Microsoft.AspNetCore.Routing.EndpointMiddleware.<Invoke>g__AwaitRequestTask|6_0(Endpoint endpoint, Task requestTask, ILogger logger)
   at Microsoft.AspNetCore.Session.SessionMiddleware.Invoke(HttpContext context)
   at Microsoft.AspNetCore.Session.SessionMiddleware.Invoke(HttpContext context)
   at Microsoft.AspNetCore.Authorization.AuthorizationMiddleware.Invoke(HttpContext context)
   at Microsoft.AspNetCore.Authentication.AuthenticationMiddleware.Invoke(HttpContext context)
   at Microsoft.AspNetCore.Diagnostics.EntityFrameworkCore.MigrationsEndPointMiddleware.Invoke(HttpContext context)
   at Microsoft.AspNetCore.Diagnostics.DeveloperExceptionPageMiddleware.Invoke(HttpContext context)
2021-09-19 12:27:00.756 +06:00 [INF] Application Starting up
2021-09-19 12:27:22.527 +06:00 [INF] User logged in.
2021-09-19 12:32:28.840 +06:00 [INF] Application Starting up
2021-09-19 12:33:13.649 +06:00 [INF] User logged out.
2021-09-19 12:34:14.630 +06:00 [INF] Application Starting up
2021-09-19 12:35:07.802 +06:00 [INF] Start processing HTTP request POST "https://www.google.com/recaptcha/api/siteverify?secret=6LcjBVwcAAAAACh_LtFNsK97E5JgQApuhd3ZMn6Z&response=03AGdBq24fgWOWtgrJC9aTnCABvN2H2vfYmL_G9P8vGXDwvtRWVbKBBmWOQw7IryKvMHlvn5PpJYbirzlZfKPuHpn9nvikuICl_zL71MZWjgZfC5w8LDPVp9wqvew_fLPjTuCYzFNjyKFKm2lLCaJIXHSiLQ73txys3SF7yqVJ4itS7cKkaiV1s8EnDOdDV_4O4QvuOdk4UM8_i2Kj8fSUBGNmKQAqom5ZZ5eCs4n-zjvc8ICTcA0pBFO0thN1TnQZRyJhhlDOSmo-X7rC08_cvc4sIUXSDIWz_YkE5nV5bPhW7RSfFiQuzTvBAn6XlU9HgQ3J0MJzn_VyQSSbVktgTpgKmRk3TWKzAq2vceo4l7SFwPai-l2K5rRRat3IuPhDIsxFJeSUhLCaJY2fvmFbxUyCLIHaiOCBzXGLz2LgPpmz-IZUdQNFmq2AfH7kFx7DZAqEaNpJYw5B"
2021-09-19 12:35:07.809 +06:00 [INF] Sending HTTP request POST "https://www.google.com/recaptcha/api/siteverify?secret=6LcjBVwcAAAAACh_LtFNsK97E5JgQApuhd3ZMn6Z&response=03AGdBq24fgWOWtgrJC9aTnCABvN2H2vfYmL_G9P8vGXDwvtRWVbKBBmWOQw7IryKvMHlvn5PpJYbirzlZfKPuHpn9nvikuICl_zL71MZWjgZfC5w8LDPVp9wqvew_fLPjTuCYzFNjyKFKm2lLCaJIXHSiLQ73txys3SF7yqVJ4itS7cKkaiV1s8EnDOdDV_4O4QvuOdk4UM8_i2Kj8fSUBGNmKQAqom5ZZ5eCs4n-zjvc8ICTcA0pBFO0thN1TnQZRyJhhlDOSmo-X7rC08_cvc4sIUXSDIWz_YkE5nV5bPhW7RSfFiQuzTvBAn6XlU9HgQ3J0MJzn_VyQSSbVktgTpgKmRk3TWKzAq2vceo4l7SFwPai-l2K5rRRat3IuPhDIsxFJeSUhLCaJY2fvmFbxUyCLIHaiOCBzXGLz2LgPpmz-IZUdQNFmq2AfH7kFx7DZAqEaNpJYw5B"
2021-09-19 12:35:08.584 +06:00 [INF] Received HTTP response headers after 769.085ms - 200
2021-09-19 12:35:08.587 +06:00 [INF] End processing HTTP request after 793.989ms - 200
2021-09-19 12:35:09.902 +06:00 [INF] User created a new account with password.
2021-09-19 12:35:46.114 +06:00 [INF] User logged out.
2021-09-19 12:37:25.796 +06:00 [INF] Start processing HTTP request POST "https://www.google.com/recaptcha/api/siteverify?secret=6LcjBVwcAAAAACh_LtFNsK97E5JgQApuhd3ZMn6Z&response="
2021-09-19 12:37:25.796 +06:00 [INF] Sending HTTP request POST "https://www.google.com/recaptcha/api/siteverify?secret=6LcjBVwcAAAAACh_LtFNsK97E5JgQApuhd3ZMn6Z&response="
2021-09-19 12:37:26.074 +06:00 [INF] Received HTTP response headers after 277.9272ms - 200
2021-09-19 12:37:26.074 +06:00 [INF] End processing HTTP request after 278.4259ms - 200
2021-09-19 12:37:58.176 +06:00 [INF] Start processing HTTP request POST "https://www.google.com/recaptcha/api/siteverify?secret=6LcjBVwcAAAAACh_LtFNsK97E5JgQApuhd3ZMn6Z&response=03AGdBq25TAkXG-qSjqpqrmhIGRGdrn1LVKOip37fLUTp6kvDOg7IDOx8Evp3PTt4nU1gTztrarYXMnM2sRM5KPbfQWoJs1AHZn5qF0DEh4Ej_TIJu6u7UqIgUi7xvyzzcWLx3tUKOl13-Jx7fzzuPW0TzItkEC5sEJH2jR5HA5ePBy20O__nHNFgByboy_T3JcdDkgRpjVLvBOPOzwPIdFGQ_b5jTXeSUrsK8L5gLm-hoeJ_r6FwLTD1NDoi-xg2xRj3oD7p2Jx2R4wxTG-wzE1pQxaJ3YYXS3RnFbOndfCUqZ-gSSvbgXchNBx3UylNX_rJCXXd27pBdDhjOkJzoWuRyMycbKlqKGt7lTBPAkroigELH15R5v1fB0CFejXw5LysISkaf127FuBaQHR13u9Pko3ZpZTNZAlwO9xAcSmqSKQUd2J3S_KakzepO5HiaVhvnOGhrlwnv"
2021-09-19 12:37:58.177 +06:00 [INF] Sending HTTP request POST "https://www.google.com/recaptcha/api/siteverify?secret=6LcjBVwcAAAAACh_LtFNsK97E5JgQApuhd3ZMn6Z&response=03AGdBq25TAkXG-qSjqpqrmhIGRGdrn1LVKOip37fLUTp6kvDOg7IDOx8Evp3PTt4nU1gTztrarYXMnM2sRM5KPbfQWoJs1AHZn5qF0DEh4Ej_TIJu6u7UqIgUi7xvyzzcWLx3tUKOl13-Jx7fzzuPW0TzItkEC5sEJH2jR5HA5ePBy20O__nHNFgByboy_T3JcdDkgRpjVLvBOPOzwPIdFGQ_b5jTXeSUrsK8L5gLm-hoeJ_r6FwLTD1NDoi-xg2xRj3oD7p2Jx2R4wxTG-wzE1pQxaJ3YYXS3RnFbOndfCUqZ-gSSvbgXchNBx3UylNX_rJCXXd27pBdDhjOkJzoWuRyMycbKlqKGt7lTBPAkroigELH15R5v1fB0CFejXw5LysISkaf127FuBaQHR13u9Pko3ZpZTNZAlwO9xAcSmqSKQUd2J3S_KakzepO5HiaVhvnOGhrlwnv"
2021-09-19 12:37:58.310 +06:00 [INF] Received HTTP response headers after 133.6652ms - 200
2021-09-19 12:37:58.311 +06:00 [INF] End processing HTTP request after 134.3638ms - 200
2021-09-19 12:38:28.598 +06:00 [INF] User created a new account with password.
2021-09-19 12:49:08.843 +06:00 [INF] Application Starting up
2021-09-19 13:21:44.750 +06:00 [INF] Application Starting up
2021-09-19 19:11:12.224 +06:00 [INF] Application Starting up
2021-09-19 19:12:17.616 +06:00 [INF] Start processing HTTP request POST "https://www.google.com/recaptcha/api/siteverify?secret=6LcjBVwcAAAAACh_LtFNsK97E5JgQApuhd3ZMn6Z&response="
2021-09-19 19:12:17.630 +06:00 [INF] Sending HTTP request POST "https://www.google.com/recaptcha/api/siteverify?secret=6LcjBVwcAAAAACh_LtFNsK97E5JgQApuhd3ZMn6Z&response="
2021-09-19 19:12:18.235 +06:00 [INF] Received HTTP response headers after 601.7903ms - 200
2021-09-19 19:12:18.238 +06:00 [INF] End processing HTTP request after 636.026ms - 200
2021-09-19 19:12:41.693 +06:00 [INF] Start processing HTTP request POST "https://www.google.com/recaptcha/api/siteverify?secret=6LcjBVwcAAAAACh_LtFNsK97E5JgQApuhd3ZMn6Z&response=03AGdBq2423K3ljbz8KUpmzt0MRNpMbhEn5WBURiyfh_Y09cPqYfGmewQ_XhZaOnsOCi9QiS2HztXTBjXZocyWrJhQ06GMlhdiYpuB10mylgjiX708UvommEjsQJD9gu_EdHqyhdPoxjM1Aa6zzzDJYVoA0GBMU3uGJaLNI2Ct02-4AN7sQTQzT2HLGprA4h40gj3XMAWTFmumVtRmn1bbOPuNb-85fE5r6ApkOagM3OptfjZXx-wBUOsMqoUEjVLaMLWnJNGimOK40zPzKjEReCtWGYTVei63U6afC5NqJ4zk4-lDDtOmtLonIAN4KKbT6XkWuWOoegCIb_xPvU3wIk2bwW1V5aOX8OpQohcblmCJHzhvMwfyJBxz879LPtCIRx_atqzy5oxbYLvGF1l-NiOFGOdtJsV4s62EYqi2qlxeFhowLpS77ub4mp_3p8EzVFNwNvx7I0HS"
2021-09-19 19:12:41.693 +06:00 [INF] Sending HTTP request POST "https://www.google.com/recaptcha/api/siteverify?secret=6LcjBVwcAAAAACh_LtFNsK97E5JgQApuhd3ZMn6Z&response=03AGdBq2423K3ljbz8KUpmzt0MRNpMbhEn5WBURiyfh_Y09cPqYfGmewQ_XhZaOnsOCi9QiS2HztXTBjXZocyWrJhQ06GMlhdiYpuB10mylgjiX708UvommEjsQJD9gu_EdHqyhdPoxjM1Aa6zzzDJYVoA0GBMU3uGJaLNI2Ct02-4AN7sQTQzT2HLGprA4h40gj3XMAWTFmumVtRmn1bbOPuNb-85fE5r6ApkOagM3OptfjZXx-wBUOsMqoUEjVLaMLWnJNGimOK40zPzKjEReCtWGYTVei63U6afC5NqJ4zk4-lDDtOmtLonIAN4KKbT6XkWuWOoegCIb_xPvU3wIk2bwW1V5aOX8OpQohcblmCJHzhvMwfyJBxz879LPtCIRx_atqzy5oxbYLvGF1l-NiOFGOdtJsV4s62EYqi2qlxeFhowLpS77ub4mp_3p8EzVFNwNvx7I0HS"
2021-09-19 19:12:41.799 +06:00 [INF] Received HTTP response headers after 105.7149ms - 200
2021-09-19 19:12:41.799 +06:00 [INF] End processing HTTP request after 106.1785ms - 200
2021-09-19 19:13:00.122 +06:00 [WRN] User validation failed: DuplicateUserName.
2021-09-19 19:14:11.269 +06:00 [INF] User logged in.
