2021-10-01 00:43:38.721 +06:00 [INF] Application Starting up
2021-10-01 00:44:31.180 +06:00 [ERR] File Already Exit
System.InvalidOperationException: File Already Exit
   at DataImporter.Web.Models.Imports.UploadModel.UploadExcelFile() in D:\DevSkill\dotNet\Code\Asp.NetBatch5\FinalProject\DataImporter\DataImporter.Web\Models\Imports\UploadModel.cs:line 121
   at DataImporter.Web.Controllers.ImportController.Upload(UploadModel model) in D:\DevSkill\dotNet\Code\Asp.NetBatch5\FinalProject\DataImporter\DataImporter.Web\Controllers\ImportController.cs:line 52
2021-10-01 00:46:07.511 +06:00 [INF] Application Starting up
2021-10-01 00:46:43.349 +06:00 [ERR] Excel Column Dose not Match
System.InvalidProgramException: Excel Column Dose not Match
   at DataImporter.Web.Models.Imports.CreateImportModel.FileMatching(Int32 groupId, String filePath) in D:\DevSkill\dotNet\Code\Asp.NetBatch5\FinalProject\DataImporter\DataImporter.Web\Models\Imports\CreateImportModel.cs:line 116
   at DataImporter.Web.Controllers.ImportController.FileMatching(UploadModel model) in D:\DevSkill\dotNet\Code\Asp.NetBatch5\FinalProject\DataImporter\DataImporter.Web\Controllers\ImportController.cs:line 74
2021-10-01 00:47:33.345 +06:00 [ERR] File Already Exit
System.InvalidOperationException: File Already Exit
   at DataImporter.Web.Models.Imports.UploadModel.UploadExcelFile() in D:\DevSkill\dotNet\Code\Asp.NetBatch5\FinalProject\DataImporter\DataImporter.Web\Models\Imports\UploadModel.cs:line 121
   at DataImporter.Web.Controllers.ImportController.Upload(UploadModel model) in D:\DevSkill\dotNet\Code\Asp.NetBatch5\FinalProject\DataImporter\DataImporter.Web\Controllers\ImportController.cs:line 52
2021-10-01 00:48:57.326 +06:00 [ERR] File Already Exit
System.InvalidOperationException: File Already Exit
   at DataImporter.Web.Models.Imports.UploadModel.UploadExcelFile() in D:\DevSkill\dotNet\Code\Asp.NetBatch5\FinalProject\DataImporter\DataImporter.Web\Models\Imports\UploadModel.cs:line 121
   at DataImporter.Web.Controllers.ImportController.Upload(UploadModel model) in D:\DevSkill\dotNet\Code\Asp.NetBatch5\FinalProject\DataImporter\DataImporter.Web\Controllers\ImportController.cs:line 52
2021-10-01 02:10:38.514 +06:00 [INF] Application Starting up
2021-10-01 02:14:11.578 +06:00 [INF] Application Starting up
2021-10-01 02:17:28.199 +06:00 [INF] Application Starting up
2021-10-01 02:20:10.547 +06:00 [INF] Application Starting up
2021-10-01 02:21:52.434 +06:00 [ERR] Excel Column Dose not Match
System.ArgumentOutOfRangeException: Index was out of range. Must be non-negative and less than the size of the collection. (Parameter 'index')
   at System.Collections.Generic.List`1.get_Item(Int32 index)
   at DataImporter.Web.Models.Imports.CreateImportModel.FileMatching(Int32 groupId, String filePath) in D:\DevSkill\dotNet\Code\Asp.NetBatch5\FinalProject\DataImporter\DataImporter.Web\Models\Imports\CreateImportModel.cs:line 98
   at DataImporter.Web.Controllers.ImportController.FileMatching(UploadModel model) in D:\DevSkill\dotNet\Code\Asp.NetBatch5\FinalProject\DataImporter\DataImporter.Web\Controllers\ImportController.cs:line 75
2021-10-01 02:23:11.981 +06:00 [ERR] Excel Column Dose not Match
System.NullReferenceException: Object reference not set to an instance of an object.
   at DataImporter.Web.Models.Imports.CreateImportModel.FileMatching(Int32 groupId, String filePath) in D:\DevSkill\dotNet\Code\Asp.NetBatch5\FinalProject\DataImporter\DataImporter.Web\Models\Imports\CreateImportModel.cs:line 96
   at DataImporter.Web.Controllers.ImportController.FileMatching(UploadModel model) in D:\DevSkill\dotNet\Code\Asp.NetBatch5\FinalProject\DataImporter\DataImporter.Web\Controllers\ImportController.cs:line 75
2021-10-01 02:24:05.011 +06:00 [INF] Application Starting up
2021-10-01 02:25:24.572 +06:00 [ERR] File Already Exit
System.InvalidOperationException: File Already Exit
   at DataImporter.Web.Models.Imports.UploadModel.UploadExcelFile() in D:\DevSkill\dotNet\Code\Asp.NetBatch5\FinalProject\DataImporter\DataImporter.Web\Models\Imports\UploadModel.cs:line 121
   at DataImporter.Web.Controllers.ImportController.Upload(UploadModel model) in D:\DevSkill\dotNet\Code\Asp.NetBatch5\FinalProject\DataImporter\DataImporter.Web\Controllers\ImportController.cs:line 53
2021-10-01 02:28:18.955 +06:00 [INF] Application Starting up
2021-10-01 02:39:29.408 +06:00 [INF] Application Starting up
2021-10-01 02:49:43.544 +06:00 [INF] Application Starting up
2021-10-01 03:02:47.982 +06:00 [INF] Application Starting up
2021-10-01 03:16:59.520 +06:00 [INF] Application Starting up
2021-10-01 03:17:43.864 +06:00 [ERR] Excel Column Dose not Match
System.InvalidProgramException: Excel Column Dose not Match
   at DataImporter.Web.Models.Imports.CreateImportModel.FileMatching(Int32 groupId, String filePath) in D:\DevSkill\dotNet\Code\Asp.NetBatch5\FinalProject\DataImporter\DataImporter.Web\Models\Imports\CreateImportModel.cs:line 86
   at DataImporter.Web.Controllers.ImportController.FileMatching(UploadModel model) in D:\DevSkill\dotNet\Code\Asp.NetBatch5\FinalProject\DataImporter\DataImporter.Web\Controllers\ImportController.cs:line 75
2021-10-01 03:18:08.582 +06:00 [ERR] Excel Column Dose not Match
Microsoft.EntityFrameworkCore.DbUpdateException: An error occurred while updating the entries. See the inner exception for details.
 ---> Microsoft.Data.SqlClient.SqlException (0x80131904): The INSERT statement conflicted with the FOREIGN KEY constraint "FK_ColumnDatas_Groups_GroupId". The conflict occurred in database "DataImporter", table "dbo.Groups", column 'Id'.
The statement has been terminated.
   at Microsoft.Data.SqlClient.SqlConnection.OnError(SqlException exception, Boolean breakConnection, Action`1 wrapCloseInAction)
   at Microsoft.Data.SqlClient.SqlInternalConnection.OnError(SqlException exception, Boolean breakConnection, Action`1 wrapCloseInAction)
   at Microsoft.Data.SqlClient.TdsParser.ThrowExceptionAndWarning(TdsParserStateObject stateObj, Boolean callerHasConnectionLock, Boolean asyncClose)
   at Microsoft.Data.SqlClient.TdsParser.TryRun(RunBehavior runBehavior, SqlCommand cmdHandler, SqlDataReader dataStream, BulkCopySimpleResultSet bulkCopyHandler, TdsParserStateObject stateObj, Boolean& dataReady)
   at Microsoft.Data.SqlClient.SqlDataReader.TryConsumeMetaData()
   at Microsoft.Data.SqlClient.SqlDataReader.get_MetaData()
   at Microsoft.Data.SqlClient.SqlCommand.FinishExecuteReader(SqlDataReader ds, RunBehavior runBehavior, String resetOptionsString, Boolean isInternal, Boolean forDescribeParameterEncryption, Boolean shouldCacheForAlwaysEncrypted)
   at Microsoft.Data.SqlClient.SqlCommand.RunExecuteReaderTds(CommandBehavior cmdBehavior, RunBehavior runBehavior, Boolean returnStream, Boolean isAsync, Int32 timeout, Task& task, Boolean asyncWrite, Boolean inRetry, SqlDataReader ds, Boolean describeParameterEncryptionRequest)
   at Microsoft.Data.SqlClient.SqlCommand.RunExecuteReader(CommandBehavior cmdBehavior, RunBehavior runBehavior, Boolean returnStream, TaskCompletionSource`1 completion, Int32 timeout, Task& task, Boolean& usedCache, Boolean asyncWrite, Boolean inRetry, String method)
   at Microsoft.Data.SqlClient.SqlCommand.RunExecuteReader(CommandBehavior cmdBehavior, RunBehavior runBehavior, Boolean returnStream, String method)
   at Microsoft.Data.SqlClient.SqlCommand.ExecuteReader(CommandBehavior behavior)
   at Microsoft.Data.SqlClient.SqlCommand.ExecuteDbDataReader(CommandBehavior behavior)
   at System.Data.Common.DbCommand.ExecuteReader()
   at Microsoft.EntityFrameworkCore.Storage.RelationalCommand.ExecuteReader(RelationalCommandParameterObject parameterObject)
   at Microsoft.EntityFrameworkCore.Update.ReaderModificationCommandBatch.Execute(IRelationalConnection connection)
ClientConnectionId:5dfe1b7d-8385-4227-8a4f-2293411781cf
Error Number:547,State:0,Class:16
   --- End of inner exception stack trace ---
   at Microsoft.EntityFrameworkCore.Update.ReaderModificationCommandBatch.Execute(IRelationalConnection connection)
   at Microsoft.EntityFrameworkCore.Update.Internal.BatchExecutor.Execute(IEnumerable`1 commandBatches, IRelationalConnection connection)
   at Microsoft.EntityFrameworkCore.Storage.RelationalDatabase.SaveChanges(IList`1 entries)
   at Microsoft.EntityFrameworkCore.ChangeTracking.Internal.StateManager.SaveChanges(IList`1 entriesToSave)
   at Microsoft.EntityFrameworkCore.ChangeTracking.Internal.StateManager.SaveChanges(DbContext _, Boolean acceptAllChangesOnSuccess)
   at Microsoft.EntityFrameworkCore.SqlServer.Storage.Internal.SqlServerExecutionStrategy.Execute[TState,TResult](TState state, Func`3 operation, Func`3 verifySucceeded)
   at Microsoft.EntityFrameworkCore.ChangeTracking.Internal.StateManager.SaveChanges(Boolean acceptAllChangesOnSuccess)
   at Microsoft.EntityFrameworkCore.DbContext.SaveChanges(Boolean acceptAllChangesOnSuccess)
   at Microsoft.EntityFrameworkCore.DbContext.SaveChanges()
   at DataImporter.Data.UnitOfWork.Save() in D:\DevSkill\dotNet\Code\Asp.NetBatch5\FinalProject\DataImporter\DataImporter.Data\UnitOfWork.cs:line 15
   at DataImporter.Transfer.Services.ColumnDataService.InsertColumnHeader(ColumnData column) in D:\DevSkill\dotNet\Code\Asp.NetBatch5\FinalProject\DataImporter\DataImporter.Transfer\Services\ColumnDataService.cs:line 56
   at DataImporter.Web.Models.Imports.CreateImportModel.InsertTableHeader(Int32 id, String filePath) in D:\DevSkill\dotNet\Code\Asp.NetBatch5\FinalProject\DataImporter\DataImporter.Web\Models\Imports\CreateImportModel.cs:line 112
   at DataImporter.Web.Controllers.ImportController.FileMatching(UploadModel model) in D:\DevSkill\dotNet\Code\Asp.NetBatch5\FinalProject\DataImporter\DataImporter.Web\Controllers\ImportController.cs:line 81
2021-10-01 03:19:31.706 +06:00 [ERR] Excel Column Dose not Match
Microsoft.EntityFrameworkCore.DbUpdateException: An error occurred while updating the entries. See the inner exception for details.
 ---> Microsoft.Data.SqlClient.SqlException (0x80131904): The INSERT statement conflicted with the FOREIGN KEY constraint "FK_ColumnDatas_Groups_GroupId". The conflict occurred in database "DataImporter", table "dbo.Groups", column 'Id'.
The statement has been terminated.
   at Microsoft.Data.SqlClient.SqlConnection.OnError(SqlException exception, Boolean breakConnection, Action`1 wrapCloseInAction)
   at Microsoft.Data.SqlClient.SqlInternalConnection.OnError(SqlException exception, Boolean breakConnection, Action`1 wrapCloseInAction)
   at Microsoft.Data.SqlClient.TdsParser.ThrowExceptionAndWarning(TdsParserStateObject stateObj, Boolean callerHasConnectionLock, Boolean asyncClose)
   at Microsoft.Data.SqlClient.TdsParser.TryRun(RunBehavior runBehavior, SqlCommand cmdHandler, SqlDataReader dataStream, BulkCopySimpleResultSet bulkCopyHandler, TdsParserStateObject stateObj, Boolean& dataReady)
   at Microsoft.Data.SqlClient.SqlDataReader.TryConsumeMetaData()
   at Microsoft.Data.SqlClient.SqlDataReader.get_MetaData()
   at Microsoft.Data.SqlClient.SqlCommand.FinishExecuteReader(SqlDataReader ds, RunBehavior runBehavior, String resetOptionsString, Boolean isInternal, Boolean forDescribeParameterEncryption, Boolean shouldCacheForAlwaysEncrypted)
   at Microsoft.Data.SqlClient.SqlCommand.RunExecuteReaderTds(CommandBehavior cmdBehavior, RunBehavior runBehavior, Boolean returnStream, Boolean isAsync, Int32 timeout, Task& task, Boolean asyncWrite, Boolean inRetry, SqlDataReader ds, Boolean describeParameterEncryptionRequest)
   at Microsoft.Data.SqlClient.SqlCommand.RunExecuteReader(CommandBehavior cmdBehavior, RunBehavior runBehavior, Boolean returnStream, TaskCompletionSource`1 completion, Int32 timeout, Task& task, Boolean& usedCache, Boolean asyncWrite, Boolean inRetry, String method)
   at Microsoft.Data.SqlClient.SqlCommand.RunExecuteReader(CommandBehavior cmdBehavior, RunBehavior runBehavior, Boolean returnStream, String method)
   at Microsoft.Data.SqlClient.SqlCommand.ExecuteReader(CommandBehavior behavior)
   at Microsoft.Data.SqlClient.SqlCommand.ExecuteDbDataReader(CommandBehavior behavior)
   at System.Data.Common.DbCommand.ExecuteReader()
   at Microsoft.EntityFrameworkCore.Storage.RelationalCommand.ExecuteReader(RelationalCommandParameterObject parameterObject)
   at Microsoft.EntityFrameworkCore.Update.ReaderModificationCommandBatch.Execute(IRelationalConnection connection)
ClientConnectionId:5dfe1b7d-8385-4227-8a4f-2293411781cf
Error Number:547,State:0,Class:16
   --- End of inner exception stack trace ---
   at Microsoft.EntityFrameworkCore.Update.ReaderModificationCommandBatch.Execute(IRelationalConnection connection)
   at Microsoft.EntityFrameworkCore.Update.Internal.BatchExecutor.Execute(IEnumerable`1 commandBatches, IRelationalConnection connection)
   at Microsoft.EntityFrameworkCore.Storage.RelationalDatabase.SaveChanges(IList`1 entries)
   at Microsoft.EntityFrameworkCore.ChangeTracking.Internal.StateManager.SaveChanges(IList`1 entriesToSave)
   at Microsoft.EntityFrameworkCore.ChangeTracking.Internal.StateManager.SaveChanges(DbContext _, Boolean acceptAllChangesOnSuccess)
   at Microsoft.EntityFrameworkCore.SqlServer.Storage.Internal.SqlServerExecutionStrategy.Execute[TState,TResult](TState state, Func`3 operation, Func`3 verifySucceeded)
   at Microsoft.EntityFrameworkCore.ChangeTracking.Internal.StateManager.SaveChanges(Boolean acceptAllChangesOnSuccess)
   at Microsoft.EntityFrameworkCore.DbContext.SaveChanges(Boolean acceptAllChangesOnSuccess)
   at Microsoft.EntityFrameworkCore.DbContext.SaveChanges()
   at DataImporter.Data.UnitOfWork.Save() in D:\DevSkill\dotNet\Code\Asp.NetBatch5\FinalProject\DataImporter\DataImporter.Data\UnitOfWork.cs:line 15
   at DataImporter.Transfer.Services.ColumnDataService.InsertColumnHeader(ColumnData column) in D:\DevSkill\dotNet\Code\Asp.NetBatch5\FinalProject\DataImporter\DataImporter.Transfer\Services\ColumnDataService.cs:line 56
   at DataImporter.Web.Models.Imports.CreateImportModel.InsertTableHeader(Int32 id, String filePath) in D:\DevSkill\dotNet\Code\Asp.NetBatch5\FinalProject\DataImporter\DataImporter.Web\Models\Imports\CreateImportModel.cs:line 112
   at DataImporter.Web.Controllers.ImportController.FileMatching(UploadModel model) in D:\DevSkill\dotNet\Code\Asp.NetBatch5\FinalProject\DataImporter\DataImporter.Web\Controllers\ImportController.cs:line 81
2021-10-01 03:20:53.013 +06:00 [ERR] Excel Column Dose not Match
Microsoft.EntityFrameworkCore.DbUpdateException: An error occurred while updating the entries. See the inner exception for details.
 ---> Microsoft.Data.SqlClient.SqlException (0x80131904): The INSERT statement conflicted with the FOREIGN KEY constraint "FK_ColumnDatas_Groups_GroupId". The conflict occurred in database "DataImporter", table "dbo.Groups", column 'Id'.
The statement has been terminated.
   at Microsoft.Data.SqlClient.SqlConnection.OnError(SqlException exception, Boolean breakConnection, Action`1 wrapCloseInAction)
   at Microsoft.Data.SqlClient.SqlInternalConnection.OnError(SqlException exception, Boolean breakConnection, Action`1 wrapCloseInAction)
   at Microsoft.Data.SqlClient.TdsParser.ThrowExceptionAndWarning(TdsParserStateObject stateObj, Boolean callerHasConnectionLock, Boolean asyncClose)
   at Microsoft.Data.SqlClient.TdsParser.TryRun(RunBehavior runBehavior, SqlCommand cmdHandler, SqlDataReader dataStream, BulkCopySimpleResultSet bulkCopyHandler, TdsParserStateObject stateObj, Boolean& dataReady)
   at Microsoft.Data.SqlClient.SqlDataReader.TryConsumeMetaData()
   at Microsoft.Data.SqlClient.SqlDataReader.get_MetaData()
   at Microsoft.Data.SqlClient.SqlCommand.FinishExecuteReader(SqlDataReader ds, RunBehavior runBehavior, String resetOptionsString, Boolean isInternal, Boolean forDescribeParameterEncryption, Boolean shouldCacheForAlwaysEncrypted)
   at Microsoft.Data.SqlClient.SqlCommand.RunExecuteReaderTds(CommandBehavior cmdBehavior, RunBehavior runBehavior, Boolean returnStream, Boolean isAsync, Int32 timeout, Task& task, Boolean asyncWrite, Boolean inRetry, SqlDataReader ds, Boolean describeParameterEncryptionRequest)
   at Microsoft.Data.SqlClient.SqlCommand.RunExecuteReader(CommandBehavior cmdBehavior, RunBehavior runBehavior, Boolean returnStream, TaskCompletionSource`1 completion, Int32 timeout, Task& task, Boolean& usedCache, Boolean asyncWrite, Boolean inRetry, String method)
   at Microsoft.Data.SqlClient.SqlCommand.RunExecuteReader(CommandBehavior cmdBehavior, RunBehavior runBehavior, Boolean returnStream, String method)
   at Microsoft.Data.SqlClient.SqlCommand.ExecuteReader(CommandBehavior behavior)
   at Microsoft.Data.SqlClient.SqlCommand.ExecuteDbDataReader(CommandBehavior behavior)
   at System.Data.Common.DbCommand.ExecuteReader()
   at Microsoft.EntityFrameworkCore.Storage.RelationalCommand.ExecuteReader(RelationalCommandParameterObject parameterObject)
   at Microsoft.EntityFrameworkCore.Update.ReaderModificationCommandBatch.Execute(IRelationalConnection connection)
ClientConnectionId:5dfe1b7d-8385-4227-8a4f-2293411781cf
Error Number:547,State:0,Class:16
   --- End of inner exception stack trace ---
   at Microsoft.EntityFrameworkCore.Update.ReaderModificationCommandBatch.Execute(IRelationalConnection connection)
   at Microsoft.EntityFrameworkCore.Update.Internal.BatchExecutor.Execute(IEnumerable`1 commandBatches, IRelationalConnection connection)
   at Microsoft.EntityFrameworkCore.Storage.RelationalDatabase.SaveChanges(IList`1 entries)
   at Microsoft.EntityFrameworkCore.ChangeTracking.Internal.StateManager.SaveChanges(IList`1 entriesToSave)
   at Microsoft.EntityFrameworkCore.ChangeTracking.Internal.StateManager.SaveChanges(DbContext _, Boolean acceptAllChangesOnSuccess)
   at Microsoft.EntityFrameworkCore.SqlServer.Storage.Internal.SqlServerExecutionStrategy.Execute[TState,TResult](TState state, Func`3 operation, Func`3 verifySucceeded)
   at Microsoft.EntityFrameworkCore.ChangeTracking.Internal.StateManager.SaveChanges(Boolean acceptAllChangesOnSuccess)
   at Microsoft.EntityFrameworkCore.DbContext.SaveChanges(Boolean acceptAllChangesOnSuccess)
   at Microsoft.EntityFrameworkCore.DbContext.SaveChanges()
   at DataImporter.Data.UnitOfWork.Save() in D:\DevSkill\dotNet\Code\Asp.NetBatch5\FinalProject\DataImporter\DataImporter.Data\UnitOfWork.cs:line 15
   at DataImporter.Transfer.Services.ColumnDataService.InsertColumnHeader(ColumnData column) in D:\DevSkill\dotNet\Code\Asp.NetBatch5\FinalProject\DataImporter\DataImporter.Transfer\Services\ColumnDataService.cs:line 56
   at DataImporter.Web.Models.Imports.CreateImportModel.InsertTableHeader(Int32 id, String filePath) in D:\DevSkill\dotNet\Code\Asp.NetBatch5\FinalProject\DataImporter\DataImporter.Web\Models\Imports\CreateImportModel.cs:line 112
   at DataImporter.Web.Controllers.ImportController.FileMatching(UploadModel model) in D:\DevSkill\dotNet\Code\Asp.NetBatch5\FinalProject\DataImporter\DataImporter.Web\Controllers\ImportController.cs:line 81
2021-10-01 03:21:57.362 +06:00 [ERR] Excel Column Dose not Match
Microsoft.EntityFrameworkCore.DbUpdateException: An error occurred while updating the entries. See the inner exception for details.
 ---> Microsoft.Data.SqlClient.SqlException (0x80131904): The INSERT statement conflicted with the FOREIGN KEY constraint "FK_ColumnDatas_Groups_GroupId". The conflict occurred in database "DataImporter", table "dbo.Groups", column 'Id'.
The statement has been terminated.
   at Microsoft.Data.SqlClient.SqlConnection.OnError(SqlException exception, Boolean breakConnection, Action`1 wrapCloseInAction)
   at Microsoft.Data.SqlClient.SqlInternalConnection.OnError(SqlException exception, Boolean breakConnection, Action`1 wrapCloseInAction)
   at Microsoft.Data.SqlClient.TdsParser.ThrowExceptionAndWarning(TdsParserStateObject stateObj, Boolean callerHasConnectionLock, Boolean asyncClose)
   at Microsoft.Data.SqlClient.TdsParser.TryRun(RunBehavior runBehavior, SqlCommand cmdHandler, SqlDataReader dataStream, BulkCopySimpleResultSet bulkCopyHandler, TdsParserStateObject stateObj, Boolean& dataReady)
   at Microsoft.Data.SqlClient.SqlDataReader.TryConsumeMetaData()
   at Microsoft.Data.SqlClient.SqlDataReader.get_MetaData()
   at Microsoft.Data.SqlClient.SqlCommand.FinishExecuteReader(SqlDataReader ds, RunBehavior runBehavior, String resetOptionsString, Boolean isInternal, Boolean forDescribeParameterEncryption, Boolean shouldCacheForAlwaysEncrypted)
   at Microsoft.Data.SqlClient.SqlCommand.RunExecuteReaderTds(CommandBehavior cmdBehavior, RunBehavior runBehavior, Boolean returnStream, Boolean isAsync, Int32 timeout, Task& task, Boolean asyncWrite, Boolean inRetry, SqlDataReader ds, Boolean describeParameterEncryptionRequest)
   at Microsoft.Data.SqlClient.SqlCommand.RunExecuteReader(CommandBehavior cmdBehavior, RunBehavior runBehavior, Boolean returnStream, TaskCompletionSource`1 completion, Int32 timeout, Task& task, Boolean& usedCache, Boolean asyncWrite, Boolean inRetry, String method)
   at Microsoft.Data.SqlClient.SqlCommand.RunExecuteReader(CommandBehavior cmdBehavior, RunBehavior runBehavior, Boolean returnStream, String method)
   at Microsoft.Data.SqlClient.SqlCommand.ExecuteReader(CommandBehavior behavior)
   at Microsoft.Data.SqlClient.SqlCommand.ExecuteDbDataReader(CommandBehavior behavior)
   at System.Data.Common.DbCommand.ExecuteReader()
   at Microsoft.EntityFrameworkCore.Storage.RelationalCommand.ExecuteReader(RelationalCommandParameterObject parameterObject)
   at Microsoft.EntityFrameworkCore.Update.ReaderModificationCommandBatch.Execute(IRelationalConnection connection)
ClientConnectionId:5dfe1b7d-8385-4227-8a4f-2293411781cf
Error Number:547,State:0,Class:16
   --- End of inner exception stack trace ---
   at Microsoft.EntityFrameworkCore.Update.ReaderModificationCommandBatch.Execute(IRelationalConnection connection)
   at Microsoft.EntityFrameworkCore.Update.Internal.BatchExecutor.Execute(IEnumerable`1 commandBatches, IRelationalConnection connection)
   at Microsoft.EntityFrameworkCore.Storage.RelationalDatabase.SaveChanges(IList`1 entries)
   at Microsoft.EntityFrameworkCore.ChangeTracking.Internal.StateManager.SaveChanges(IList`1 entriesToSave)
   at Microsoft.EntityFrameworkCore.ChangeTracking.Internal.StateManager.SaveChanges(DbContext _, Boolean acceptAllChangesOnSuccess)
   at Microsoft.EntityFrameworkCore.SqlServer.Storage.Internal.SqlServerExecutionStrategy.Execute[TState,TResult](TState state, Func`3 operation, Func`3 verifySucceeded)
   at Microsoft.EntityFrameworkCore.ChangeTracking.Internal.StateManager.SaveChanges(Boolean acceptAllChangesOnSuccess)
   at Microsoft.EntityFrameworkCore.DbContext.SaveChanges(Boolean acceptAllChangesOnSuccess)
   at Microsoft.EntityFrameworkCore.DbContext.SaveChanges()
   at DataImporter.Data.UnitOfWork.Save() in D:\DevSkill\dotNet\Code\Asp.NetBatch5\FinalProject\DataImporter\DataImporter.Data\UnitOfWork.cs:line 15
   at DataImporter.Transfer.Services.ColumnDataService.InsertColumnHeader(ColumnData column) in D:\DevSkill\dotNet\Code\Asp.NetBatch5\FinalProject\DataImporter\DataImporter.Transfer\Services\ColumnDataService.cs:line 56
   at DataImporter.Web.Models.Imports.CreateImportModel.InsertTableHeader(Int32 id, String filePath) in D:\DevSkill\dotNet\Code\Asp.NetBatch5\FinalProject\DataImporter\DataImporter.Web\Models\Imports\CreateImportModel.cs:line 112
   at DataImporter.Web.Controllers.ImportController.FileMatching(UploadModel model) in D:\DevSkill\dotNet\Code\Asp.NetBatch5\FinalProject\DataImporter\DataImporter.Web\Controllers\ImportController.cs:line 81
2021-10-01 03:23:02.504 +06:00 [ERR] Excel Column Dose not Match
Microsoft.EntityFrameworkCore.DbUpdateException: An error occurred while updating the entries. See the inner exception for details.
 ---> Microsoft.Data.SqlClient.SqlException (0x80131904): The INSERT statement conflicted with the FOREIGN KEY constraint "FK_ColumnDatas_Groups_GroupId". The conflict occurred in database "DataImporter", table "dbo.Groups", column 'Id'.
The statement has been terminated.
   at Microsoft.Data.SqlClient.SqlConnection.OnError(SqlException exception, Boolean breakConnection, Action`1 wrapCloseInAction)
   at Microsoft.Data.SqlClient.SqlInternalConnection.OnError(SqlException exception, Boolean breakConnection, Action`1 wrapCloseInAction)
   at Microsoft.Data.SqlClient.TdsParser.ThrowExceptionAndWarning(TdsParserStateObject stateObj, Boolean callerHasConnectionLock, Boolean asyncClose)
   at Microsoft.Data.SqlClient.TdsParser.TryRun(RunBehavior runBehavior, SqlCommand cmdHandler, SqlDataReader dataStream, BulkCopySimpleResultSet bulkCopyHandler, TdsParserStateObject stateObj, Boolean& dataReady)
   at Microsoft.Data.SqlClient.SqlDataReader.TryConsumeMetaData()
   at Microsoft.Data.SqlClient.SqlDataReader.get_MetaData()
   at Microsoft.Data.SqlClient.SqlCommand.FinishExecuteReader(SqlDataReader ds, RunBehavior runBehavior, String resetOptionsString, Boolean isInternal, Boolean forDescribeParameterEncryption, Boolean shouldCacheForAlwaysEncrypted)
   at Microsoft.Data.SqlClient.SqlCommand.RunExecuteReaderTds(CommandBehavior cmdBehavior, RunBehavior runBehavior, Boolean returnStream, Boolean isAsync, Int32 timeout, Task& task, Boolean asyncWrite, Boolean inRetry, SqlDataReader ds, Boolean describeParameterEncryptionRequest)
   at Microsoft.Data.SqlClient.SqlCommand.RunExecuteReader(CommandBehavior cmdBehavior, RunBehavior runBehavior, Boolean returnStream, TaskCompletionSource`1 completion, Int32 timeout, Task& task, Boolean& usedCache, Boolean asyncWrite, Boolean inRetry, String method)
   at Microsoft.Data.SqlClient.SqlCommand.RunExecuteReader(CommandBehavior cmdBehavior, RunBehavior runBehavior, Boolean returnStream, String method)
   at Microsoft.Data.SqlClient.SqlCommand.ExecuteReader(CommandBehavior behavior)
   at Microsoft.Data.SqlClient.SqlCommand.ExecuteDbDataReader(CommandBehavior behavior)
   at System.Data.Common.DbCommand.ExecuteReader()
   at Microsoft.EntityFrameworkCore.Storage.RelationalCommand.ExecuteReader(RelationalCommandParameterObject parameterObject)
   at Microsoft.EntityFrameworkCore.Update.ReaderModificationCommandBatch.Execute(IRelationalConnection connection)
ClientConnectionId:5dfe1b7d-8385-4227-8a4f-2293411781cf
Error Number:547,State:0,Class:16
   --- End of inner exception stack trace ---
   at Microsoft.EntityFrameworkCore.Update.ReaderModificationCommandBatch.Execute(IRelationalConnection connection)
   at Microsoft.EntityFrameworkCore.Update.Internal.BatchExecutor.Execute(IEnumerable`1 commandBatches, IRelationalConnection connection)
   at Microsoft.EntityFrameworkCore.Storage.RelationalDatabase.SaveChanges(IList`1 entries)
   at Microsoft.EntityFrameworkCore.ChangeTracking.Internal.StateManager.SaveChanges(IList`1 entriesToSave)
   at Microsoft.EntityFrameworkCore.ChangeTracking.Internal.StateManager.SaveChanges(DbContext _, Boolean acceptAllChangesOnSuccess)
   at Microsoft.EntityFrameworkCore.SqlServer.Storage.Internal.SqlServerExecutionStrategy.Execute[TState,TResult](TState state, Func`3 operation, Func`3 verifySucceeded)
   at Microsoft.EntityFrameworkCore.ChangeTracking.Internal.StateManager.SaveChanges(Boolean acceptAllChangesOnSuccess)
   at Microsoft.EntityFrameworkCore.DbContext.SaveChanges(Boolean acceptAllChangesOnSuccess)
   at Microsoft.EntityFrameworkCore.DbContext.SaveChanges()
   at DataImporter.Data.UnitOfWork.Save() in D:\DevSkill\dotNet\Code\Asp.NetBatch5\FinalProject\DataImporter\DataImporter.Data\UnitOfWork.cs:line 15
   at DataImporter.Transfer.Services.ColumnDataService.InsertColumnHeader(ColumnData column) in D:\DevSkill\dotNet\Code\Asp.NetBatch5\FinalProject\DataImporter\DataImporter.Transfer\Services\ColumnDataService.cs:line 56
   at DataImporter.Web.Models.Imports.CreateImportModel.InsertTableHeader(Int32 id, String filePath) in D:\DevSkill\dotNet\Code\Asp.NetBatch5\FinalProject\DataImporter\DataImporter.Web\Models\Imports\CreateImportModel.cs:line 112
   at DataImporter.Web.Controllers.ImportController.FileMatching(UploadModel model) in D:\DevSkill\dotNet\Code\Asp.NetBatch5\FinalProject\DataImporter\DataImporter.Web\Controllers\ImportController.cs:line 81
2021-10-01 03:26:34.257 +06:00 [INF] Application Starting up
2021-10-01 03:27:40.018 +06:00 [ERR] Excel Column Dose not Match
System.InvalidProgramException: Excel Column Dose not Match
   at DataImporter.Web.Models.Imports.CreateImportModel.FileMatching(Int32 groupId, String filePath) in D:\DevSkill\dotNet\Code\Asp.NetBatch5\FinalProject\DataImporter\DataImporter.Web\Models\Imports\CreateImportModel.cs:line 87
   at DataImporter.Web.Controllers.ImportController.FileMatching(UploadModel model) in D:\DevSkill\dotNet\Code\Asp.NetBatch5\FinalProject\DataImporter\DataImporter.Web\Controllers\ImportController.cs:line 75
2021-10-01 03:32:48.832 +06:00 [ERR] Excel Column Dose not Match
Microsoft.EntityFrameworkCore.DbUpdateException: An error occurred while updating the entries. See the inner exception for details.
 ---> Microsoft.Data.SqlClient.SqlException (0x80131904): The INSERT statement conflicted with the FOREIGN KEY constraint "FK_ColumnDatas_Groups_GroupId". The conflict occurred in database "DataImporter", table "dbo.Groups", column 'Id'.
The statement has been terminated.
   at Microsoft.Data.SqlClient.SqlConnection.OnError(SqlException exception, Boolean breakConnection, Action`1 wrapCloseInAction)
   at Microsoft.Data.SqlClient.SqlInternalConnection.OnError(SqlException exception, Boolean breakConnection, Action`1 wrapCloseInAction)
   at Microsoft.Data.SqlClient.TdsParser.ThrowExceptionAndWarning(TdsParserStateObject stateObj, Boolean callerHasConnectionLock, Boolean asyncClose)
   at Microsoft.Data.SqlClient.TdsParser.TryRun(RunBehavior runBehavior, SqlCommand cmdHandler, SqlDataReader dataStream, BulkCopySimpleResultSet bulkCopyHandler, TdsParserStateObject stateObj, Boolean& dataReady)
   at Microsoft.Data.SqlClient.SqlDataReader.TryConsumeMetaData()
   at Microsoft.Data.SqlClient.SqlDataReader.get_MetaData()
   at Microsoft.Data.SqlClient.SqlCommand.FinishExecuteReader(SqlDataReader ds, RunBehavior runBehavior, String resetOptionsString, Boolean isInternal, Boolean forDescribeParameterEncryption, Boolean shouldCacheForAlwaysEncrypted)
   at Microsoft.Data.SqlClient.SqlCommand.RunExecuteReaderTds(CommandBehavior cmdBehavior, RunBehavior runBehavior, Boolean returnStream, Boolean isAsync, Int32 timeout, Task& task, Boolean asyncWrite, Boolean inRetry, SqlDataReader ds, Boolean describeParameterEncryptionRequest)
   at Microsoft.Data.SqlClient.SqlCommand.RunExecuteReader(CommandBehavior cmdBehavior, RunBehavior runBehavior, Boolean returnStream, TaskCompletionSource`1 completion, Int32 timeout, Task& task, Boolean& usedCache, Boolean asyncWrite, Boolean inRetry, String method)
   at Microsoft.Data.SqlClient.SqlCommand.RunExecuteReader(CommandBehavior cmdBehavior, RunBehavior runBehavior, Boolean returnStream, String method)
   at Microsoft.Data.SqlClient.SqlCommand.ExecuteReader(CommandBehavior behavior)
   at Microsoft.Data.SqlClient.SqlCommand.ExecuteDbDataReader(CommandBehavior behavior)
   at System.Data.Common.DbCommand.ExecuteReader()
   at Microsoft.EntityFrameworkCore.Storage.RelationalCommand.ExecuteReader(RelationalCommandParameterObject parameterObject)
   at Microsoft.EntityFrameworkCore.Update.ReaderModificationCommandBatch.Execute(IRelationalConnection connection)
ClientConnectionId:374cc91e-ae3e-45a1-9a14-d19c2103ec81
Error Number:547,State:0,Class:16
   --- End of inner exception stack trace ---
   at Microsoft.EntityFrameworkCore.Update.ReaderModificationCommandBatch.Execute(IRelationalConnection connection)
   at Microsoft.EntityFrameworkCore.Update.Internal.BatchExecutor.Execute(IEnumerable`1 commandBatches, IRelationalConnection connection)
   at Microsoft.EntityFrameworkCore.Storage.RelationalDatabase.SaveChanges(IList`1 entries)
   at Microsoft.EntityFrameworkCore.ChangeTracking.Internal.StateManager.SaveChanges(IList`1 entriesToSave)
   at Microsoft.EntityFrameworkCore.ChangeTracking.Internal.StateManager.SaveChanges(DbContext _, Boolean acceptAllChangesOnSuccess)
   at Microsoft.EntityFrameworkCore.SqlServer.Storage.Internal.SqlServerExecutionStrategy.Execute[TState,TResult](TState state, Func`3 operation, Func`3 verifySucceeded)
   at Microsoft.EntityFrameworkCore.ChangeTracking.Internal.StateManager.SaveChanges(Boolean acceptAllChangesOnSuccess)
   at Microsoft.EntityFrameworkCore.DbContext.SaveChanges(Boolean acceptAllChangesOnSuccess)
   at Microsoft.EntityFrameworkCore.DbContext.SaveChanges()
   at DataImporter.Data.UnitOfWork.Save() in D:\DevSkill\dotNet\Code\Asp.NetBatch5\FinalProject\DataImporter\DataImporter.Data\UnitOfWork.cs:line 15
   at DataImporter.Transfer.Services.ColumnDataService.InsertColumnHeader(ColumnData column) in D:\DevSkill\dotNet\Code\Asp.NetBatch5\FinalProject\DataImporter\DataImporter.Transfer\Services\ColumnDataService.cs:line 56
   at DataImporter.Web.Models.Imports.CreateImportModel.InsertTableHeader(Int32 id, String filePath) in D:\DevSkill\dotNet\Code\Asp.NetBatch5\FinalProject\DataImporter\DataImporter.Web\Models\Imports\CreateImportModel.cs:line 113
   at DataImporter.Web.Controllers.ImportController.FileMatching(UploadModel model) in D:\DevSkill\dotNet\Code\Asp.NetBatch5\FinalProject\DataImporter\DataImporter.Web\Controllers\ImportController.cs:line 81
2021-10-01 03:35:00.661 +06:00 [INF] Application Starting up
2021-10-01 03:40:09.921 +06:00 [INF] Application Starting up
2021-10-01 03:57:29.530 +06:00 [INF] Application Starting up
2021-10-01 04:07:14.422 +06:00 [INF] Application Starting up
2021-10-01 04:10:23.303 +06:00 [ERR] Excel Column Dose not Match
System.InvalidProgramException: Excel Column Dose not Match
   at DataImporter.Web.Models.Imports.CreateImportModel.FileMatching(Int32 groupId, String filePath) in D:\DevSkill\dotNet\Code\Asp.NetBatch5\FinalProject\DataImporter\DataImporter.Web\Models\Imports\CreateImportModel.cs:line 87
   at DataImporter.Web.Controllers.ImportController.FileMatching(UploadModel model) in D:\DevSkill\dotNet\Code\Asp.NetBatch5\FinalProject\DataImporter\DataImporter.Web\Controllers\ImportController.cs:line 75
2021-10-01 15:35:14.130 +06:00 [INF] Application Starting up
2021-10-01 15:36:14.818 +06:00 [INF] User logged out.
2021-10-01 15:52:09.673 +06:00 [INF] User logged in.
2021-10-01 19:24:24.427 +06:00 [INF] Application Starting up
