2021-09-15 00:15:06.529 +06:00 [INF] Application Starting up
2021-09-15 00:42:01.994 +06:00 [INF] Application Starting up
2021-09-15 00:43:35.607 +06:00 [INF] User logged out.
2021-09-15 00:43:42.766 +06:00 [INF] User logged in.
2021-09-15 00:49:04.767 +06:00 [INF] Application Starting up
2021-09-15 00:52:10.302 +06:00 [INF] Application Starting up
2021-09-15 00:54:04.735 +06:00 [INF] Application Starting up
2021-09-15 00:58:54.085 +06:00 [INF] User logged out.
2021-09-15 00:59:05.884 +06:00 [INF] User created a new account with password.
2021-09-15 02:06:38.182 +06:00 [INF] Application Starting up
2021-09-15 03:05:33.655 +06:00 [INF] Application Starting up
2021-09-15 03:06:10.375 +06:00 [INF] User logged out.
2021-09-15 03:06:25.563 +06:00 [INF] User created a new account with password.
2021-09-15 03:06:27.131 +06:00 [ERR] An unhandled exception has occurred while executing the request.
MailKit.Security.SslHandshakeException: An error occurred while attempting to establish an SSL or TLS connection.

When connecting to an SMTP service, port 587 is typically reserved for plain-text connections. If
you intended to connect to SMTP on the SSL port, try connecting to port 465 instead. Otherwise,
if you intended to use STARTTLS, make sure to use the following code:

client.Connect ("smtp.gmail.com", 587, SecureSocketOptions.StartTls);

 ---> System.IO.IOException: Cannot determine the frame size or a corrupted frame was received.
   at System.Net.Security.SslStream.ReceiveBlobAsync[TIOAdapter](TIOAdapter adapter)
   at System.Net.Security.SslStream.ForceAuthenticationAsync[TIOAdapter](TIOAdapter adapter, Boolean receiveFirst, Byte[] reAuthenticationData, Boolean isApm)
   at System.Net.Security.SslStream.ProcessAuthentication(Boolean isAsync, Boolean isApm, CancellationToken cancellationToken)
   at System.Net.Security.SslStream.AuthenticateAsClient(SslClientAuthenticationOptions sslClientAuthenticationOptions)
   at MailKit.Net.Smtp.SmtpClient.ConnectAsync(String host, Int32 port, SecureSocketOptions options, Boolean doAsync, CancellationToken cancellationToken)
   --- End of inner exception stack trace ---
   at MailKit.Net.Smtp.SmtpClient.ConnectAsync(String host, Int32 port, SecureSocketOptions options, Boolean doAsync, CancellationToken cancellationToken)
   at MailKit.Net.Smtp.SmtpClient.Connect(String host, Int32 port, SecureSocketOptions options, CancellationToken cancellationToken)
   at MailKit.MailService.Connect(String host, Int32 port, Boolean useSsl, CancellationToken cancellationToken)
   at DataImporter.Common.Utilities.EmailService.SendEmail(String receive, String subject, String body) in D:\DevSkill\dotNet\Code\Asp.NetBatch5\FinalProject\DataImporter\DataImporter.Common\Utilities\EmailService.cs:line 42
   at DataImporter.Web.Controllers.AccountController.Register(RegisterModel model, String returnUrl) in D:\DevSkill\dotNet\Code\Asp.NetBatch5\FinalProject\DataImporter\DataImporter.Web\Controllers\AccountController.cs:line 71
   at Microsoft.AspNetCore.Mvc.Infrastructure.ActionMethodExecutor.TaskOfIActionResultExecutor.Execute(IActionResultTypeMapper mapper, ObjectMethodExecutor executor, Object controller, Object[] arguments)
   at Microsoft.AspNetCore.Mvc.Infrastructure.ControllerActionInvoker.<InvokeActionMethodAsync>g__Awaited|12_0(ControllerActionInvoker invoker, ValueTask`1 actionResultValueTask)
   at Microsoft.AspNetCore.Mvc.Infrastructure.ControllerActionInvoker.<InvokeNextActionFilterAsync>g__Awaited|10_0(ControllerActionInvoker invoker, Task lastTask, State next, Scope scope, Object state, Boolean isCompleted)
   at Microsoft.AspNetCore.Mvc.Infrastructure.ControllerActionInvoker.Rethrow(ActionExecutedContextSealed context)
   at Microsoft.AspNetCore.Mvc.Infrastructure.ControllerActionInvoker.Next(State& next, Scope& scope, Object& state, Boolean& isCompleted)
   at Microsoft.AspNetCore.Mvc.Infrastructure.ControllerActionInvoker.<InvokeInnerFilterAsync>g__Awaited|13_0(ControllerActionInvoker invoker, Task lastTask, State next, Scope scope, Object state, Boolean isCompleted)
   at Microsoft.AspNetCore.Mvc.Infrastructure.ResourceInvoker.<InvokeNextResourceFilter>g__Awaited|24_0(ResourceInvoker invoker, Task lastTask, State next, Scope scope, Object state, Boolean isCompleted)
   at Microsoft.AspNetCore.Mvc.Infrastructure.ResourceInvoker.Rethrow(ResourceExecutedContextSealed context)
   at Microsoft.AspNetCore.Mvc.Infrastructure.ResourceInvoker.Next(State& next, Scope& scope, Object& state, Boolean& isCompleted)
   at Microsoft.AspNetCore.Mvc.Infrastructure.ResourceInvoker.<InvokeFilterPipelineAsync>g__Awaited|19_0(ResourceInvoker invoker, Task lastTask, State next, Scope scope, Object state, Boolean isCompleted)
   at Microsoft.AspNetCore.Mvc.Infrastructure.ResourceInvoker.<InvokeAsync>g__Awaited|17_0(ResourceInvoker invoker, Task task, IDisposable scope)
   at Microsoft.AspNetCore.Routing.EndpointMiddleware.<Invoke>g__AwaitRequestTask|6_0(Endpoint endpoint, Task requestTask, ILogger logger)
   at Microsoft.AspNetCore.Session.SessionMiddleware.Invoke(HttpContext context)
   at Microsoft.AspNetCore.Session.SessionMiddleware.Invoke(HttpContext context)
   at Microsoft.AspNetCore.Authorization.AuthorizationMiddleware.Invoke(HttpContext context)
   at Microsoft.AspNetCore.Authentication.AuthenticationMiddleware.Invoke(HttpContext context)
   at Microsoft.AspNetCore.Diagnostics.EntityFrameworkCore.MigrationsEndPointMiddleware.Invoke(HttpContext context)
   at Microsoft.AspNetCore.Diagnostics.DeveloperExceptionPageMiddleware.Invoke(HttpContext context)
2021-09-15 03:07:32.156 +06:00 [WRN] User password validation failed: PasswordRequiresLower.
2021-09-15 03:07:58.354 +06:00 [WRN] User validation failed: DuplicateUserName.
2021-09-15 03:08:41.243 +06:00 [INF] User created a new account with password.
2021-09-15 03:08:41.918 +06:00 [ERR] An unhandled exception has occurred while executing the request.
MailKit.Security.SslHandshakeException: An error occurred while attempting to establish an SSL or TLS connection.

When connecting to an SMTP service, port 587 is typically reserved for plain-text connections. If
you intended to connect to SMTP on the SSL port, try connecting to port 465 instead. Otherwise,
if you intended to use STARTTLS, make sure to use the following code:

client.Connect ("smtp.gmail.com", 587, SecureSocketOptions.StartTls);

 ---> System.IO.IOException: Cannot determine the frame size or a corrupted frame was received.
   at System.Net.Security.SslStream.ReceiveBlobAsync[TIOAdapter](TIOAdapter adapter)
   at System.Net.Security.SslStream.ForceAuthenticationAsync[TIOAdapter](TIOAdapter adapter, Boolean receiveFirst, Byte[] reAuthenticationData, Boolean isApm)
   at System.Net.Security.SslStream.ProcessAuthentication(Boolean isAsync, Boolean isApm, CancellationToken cancellationToken)
   at System.Net.Security.SslStream.AuthenticateAsClient(SslClientAuthenticationOptions sslClientAuthenticationOptions)
   at MailKit.Net.Smtp.SmtpClient.ConnectAsync(String host, Int32 port, SecureSocketOptions options, Boolean doAsync, CancellationToken cancellationToken)
   --- End of inner exception stack trace ---
   at MailKit.Net.Smtp.SmtpClient.ConnectAsync(String host, Int32 port, SecureSocketOptions options, Boolean doAsync, CancellationToken cancellationToken)
   at MailKit.Net.Smtp.SmtpClient.Connect(String host, Int32 port, SecureSocketOptions options, CancellationToken cancellationToken)
   at MailKit.MailService.Connect(String host, Int32 port, Boolean useSsl, CancellationToken cancellationToken)
   at DataImporter.Common.Utilities.EmailService.SendEmail(String receive, String subject, String body) in D:\DevSkill\dotNet\Code\Asp.NetBatch5\FinalProject\DataImporter\DataImporter.Common\Utilities\EmailService.cs:line 42
   at DataImporter.Web.Controllers.AccountController.Register(RegisterModel model, String returnUrl) in D:\DevSkill\dotNet\Code\Asp.NetBatch5\FinalProject\DataImporter\DataImporter.Web\Controllers\AccountController.cs:line 71
   at Microsoft.AspNetCore.Mvc.Infrastructure.ActionMethodExecutor.TaskOfIActionResultExecutor.Execute(IActionResultTypeMapper mapper, ObjectMethodExecutor executor, Object controller, Object[] arguments)
   at Microsoft.AspNetCore.Mvc.Infrastructure.ControllerActionInvoker.<InvokeActionMethodAsync>g__Awaited|12_0(ControllerActionInvoker invoker, ValueTask`1 actionResultValueTask)
   at Microsoft.AspNetCore.Mvc.Infrastructure.ControllerActionInvoker.<InvokeNextActionFilterAsync>g__Awaited|10_0(ControllerActionInvoker invoker, Task lastTask, State next, Scope scope, Object state, Boolean isCompleted)
   at Microsoft.AspNetCore.Mvc.Infrastructure.ControllerActionInvoker.Rethrow(ActionExecutedContextSealed context)
   at Microsoft.AspNetCore.Mvc.Infrastructure.ControllerActionInvoker.Next(State& next, Scope& scope, Object& state, Boolean& isCompleted)
   at Microsoft.AspNetCore.Mvc.Infrastructure.ControllerActionInvoker.<InvokeInnerFilterAsync>g__Awaited|13_0(ControllerActionInvoker invoker, Task lastTask, State next, Scope scope, Object state, Boolean isCompleted)
   at Microsoft.AspNetCore.Mvc.Infrastructure.ResourceInvoker.<InvokeNextResourceFilter>g__Awaited|24_0(ResourceInvoker invoker, Task lastTask, State next, Scope scope, Object state, Boolean isCompleted)
   at Microsoft.AspNetCore.Mvc.Infrastructure.ResourceInvoker.Rethrow(ResourceExecutedContextSealed context)
   at Microsoft.AspNetCore.Mvc.Infrastructure.ResourceInvoker.Next(State& next, Scope& scope, Object& state, Boolean& isCompleted)
   at Microsoft.AspNetCore.Mvc.Infrastructure.ResourceInvoker.<InvokeFilterPipelineAsync>g__Awaited|19_0(ResourceInvoker invoker, Task lastTask, State next, Scope scope, Object state, Boolean isCompleted)
   at Microsoft.AspNetCore.Mvc.Infrastructure.ResourceInvoker.<InvokeAsync>g__Awaited|17_0(ResourceInvoker invoker, Task task, IDisposable scope)
   at Microsoft.AspNetCore.Routing.EndpointMiddleware.<Invoke>g__AwaitRequestTask|6_0(Endpoint endpoint, Task requestTask, ILogger logger)
   at Microsoft.AspNetCore.Session.SessionMiddleware.Invoke(HttpContext context)
   at Microsoft.AspNetCore.Session.SessionMiddleware.Invoke(HttpContext context)
   at Microsoft.AspNetCore.Authorization.AuthorizationMiddleware.Invoke(HttpContext context)
   at Microsoft.AspNetCore.Authentication.AuthenticationMiddleware.Invoke(HttpContext context)
   at Microsoft.AspNetCore.Diagnostics.EntityFrameworkCore.MigrationsEndPointMiddleware.Invoke(HttpContext context)
   at Microsoft.AspNetCore.Diagnostics.DeveloperExceptionPageMiddleware.Invoke(HttpContext context)
2021-09-15 03:12:39.786 +06:00 [INF] Application Starting up
2021-09-15 03:13:58.858 +06:00 [INF] User created a new account with password.
2021-09-15 03:14:01.221 +06:00 [ERR] An unhandled exception has occurred while executing the request.
MailKit.Net.Smtp.SmtpCommandException: 5.1.3 The recipient address <receive> is not a valid RFC-5321 address. z67sm11181490pfb.169 - gsmtp
   at MailKit.Net.Smtp.SmtpClient.OnRecipientNotAccepted(MimeMessage message, MailboxAddress mailbox, SmtpResponse response)
   at MailKit.Net.Smtp.SmtpClient.ProcessRcptToResponse(MimeMessage message, MailboxAddress mailbox, SmtpResponse response)
   at MailKit.Net.Smtp.SmtpClient.FlushCommandQueueAsync(MimeMessage message, MailboxAddress sender, IList`1 recipients, Boolean doAsync, CancellationToken cancellationToken)
   at MailKit.Net.Smtp.SmtpClient.SendAsync(FormatOptions options, MimeMessage message, MailboxAddress sender, IList`1 recipients, Boolean doAsync, CancellationToken cancellationToken, ITransferProgress progress)
   at MailKit.Net.Smtp.SmtpClient.SendAsync(FormatOptions options, MimeMessage message, MailboxAddress sender, IList`1 recipients, Boolean doAsync, CancellationToken cancellationToken, ITransferProgress progress)
   at MailKit.Net.Smtp.SmtpClient.Send(FormatOptions options, MimeMessage message, CancellationToken cancellationToken, ITransferProgress progress)
   at MailKit.MailTransport.Send(MimeMessage message, CancellationToken cancellationToken, ITransferProgress progress)
   at DataImporter.Common.Utilities.EmailService.SendEmail(String receive, String subject, String body) in D:\DevSkill\dotNet\Code\Asp.NetBatch5\FinalProject\DataImporter\DataImporter.Common\Utilities\EmailService.cs:line 44
   at DataImporter.Web.Controllers.AccountController.Register(RegisterModel model, String returnUrl) in D:\DevSkill\dotNet\Code\Asp.NetBatch5\FinalProject\DataImporter\DataImporter.Web\Controllers\AccountController.cs:line 71
   at Microsoft.AspNetCore.Mvc.Infrastructure.ActionMethodExecutor.TaskOfIActionResultExecutor.Execute(IActionResultTypeMapper mapper, ObjectMethodExecutor executor, Object controller, Object[] arguments)
   at Microsoft.AspNetCore.Mvc.Infrastructure.ControllerActionInvoker.<InvokeActionMethodAsync>g__Awaited|12_0(ControllerActionInvoker invoker, ValueTask`1 actionResultValueTask)
   at Microsoft.AspNetCore.Mvc.Infrastructure.ControllerActionInvoker.<InvokeNextActionFilterAsync>g__Awaited|10_0(ControllerActionInvoker invoker, Task lastTask, State next, Scope scope, Object state, Boolean isCompleted)
   at Microsoft.AspNetCore.Mvc.Infrastructure.ControllerActionInvoker.Rethrow(ActionExecutedContextSealed context)
   at Microsoft.AspNetCore.Mvc.Infrastructure.ControllerActionInvoker.Next(State& next, Scope& scope, Object& state, Boolean& isCompleted)
   at Microsoft.AspNetCore.Mvc.Infrastructure.ControllerActionInvoker.<InvokeInnerFilterAsync>g__Awaited|13_0(ControllerActionInvoker invoker, Task lastTask, State next, Scope scope, Object state, Boolean isCompleted)
   at Microsoft.AspNetCore.Mvc.Infrastructure.ResourceInvoker.<InvokeNextResourceFilter>g__Awaited|24_0(ResourceInvoker invoker, Task lastTask, State next, Scope scope, Object state, Boolean isCompleted)
   at Microsoft.AspNetCore.Mvc.Infrastructure.ResourceInvoker.Rethrow(ResourceExecutedContextSealed context)
   at Microsoft.AspNetCore.Mvc.Infrastructure.ResourceInvoker.Next(State& next, Scope& scope, Object& state, Boolean& isCompleted)
   at Microsoft.AspNetCore.Mvc.Infrastructure.ResourceInvoker.<InvokeFilterPipelineAsync>g__Awaited|19_0(ResourceInvoker invoker, Task lastTask, State next, Scope scope, Object state, Boolean isCompleted)
   at Microsoft.AspNetCore.Mvc.Infrastructure.ResourceInvoker.<InvokeAsync>g__Awaited|17_0(ResourceInvoker invoker, Task task, IDisposable scope)
   at Microsoft.AspNetCore.Routing.EndpointMiddleware.<Invoke>g__AwaitRequestTask|6_0(Endpoint endpoint, Task requestTask, ILogger logger)
   at Microsoft.AspNetCore.Session.SessionMiddleware.Invoke(HttpContext context)
   at Microsoft.AspNetCore.Session.SessionMiddleware.Invoke(HttpContext context)
   at Microsoft.AspNetCore.Authorization.AuthorizationMiddleware.Invoke(HttpContext context)
   at Microsoft.AspNetCore.Authentication.AuthenticationMiddleware.Invoke(HttpContext context)
   at Microsoft.AspNetCore.Diagnostics.EntityFrameworkCore.MigrationsEndPointMiddleware.Invoke(HttpContext context)
   at Microsoft.AspNetCore.Diagnostics.DeveloperExceptionPageMiddleware.Invoke(HttpContext context)
2021-09-15 03:18:36.809 +06:00 [INF] Application Starting up
2021-09-15 03:19:17.490 +06:00 [INF] User created a new account with password.
2021-09-15 12:47:43.695 +06:00 [INF] Application Starting up
2021-09-15 13:10:47.098 +06:00 [INF] Application Starting up
2021-09-15 13:12:03.366 +06:00 [INF] User created a new account with password.
2021-09-15 13:24:37.702 +06:00 [INF] User logged out.
2021-09-15 13:25:04.963 +06:00 [INF] User created a new account with password.
2021-09-15 14:03:22.378 +06:00 [INF] User logged out.
2021-09-15 16:28:15.203 +06:00 [INF] Application Starting up
2021-09-15 16:36:33.391 +06:00 [INF] User created a new account with password.
2021-09-15 16:40:06.529 +06:00 [INF] Application Starting up
2021-09-15 16:41:29.697 +06:00 [WRN] User validation failed: DuplicateUserName.
2021-09-15 16:42:40.755 +06:00 [INF] Application Starting up
2021-09-15 16:43:41.235 +06:00 [INF] Start processing HTTP request POST "https://www.google.com/recaptcha/api/siteverify?secret=SECRET_KEY&response="
2021-09-15 16:43:41.242 +06:00 [INF] Sending HTTP request POST "https://www.google.com/recaptcha/api/siteverify?secret=SECRET_KEY&response="
2021-09-15 16:43:41.862 +06:00 [INF] Received HTTP response headers after 615.2346ms - 200
2021-09-15 16:43:41.866 +06:00 [INF] End processing HTTP request after 638.4445ms - 200
2021-09-15 16:44:39.998 +06:00 [INF] Start processing HTTP request POST "https://www.google.com/recaptcha/api/siteverify?secret=SECRET_KEY&response=03AGdBq26rlaP5uIS6OIP3nCCom3OM-6LYJBcc6h9m7XUnxEUF9vXym35rwo2L36VLcdy-WupxaA59DCGkqI23q0mfRhrhf0xDotGidIodaVYFv3qkRVqzlfoxqaMDBhkcI5kGR0HyBiH4clDLF0nGNCOCQx892mgMESoEV4bGJgToELayApstePi5bPNvZus0BXLH0lcdNjtCCNRMt7fZbKkcN16au90BrWYZdIdNy0DWCzQMblduR_QvkJygya-lo0IN5bQXLk6_8v19kV7JbWSgC-6t7hYz8vrA0N6od2KpRUq52NKA93QVDFzWZXdR--4iWhy2ueVMus3OWtuCYe4lBw5605ZGG8Dji8wPO3FZmYv3tbCH5IpLJC13D8oNS7pifcJu2KvpHO6-JSws6tWG1G-7XsKhj0B8vIUYjYJ0tDawTxeUQ99ndHT_gegnoSo7ozqE3o4h"
2021-09-15 16:44:39.998 +06:00 [INF] Sending HTTP request POST "https://www.google.com/recaptcha/api/siteverify?secret=SECRET_KEY&response=03AGdBq26rlaP5uIS6OIP3nCCom3OM-6LYJBcc6h9m7XUnxEUF9vXym35rwo2L36VLcdy-WupxaA59DCGkqI23q0mfRhrhf0xDotGidIodaVYFv3qkRVqzlfoxqaMDBhkcI5kGR0HyBiH4clDLF0nGNCOCQx892mgMESoEV4bGJgToELayApstePi5bPNvZus0BXLH0lcdNjtCCNRMt7fZbKkcN16au90BrWYZdIdNy0DWCzQMblduR_QvkJygya-lo0IN5bQXLk6_8v19kV7JbWSgC-6t7hYz8vrA0N6od2KpRUq52NKA93QVDFzWZXdR--4iWhy2ueVMus3OWtuCYe4lBw5605ZGG8Dji8wPO3FZmYv3tbCH5IpLJC13D8oNS7pifcJu2KvpHO6-JSws6tWG1G-7XsKhj0B8vIUYjYJ0tDawTxeUQ99ndHT_gegnoSo7ozqE3o4h"
2021-09-15 16:44:40.078 +06:00 [INF] Received HTTP response headers after 79.7729ms - 200
2021-09-15 16:44:40.078 +06:00 [INF] End processing HTTP request after 80.3076ms - 200
2021-09-15 16:47:11.709 +06:00 [INF] Start processing HTTP request POST "https://www.google.com/recaptcha/api/siteverify?secret=SECRET_KEY&response=03AGdBq26_eD6yRuKcziw7nrOzELLsANwcY58-yJmZLODSWyRwVElJq-06wxov2KBTXxNeg-if1eppASo00bTkL3pjNMsjm7ZB1ZnnyINihgfDXXjlKY4B8cQxxG4Gd9oBxaaA8P-6V4_hiBbMMLFnb23mcepCcrxPyYEV9Tw-HUln_gyk0O9NYySYt8SA4gk1gpzdoNVUPYgW7Inrz48wTU0d6_LXS5V7VV40rk18uh3C1XGFib3aH5BeWrG-QGmIjxuUQc_argdllGAHRoj3q9cNZ7gB993B7F41yHnuvgu0O9deD253upq76rfI1YdzjDNfTsNly2o4NN38l5zCChSXZDQ_x6LldwK4lN8VvIQMVKW6ndpwBDbhOD1tA_XCKtWYtR-pE3eCC12gQWVI22kyXrkJJH1Gbek3npU4NmBggky6HFE9HInGltEs0uu04kDbDSoMRbFR"
2021-09-15 16:47:11.709 +06:00 [INF] Sending HTTP request POST "https://www.google.com/recaptcha/api/siteverify?secret=SECRET_KEY&response=03AGdBq26_eD6yRuKcziw7nrOzELLsANwcY58-yJmZLODSWyRwVElJq-06wxov2KBTXxNeg-if1eppASo00bTkL3pjNMsjm7ZB1ZnnyINihgfDXXjlKY4B8cQxxG4Gd9oBxaaA8P-6V4_hiBbMMLFnb23mcepCcrxPyYEV9Tw-HUln_gyk0O9NYySYt8SA4gk1gpzdoNVUPYgW7Inrz48wTU0d6_LXS5V7VV40rk18uh3C1XGFib3aH5BeWrG-QGmIjxuUQc_argdllGAHRoj3q9cNZ7gB993B7F41yHnuvgu0O9deD253upq76rfI1YdzjDNfTsNly2o4NN38l5zCChSXZDQ_x6LldwK4lN8VvIQMVKW6ndpwBDbhOD1tA_XCKtWYtR-pE3eCC12gQWVI22kyXrkJJH1Gbek3npU4NmBggky6HFE9HInGltEs0uu04kDbDSoMRbFR"
2021-09-15 16:47:11.910 +06:00 [INF] Received HTTP response headers after 201.0766ms - 200
2021-09-15 16:47:11.911 +06:00 [INF] End processing HTTP request after 201.6167ms - 200
2021-09-15 17:35:50.250 +06:00 [INF] Application Starting up
2021-09-15 17:40:24.553 +06:00 [INF] Start processing HTTP request POST "https://www.google.com/recaptcha/api/siteverify?secret=SECRET_KEY&response=03AGdBq25aLJdRi8xa_AaZYB7LMiChimd-e6E-sTbonkWwtY4ahe41-HmUKoqiZAsdU-Fia2psoiCOZSvXTYZC_QYqUodIl-WtYWCSXLi3kCjW-l7jhWh0DpDKDpyOonMcqTM4gt6AqhwUzWFGfleS7EGguGpzJSgcH4ueBWywAv1-KFVuV0RG0z9zIcpLfpaR0Lg80wbdzOWgGPL1pAhIR9wMuHo3vI9-Ew7ddGjW-m4i9RxVIl8kYgEZFjFo5ku8K56gOv9u7bf6aCrvvFwfBLIcjYlg9iuspUq-zGhjMhz22cJaXOaaLu0FnQJm8fMMJ2sGFBZTL8h5SM1RemD56DktPi_h6Y0fR63vGOazBKmrRnbrXJXEajiDa9qFBs1E0TetlLJomcvzaVKYB8GYmUiVrwe7FkChSfOQjhVHBorNYutP2Tcke4gtW3f1G_piA02hCuZSDDe4"
2021-09-15 17:40:24.563 +06:00 [INF] Sending HTTP request POST "https://www.google.com/recaptcha/api/siteverify?secret=SECRET_KEY&response=03AGdBq25aLJdRi8xa_AaZYB7LMiChimd-e6E-sTbonkWwtY4ahe41-HmUKoqiZAsdU-Fia2psoiCOZSvXTYZC_QYqUodIl-WtYWCSXLi3kCjW-l7jhWh0DpDKDpyOonMcqTM4gt6AqhwUzWFGfleS7EGguGpzJSgcH4ueBWywAv1-KFVuV0RG0z9zIcpLfpaR0Lg80wbdzOWgGPL1pAhIR9wMuHo3vI9-Ew7ddGjW-m4i9RxVIl8kYgEZFjFo5ku8K56gOv9u7bf6aCrvvFwfBLIcjYlg9iuspUq-zGhjMhz22cJaXOaaLu0FnQJm8fMMJ2sGFBZTL8h5SM1RemD56DktPi_h6Y0fR63vGOazBKmrRnbrXJXEajiDa9qFBs1E0TetlLJomcvzaVKYB8GYmUiVrwe7FkChSfOQjhVHBorNYutP2Tcke4gtW3f1G_piA02hCuZSDDe4"
2021-09-15 17:40:25.175 +06:00 [INF] Received HTTP response headers after 608.1146ms - 200
2021-09-15 17:40:25.178 +06:00 [INF] End processing HTTP request after 634.7812ms - 200
2021-09-15 17:41:57.524 +06:00 [INF] Application Starting up
2021-09-15 17:43:13.184 +06:00 [WRN] User validation failed: DuplicateUserName.
2021-09-15 17:43:20.860 +06:00 [INF] Start processing HTTP request POST "https://www.google.com/recaptcha/api/siteverify?secret=SECRET_KEY&response=03AGdBq249xnIkDcwFdvvaUSt_0JRVKA3gqYARrdzhIKlk1DL2Ss2nc0jwqkHNyRnJMUuXm1V8-YijiaDgnYBQseD1w-WFT5sWSOckSgJ3Eyrk3CbdaXzGkaLly-ImoTsve1MruTJIxyZTbYDibqJLWkKZOwb0SAbsCGTrQtPoVznmeEq9vJKL4-PeJ0sY8YCewhuvmLAniFKZW6EN2L_wmWjbKj7HU5eypbnupiG0dM8lYZlPeIV1IX5WSF1ZCZvs9McpBH_MLcb-mjkf9T_oHTc17B84KCBx8odtODxVr5MR1h9SHWUl9FYPnQMUsrIiluPHiQtOGGKfSWjYBuiEAL9aBzl4oSr1-sVxOCluTo8UYAVtFdctSdcD9hQpklWto8bAxQo5Z2w_MzAreXBPBj_hYy665_WHwPERHBv0mNYvT7MRJ5kI9QOjYOT0unUnfyqDvI6BUAV2"
2021-09-15 17:43:20.864 +06:00 [INF] Sending HTTP request POST "https://www.google.com/recaptcha/api/siteverify?secret=SECRET_KEY&response=03AGdBq249xnIkDcwFdvvaUSt_0JRVKA3gqYARrdzhIKlk1DL2Ss2nc0jwqkHNyRnJMUuXm1V8-YijiaDgnYBQseD1w-WFT5sWSOckSgJ3Eyrk3CbdaXzGkaLly-ImoTsve1MruTJIxyZTbYDibqJLWkKZOwb0SAbsCGTrQtPoVznmeEq9vJKL4-PeJ0sY8YCewhuvmLAniFKZW6EN2L_wmWjbKj7HU5eypbnupiG0dM8lYZlPeIV1IX5WSF1ZCZvs9McpBH_MLcb-mjkf9T_oHTc17B84KCBx8odtODxVr5MR1h9SHWUl9FYPnQMUsrIiluPHiQtOGGKfSWjYBuiEAL9aBzl4oSr1-sVxOCluTo8UYAVtFdctSdcD9hQpklWto8bAxQo5Z2w_MzAreXBPBj_hYy665_WHwPERHBv0mNYvT7MRJ5kI9QOjYOT0unUnfyqDvI6BUAV2"
2021-09-15 17:43:21.360 +06:00 [INF] Received HTTP response headers after 489.8855ms - 200
2021-09-15 17:43:21.363 +06:00 [INF] End processing HTTP request after 509.0851ms - 200
2021-09-15 17:44:49.613 +06:00 [INF] Application Starting up
2021-09-15 17:45:35.434 +06:00 [INF] Start processing HTTP request POST "https://www.google.com/recaptcha/api/siteverify?secret=SECRET_KEY&response="
2021-09-15 17:45:35.443 +06:00 [INF] Sending HTTP request POST "https://www.google.com/recaptcha/api/siteverify?secret=SECRET_KEY&response="
2021-09-15 17:45:35.942 +06:00 [INF] Received HTTP response headers after 494.2006ms - 200
2021-09-15 17:45:35.944 +06:00 [INF] End processing HTTP request after 521.9799ms - 200
2021-09-15 17:46:39.008 +06:00 [INF] Application Starting up
2021-09-15 17:47:45.601 +06:00 [WRN] User validation failed: DuplicateUserName.
2021-09-15 17:47:51.929 +06:00 [INF] Start processing HTTP request POST "https://www.google.com/recaptcha/api/siteverify?secret=SECRET_KEY&response="
2021-09-15 17:47:51.934 +06:00 [INF] Sending HTTP request POST "https://www.google.com/recaptcha/api/siteverify?secret=SECRET_KEY&response="
2021-09-15 17:47:52.461 +06:00 [INF] Received HTTP response headers after 524.4704ms - 200
2021-09-15 17:47:52.463 +06:00 [INF] End processing HTTP request after 539.6029ms - 200
2021-09-15 17:51:20.925 +06:00 [INF] Application Starting up
2021-09-15 17:52:19.821 +06:00 [INF] Start processing HTTP request POST "https://www.google.com/recaptcha/api/siteverify?secret=SECRET_KEY&response="
2021-09-15 17:52:19.829 +06:00 [INF] Sending HTTP request POST "https://www.google.com/recaptcha/api/siteverify?secret=SECRET_KEY&response="
2021-09-15 17:52:20.597 +06:00 [INF] Received HTTP response headers after 765.5581ms - 200
2021-09-15 17:52:20.600 +06:00 [INF] End processing HTTP request after 787.4081ms - 200
2021-09-15 17:52:57.775 +06:00 [INF] Application Starting up
2021-09-15 17:53:36.944 +06:00 [INF] Start processing HTTP request POST "https://www.google.com/recaptcha/api/siteverify?secret=SECRET_KEY&response="
2021-09-15 17:53:36.962 +06:00 [INF] Sending HTTP request POST "https://www.google.com/recaptcha/api/siteverify?secret=SECRET_KEY&response="
2021-09-15 17:53:37.503 +06:00 [INF] Received HTTP response headers after 529.594ms - 200
2021-09-15 17:53:37.507 +06:00 [INF] End processing HTTP request after 575.7245ms - 200
2021-09-15 17:54:06.364 +06:00 [INF] Start processing HTTP request POST "https://www.google.com/recaptcha/api/siteverify?secret=SECRET_KEY&response=03AGdBq24bgDfIx_zLHGXo34k7BbNPINTzVGlRSf5NIpzkWDU18wPeLBs4S0kGv_Lxzopy5oDceqQdQdxGBwV-VDvzMkbJBo_clmsrqmU_0qrxkIUUmbzefaU2b76I8H2yuL-qFMMY6Tokj30LxaX6Tgf3wuUK69bPKXIVBCpLLjPxDLhTOyaJ57CNIDuAjJ_uVM_S5W-V9R8GaeRAuBTBsd7uG1hNBzAsGXVqYJLu0Hgc1dtnOPCfd6rwDnH3WeRFC8hylvgw_dMnTVQ35TohqYPbsfp-nZtKDvXb4UtXzOuBfTSxtE3dR3784zPGekIaqScqigPZXqzU6AHxl7BrQvWt6xhzdyVjIGdRzQFEWOsWD6bGsh4CBOQdzeseh65MKwOPwQ3HohMhTOOfj0HEYfTPPg5R6XJPjK7yOsLqd4l1D1aN0tenruVgygJRmDAu211lopOe87d5"
2021-09-15 17:54:06.365 +06:00 [INF] Sending HTTP request POST "https://www.google.com/recaptcha/api/siteverify?secret=SECRET_KEY&response=03AGdBq24bgDfIx_zLHGXo34k7BbNPINTzVGlRSf5NIpzkWDU18wPeLBs4S0kGv_Lxzopy5oDceqQdQdxGBwV-VDvzMkbJBo_clmsrqmU_0qrxkIUUmbzefaU2b76I8H2yuL-qFMMY6Tokj30LxaX6Tgf3wuUK69bPKXIVBCpLLjPxDLhTOyaJ57CNIDuAjJ_uVM_S5W-V9R8GaeRAuBTBsd7uG1hNBzAsGXVqYJLu0Hgc1dtnOPCfd6rwDnH3WeRFC8hylvgw_dMnTVQ35TohqYPbsfp-nZtKDvXb4UtXzOuBfTSxtE3dR3784zPGekIaqScqigPZXqzU6AHxl7BrQvWt6xhzdyVjIGdRzQFEWOsWD6bGsh4CBOQdzeseh65MKwOPwQ3HohMhTOOfj0HEYfTPPg5R6XJPjK7yOsLqd4l1D1aN0tenruVgygJRmDAu211lopOe87d5"
2021-09-15 17:54:06.447 +06:00 [INF] Received HTTP response headers after 81.9377ms - 200
2021-09-15 17:54:06.447 +06:00 [INF] End processing HTTP request after 82.5711ms - 200
2021-09-15 17:54:27.162 +06:00 [INF] Application Starting up
2021-09-15 17:55:19.364 +06:00 [INF] Start processing HTTP request POST "https://www.google.com/recaptcha/api/siteverify?secret=SECRET_KEY&response=03AGdBq24-slHyAhq50sarCyh5WNPhAxQh-DjuaRAMU_Qsrmj4Daxozo_rZwjI0gs2eAB3Hlg5XI6rV_ozU2SWMPKi0pUjfLdxHnfrf5iRVuXlpZ2UxzDdgeBUSNNi6kGzS58gK4wKBVYSdNpXmFb5E2nrVmNtOW_y0HLTP7krnm9dwlQ-WBsGBNbFygiI6UJGUi_d8VGTcMDQ1n_FNI_giEEcPT_a21OTkYvRhsRHUTs-ZeB7yBuwaUp9EOfDCOG3_xQQD0O-iqG8Knf5ypbiRVNsL3WuVkT_h7Og5QaOzZJZ8stPAc446tQXyoeUd36uwS0RHDGQl9a1tNhuma0PKtoyI82JdpAyeD6HdtEzql5PUflj-SM9G7TyTdGp9h0VGcxJtyzJPUaaTCHWtMRAKO-O5Lg7z9XSIWgcO1KSBWrz7jMPLac1PZNnRr2dN-cdyiLj-0o_GNWV"
2021-09-15 17:55:19.374 +06:00 [INF] Sending HTTP request POST "https://www.google.com/recaptcha/api/siteverify?secret=SECRET_KEY&response=03AGdBq24-slHyAhq50sarCyh5WNPhAxQh-DjuaRAMU_Qsrmj4Daxozo_rZwjI0gs2eAB3Hlg5XI6rV_ozU2SWMPKi0pUjfLdxHnfrf5iRVuXlpZ2UxzDdgeBUSNNi6kGzS58gK4wKBVYSdNpXmFb5E2nrVmNtOW_y0HLTP7krnm9dwlQ-WBsGBNbFygiI6UJGUi_d8VGTcMDQ1n_FNI_giEEcPT_a21OTkYvRhsRHUTs-ZeB7yBuwaUp9EOfDCOG3_xQQD0O-iqG8Knf5ypbiRVNsL3WuVkT_h7Og5QaOzZJZ8stPAc446tQXyoeUd36uwS0RHDGQl9a1tNhuma0PKtoyI82JdpAyeD6HdtEzql5PUflj-SM9G7TyTdGp9h0VGcxJtyzJPUaaTCHWtMRAKO-O5Lg7z9XSIWgcO1KSBWrz7jMPLac1PZNnRr2dN-cdyiLj-0o_GNWV"
2021-09-15 17:55:19.847 +06:00 [INF] Received HTTP response headers after 469.6532ms - 200
2021-09-15 17:55:19.850 +06:00 [INF] End processing HTTP request after 498.9217ms - 200
2021-09-15 17:58:02.731 +06:00 [INF] Start processing HTTP request POST "https://www.google.com/recaptcha/api/siteverify?secret=SECRET_KEY&response=03AGdBq26dCRpq6m8zXp6OzpTAKkmuZ7NjdRTjPuBigFCeoDIzBMv_SsEYxtQ1YqWnozPzHAbGXbFKE7RGfrLbO6li4I8Tt3OQNmJh-gZxrRKkANYKNyLa0sF8BfO4pOPOnbSQbhLzq_UAiLfnJkWFEuE-puejwcsBfCl7EBUNEAbxXztbF9txTPtN3d0LPmtMa02G1SHp6pG12JphcVeaef7pjTANmHZ-2QvP1gcgzLhH8r2iAjqjwUadeQO1Sz2BMPkAItkx7wl5b-dt60X0Mo-H2QlkFerpiHk049x8YES9ZkXD4sFoekid0RPfiI1JXkhV8SEZ6xYQSlO5jeDA68fsgUmm_Awilbu56iM5gxXHk4l5DFlL6GQHXAjA25Bz9ZQkNrSsyNj67eq6UFug5NP3Ng5lJu33szCD3arx_E9wFhWqZOTiAqo7VT6gYMA8_ecVeUXhzHv8"
2021-09-15 17:58:02.731 +06:00 [INF] Sending HTTP request POST "https://www.google.com/recaptcha/api/siteverify?secret=SECRET_KEY&response=03AGdBq26dCRpq6m8zXp6OzpTAKkmuZ7NjdRTjPuBigFCeoDIzBMv_SsEYxtQ1YqWnozPzHAbGXbFKE7RGfrLbO6li4I8Tt3OQNmJh-gZxrRKkANYKNyLa0sF8BfO4pOPOnbSQbhLzq_UAiLfnJkWFEuE-puejwcsBfCl7EBUNEAbxXztbF9txTPtN3d0LPmtMa02G1SHp6pG12JphcVeaef7pjTANmHZ-2QvP1gcgzLhH8r2iAjqjwUadeQO1Sz2BMPkAItkx7wl5b-dt60X0Mo-H2QlkFerpiHk049x8YES9ZkXD4sFoekid0RPfiI1JXkhV8SEZ6xYQSlO5jeDA68fsgUmm_Awilbu56iM5gxXHk4l5DFlL6GQHXAjA25Bz9ZQkNrSsyNj67eq6UFug5NP3Ng5lJu33szCD3arx_E9wFhWqZOTiAqo7VT6gYMA8_ecVeUXhzHv8"
2021-09-15 17:58:03.008 +06:00 [INF] Received HTTP response headers after 276.0344ms - 200
2021-09-15 17:58:03.008 +06:00 [INF] End processing HTTP request after 276.6138ms - 200
2021-09-15 18:05:05.484 +06:00 [INF] Application Starting up
2021-09-15 18:06:25.156 +06:00 [INF] Start processing HTTP request POST "https://www.google.com/recaptcha/api/siteverify?secret=SECRET_KEY&response="
2021-09-15 18:06:25.164 +06:00 [INF] Sending HTTP request POST "https://www.google.com/recaptcha/api/siteverify?secret=SECRET_KEY&response="
2021-09-15 18:06:25.699 +06:00 [INF] Received HTTP response headers after 528.8663ms - 200
2021-09-15 18:06:25.702 +06:00 [INF] End processing HTTP request after 554.1235ms - 200
2021-09-15 18:08:36.846 +06:00 [INF] Application Starting up
2021-09-15 18:09:56.539 +06:00 [INF] Start processing HTTP request POST "https://www.google.com/recaptcha/api/siteverify?secret=SECRET_KEY&response=03AGdBq26QImU_0kg8rEhUIiEJBO91z9mYHPTT4aN191_mCFuEpUvq-KR25jMOcRa3FrCODbf7TrW6Pks_1AOEIS0XLzK-KOY62HX3evll3iEIF8Agg_svz-N5IANDibiFzueGGqzTkRZFl2kOpCCCT2iFTcQQoR9I1mxDBjZJr0KOkjj_Cx-AzfEMe3gDzth5UtCE1wJs9F8-xZf6HqHdD3ETyHhrWbKkuQdOTglgr6UckbnjqC2M8T5RnfCtyLbpo3zGoSGwhUJIfgsAtlXQQL_ea3DEzrdNqKMj6c-I2S1vyJD6q5AAOA7xp3BZA3APaBeACo8U7uzbJ-nUDwNmEQiM-3lEQIHlk-905k5o5BYCQyZTaRKycBuJEJImhzqxZtUD9dS2QU5ZdU-QICiSePbFmeqOrYC_YxwiM-fREnSY3lDYOegwcLgi8cOJG4WcL63Zdsy55aYU"
2021-09-15 18:09:56.551 +06:00 [INF] Sending HTTP request POST "https://www.google.com/recaptcha/api/siteverify?secret=SECRET_KEY&response=03AGdBq26QImU_0kg8rEhUIiEJBO91z9mYHPTT4aN191_mCFuEpUvq-KR25jMOcRa3FrCODbf7TrW6Pks_1AOEIS0XLzK-KOY62HX3evll3iEIF8Agg_svz-N5IANDibiFzueGGqzTkRZFl2kOpCCCT2iFTcQQoR9I1mxDBjZJr0KOkjj_Cx-AzfEMe3gDzth5UtCE1wJs9F8-xZf6HqHdD3ETyHhrWbKkuQdOTglgr6UckbnjqC2M8T5RnfCtyLbpo3zGoSGwhUJIfgsAtlXQQL_ea3DEzrdNqKMj6c-I2S1vyJD6q5AAOA7xp3BZA3APaBeACo8U7uzbJ-nUDwNmEQiM-3lEQIHlk-905k5o5BYCQyZTaRKycBuJEJImhzqxZtUD9dS2QU5ZdU-QICiSePbFmeqOrYC_YxwiM-fREnSY3lDYOegwcLgi8cOJG4WcL63Zdsy55aYU"
2021-09-15 18:09:57.065 +06:00 [INF] Received HTTP response headers after 509.0215ms - 200
2021-09-15 18:09:57.068 +06:00 [INF] End processing HTTP request after 535.808ms - 200
2021-09-15 18:12:22.584 +06:00 [INF] Application Starting up
2021-09-15 18:13:15.073 +06:00 [INF] Start processing HTTP request POST "https://www.google.com/recaptcha/api/siteverify?secret=SECRET_KEY&response=03AGdBq244UBLEQyazoEcUxon6xDuhzL4wFQu3WaKAI8C7LDb-TFhcNxFhc-75eNT2cOEQTtrMK2iw1AjZuIIA1GSFEviZIer131lTWvuiUHJr1uAaMhKP0iUR1wLCmwjZ9Xr_JtJRFHDsFb2qwfXtSkApLqMoCqJ4jZVDzkpwOUDe8HjVFJBe2nZThMMf67EYwxmWE163A7e2-LF0Ac4BqGrtEd4LbvTqAwSaaOKJxcDbOXe4iAiUirnlnk2p2Wpykoml0VxNovwI-4737Y6vujFl04v7Rt8HM4wrwGgePE_SbO-PZoSy3-YSweOiIWHicwiCc57blpGgOFs1OIJCEKo8Ns0cZCBTH-InifqcYhr0QA3xbtp57Bt3gtCxv7U0jHDIJsFckbufSjOuCw2KZj16qM3uvJM-dra9X1WSyzFBnwJQ0wAIRNnm_ZDMrcLFwTIz0X-I8PhI"
2021-09-15 18:13:15.083 +06:00 [INF] Sending HTTP request POST "https://www.google.com/recaptcha/api/siteverify?secret=SECRET_KEY&response=03AGdBq244UBLEQyazoEcUxon6xDuhzL4wFQu3WaKAI8C7LDb-TFhcNxFhc-75eNT2cOEQTtrMK2iw1AjZuIIA1GSFEviZIer131lTWvuiUHJr1uAaMhKP0iUR1wLCmwjZ9Xr_JtJRFHDsFb2qwfXtSkApLqMoCqJ4jZVDzkpwOUDe8HjVFJBe2nZThMMf67EYwxmWE163A7e2-LF0Ac4BqGrtEd4LbvTqAwSaaOKJxcDbOXe4iAiUirnlnk2p2Wpykoml0VxNovwI-4737Y6vujFl04v7Rt8HM4wrwGgePE_SbO-PZoSy3-YSweOiIWHicwiCc57blpGgOFs1OIJCEKo8Ns0cZCBTH-InifqcYhr0QA3xbtp57Bt3gtCxv7U0jHDIJsFckbufSjOuCw2KZj16qM3uvJM-dra9X1WSyzFBnwJQ0wAIRNnm_ZDMrcLFwTIz0X-I8PhI"
2021-09-15 18:13:15.653 +06:00 [INF] Received HTTP response headers after 565.756ms - 200
2021-09-15 18:13:15.655 +06:00 [INF] End processing HTTP request after 592.5083ms - 200
2021-09-15 18:13:24.626 +06:00 [INF] User created a new account with password.
2021-09-15 18:13:39.208 +06:00 [INF] User logged out.
2021-09-15 18:14:14.399 +06:00 [INF] Application Starting up
2021-09-15 18:14:50.698 +06:00 [INF] Start processing HTTP request POST "https://www.google.com/recaptcha/api/siteverify?secret=SECRET_KEY&response="
2021-09-15 18:14:50.710 +06:00 [INF] Sending HTTP request POST "https://www.google.com/recaptcha/api/siteverify?secret=SECRET_KEY&response="
2021-09-15 18:14:51.177 +06:00 [INF] Received HTTP response headers after 461.8953ms - 200
2021-09-15 18:14:51.179 +06:00 [INF] End processing HTTP request after 492.1469ms - 200
2021-09-15 18:21:10.188 +06:00 [INF] Application Starting up
2021-09-15 18:23:03.749 +06:00 [INF] Start processing HTTP request POST "https://www.google.com/recaptcha/api/siteverify?secret=SECRET_KEY&response=03AGdBq26rVzXO1SEV_pXdsmL6orkFGq4pdDzWC-ZZz4JL8P1IeQpsYWz2zUQPgpcQp6c6JMykI3RkN3y_fp6jh_bLtROVDMCjehOm_D2FrxGPiNBRMK6BzT8G1judHLOgdIPPQGN5KUJsJ7kG2NfcoyergkHU96hIKRgjAbRklwb-bIKRGmddtNqRRSttYwTRojoOwHnTzQmZOEcmUOqHpwwc_5b0K1Us5hvPqv3YnY32SXq74anO14m2RJQMCekBibzWoPhuBZgTelockXVd8rtGVPGd5pBCo_GbrpiDiVg4n4ehBe45PDTt22yLXoNNCnd_-QhmmNwMESN81uoIXDwjYWA8Ee1AhNDN25J5xQSgT_DmRZ6xs5SoeEarkHmzw5kUoOjHFK2fKMk6buDi4YHKgkRgCZg-PgJJ5MySvl8TFXfsDkFFR85I66EwW7QoKZlaycrDBzzBgQOXvZyl-9sJYCFGQa3Stw"
2021-09-15 18:23:03.763 +06:00 [INF] Sending HTTP request POST "https://www.google.com/recaptcha/api/siteverify?secret=SECRET_KEY&response=03AGdBq26rVzXO1SEV_pXdsmL6orkFGq4pdDzWC-ZZz4JL8P1IeQpsYWz2zUQPgpcQp6c6JMykI3RkN3y_fp6jh_bLtROVDMCjehOm_D2FrxGPiNBRMK6BzT8G1judHLOgdIPPQGN5KUJsJ7kG2NfcoyergkHU96hIKRgjAbRklwb-bIKRGmddtNqRRSttYwTRojoOwHnTzQmZOEcmUOqHpwwc_5b0K1Us5hvPqv3YnY32SXq74anO14m2RJQMCekBibzWoPhuBZgTelockXVd8rtGVPGd5pBCo_GbrpiDiVg4n4ehBe45PDTt22yLXoNNCnd_-QhmmNwMESN81uoIXDwjYWA8Ee1AhNDN25J5xQSgT_DmRZ6xs5SoeEarkHmzw5kUoOjHFK2fKMk6buDi4YHKgkRgCZg-PgJJ5MySvl8TFXfsDkFFR85I66EwW7QoKZlaycrDBzzBgQOXvZyl-9sJYCFGQa3Stw"
2021-09-15 18:23:04.314 +06:00 [INF] Received HTTP response headers after 544.6583ms - 200
2021-09-15 18:23:04.318 +06:00 [INF] End processing HTTP request after 582.2852ms - 200
2021-09-15 19:17:08.728 +06:00 [INF] Application Starting up
2021-09-15 19:18:21.055 +06:00 [INF] Start processing HTTP request POST "https://www.google.com/recaptcha/api/siteverify?secret=SECRET_KEY&response="
2021-09-15 19:18:21.062 +06:00 [INF] Sending HTTP request POST "https://www.google.com/recaptcha/api/siteverify?secret=SECRET_KEY&response="
2021-09-15 19:18:21.671 +06:00 [INF] Received HTTP response headers after 605.3462ms - 200
2021-09-15 19:18:21.675 +06:00 [INF] End processing HTTP request after 629.4963ms - 200
2021-09-15 19:19:07.826 +06:00 [INF] Start processing HTTP request POST "https://www.google.com/recaptcha/api/siteverify?secret=SECRET_KEY&response=03AGdBq268pdxdnd6W3Pdx6BOgmGpO72xZFp5v_bKByC1g8BY07V1_WjG4Ilz8vv5RYL3T2I03orc3dbCVkN7KH9wPfRvjWxEuLPHzKoDETzurxL_V_1MDPpqIHi3mohJK-mR5z4NmKLMA41eTdEA8RpPWkZb_DhbllaE__CQPYv3QwQItO60eIk0cY-eh_IgA46Q_mTjp1d2wOiXb1xCDAtm3ruLwlA5L__uG8kfc-_2OmTAzNh2P2yk2YCeLnrSvnEg2ctb8nz3XwGSDvUxNljSZFcQ46g3_5QHm-3bejTte47bBJ_UOM_N04mCbca6C8leZK2nPuXn1IxXHGkktH5rq3y4gSWvpQAz0wz9tyTh6_Ta9i5bCITSVVXYHOVAom3ttIHZGopF9UXAsUhFzDsdemb1z12td89CDkymwKvISP_5RW2mPnl9tHnOAzE8jSMDpNVqQnyiJ"
2021-09-15 19:19:07.826 +06:00 [INF] Sending HTTP request POST "https://www.google.com/recaptcha/api/siteverify?secret=SECRET_KEY&response=03AGdBq268pdxdnd6W3Pdx6BOgmGpO72xZFp5v_bKByC1g8BY07V1_WjG4Ilz8vv5RYL3T2I03orc3dbCVkN7KH9wPfRvjWxEuLPHzKoDETzurxL_V_1MDPpqIHi3mohJK-mR5z4NmKLMA41eTdEA8RpPWkZb_DhbllaE__CQPYv3QwQItO60eIk0cY-eh_IgA46Q_mTjp1d2wOiXb1xCDAtm3ruLwlA5L__uG8kfc-_2OmTAzNh2P2yk2YCeLnrSvnEg2ctb8nz3XwGSDvUxNljSZFcQ46g3_5QHm-3bejTte47bBJ_UOM_N04mCbca6C8leZK2nPuXn1IxXHGkktH5rq3y4gSWvpQAz0wz9tyTh6_Ta9i5bCITSVVXYHOVAom3ttIHZGopF9UXAsUhFzDsdemb1z12td89CDkymwKvISP_5RW2mPnl9tHnOAzE8jSMDpNVqQnyiJ"
2021-09-15 19:19:07.905 +06:00 [INF] Received HTTP response headers after 78.6483ms - 200
2021-09-15 19:19:07.905 +06:00 [INF] End processing HTTP request after 79.3684ms - 200
2021-09-15 19:19:17.763 +06:00 [INF] Application Starting up
2021-09-15 19:23:17.855 +06:00 [INF] Application Starting up
2021-09-15 19:24:20.950 +06:00 [INF] Start processing HTTP request POST "https://www.google.com/recaptcha/api/siteverify?secret=SECRET_KEY&response=03AGdBq25G8EIzyv1dDqyuXfMrXtCEaz8wMyUKmoeHdWiNjTI-85Y5UoL_sNorMaB7yiLkzwNOR2ASyjvEmhuGbSDtjwJVLPijH8MahWPeDUFdt4_aqS7p_AS8qq5xO_oSMhglg0Cb1Vtavs-_QLag78AHILFnWFGNI0a13n6SY_vdFoq_bpcvBnJw10LF3r5LcFTVYWR7qQk-ct2hMP1Uyi-8AcnhXMw57ZqheBWDP5pEk5XIbSPAbwkbPYhKuTomji2K3tUZGcHFfV8YjyzvNRXWYL9sJP3isafc-Jc0gDdom3dZrwp2ag28bWtoQJ4hl7i-X_HNiQKwPRW0jnIv-fIiHhwVUGvmZzb1OyaZ-M_d2_UOjAy8sjzvhQfkq7OVwshg_l8k0F_7fyaadcIfFXeOaYuv8D-G7PM0rJLUIjzcapGiwOowgWs_G2E4DPcGbmDkojyrcFgRGndSC_SKc5_vK2BUiW0LpA"
2021-09-15 19:24:20.958 +06:00 [INF] Sending HTTP request POST "https://www.google.com/recaptcha/api/siteverify?secret=SECRET_KEY&response=03AGdBq25G8EIzyv1dDqyuXfMrXtCEaz8wMyUKmoeHdWiNjTI-85Y5UoL_sNorMaB7yiLkzwNOR2ASyjvEmhuGbSDtjwJVLPijH8MahWPeDUFdt4_aqS7p_AS8qq5xO_oSMhglg0Cb1Vtavs-_QLag78AHILFnWFGNI0a13n6SY_vdFoq_bpcvBnJw10LF3r5LcFTVYWR7qQk-ct2hMP1Uyi-8AcnhXMw57ZqheBWDP5pEk5XIbSPAbwkbPYhKuTomji2K3tUZGcHFfV8YjyzvNRXWYL9sJP3isafc-Jc0gDdom3dZrwp2ag28bWtoQJ4hl7i-X_HNiQKwPRW0jnIv-fIiHhwVUGvmZzb1OyaZ-M_d2_UOjAy8sjzvhQfkq7OVwshg_l8k0F_7fyaadcIfFXeOaYuv8D-G7PM0rJLUIjzcapGiwOowgWs_G2E4DPcGbmDkojyrcFgRGndSC_SKc5_vK2BUiW0LpA"
2021-09-15 19:24:21.434 +06:00 [INF] Received HTTP response headers after 472.0775ms - 200
2021-09-15 19:24:21.435 +06:00 [INF] End processing HTTP request after 493.0769ms - 200
2021-09-15 19:35:25.217 +06:00 [INF] Start processing HTTP request POST "https://www.google.com/recaptcha/api/siteverify?secret=SECRET_KEY&response=03AGdBq2715D43IWVK8sT5YJTu_r1tT1XY3g7_xzsAATw5BtsIHDkdNcjLlFNCJOe_qf7G40MSMhI2t13qDL3WcTF3ofK1I-3ttlulIPGglX0H5k9-1jBhnwqMA4QL4i6SPci08XTLMn_i_Dh_Kr7uph8Wde4cTJEfkp6vPe-MVmPDmW4wFFUlflAM7CV4I7wrD89Vw9KaWxo6sP4KIOE23N5g7RYNL3naTQZ9JDbaMVN9vr-6AzYl0j5Aa513tRfHeQ_nDl8P9zjM6-R4Z_pTkdrNP80vRntHY79mfYYV6x430jCScl1pfdz4eHJ0ZIaWL2E1yQkx4JmVNx40gHRlWKdx3LxXaZkoN7K0jRSbfZqdcujeU1EE7n7nI81o-IEm3QcUtKFKSp8hLU-tNp7dCIsK0318W42u_qxxEpd624x_mNGc0xG8wAdqetG8FL_QBniD3LDjahrbJ8JO90icDMK-8GDxq9IkZA"
2021-09-15 19:35:25.217 +06:00 [INF] Sending HTTP request POST "https://www.google.com/recaptcha/api/siteverify?secret=SECRET_KEY&response=03AGdBq2715D43IWVK8sT5YJTu_r1tT1XY3g7_xzsAATw5BtsIHDkdNcjLlFNCJOe_qf7G40MSMhI2t13qDL3WcTF3ofK1I-3ttlulIPGglX0H5k9-1jBhnwqMA4QL4i6SPci08XTLMn_i_Dh_Kr7uph8Wde4cTJEfkp6vPe-MVmPDmW4wFFUlflAM7CV4I7wrD89Vw9KaWxo6sP4KIOE23N5g7RYNL3naTQZ9JDbaMVN9vr-6AzYl0j5Aa513tRfHeQ_nDl8P9zjM6-R4Z_pTkdrNP80vRntHY79mfYYV6x430jCScl1pfdz4eHJ0ZIaWL2E1yQkx4JmVNx40gHRlWKdx3LxXaZkoN7K0jRSbfZqdcujeU1EE7n7nI81o-IEm3QcUtKFKSp8hLU-tNp7dCIsK0318W42u_qxxEpd624x_mNGc0xG8wAdqetG8FL_QBniD3LDjahrbJ8JO90icDMK-8GDxq9IkZA"
2021-09-15 19:35:25.478 +06:00 [INF] Received HTTP response headers after 260.663ms - 200
2021-09-15 19:35:25.478 +06:00 [INF] End processing HTTP request after 261.2803ms - 200
2021-09-15 19:37:31.119 +06:00 [INF] Application Starting up
2021-09-15 19:38:21.248 +06:00 [INF] Start processing HTTP request POST "https://www.google.com/recaptcha/api/siteverify?secret=SECRET_KEY&response="
2021-09-15 19:38:21.263 +06:00 [INF] Sending HTTP request POST "https://www.google.com/recaptcha/api/siteverify?secret=SECRET_KEY&response="
2021-09-15 19:38:21.851 +06:00 [INF] Received HTTP response headers after 582.2218ms - 200
2021-09-15 19:38:21.855 +06:00 [INF] End processing HTTP request after 619.9721ms - 200
2021-09-15 20:57:02.131 +06:00 [INF] Application Starting up
2021-09-15 20:58:53.244 +06:00 [ERR] Failed to process captcha validation
2021-09-15 20:59:46.293 +06:00 [ERR] Failed to process captcha validation
2021-09-15 21:00:43.788 +06:00 [INF] Application Starting up
2021-09-15 22:53:18.976 +06:00 [INF] Application Starting up
2021-09-15 22:58:01.548 +06:00 [INF] Application Starting up
2021-09-15 22:59:27.256 +06:00 [INF] Start processing HTTP request POST "https://www.google.com/recaptcha/api/siteverify?secret=SECRET_KEY&response="
2021-09-15 22:59:27.266 +06:00 [INF] Sending HTTP request POST "https://www.google.com/recaptcha/api/siteverify?secret=SECRET_KEY&response="
2021-09-15 22:59:27.965 +06:00 [INF] Received HTTP response headers after 695.053ms - 200
2021-09-15 22:59:27.969 +06:00 [INF] End processing HTTP request after 720.8509ms - 200
2021-09-15 23:00:02.704 +06:00 [INF] Start processing HTTP request POST "https://www.google.com/recaptcha/api/siteverify?secret=SECRET_KEY&response=03AGdBq25U3IZVXqL8KATYnn1TiqZml9YbndR6v-tEN80Z1iTou30BbvBh1id2sx-fZon0AkzQX57JuE_GXR1CDXWx5H261nIHkU6XSKYJYiyOGLyP20QDImQnWbl2aVBNWwVe3qyDLSuvRDGCYR3bDcUdzhVYLJ9gxudIT6uGTsPFuqZiaMPj_hssBBLdkxDtkWb0v3luihGIAGqdlzdYmxtzFs7qkb8U1mfPikCQWYbCvB5ESnnvTZ7LtPwHHiiK2_c1PJep2UQRa-6PSSyanvRuY1aeN9UF-v3Ls7NOY-TRnMKacw3E_o8ZZF3iboVD7XmTj7_zFTMUfjnrtFGQ48nRjLrWpq0o_RzQZKzYEKOQvIIP3C9clUV57Vg9X8Mmtxv3i9GLv9EB7jioPRaI0MoipIELJsSOnIf5wl2NCAHVaNIHDuL3n5Va_VhyUskkPRJPrivieSzd"
2021-09-15 23:00:02.705 +06:00 [INF] Sending HTTP request POST "https://www.google.com/recaptcha/api/siteverify?secret=SECRET_KEY&response=03AGdBq25U3IZVXqL8KATYnn1TiqZml9YbndR6v-tEN80Z1iTou30BbvBh1id2sx-fZon0AkzQX57JuE_GXR1CDXWx5H261nIHkU6XSKYJYiyOGLyP20QDImQnWbl2aVBNWwVe3qyDLSuvRDGCYR3bDcUdzhVYLJ9gxudIT6uGTsPFuqZiaMPj_hssBBLdkxDtkWb0v3luihGIAGqdlzdYmxtzFs7qkb8U1mfPikCQWYbCvB5ESnnvTZ7LtPwHHiiK2_c1PJep2UQRa-6PSSyanvRuY1aeN9UF-v3Ls7NOY-TRnMKacw3E_o8ZZF3iboVD7XmTj7_zFTMUfjnrtFGQ48nRjLrWpq0o_RzQZKzYEKOQvIIP3C9clUV57Vg9X8Mmtxv3i9GLv9EB7jioPRaI0MoipIELJsSOnIf5wl2NCAHVaNIHDuL3n5Va_VhyUskkPRJPrivieSzd"
2021-09-15 23:00:02.960 +06:00 [INF] Received HTTP response headers after 255.3764ms - 200
2021-09-15 23:00:02.960 +06:00 [INF] End processing HTTP request after 256.0245ms - 200
2021-09-15 23:05:18.187 +06:00 [INF] Application Starting up
2021-09-15 23:06:50.509 +06:00 [INF] Start processing HTTP request POST "https://www.google.com/recaptcha/api/siteverify?secret=SECRET_KEY&response="
2021-09-15 23:06:50.517 +06:00 [INF] Sending HTTP request POST "https://www.google.com/recaptcha/api/siteverify?secret=SECRET_KEY&response="
2021-09-15 23:06:51.005 +06:00 [INF] Received HTTP response headers after 484.0117ms - 200
2021-09-15 23:06:51.007 +06:00 [INF] End processing HTTP request after 505.4495ms - 200
2021-09-15 23:08:20.195 +06:00 [INF] Start processing HTTP request POST "https://www.google.com/recaptcha/api/siteverify?secret=SECRET_KEY&response=03AGdBq24Wa5CfcdHdSYt4GGAExdAnf71Xex6OOw5yyeA-UxRduummdluletgpN8GEeFIbICHZqDwBDFX9V2SJo2TZDcp7L1m7_dmtIUQ1EVyMfA_nVxRv4qv2VgbdNf9K0D84KasW_Rvon7_ZapftQicdqPX1llvHlGW2CiOafidg9n18aC-hxisA2wOcIoFGI9JM2Ra4tSy3oeMYyZmwotp8k0RtXole70rLVySKfFA_3IxRvnyGOboB1wWGSLPI88h9Lf61ms0HvfNYctjRO4uX74EONl_8QYQyzVKypjpbKwW2iFx9DFNs73YJd6GVbP41O-6QRwoRx9ncW7pvIOD1fOeK2dKlNoqA1rTje9kVXAnOg8WnmI7OGmmzLbc-0JeT-j0y9kGy5leCsAfIbZwM_IgAC7EEPyNCbcxMsK-JUN7Gd6VNTsrQnyCUG0xhje19EgDv5pjS"
2021-09-15 23:08:20.195 +06:00 [INF] Sending HTTP request POST "https://www.google.com/recaptcha/api/siteverify?secret=SECRET_KEY&response=03AGdBq24Wa5CfcdHdSYt4GGAExdAnf71Xex6OOw5yyeA-UxRduummdluletgpN8GEeFIbICHZqDwBDFX9V2SJo2TZDcp7L1m7_dmtIUQ1EVyMfA_nVxRv4qv2VgbdNf9K0D84KasW_Rvon7_ZapftQicdqPX1llvHlGW2CiOafidg9n18aC-hxisA2wOcIoFGI9JM2Ra4tSy3oeMYyZmwotp8k0RtXole70rLVySKfFA_3IxRvnyGOboB1wWGSLPI88h9Lf61ms0HvfNYctjRO4uX74EONl_8QYQyzVKypjpbKwW2iFx9DFNs73YJd6GVbP41O-6QRwoRx9ncW7pvIOD1fOeK2dKlNoqA1rTje9kVXAnOg8WnmI7OGmmzLbc-0JeT-j0y9kGy5leCsAfIbZwM_IgAC7EEPyNCbcxMsK-JUN7Gd6VNTsrQnyCUG0xhje19EgDv5pjS"
2021-09-15 23:08:20.269 +06:00 [INF] Received HTTP response headers after 73.2182ms - 200
2021-09-15 23:08:20.269 +06:00 [INF] End processing HTTP request after 73.9628ms - 200
