2021-09-29 01:06:54.179 +06:00 [INF] Application Starting up
2021-09-29 01:07:52.273 +06:00 [INF] Start processing HTTP request POST "https://www.google.com/recaptcha/api/siteverify?secret=6LcjBVwcAAAAACh_LtFNsK97E5JgQApuhd3ZMn6Z&response=03AGdBq24k2HwSN9xN_uY6N2zGDcIdmGeu4-3-0d4snn8XDKD1lb-UtBmcE83Fudsar8bIOd_e1LL1uJiQcmmJjKjmTerBT3CwiBsrwjntTqPnyXkeFPwfCoyLZjcO-7hKLQgUROhodH_8W_ivFystDAT3xHNj7SoI44ySvRIjzZ1i2YiKNXmVH763gtb35GVtjbAnV6ie9njx1WtmZOCBNK9m83mH6WSC2UpHaLWeMGbhxrmmAyU021xu8hAABuTrnMImiggwWaQVxlHZBS8O5yuy2Vv8kipxLyCNgzNCXU7jgcnBowOwtmYwF3VjN_Pa4YfcDZZlwFA_7xQhXTrHqh7UQ2z_P1MVQ_VQRl5VN1W-oQeQalHRlSw1AbV5TyfRhCfhFPfQ0yX3ELzqdTBXD8cnOP8HYxtx5mWy9yoFmXDFU2lz7-wZlulQT9Bc7rSZUKlzpReOxgaIv-5QbgEtTekFdlWE21I4yWsxT37Ps1Br4PudLhcgOGE"
2021-09-29 01:07:52.282 +06:00 [INF] Sending HTTP request POST "https://www.google.com/recaptcha/api/siteverify?secret=6LcjBVwcAAAAACh_LtFNsK97E5JgQApuhd3ZMn6Z&response=03AGdBq24k2HwSN9xN_uY6N2zGDcIdmGeu4-3-0d4snn8XDKD1lb-UtBmcE83Fudsar8bIOd_e1LL1uJiQcmmJjKjmTerBT3CwiBsrwjntTqPnyXkeFPwfCoyLZjcO-7hKLQgUROhodH_8W_ivFystDAT3xHNj7SoI44ySvRIjzZ1i2YiKNXmVH763gtb35GVtjbAnV6ie9njx1WtmZOCBNK9m83mH6WSC2UpHaLWeMGbhxrmmAyU021xu8hAABuTrnMImiggwWaQVxlHZBS8O5yuy2Vv8kipxLyCNgzNCXU7jgcnBowOwtmYwF3VjN_Pa4YfcDZZlwFA_7xQhXTrHqh7UQ2z_P1MVQ_VQRl5VN1W-oQeQalHRlSw1AbV5TyfRhCfhFPfQ0yX3ELzqdTBXD8cnOP8HYxtx5mWy9yoFmXDFU2lz7-wZlulQT9Bc7rSZUKlzpReOxgaIv-5QbgEtTekFdlWE21I4yWsxT37Ps1Br4PudLhcgOGE"
2021-09-29 01:07:52.858 +06:00 [INF] Received HTTP response headers after 570.9532ms - 200
2021-09-29 01:07:52.860 +06:00 [INF] End processing HTTP request after 597.3233ms - 200
2021-09-29 01:07:53.362 +06:00 [INF] User created a new account with password.
2021-09-29 01:12:23.844 +06:00 [ERR] File Already Exit
System.InvalidOperationException: Select Excel File
   at DataImporter.Web.Models.Imports.UploadModel.UploadExcelFile() in D:\DevSkill\dotNet\Code\Asp.NetBatch5\FinalProject\DataImporter\DataImporter.Web\Models\Imports\UploadModel.cs:line 124
   at DataImporter.Web.Controllers.ImportController.Upload(UploadModel model) in D:\DevSkill\dotNet\Code\Asp.NetBatch5\FinalProject\DataImporter\DataImporter.Web\Controllers\ImportController.cs:line 52
2021-09-29 01:13:06.733 +06:00 [INF] Application Starting up
2021-09-29 01:13:22.133 +06:00 [INF] User logged in.
2021-09-29 01:15:53.960 +06:00 [INF] Application Starting up
2021-09-29 01:16:22.652 +06:00 [INF] User logged in.
2021-09-29 01:18:46.438 +06:00 [INF] Application Starting up
2021-09-29 01:19:01.201 +06:00 [INF] User logged in.
2021-09-29 01:21:27.256 +06:00 [INF] Application Starting up
2021-09-29 01:21:38.577 +06:00 [INF] User logged in.
2021-09-29 01:22:34.771 +06:00 [ERR] File Already Exit
System.InvalidOperationException: Select Excel File
   at DataImporter.Web.Models.Imports.UploadModel.UploadExcelFile() in D:\DevSkill\dotNet\Code\Asp.NetBatch5\FinalProject\DataImporter\DataImporter.Web\Models\Imports\UploadModel.cs:line 139
   at DataImporter.Web.Controllers.ImportController.Upload(UploadModel model) in D:\DevSkill\dotNet\Code\Asp.NetBatch5\FinalProject\DataImporter\DataImporter.Web\Controllers\ImportController.cs:line 52
2021-09-29 01:23:06.751 +06:00 [ERR] File Already Exit
System.InvalidOperationException: File Already Exit
   at DataImporter.Web.Models.Imports.UploadModel.UploadExcelFile() in D:\DevSkill\dotNet\Code\Asp.NetBatch5\FinalProject\DataImporter\DataImporter.Web\Models\Imports\UploadModel.cs:line 123
   at DataImporter.Web.Controllers.ImportController.Upload(UploadModel model) in D:\DevSkill\dotNet\Code\Asp.NetBatch5\FinalProject\DataImporter\DataImporter.Web\Controllers\ImportController.cs:line 52
2021-09-29 01:27:27.221 +06:00 [INF] Application Starting up
2021-09-29 01:27:38.256 +06:00 [INF] User logged in.
2021-09-29 01:28:25.002 +06:00 [ERR] File Already Exit
System.InvalidOperationException: Select Excel File
   at DataImporter.Web.Models.Imports.UploadModel.UploadExcelFile() in D:\DevSkill\dotNet\Code\Asp.NetBatch5\FinalProject\DataImporter\DataImporter.Web\Models\Imports\UploadModel.cs:line 124
   at DataImporter.Web.Controllers.ImportController.Upload(UploadModel model) in D:\DevSkill\dotNet\Code\Asp.NetBatch5\FinalProject\DataImporter\DataImporter.Web\Controllers\ImportController.cs:line 52
2021-09-29 01:29:22.731 +06:00 [INF] Application Starting up
2021-09-29 01:30:19.821 +06:00 [INF] User logged in.
2021-09-29 01:31:14.916 +06:00 [ERR] File Already Exit
System.IO.InvalidDataException: The file is not an valid Package file. If the file is encrypted, please supply the password in the constructor.
   at OfficeOpenXml.Packaging.ZipPackage..ctor(Stream stream)
   at OfficeOpenXml.ExcelPackage.Load(Stream input, Stream output, String Password)
   at OfficeOpenXml.ExcelPackage.Load(Stream input)
   at OfficeOpenXml.ExcelPackage..ctor(Stream newStream)
   at DataImporter.Web.Models.Imports.UploadModel.UploadExcelFile() in D:\DevSkill\dotNet\Code\Asp.NetBatch5\FinalProject\DataImporter\DataImporter.Web\Models\Imports\UploadModel.cs:line 131
   at DataImporter.Web.Controllers.ImportController.Upload(UploadModel model) in D:\DevSkill\dotNet\Code\Asp.NetBatch5\FinalProject\DataImporter\DataImporter.Web\Controllers\ImportController.cs:line 52
2021-09-29 01:31:38.970 +06:00 [ERR] File Already Exit
System.IO.InvalidDataException: The file is not an valid Package file. If the file is encrypted, please supply the password in the constructor.
   at OfficeOpenXml.Packaging.ZipPackage..ctor(Stream stream)
   at OfficeOpenXml.ExcelPackage.Load(Stream input, Stream output, String Password)
   at OfficeOpenXml.ExcelPackage.Load(Stream input)
   at OfficeOpenXml.ExcelPackage..ctor(Stream newStream)
   at DataImporter.Web.Models.Imports.UploadModel.UploadExcelFile() in D:\DevSkill\dotNet\Code\Asp.NetBatch5\FinalProject\DataImporter\DataImporter.Web\Models\Imports\UploadModel.cs:line 131
   at DataImporter.Web.Controllers.ImportController.Upload(UploadModel model) in D:\DevSkill\dotNet\Code\Asp.NetBatch5\FinalProject\DataImporter\DataImporter.Web\Controllers\ImportController.cs:line 52
2021-09-29 01:34:36.212 +06:00 [INF] Application Starting up
2021-09-29 01:34:47.224 +06:00 [INF] User logged in.
2021-09-29 01:35:23.215 +06:00 [ERR] File Already Exit
System.InvalidOperationException: File Already Exit
   at DataImporter.Web.Models.Imports.UploadModel.UploadExcelFile() in D:\DevSkill\dotNet\Code\Asp.NetBatch5\FinalProject\DataImporter\DataImporter.Web\Models\Imports\UploadModel.cs:line 124
   at DataImporter.Web.Controllers.ImportController.Upload(UploadModel model) in D:\DevSkill\dotNet\Code\Asp.NetBatch5\FinalProject\DataImporter\DataImporter.Web\Controllers\ImportController.cs:line 52
2021-09-29 01:37:48.567 +06:00 [INF] Application Starting up
2021-09-29 01:38:32.039 +06:00 [INF] User logged in.
2021-09-29 01:39:08.551 +06:00 [ERR] File Already Exit
System.InvalidOperationException: Select Excel File
   at DataImporter.Web.Models.Imports.UploadModel.UploadExcelFile() in D:\DevSkill\dotNet\Code\Asp.NetBatch5\FinalProject\DataImporter\DataImporter.Web\Models\Imports\UploadModel.cs:line 125
   at DataImporter.Web.Controllers.ImportController.Upload(UploadModel model) in D:\DevSkill\dotNet\Code\Asp.NetBatch5\FinalProject\DataImporter\DataImporter.Web\Controllers\ImportController.cs:line 52
2021-09-29 01:41:20.807 +06:00 [INF] Application Starting up
2021-09-29 01:41:35.024 +06:00 [INF] User logged in.
2021-09-29 01:43:13.488 +06:00 [ERR] File Already Exit
System.InvalidOperationException: Select Excel File
   at DataImporter.Web.Models.Imports.UploadModel.UploadExcelFile() in D:\DevSkill\dotNet\Code\Asp.NetBatch5\FinalProject\DataImporter\DataImporter.Web\Models\Imports\UploadModel.cs:line 140
   at DataImporter.Web.Controllers.ImportController.Upload(UploadModel model) in D:\DevSkill\dotNet\Code\Asp.NetBatch5\FinalProject\DataImporter\DataImporter.Web\Controllers\ImportController.cs:line 52
2021-09-29 01:43:25.152 +06:00 [ERR] File Already Exit
System.InvalidOperationException: Select Excel File
   at DataImporter.Web.Models.Imports.UploadModel.UploadExcelFile() in D:\DevSkill\dotNet\Code\Asp.NetBatch5\FinalProject\DataImporter\DataImporter.Web\Models\Imports\UploadModel.cs:line 140
   at DataImporter.Web.Controllers.ImportController.Upload(UploadModel model) in D:\DevSkill\dotNet\Code\Asp.NetBatch5\FinalProject\DataImporter\DataImporter.Web\Controllers\ImportController.cs:line 52
2021-09-29 01:45:52.277 +06:00 [INF] Application Starting up
2021-09-29 01:46:05.830 +06:00 [INF] User logged in.
2021-09-29 02:15:22.987 +06:00 [INF] Application Starting up
2021-09-29 02:15:40.533 +06:00 [INF] User logged in.
2021-09-29 02:23:20.877 +06:00 [INF] Application Starting up
2021-09-29 02:23:35.895 +06:00 [INF] User logged in.
2021-09-29 04:14:24.881 +06:00 [INF] Application Starting up
2021-09-29 04:14:41.499 +06:00 [INF] User logged in.
2021-09-29 04:16:58.178 +06:00 [INF] Application Starting up
2021-09-29 04:17:10.918 +06:00 [INF] User logged in.
2021-09-29 10:30:36.739 +06:00 [INF] Application Starting up
2021-09-29 10:32:25.338 +06:00 [INF] User logged in.
2021-09-29 10:40:22.816 +06:00 [INF] Application Starting up
2021-09-29 10:40:34.079 +06:00 [INF] User logged in.
2021-09-29 11:08:15.164 +06:00 [INF] Application Starting up
2021-09-29 11:08:30.087 +06:00 [INF] User logged in.
2021-09-29 11:14:56.719 +06:00 [INF] Application Starting up
2021-09-29 11:15:21.604 +06:00 [INF] User logged in.
2021-09-29 11:15:44.109 +06:00 [ERR] File Already Exit
System.InvalidOperationException: File Already Exit
   at DataImporter.Web.Models.Imports.UploadModel.UploadExcelFile() in D:\DevSkill\dotNet\Code\Asp.NetBatch5\FinalProject\DataImporter\DataImporter.Web\Models\Imports\UploadModel.cs:line 120
   at DataImporter.Web.Controllers.ImportController.Upload(UploadModel model) in D:\DevSkill\dotNet\Code\Asp.NetBatch5\FinalProject\DataImporter\DataImporter.Web\Controllers\ImportController.cs:line 52
2021-09-29 11:15:54.551 +06:00 [ERR] File Already Exit
System.InvalidOperationException: File Already Exit
   at DataImporter.Web.Models.Imports.UploadModel.UploadExcelFile() in D:\DevSkill\dotNet\Code\Asp.NetBatch5\FinalProject\DataImporter\DataImporter.Web\Models\Imports\UploadModel.cs:line 120
   at DataImporter.Web.Controllers.ImportController.Upload(UploadModel model) in D:\DevSkill\dotNet\Code\Asp.NetBatch5\FinalProject\DataImporter\DataImporter.Web\Controllers\ImportController.cs:line 52
2021-09-29 11:17:04.791 +06:00 [INF] Application Starting up
2021-09-29 11:17:27.932 +06:00 [INF] User logged in.
2021-09-29 11:21:48.354 +06:00 [INF] Application Starting up
2021-09-29 11:22:13.352 +06:00 [INF] User logged in.
2021-09-29 11:24:38.996 +06:00 [INF] Application Starting up
2021-09-29 11:24:56.502 +06:00 [INF] User logged in.
2021-09-29 11:33:06.874 +06:00 [INF] Application Starting up
2021-09-29 11:33:39.944 +06:00 [INF] User logged in.
2021-09-29 11:35:25.304 +06:00 [ERR] An unhandled exception has occurred while executing the request.
Microsoft.Data.SqlClient.SqlException (0x80131904): Invalid object name 'ColumnDatas'.
   at Microsoft.Data.SqlClient.SqlConnection.OnError(SqlException exception, Boolean breakConnection, Action`1 wrapCloseInAction)
   at Microsoft.Data.SqlClient.SqlInternalConnection.OnError(SqlException exception, Boolean breakConnection, Action`1 wrapCloseInAction)
   at Microsoft.Data.SqlClient.TdsParser.ThrowExceptionAndWarning(TdsParserStateObject stateObj, Boolean callerHasConnectionLock, Boolean asyncClose)
   at Microsoft.Data.SqlClient.TdsParser.TryRun(RunBehavior runBehavior, SqlCommand cmdHandler, SqlDataReader dataStream, BulkCopySimpleResultSet bulkCopyHandler, TdsParserStateObject stateObj, Boolean& dataReady)
   at Microsoft.Data.SqlClient.SqlDataReader.TryConsumeMetaData()
   at Microsoft.Data.SqlClient.SqlDataReader.get_MetaData()
   at Microsoft.Data.SqlClient.SqlCommand.FinishExecuteReader(SqlDataReader ds, RunBehavior runBehavior, String resetOptionsString, Boolean isInternal, Boolean forDescribeParameterEncryption, Boolean shouldCacheForAlwaysEncrypted)
   at Microsoft.Data.SqlClient.SqlCommand.RunExecuteReaderTds(CommandBehavior cmdBehavior, RunBehavior runBehavior, Boolean returnStream, Boolean isAsync, Int32 timeout, Task& task, Boolean asyncWrite, Boolean inRetry, SqlDataReader ds, Boolean describeParameterEncryptionRequest)
   at Microsoft.Data.SqlClient.SqlCommand.RunExecuteReader(CommandBehavior cmdBehavior, RunBehavior runBehavior, Boolean returnStream, TaskCompletionSource`1 completion, Int32 timeout, Task& task, Boolean& usedCache, Boolean asyncWrite, Boolean inRetry, String method)
   at Microsoft.Data.SqlClient.SqlCommand.RunExecuteReader(CommandBehavior cmdBehavior, RunBehavior runBehavior, Boolean returnStream, String method)
   at Microsoft.Data.SqlClient.SqlCommand.ExecuteReader(CommandBehavior behavior)
   at Microsoft.Data.SqlClient.SqlCommand.ExecuteDbDataReader(CommandBehavior behavior)
   at System.Data.Common.DbCommand.ExecuteReader()
   at Microsoft.EntityFrameworkCore.Storage.RelationalCommand.ExecuteReader(RelationalCommandParameterObject parameterObject)
   at Microsoft.EntityFrameworkCore.Query.Internal.SingleQueryingEnumerable`1.Enumerator.InitializeReader(DbContext _, Boolean result)
   at Microsoft.EntityFrameworkCore.SqlServer.Storage.Internal.SqlServerExecutionStrategy.Execute[TState,TResult](TState state, Func`3 operation, Func`3 verifySucceeded)
   at Microsoft.EntityFrameworkCore.Query.Internal.SingleQueryingEnumerable`1.Enumerator.MoveNext()
   at System.Linq.Enumerable.Single[TSource](IEnumerable`1 source)
   at Microsoft.EntityFrameworkCore.Query.Internal.QueryCompiler.Execute[TResult](Expression query)
   at Microsoft.EntityFrameworkCore.Query.Internal.EntityQueryProvider.Execute[TResult](Expression expression)
   at System.Linq.Queryable.Count[TSource](IQueryable`1 source)
   at DataImporter.Data.Repository`2.GetCount(Expression`1 filter) in D:\DevSkill\dotNet\Code\Asp.NetBatch5\FinalProject\DataImporter\DataImporter.Data\Repository.cs:line 68
   at DataImporter.Transfer.Services.ColumnDataService.ExitGroupId(Int32 groupId) in D:\DevSkill\dotNet\Code\Asp.NetBatch5\FinalProject\DataImporter\DataImporter.Transfer\Services\ColumnDataService.cs:line 45
   at DataImporter.Transfer.Services.ColumnDataService.FileMatching(Int32 groupId) in D:\DevSkill\dotNet\Code\Asp.NetBatch5\FinalProject\DataImporter\DataImporter.Transfer\Services\ColumnDataService.cs:line 25
   at DataImporter.Web.Models.Imports.CreateImportModel.FileMatching(Int32 groupId) in D:\DevSkill\dotNet\Code\Asp.NetBatch5\FinalProject\DataImporter\DataImporter.Web\Models\Imports\CreateImportModel.cs:line 79
   at DataImporter.Web.Controllers.ImportController.FileMatching(UploadModel model) in D:\DevSkill\dotNet\Code\Asp.NetBatch5\FinalProject\DataImporter\DataImporter.Web\Controllers\ImportController.cs:line 71
   at lambda_method897(Closure , Object , Object[] )
   at Microsoft.AspNetCore.Mvc.Infrastructure.ActionMethodExecutor.SyncActionResultExecutor.Execute(IActionResultTypeMapper mapper, ObjectMethodExecutor executor, Object controller, Object[] arguments)
   at Microsoft.AspNetCore.Mvc.Infrastructure.ControllerActionInvoker.InvokeActionMethodAsync()
   at Microsoft.AspNetCore.Mvc.Infrastructure.ControllerActionInvoker.Next(State& next, Scope& scope, Object& state, Boolean& isCompleted)
   at Microsoft.AspNetCore.Mvc.Infrastructure.ControllerActionInvoker.InvokeNextActionFilterAsync()
--- End of stack trace from previous location ---
   at Microsoft.AspNetCore.Mvc.Infrastructure.ControllerActionInvoker.Rethrow(ActionExecutedContextSealed context)
   at Microsoft.AspNetCore.Mvc.Infrastructure.ControllerActionInvoker.Next(State& next, Scope& scope, Object& state, Boolean& isCompleted)
   at Microsoft.AspNetCore.Mvc.Infrastructure.ControllerActionInvoker.InvokeInnerFilterAsync()
--- End of stack trace from previous location ---
   at Microsoft.AspNetCore.Mvc.Infrastructure.ResourceInvoker.<InvokeNextResourceFilter>g__Awaited|24_0(ResourceInvoker invoker, Task lastTask, State next, Scope scope, Object state, Boolean isCompleted)
   at Microsoft.AspNetCore.Mvc.Infrastructure.ResourceInvoker.Rethrow(ResourceExecutedContextSealed context)
   at Microsoft.AspNetCore.Mvc.Infrastructure.ResourceInvoker.Next(State& next, Scope& scope, Object& state, Boolean& isCompleted)
   at Microsoft.AspNetCore.Mvc.Infrastructure.ResourceInvoker.InvokeFilterPipelineAsync()
--- End of stack trace from previous location ---
   at Microsoft.AspNetCore.Mvc.Infrastructure.ResourceInvoker.<InvokeAsync>g__Awaited|17_0(ResourceInvoker invoker, Task task, IDisposable scope)
   at Microsoft.AspNetCore.Routing.EndpointMiddleware.<Invoke>g__AwaitRequestTask|6_0(Endpoint endpoint, Task requestTask, ILogger logger)
   at Microsoft.AspNetCore.Session.SessionMiddleware.Invoke(HttpContext context)
   at Microsoft.AspNetCore.Session.SessionMiddleware.Invoke(HttpContext context)
   at Microsoft.AspNetCore.Authorization.Policy.AuthorizationMiddlewareResultHandler.HandleAsync(RequestDelegate next, HttpContext context, AuthorizationPolicy policy, PolicyAuthorizationResult authorizeResult)
   at Microsoft.AspNetCore.Authorization.AuthorizationMiddleware.Invoke(HttpContext context)
   at Microsoft.AspNetCore.Authentication.AuthenticationMiddleware.Invoke(HttpContext context)
   at Microsoft.AspNetCore.Diagnostics.EntityFrameworkCore.MigrationsEndPointMiddleware.Invoke(HttpContext context)
   at Microsoft.AspNetCore.Diagnostics.DeveloperExceptionPageMiddleware.Invoke(HttpContext context)
ClientConnectionId:76ff6461-ddb3-4fe2-8b55-b9a7aa7960cd
Error Number:208,State:1,Class:16
2021-09-29 12:00:46.774 +06:00 [INF] Application Starting up
2021-09-29 12:01:48.522 +06:00 [INF] User logged in.
2021-09-29 12:02:33.895 +06:00 [ERR] File Already Exit
System.InvalidOperationException: File Already Exit
   at DataImporter.Web.Models.Imports.UploadModel.UploadExcelFile() in D:\DevSkill\dotNet\Code\Asp.NetBatch5\FinalProject\DataImporter\DataImporter.Web\Models\Imports\UploadModel.cs:line 120
   at DataImporter.Web.Controllers.ImportController.Upload(UploadModel model) in D:\DevSkill\dotNet\Code\Asp.NetBatch5\FinalProject\DataImporter\DataImporter.Web\Controllers\ImportController.cs:line 52
2021-09-29 12:07:37.215 +06:00 [INF] Application Starting up
2021-09-29 12:08:12.493 +06:00 [INF] User logged in.
2021-09-29 12:08:44.958 +06:00 [ERR] File Already Exit
System.InvalidOperationException: File Already Exit
   at DataImporter.Web.Models.Imports.UploadModel.UploadExcelFile() in D:\DevSkill\dotNet\Code\Asp.NetBatch5\FinalProject\DataImporter\DataImporter.Web\Models\Imports\UploadModel.cs:line 120
   at DataImporter.Web.Controllers.ImportController.Upload(UploadModel model) in D:\DevSkill\dotNet\Code\Asp.NetBatch5\FinalProject\DataImporter\DataImporter.Web\Controllers\ImportController.cs:line 52
2021-09-29 12:17:09.967 +06:00 [INF] Application Starting up
2021-09-29 12:17:29.514 +06:00 [INF] User logged in.
2021-09-29 12:25:00.991 +06:00 [INF] Application Starting up
2021-09-29 12:25:20.875 +06:00 [INF] User logged in.
2021-09-29 16:06:15.263 +06:00 [INF] Application Starting up
2021-09-29 16:06:38.136 +06:00 [INF] User logged in.
2021-09-29 16:24:27.867 +06:00 [INF] Application Starting up
2021-09-29 16:24:39.908 +06:00 [INF] User logged in.
2021-09-29 16:26:12.394 +06:00 [INF] Application Starting up
2021-09-29 16:26:22.501 +06:00 [INF] User logged in.
2021-09-29 16:55:23.157 +06:00 [INF] Application Starting up
2021-09-29 16:58:00.850 +06:00 [INF] Application Starting up
2021-09-29 16:58:25.323 +06:00 [INF] Start processing HTTP request POST "https://www.google.com/recaptcha/api/siteverify?secret=6LcjBVwcAAAAACh_LtFNsK97E5JgQApuhd3ZMn6Z&response="
2021-09-29 16:58:25.331 +06:00 [INF] Sending HTTP request POST "https://www.google.com/recaptcha/api/siteverify?secret=6LcjBVwcAAAAACh_LtFNsK97E5JgQApuhd3ZMn6Z&response="
2021-09-29 16:58:25.858 +06:00 [INF] Received HTTP response headers after 520.913ms - 200
2021-09-29 16:58:25.860 +06:00 [INF] End processing HTTP request after 548.1146ms - 200
2021-09-29 16:58:40.701 +06:00 [INF] Start processing HTTP request POST "https://www.google.com/recaptcha/api/siteverify?secret=6LcjBVwcAAAAACh_LtFNsK97E5JgQApuhd3ZMn6Z&response=03AGdBq26rgAu_bWF0zPZGrGVNlOwI9i9WrmRLOP90XZLezCq7FXpt16lPS8l8nOOGx8mpr1x_qWlmF85NhABrUvFczJ5M0ZzGPNyArVyqa2kQCYTOBvhdycw2j9oXQINNcF0XnhvqQ7s_Y76h-iPYs9e0tTCswOXjcXa9NbsOAC6PTgqoiX94y0gXdO2EP5H9O19py3OYnq5JhcCtPbs62223AvpSjGTJGX8tu5tGPGxa7QVxul2q3EDRKMrbraeBnE0uLP_EQS9autQkdGfs7bW88AzP6b2KM6GGTVkO4WtiWNEL1FunqLCIAyqXzi96TCoKP5jmxKj8tZ03RV8veGmmRXQcK07sTFGqa_aNgiH6rQ6LVJwHx9bc_qsJ0JcdWJCCil3J790sdQ1BtCEZSLkm-2b2scvqKR66fqFzDNv2hVM-orhuGWMcAnepFW-PQcdM6j4O9uu2rIBpQkP2t96X6tC93_zCxg"
2021-09-29 16:58:40.701 +06:00 [INF] Sending HTTP request POST "https://www.google.com/recaptcha/api/siteverify?secret=6LcjBVwcAAAAACh_LtFNsK97E5JgQApuhd3ZMn6Z&response=03AGdBq26rgAu_bWF0zPZGrGVNlOwI9i9WrmRLOP90XZLezCq7FXpt16lPS8l8nOOGx8mpr1x_qWlmF85NhABrUvFczJ5M0ZzGPNyArVyqa2kQCYTOBvhdycw2j9oXQINNcF0XnhvqQ7s_Y76h-iPYs9e0tTCswOXjcXa9NbsOAC6PTgqoiX94y0gXdO2EP5H9O19py3OYnq5JhcCtPbs62223AvpSjGTJGX8tu5tGPGxa7QVxul2q3EDRKMrbraeBnE0uLP_EQS9autQkdGfs7bW88AzP6b2KM6GGTVkO4WtiWNEL1FunqLCIAyqXzi96TCoKP5jmxKj8tZ03RV8veGmmRXQcK07sTFGqa_aNgiH6rQ6LVJwHx9bc_qsJ0JcdWJCCil3J790sdQ1BtCEZSLkm-2b2scvqKR66fqFzDNv2hVM-orhuGWMcAnepFW-PQcdM6j4O9uu2rIBpQkP2t96X6tC93_zCxg"
2021-09-29 16:58:40.793 +06:00 [INF] Received HTTP response headers after 91.7947ms - 200
2021-09-29 16:58:40.793 +06:00 [INF] End processing HTTP request after 92.2862ms - 200
2021-09-29 16:58:43.186 +06:00 [INF] User created a new account with password.
2021-09-29 16:59:09.688 +06:00 [INF] Application Starting up
2021-09-29 16:59:27.840 +06:00 [INF] User logged in.
2021-09-29 17:05:41.507 +06:00 [INF] Application Starting up
2021-09-29 17:05:55.303 +06:00 [INF] User logged in.
2021-09-29 17:06:16.449 +06:00 [INF] Application Starting up
2021-09-29 17:08:34.983 +06:00 [ERR] File Already Exit
System.InvalidOperationException: File Already Exit
   at DataImporter.Web.Models.Imports.UploadModel.UploadExcelFile() in D:\DevSkill\dotNet\Code\Asp.NetBatch5\FinalProject\DataImporter\DataImporter.Web\Models\Imports\UploadModel.cs:line 120
   at DataImporter.Web.Controllers.ImportController.Upload(UploadModel model) in D:\DevSkill\dotNet\Code\Asp.NetBatch5\FinalProject\DataImporter\DataImporter.Web\Controllers\ImportController.cs:line 52
2021-09-29 17:15:32.645 +06:00 [INF] Application Starting up
2021-09-29 17:16:16.109 +06:00 [ERR] File Already Exit
System.InvalidOperationException: File Already Exit
   at DataImporter.Web.Models.Imports.UploadModel.UploadExcelFile() in D:\DevSkill\dotNet\Code\Asp.NetBatch5\FinalProject\DataImporter\DataImporter.Web\Models\Imports\UploadModel.cs:line 120
   at DataImporter.Web.Controllers.ImportController.Upload(UploadModel model) in D:\DevSkill\dotNet\Code\Asp.NetBatch5\FinalProject\DataImporter\DataImporter.Web\Controllers\ImportController.cs:line 52
2021-09-29 17:21:02.246 +06:00 [INF] Application Starting up
2021-09-29 17:36:04.039 +06:00 [INF] Application Starting up
2021-09-29 17:39:00.258 +06:00 [INF] Application Starting up
2021-09-29 17:44:27.035 +06:00 [INF] Application Starting up
2021-09-29 17:46:52.625 +06:00 [INF] Application Starting up
2021-09-29 17:48:05.091 +06:00 [ERR] File Already Exit
System.InvalidOperationException: File Already Exit
   at DataImporter.Web.Models.Imports.UploadModel.UploadExcelFile() in D:\DevSkill\dotNet\Code\Asp.NetBatch5\FinalProject\DataImporter\DataImporter.Web\Models\Imports\UploadModel.cs:line 120
   at DataImporter.Web.Controllers.ImportController.Upload(UploadModel model) in D:\DevSkill\dotNet\Code\Asp.NetBatch5\FinalProject\DataImporter\DataImporter.Web\Controllers\ImportController.cs:line 52
2021-09-29 17:51:18.049 +06:00 [INF] Application Starting up
2021-09-29 18:12:55.151 +06:00 [INF] Application Starting up
2021-09-29 19:06:06.957 +06:00 [INF] Application Starting up
2021-09-29 19:13:00.143 +06:00 [INF] Application Starting up
2021-09-29 19:16:05.184 +06:00 [ERR] File Already Exit
System.InvalidOperationException: Select Excel File
   at DataImporter.Web.Models.Imports.UploadModel.UploadExcelFile() in D:\DevSkill\dotNet\Code\Asp.NetBatch5\FinalProject\DataImporter\DataImporter.Web\Models\Imports\UploadModel.cs:line 138
   at DataImporter.Web.Controllers.ImportController.Upload(UploadModel model) in D:\DevSkill\dotNet\Code\Asp.NetBatch5\FinalProject\DataImporter\DataImporter.Web\Controllers\ImportController.cs:line 52
2021-09-29 19:20:19.535 +06:00 [INF] Application Starting up
2021-09-29 19:20:54.518 +06:00 [ERR] File Already Exit
System.InvalidOperationException: File Already Exit
   at DataImporter.Web.Models.Imports.UploadModel.UploadExcelFile() in D:\DevSkill\dotNet\Code\Asp.NetBatch5\FinalProject\DataImporter\DataImporter.Web\Models\Imports\UploadModel.cs:line 120
   at DataImporter.Web.Controllers.ImportController.Upload(UploadModel model) in D:\DevSkill\dotNet\Code\Asp.NetBatch5\FinalProject\DataImporter\DataImporter.Web\Controllers\ImportController.cs:line 52
2021-09-29 19:21:03.956 +06:00 [ERR] File Already Exit
System.InvalidOperationException: File Already Exit
   at DataImporter.Web.Models.Imports.UploadModel.UploadExcelFile() in D:\DevSkill\dotNet\Code\Asp.NetBatch5\FinalProject\DataImporter\DataImporter.Web\Models\Imports\UploadModel.cs:line 120
   at DataImporter.Web.Controllers.ImportController.Upload(UploadModel model) in D:\DevSkill\dotNet\Code\Asp.NetBatch5\FinalProject\DataImporter\DataImporter.Web\Controllers\ImportController.cs:line 52
2021-09-29 19:21:14.366 +06:00 [ERR] File Already Exit
System.InvalidOperationException: File Already Exit
   at DataImporter.Web.Models.Imports.UploadModel.UploadExcelFile() in D:\DevSkill\dotNet\Code\Asp.NetBatch5\FinalProject\DataImporter\DataImporter.Web\Models\Imports\UploadModel.cs:line 120
   at DataImporter.Web.Controllers.ImportController.Upload(UploadModel model) in D:\DevSkill\dotNet\Code\Asp.NetBatch5\FinalProject\DataImporter\DataImporter.Web\Controllers\ImportController.cs:line 52
2021-09-29 19:23:34.915 +06:00 [INF] Application Starting up
2021-09-29 19:24:08.050 +06:00 [ERR] File Already Exit
System.InvalidOperationException: File Already Exit
   at DataImporter.Web.Models.Imports.UploadModel.UploadExcelFile() in D:\DevSkill\dotNet\Code\Asp.NetBatch5\FinalProject\DataImporter\DataImporter.Web\Models\Imports\UploadModel.cs:line 120
   at DataImporter.Web.Controllers.ImportController.Upload(UploadModel model) in D:\DevSkill\dotNet\Code\Asp.NetBatch5\FinalProject\DataImporter\DataImporter.Web\Controllers\ImportController.cs:line 52
2021-09-29 19:28:20.258 +06:00 [INF] Application Starting up
2021-09-29 19:36:26.994 +06:00 [INF] Application Starting up
2021-09-29 19:42:38.513 +06:00 [INF] Application Starting up
2021-09-29 19:46:56.873 +06:00 [INF] Application Starting up
2021-09-29 19:47:53.367 +06:00 [ERR] The view 'FileMatching' was not found. Searched locations: ["/Views/Import/FileMatching.cshtml","/Views/Shared/FileMatching.cshtml","/Pages/Shared/FileMatching.cshtml"]
2021-09-29 19:47:53.417 +06:00 [ERR] An unhandled exception has occurred while executing the request.
System.InvalidOperationException: The view 'FileMatching' was not found. The following locations were searched:
/Views/Import/FileMatching.cshtml
/Views/Shared/FileMatching.cshtml
/Pages/Shared/FileMatching.cshtml
   at Microsoft.AspNetCore.Mvc.ViewEngines.ViewEngineResult.EnsureSuccessful(IEnumerable`1 originalLocations)
   at Microsoft.AspNetCore.Mvc.ViewFeatures.ViewResultExecutor.ExecuteAsync(ActionContext context, ViewResult result)
   at Microsoft.AspNetCore.Mvc.ViewResult.ExecuteResultAsync(ActionContext context)
   at Microsoft.AspNetCore.Mvc.Infrastructure.ResourceInvoker.<InvokeNextResultFilterAsync>g__Awaited|29_0[TFilter,TFilterAsync](ResourceInvoker invoker, Task lastTask, State next, Scope scope, Object state, Boolean isCompleted)
   at Microsoft.AspNetCore.Mvc.Infrastructure.ResourceInvoker.Rethrow(ResultExecutedContextSealed context)
   at Microsoft.AspNetCore.Mvc.Infrastructure.ResourceInvoker.ResultNext[TFilter,TFilterAsync](State& next, Scope& scope, Object& state, Boolean& isCompleted)
   at Microsoft.AspNetCore.Mvc.Infrastructure.ResourceInvoker.InvokeResultFilters()
--- End of stack trace from previous location ---
   at Microsoft.AspNetCore.Mvc.Infrastructure.ResourceInvoker.<InvokeNextResourceFilter>g__Awaited|24_0(ResourceInvoker invoker, Task lastTask, State next, Scope scope, Object state, Boolean isCompleted)
   at Microsoft.AspNetCore.Mvc.Infrastructure.ResourceInvoker.Rethrow(ResourceExecutedContextSealed context)
   at Microsoft.AspNetCore.Mvc.Infrastructure.ResourceInvoker.Next(State& next, Scope& scope, Object& state, Boolean& isCompleted)
   at Microsoft.AspNetCore.Mvc.Infrastructure.ResourceInvoker.InvokeFilterPipelineAsync()
--- End of stack trace from previous location ---
   at Microsoft.AspNetCore.Mvc.Infrastructure.ResourceInvoker.<InvokeAsync>g__Awaited|17_0(ResourceInvoker invoker, Task task, IDisposable scope)
   at Microsoft.AspNetCore.Routing.EndpointMiddleware.<Invoke>g__AwaitRequestTask|6_0(Endpoint endpoint, Task requestTask, ILogger logger)
   at Microsoft.AspNetCore.Session.SessionMiddleware.Invoke(HttpContext context)
   at Microsoft.AspNetCore.Session.SessionMiddleware.Invoke(HttpContext context)
   at Microsoft.AspNetCore.Authorization.Policy.AuthorizationMiddlewareResultHandler.HandleAsync(RequestDelegate next, HttpContext context, AuthorizationPolicy policy, PolicyAuthorizationResult authorizeResult)
   at Microsoft.AspNetCore.Authorization.AuthorizationMiddleware.Invoke(HttpContext context)
   at Microsoft.AspNetCore.Authentication.AuthenticationMiddleware.Invoke(HttpContext context)
   at Microsoft.AspNetCore.Diagnostics.EntityFrameworkCore.MigrationsEndPointMiddleware.Invoke(HttpContext context)
   at Microsoft.AspNetCore.Diagnostics.DeveloperExceptionPageMiddleware.Invoke(HttpContext context)
2021-09-29 19:49:45.776 +06:00 [INF] Application Starting up
2021-09-29 19:55:50.357 +06:00 [INF] Application Starting up
2021-09-29 20:02:17.922 +06:00 [ERR] Excel Column Dose not Match
System.InvalidProgramException: Excel Column Dose not Match
   at DataImporter.Web.Models.Imports.CreateImportModel.FileMatching(Int32 groupId, String filePath) in D:\DevSkill\dotNet\Code\Asp.NetBatch5\FinalProject\DataImporter\DataImporter.Web\Models\Imports\CreateImportModel.cs:line 117
   at DataImporter.Web.Controllers.ImportController.FileMatching(UploadModel model) in D:\DevSkill\dotNet\Code\Asp.NetBatch5\FinalProject\DataImporter\DataImporter.Web\Controllers\ImportController.cs:line 74
2021-09-29 20:08:45.145 +06:00 [INF] Application Starting up
2021-09-29 20:10:24.219 +06:00 [ERR] Excel Column Dose not Match
System.InvalidProgramException: Excel Column Dose not Match
   at DataImporter.Web.Models.Imports.CreateImportModel.FileMatching(Int32 groupId, String filePath) in D:\DevSkill\dotNet\Code\Asp.NetBatch5\FinalProject\DataImporter\DataImporter.Web\Models\Imports\CreateImportModel.cs:line 117
   at DataImporter.Web.Controllers.ImportController.FileMatching(UploadModel model) in D:\DevSkill\dotNet\Code\Asp.NetBatch5\FinalProject\DataImporter\DataImporter.Web\Controllers\ImportController.cs:line 74
2021-09-29 20:15:41.768 +06:00 [INF] Application Starting up
2021-09-29 20:18:30.086 +06:00 [INF] Application Starting up
2021-09-29 20:29:21.347 +06:00 [INF] Application Starting up
2021-09-29 20:42:45.440 +06:00 [INF] Application Starting up
2021-09-29 20:47:54.344 +06:00 [INF] Application Starting up
2021-09-29 20:50:05.452 +06:00 [INF] Application Starting up
2021-09-29 21:50:41.132 +06:00 [INF] Application Starting up
2021-09-29 21:51:36.167 +06:00 [INF] User logged out.
2021-09-29 21:51:44.051 +06:00 [INF] User logged in.
2021-09-29 21:53:48.310 +06:00 [INF] Application Starting up
2021-09-29 21:54:26.436 +06:00 [INF] User logged in.
2021-09-29 23:22:14.776 +06:00 [INF] Application Starting up
