2021-10-07 00:08:35.425 +06:00 [INF] Application Starting up
2021-10-07 09:19:46.745 +06:00 [INF] Application Starting up
2021-10-07 10:14:42.783 +06:00 [INF] Application Starting up
2021-10-07 10:19:40.376 +06:00 [INF] Application Starting up
2021-10-07 10:25:28.544 +06:00 [INF] Application Starting up
2021-10-07 10:36:12.826 +06:00 [INF] Application Starting up
2021-10-07 10:37:47.984 +06:00 [INF] Application Starting up
2021-10-07 10:58:53.704 +06:00 [INF] Application Starting up
2021-10-07 11:08:21.343 +06:00 [INF] Application Starting up
2021-10-07 11:09:37.793 +06:00 [INF] Application Starting up
2021-10-07 11:13:17.714 +06:00 [INF] Application Starting up
2021-10-07 11:27:03.670 +06:00 [INF] Application Starting up
2021-10-07 11:29:58.049 +06:00 [INF] Application Starting up
2021-10-07 11:33:41.931 +06:00 [INF] Application Starting up
2021-10-07 11:34:39.275 +06:00 [INF] Application Starting up
2021-10-07 11:38:04.238 +06:00 [INF] Application Starting up
2021-10-07 11:40:33.159 +06:00 [INF] Application Starting up
2021-10-07 11:42:08.712 +06:00 [INF] Application Starting up
2021-10-07 11:45:34.668 +06:00 [INF] Application Starting up
2021-10-07 12:03:03.631 +06:00 [INF] Application Starting up
2021-10-07 12:05:08.178 +06:00 [INF] Application Starting up
2021-10-07 12:11:03.694 +06:00 [INF] Application Starting up
2021-10-07 12:14:02.318 +06:00 [INF] Application Starting up
2021-10-07 12:19:15.837 +06:00 [INF] Application Starting up
2021-10-07 12:36:12.259 +06:00 [INF] Application Starting up
2021-10-07 12:40:24.010 +06:00 [INF] Application Starting up
2021-10-07 12:42:57.575 +06:00 [INF] Application Starting up
2021-10-07 12:46:03.049 +06:00 [ERR] File Already Exit
System.InvalidOperationException: Error saving file D:\DevSkill\dotNet\Code\Asp.NetBatch5\FinalProject\DataImporter\DataImporter.Web\wwwroot\Uploads\FamilyDetails.xlsx
 ---> OfficeOpenXml.LicenseException: Please set the ExcelPackage.LicenseContext property. See https://epplussoftware.com/developers/licenseexception
   at OfficeOpenXml.ExcelPackage.get_Workbook()
   at OfficeOpenXml.ExcelPackage.Save()
   --- End of inner exception stack trace ---
   at OfficeOpenXml.ExcelPackage.Save()
   at OfficeOpenXml.ExcelPackage.SaveAs(FileInfo file)
   at DataImporter.Web.Models.Imports.UploadModel.UploadExcelFile() in D:\DevSkill\dotNet\Code\Asp.NetBatch5\FinalProject\DataImporter\DataImporter.Web\Models\Imports\UploadModel.cs:line 113
   at DataImporter.Web.Controllers.ImportController.Upload(UploadModel model) in D:\DevSkill\dotNet\Code\Asp.NetBatch5\FinalProject\DataImporter\DataImporter.Web\Controllers\ImportController.cs:line 53
2021-10-07 12:46:10.031 +06:00 [ERR] File Already Exit
System.InvalidOperationException: Error saving file D:\DevSkill\dotNet\Code\Asp.NetBatch5\FinalProject\DataImporter\DataImporter.Web\wwwroot\Uploads\New.xlsx
 ---> OfficeOpenXml.LicenseException: Please set the ExcelPackage.LicenseContext property. See https://epplussoftware.com/developers/licenseexception
   at OfficeOpenXml.ExcelPackage.get_Workbook()
   at OfficeOpenXml.ExcelPackage.Save()
   --- End of inner exception stack trace ---
   at OfficeOpenXml.ExcelPackage.Save()
   at OfficeOpenXml.ExcelPackage.SaveAs(FileInfo file)
   at DataImporter.Web.Models.Imports.UploadModel.UploadExcelFile() in D:\DevSkill\dotNet\Code\Asp.NetBatch5\FinalProject\DataImporter\DataImporter.Web\Models\Imports\UploadModel.cs:line 113
   at DataImporter.Web.Controllers.ImportController.Upload(UploadModel model) in D:\DevSkill\dotNet\Code\Asp.NetBatch5\FinalProject\DataImporter\DataImporter.Web\Controllers\ImportController.cs:line 53
2021-10-07 12:46:15.314 +06:00 [ERR] File Already Exit
System.InvalidOperationException: Error saving file D:\DevSkill\dotNet\Code\Asp.NetBatch5\FinalProject\DataImporter\DataImporter.Web\wwwroot\Uploads\Sports.xlsx
 ---> OfficeOpenXml.LicenseException: Please set the ExcelPackage.LicenseContext property. See https://epplussoftware.com/developers/licenseexception
   at OfficeOpenXml.ExcelPackage.get_Workbook()
   at OfficeOpenXml.ExcelPackage.Save()
   --- End of inner exception stack trace ---
   at OfficeOpenXml.ExcelPackage.Save()
   at OfficeOpenXml.ExcelPackage.SaveAs(FileInfo file)
   at DataImporter.Web.Models.Imports.UploadModel.UploadExcelFile() in D:\DevSkill\dotNet\Code\Asp.NetBatch5\FinalProject\DataImporter\DataImporter.Web\Models\Imports\UploadModel.cs:line 113
   at DataImporter.Web.Controllers.ImportController.Upload(UploadModel model) in D:\DevSkill\dotNet\Code\Asp.NetBatch5\FinalProject\DataImporter\DataImporter.Web\Controllers\ImportController.cs:line 53
2021-10-07 12:46:20.810 +06:00 [ERR] File Already Exit
System.InvalidOperationException: Error saving file D:\DevSkill\dotNet\Code\Asp.NetBatch5\FinalProject\DataImporter\DataImporter.Web\wwwroot\Uploads\Users.xlsx
 ---> OfficeOpenXml.LicenseException: Please set the ExcelPackage.LicenseContext property. See https://epplussoftware.com/developers/licenseexception
   at OfficeOpenXml.ExcelPackage.get_Workbook()
   at OfficeOpenXml.ExcelPackage.Save()
   --- End of inner exception stack trace ---
   at OfficeOpenXml.ExcelPackage.Save()
   at OfficeOpenXml.ExcelPackage.SaveAs(FileInfo file)
   at DataImporter.Web.Models.Imports.UploadModel.UploadExcelFile() in D:\DevSkill\dotNet\Code\Asp.NetBatch5\FinalProject\DataImporter\DataImporter.Web\Models\Imports\UploadModel.cs:line 113
   at DataImporter.Web.Controllers.ImportController.Upload(UploadModel model) in D:\DevSkill\dotNet\Code\Asp.NetBatch5\FinalProject\DataImporter\DataImporter.Web\Controllers\ImportController.cs:line 53
2021-10-07 12:46:33.126 +06:00 [ERR] File Already Exit
System.InvalidOperationException: Error saving file D:\DevSkill\dotNet\Code\Asp.NetBatch5\FinalProject\DataImporter\DataImporter.Web\wwwroot\Uploads\Users - Copy (6).xlsx
 ---> OfficeOpenXml.LicenseException: Please set the ExcelPackage.LicenseContext property. See https://epplussoftware.com/developers/licenseexception
   at OfficeOpenXml.ExcelPackage.get_Workbook()
   at OfficeOpenXml.ExcelPackage.Save()
   --- End of inner exception stack trace ---
   at OfficeOpenXml.ExcelPackage.Save()
   at OfficeOpenXml.ExcelPackage.SaveAs(FileInfo file)
   at DataImporter.Web.Models.Imports.UploadModel.UploadExcelFile() in D:\DevSkill\dotNet\Code\Asp.NetBatch5\FinalProject\DataImporter\DataImporter.Web\Models\Imports\UploadModel.cs:line 113
   at DataImporter.Web.Controllers.ImportController.Upload(UploadModel model) in D:\DevSkill\dotNet\Code\Asp.NetBatch5\FinalProject\DataImporter\DataImporter.Web\Controllers\ImportController.cs:line 53
2021-10-07 12:47:03.211 +06:00 [ERR] An unhandled exception has occurred while executing the request.
System.InvalidOperationException: Error saving file D:\DevSkill\dotNet\Code\Asp.NetBatch5\FinalProject\DataImporter\DataImporter.Web\wwwroot\Export\637692076223878963.xlsx
 ---> System.IO.DirectoryNotFoundException: Could not find a part of the path 'D:\DevSkill\dotNet\Code\Asp.NetBatch5\FinalProject\DataImporter\DataImporter.Web\wwwroot\Export\637692076223878963.xlsx'.
   at System.IO.FileStream.ValidateFileHandle(SafeFileHandle fileHandle)
   at System.IO.FileStream.CreateFileOpenHandle(FileMode mode, FileShare share, FileOptions options)
   at System.IO.FileStream..ctor(String path, FileMode mode, FileAccess access, FileShare share, Int32 bufferSize, FileOptions options)
   at OfficeOpenXml.ExcelPackage.SaveAsync(CancellationToken cancellationToken)
   --- End of inner exception stack trace ---
   at OfficeOpenXml.ExcelPackage.SaveAsync(CancellationToken cancellationToken)
   at DataImporter.ExcelFileCreate.CreateExcelSheet.CreateExcel(String groupName) in D:\DevSkill\dotNet\Code\Asp.NetBatch5\FinalProject\DataImporter\DataImporter.ExcelFileCreate\CreateExcelSheet.cs:line 42
   at DataImporter.Web.Models.Exports.DownloadModel.Download(Int32 groupId) in D:\DevSkill\dotNet\Code\Asp.NetBatch5\FinalProject\DataImporter\DataImporter.Web\Models\Exports\DownloadModel.cs:line 50
   at DataImporter.Web.Controllers.ExportController.ExportToExcel(UploadModel model) in D:\DevSkill\dotNet\Code\Asp.NetBatch5\FinalProject\DataImporter\DataImporter.Web\Controllers\ExportController.cs:line 39
   at Microsoft.AspNetCore.Mvc.Infrastructure.ActionMethodExecutor.TaskOfIActionResultExecutor.Execute(IActionResultTypeMapper mapper, ObjectMethodExecutor executor, Object controller, Object[] arguments)
   at Microsoft.AspNetCore.Mvc.Infrastructure.ControllerActionInvoker.<InvokeActionMethodAsync>g__Awaited|12_0(ControllerActionInvoker invoker, ValueTask`1 actionResultValueTask)
   at Microsoft.AspNetCore.Mvc.Infrastructure.ControllerActionInvoker.<InvokeNextActionFilterAsync>g__Awaited|10_0(ControllerActionInvoker invoker, Task lastTask, State next, Scope scope, Object state, Boolean isCompleted)
   at Microsoft.AspNetCore.Mvc.Infrastructure.ControllerActionInvoker.Rethrow(ActionExecutedContextSealed context)
   at Microsoft.AspNetCore.Mvc.Infrastructure.ControllerActionInvoker.Next(State& next, Scope& scope, Object& state, Boolean& isCompleted)
   at Microsoft.AspNetCore.Mvc.Infrastructure.ControllerActionInvoker.InvokeInnerFilterAsync()
--- End of stack trace from previous location ---
   at Microsoft.AspNetCore.Mvc.Infrastructure.ResourceInvoker.<InvokeNextResourceFilter>g__Awaited|24_0(ResourceInvoker invoker, Task lastTask, State next, Scope scope, Object state, Boolean isCompleted)
   at Microsoft.AspNetCore.Mvc.Infrastructure.ResourceInvoker.Rethrow(ResourceExecutedContextSealed context)
   at Microsoft.AspNetCore.Mvc.Infrastructure.ResourceInvoker.Next(State& next, Scope& scope, Object& state, Boolean& isCompleted)
   at Microsoft.AspNetCore.Mvc.Infrastructure.ResourceInvoker.InvokeFilterPipelineAsync()
--- End of stack trace from previous location ---
   at Microsoft.AspNetCore.Mvc.Infrastructure.ResourceInvoker.<InvokeAsync>g__Awaited|17_0(ResourceInvoker invoker, Task task, IDisposable scope)
   at Microsoft.AspNetCore.Routing.EndpointMiddleware.<Invoke>g__AwaitRequestTask|6_0(Endpoint endpoint, Task requestTask, ILogger logger)
   at Microsoft.AspNetCore.Session.SessionMiddleware.Invoke(HttpContext context)
   at Microsoft.AspNetCore.Session.SessionMiddleware.Invoke(HttpContext context)
   at Microsoft.AspNetCore.Authorization.Policy.AuthorizationMiddlewareResultHandler.HandleAsync(RequestDelegate next, HttpContext context, AuthorizationPolicy policy, PolicyAuthorizationResult authorizeResult)
   at Microsoft.AspNetCore.Authorization.AuthorizationMiddleware.Invoke(HttpContext context)
   at Microsoft.AspNetCore.Authentication.AuthenticationMiddleware.Invoke(HttpContext context)
   at Microsoft.AspNetCore.Diagnostics.EntityFrameworkCore.MigrationsEndPointMiddleware.Invoke(HttpContext context)
   at Microsoft.AspNetCore.Diagnostics.DeveloperExceptionPageMiddleware.Invoke(HttpContext context)
2021-10-07 12:47:22.735 +06:00 [ERR] Excel Column Dose not Match
System.InvalidProgramException: Excel Column Dose not Match
   at DataImporter.Web.Models.Imports.CreateImportModel.FileMatching(Int32 groupId, String filePath) in D:\DevSkill\dotNet\Code\Asp.NetBatch5\FinalProject\DataImporter\DataImporter.Web\Models\Imports\CreateImportModel.cs:line 87
   at DataImporter.Web.Controllers.ImportController.FileMatching(UploadModel model) in D:\DevSkill\dotNet\Code\Asp.NetBatch5\FinalProject\DataImporter\DataImporter.Web\Controllers\ImportController.cs:line 75
2021-10-07 12:47:33.779 +06:00 [ERR] Excel Column Dose not Match
Microsoft.EntityFrameworkCore.DbUpdateException: An error occurred while updating the entries. See the inner exception for details.
 ---> Microsoft.Data.SqlClient.SqlException (0x80131904): The INSERT statement conflicted with the FOREIGN KEY constraint "FK_ColumnDatas_Groups_GroupId". The conflict occurred in database "DataImporter", table "dbo.Groups", column 'Id'.
The statement has been terminated.
   at Microsoft.Data.SqlClient.SqlConnection.OnError(SqlException exception, Boolean breakConnection, Action`1 wrapCloseInAction)
   at Microsoft.Data.SqlClient.SqlInternalConnection.OnError(SqlException exception, Boolean breakConnection, Action`1 wrapCloseInAction)
   at Microsoft.Data.SqlClient.TdsParser.ThrowExceptionAndWarning(TdsParserStateObject stateObj, Boolean callerHasConnectionLock, Boolean asyncClose)
   at Microsoft.Data.SqlClient.TdsParser.TryRun(RunBehavior runBehavior, SqlCommand cmdHandler, SqlDataReader dataStream, BulkCopySimpleResultSet bulkCopyHandler, TdsParserStateObject stateObj, Boolean& dataReady)
   at Microsoft.Data.SqlClient.SqlDataReader.TryConsumeMetaData()
   at Microsoft.Data.SqlClient.SqlDataReader.get_MetaData()
   at Microsoft.Data.SqlClient.SqlCommand.FinishExecuteReader(SqlDataReader ds, RunBehavior runBehavior, String resetOptionsString, Boolean isInternal, Boolean forDescribeParameterEncryption, Boolean shouldCacheForAlwaysEncrypted)
   at Microsoft.Data.SqlClient.SqlCommand.RunExecuteReaderTds(CommandBehavior cmdBehavior, RunBehavior runBehavior, Boolean returnStream, Boolean isAsync, Int32 timeout, Task& task, Boolean asyncWrite, Boolean inRetry, SqlDataReader ds, Boolean describeParameterEncryptionRequest)
   at Microsoft.Data.SqlClient.SqlCommand.RunExecuteReader(CommandBehavior cmdBehavior, RunBehavior runBehavior, Boolean returnStream, TaskCompletionSource`1 completion, Int32 timeout, Task& task, Boolean& usedCache, Boolean asyncWrite, Boolean inRetry, String method)
   at Microsoft.Data.SqlClient.SqlCommand.ExecuteReader(CommandBehavior behavior)
   at Microsoft.EntityFrameworkCore.Storage.RelationalCommand.ExecuteReader(RelationalCommandParameterObject parameterObject)
   at Microsoft.EntityFrameworkCore.Update.ReaderModificationCommandBatch.Execute(IRelationalConnection connection)
ClientConnectionId:6e6940c9-4f1a-4cec-a10d-ef439b4e0b24
Error Number:547,State:0,Class:16
   --- End of inner exception stack trace ---
   at Microsoft.EntityFrameworkCore.Update.ReaderModificationCommandBatch.Execute(IRelationalConnection connection)
   at Microsoft.EntityFrameworkCore.Update.Internal.BatchExecutor.Execute(IEnumerable`1 commandBatches, IRelationalConnection connection)
   at Microsoft.EntityFrameworkCore.Storage.RelationalDatabase.SaveChanges(IList`1 entries)
   at Microsoft.EntityFrameworkCore.ChangeTracking.Internal.StateManager.SaveChanges(IList`1 entriesToSave)
   at Microsoft.EntityFrameworkCore.ChangeTracking.Internal.StateManager.SaveChanges(DbContext _, Boolean acceptAllChangesOnSuccess)
   at Microsoft.EntityFrameworkCore.SqlServer.Storage.Internal.SqlServerExecutionStrategy.Execute[TState,TResult](TState state, Func`3 operation, Func`3 verifySucceeded)
   at Microsoft.EntityFrameworkCore.ChangeTracking.Internal.StateManager.SaveChanges(Boolean acceptAllChangesOnSuccess)
   at Microsoft.EntityFrameworkCore.DbContext.SaveChanges(Boolean acceptAllChangesOnSuccess)
   at Microsoft.EntityFrameworkCore.DbContext.SaveChanges()
   at DataImporter.Data.UnitOfWork.Save() in D:\DevSkill\dotNet\Code\Asp.NetBatch5\FinalProject\DataImporter\DataImporter.Data\UnitOfWork.cs:line 15
   at DataImporter.Transfer.Services.ColumnDataService.InsertColumnHeader(ColumnData column) in D:\DevSkill\dotNet\Code\Asp.NetBatch5\FinalProject\DataImporter\DataImporter.Transfer\Services\ColumnDataService.cs:line 78
   at DataImporter.Web.Models.Imports.CreateImportModel.InsertTableHeader(Int32 id, String filePath) in D:\DevSkill\dotNet\Code\Asp.NetBatch5\FinalProject\DataImporter\DataImporter.Web\Models\Imports\CreateImportModel.cs:line 113
   at DataImporter.Web.Controllers.ImportController.FileMatching(UploadModel model) in D:\DevSkill\dotNet\Code\Asp.NetBatch5\FinalProject\DataImporter\DataImporter.Web\Controllers\ImportController.cs:line 81
2021-10-07 12:50:53.891 +06:00 [INF] Application Starting up
2021-10-07 12:51:59.521 +06:00 [ERR] File Already Exit
System.InvalidOperationException: Error saving file D:\DevSkill\dotNet\Code\Asp.NetBatch5\FinalProject\DataImporter\DataImporter.Web\wwwroot\Uploads\Users.xlsx
 ---> OfficeOpenXml.LicenseException: Please set the ExcelPackage.LicenseContext property. See https://epplussoftware.com/developers/licenseexception
   at OfficeOpenXml.ExcelPackage.get_Workbook()
   at OfficeOpenXml.ExcelPackage.Save()
   --- End of inner exception stack trace ---
   at OfficeOpenXml.ExcelPackage.Save()
   at OfficeOpenXml.ExcelPackage.SaveAs(FileInfo file)
   at DataImporter.Web.Models.Imports.UploadModel.UploadExcelFile() in D:\DevSkill\dotNet\Code\Asp.NetBatch5\FinalProject\DataImporter\DataImporter.Web\Models\Imports\UploadModel.cs:line 113
   at DataImporter.Web.Controllers.ImportController.Upload(UploadModel model) in D:\DevSkill\dotNet\Code\Asp.NetBatch5\FinalProject\DataImporter\DataImporter.Web\Controllers\ImportController.cs:line 53
2021-10-07 12:52:45.639 +06:00 [ERR] File Already Exit
System.InvalidOperationException: Error saving file D:\DevSkill\dotNet\Code\Asp.NetBatch5\FinalProject\DataImporter\DataImporter.Web\wwwroot\Uploads\Sports.xlsx
 ---> OfficeOpenXml.LicenseException: Please set the ExcelPackage.LicenseContext property. See https://epplussoftware.com/developers/licenseexception
   at OfficeOpenXml.ExcelPackage.get_Workbook()
   at OfficeOpenXml.ExcelPackage.Save()
   --- End of inner exception stack trace ---
   at OfficeOpenXml.ExcelPackage.Save()
   at OfficeOpenXml.ExcelPackage.SaveAs(FileInfo file)
   at DataImporter.Web.Models.Imports.UploadModel.UploadExcelFile() in D:\DevSkill\dotNet\Code\Asp.NetBatch5\FinalProject\DataImporter\DataImporter.Web\Models\Imports\UploadModel.cs:line 113
   at DataImporter.Web.Controllers.ImportController.Upload(UploadModel model) in D:\DevSkill\dotNet\Code\Asp.NetBatch5\FinalProject\DataImporter\DataImporter.Web\Controllers\ImportController.cs:line 53
2021-10-07 12:53:00.085 +06:00 [ERR] File Already Exit
System.InvalidOperationException: Error saving file D:\DevSkill\dotNet\Code\Asp.NetBatch5\FinalProject\DataImporter\DataImporter.Web\wwwroot\Uploads\FamilyDetails.xlsx
 ---> OfficeOpenXml.LicenseException: Please set the ExcelPackage.LicenseContext property. See https://epplussoftware.com/developers/licenseexception
   at OfficeOpenXml.ExcelPackage.get_Workbook()
   at OfficeOpenXml.ExcelPackage.Save()
   --- End of inner exception stack trace ---
   at OfficeOpenXml.ExcelPackage.Save()
   at OfficeOpenXml.ExcelPackage.SaveAs(FileInfo file)
   at DataImporter.Web.Models.Imports.UploadModel.UploadExcelFile() in D:\DevSkill\dotNet\Code\Asp.NetBatch5\FinalProject\DataImporter\DataImporter.Web\Models\Imports\UploadModel.cs:line 113
   at DataImporter.Web.Controllers.ImportController.Upload(UploadModel model) in D:\DevSkill\dotNet\Code\Asp.NetBatch5\FinalProject\DataImporter\DataImporter.Web\Controllers\ImportController.cs:line 53
2021-10-07 12:53:05.582 +06:00 [ERR] File Already Exit
System.InvalidOperationException: Error saving file D:\DevSkill\dotNet\Code\Asp.NetBatch5\FinalProject\DataImporter\DataImporter.Web\wwwroot\Uploads\New.xlsx
 ---> OfficeOpenXml.LicenseException: Please set the ExcelPackage.LicenseContext property. See https://epplussoftware.com/developers/licenseexception
   at OfficeOpenXml.ExcelPackage.get_Workbook()
   at OfficeOpenXml.ExcelPackage.Save()
   --- End of inner exception stack trace ---
   at OfficeOpenXml.ExcelPackage.Save()
   at OfficeOpenXml.ExcelPackage.SaveAs(FileInfo file)
   at DataImporter.Web.Models.Imports.UploadModel.UploadExcelFile() in D:\DevSkill\dotNet\Code\Asp.NetBatch5\FinalProject\DataImporter\DataImporter.Web\Models\Imports\UploadModel.cs:line 113
   at DataImporter.Web.Controllers.ImportController.Upload(UploadModel model) in D:\DevSkill\dotNet\Code\Asp.NetBatch5\FinalProject\DataImporter\DataImporter.Web\Controllers\ImportController.cs:line 53
2021-10-07 12:55:11.382 +06:00 [ERR] File Already Exit
System.InvalidOperationException: Error saving file D:\DevSkill\dotNet\Code\Asp.NetBatch5\FinalProject\DataImporter\DataImporter.Web\wwwroot\Uploads\FamilyDetails.xlsx
 ---> OfficeOpenXml.LicenseException: Please set the ExcelPackage.LicenseContext property. See https://epplussoftware.com/developers/licenseexception
   at OfficeOpenXml.ExcelPackage.get_Workbook()
   at OfficeOpenXml.ExcelPackage.Save()
   --- End of inner exception stack trace ---
   at OfficeOpenXml.ExcelPackage.Save()
   at OfficeOpenXml.ExcelPackage.SaveAs(FileInfo file)
   at DataImporter.Web.Models.Imports.UploadModel.UploadExcelFile() in D:\DevSkill\dotNet\Code\Asp.NetBatch5\FinalProject\DataImporter\DataImporter.Web\Models\Imports\UploadModel.cs:line 113
   at DataImporter.Web.Controllers.ImportController.Upload(UploadModel model) in D:\DevSkill\dotNet\Code\Asp.NetBatch5\FinalProject\DataImporter\DataImporter.Web\Controllers\ImportController.cs:line 53
2021-10-07 12:57:09.272 +06:00 [ERR] File Already Exit
System.InvalidOperationException: Error saving file D:\DevSkill\dotNet\Code\Asp.NetBatch5\FinalProject\DataImporter\DataImporter.Web\wwwroot\Uploads\Users - Copy (5) - Copy.xlsx
 ---> OfficeOpenXml.LicenseException: Please set the ExcelPackage.LicenseContext property. See https://epplussoftware.com/developers/licenseexception
   at OfficeOpenXml.ExcelPackage.get_Workbook()
   at OfficeOpenXml.ExcelPackage.Save()
   --- End of inner exception stack trace ---
   at OfficeOpenXml.ExcelPackage.Save()
   at OfficeOpenXml.ExcelPackage.SaveAs(FileInfo file)
   at DataImporter.Web.Models.Imports.UploadModel.UploadExcelFile() in D:\DevSkill\dotNet\Code\Asp.NetBatch5\FinalProject\DataImporter\DataImporter.Web\Models\Imports\UploadModel.cs:line 113
   at DataImporter.Web.Controllers.ImportController.Upload(UploadModel model) in D:\DevSkill\dotNet\Code\Asp.NetBatch5\FinalProject\DataImporter\DataImporter.Web\Controllers\ImportController.cs:line 53
2021-10-07 12:57:28.816 +06:00 [ERR] File Already Exit
System.InvalidOperationException: Error saving file D:\DevSkill\dotNet\Code\Asp.NetBatch5\FinalProject\DataImporter\DataImporter.Web\wwwroot\Uploads\Users - Copy (5) - Copy.xlsx
 ---> OfficeOpenXml.LicenseException: Please set the ExcelPackage.LicenseContext property. See https://epplussoftware.com/developers/licenseexception
   at OfficeOpenXml.ExcelPackage.get_Workbook()
   at OfficeOpenXml.ExcelPackage.Save()
   --- End of inner exception stack trace ---
   at OfficeOpenXml.ExcelPackage.Save()
   at OfficeOpenXml.ExcelPackage.SaveAs(FileInfo file)
   at DataImporter.Web.Models.Imports.UploadModel.UploadExcelFile() in D:\DevSkill\dotNet\Code\Asp.NetBatch5\FinalProject\DataImporter\DataImporter.Web\Models\Imports\UploadModel.cs:line 113
   at DataImporter.Web.Controllers.ImportController.Upload(UploadModel model) in D:\DevSkill\dotNet\Code\Asp.NetBatch5\FinalProject\DataImporter\DataImporter.Web\Controllers\ImportController.cs:line 53
2021-10-07 12:59:02.399 +06:00 [INF] Application Starting up
2021-10-07 13:01:04.044 +06:00 [ERR] File Already Exit
System.InvalidOperationException: Error saving file D:\DevSkill\dotNet\Code\Asp.NetBatch5\FinalProject\DataImporter\DataImporter.Web\wwwroot\Uploads\Sports.xlsx
 ---> OfficeOpenXml.LicenseException: Please set the ExcelPackage.LicenseContext property. See https://epplussoftware.com/developers/licenseexception
   at OfficeOpenXml.ExcelPackage.get_Workbook()
   at OfficeOpenXml.ExcelPackage.Save()
   --- End of inner exception stack trace ---
   at OfficeOpenXml.ExcelPackage.Save()
   at OfficeOpenXml.ExcelPackage.SaveAs(FileInfo file)
   at DataImporter.Web.Models.Imports.UploadModel.UploadExcelFile() in D:\DevSkill\dotNet\Code\Asp.NetBatch5\FinalProject\DataImporter\DataImporter.Web\Models\Imports\UploadModel.cs:line 113
   at DataImporter.Web.Controllers.ImportController.Upload(UploadModel model) in D:\DevSkill\dotNet\Code\Asp.NetBatch5\FinalProject\DataImporter\DataImporter.Web\Controllers\ImportController.cs:line 53
2021-10-07 13:02:21.708 +06:00 [ERR] File Already Exit
System.InvalidOperationException: Error saving file D:\DevSkill\dotNet\Code\Asp.NetBatch5\FinalProject\DataImporter\DataImporter.Web\wwwroot\Uploads\Sports.xlsx
 ---> OfficeOpenXml.LicenseException: Please set the ExcelPackage.LicenseContext property. See https://epplussoftware.com/developers/licenseexception
   at OfficeOpenXml.ExcelPackage.get_Workbook()
   at OfficeOpenXml.ExcelPackage.Save()
   --- End of inner exception stack trace ---
   at OfficeOpenXml.ExcelPackage.Save()
   at OfficeOpenXml.ExcelPackage.SaveAs(FileInfo file)
   at DataImporter.Web.Models.Imports.UploadModel.UploadExcelFile() in D:\DevSkill\dotNet\Code\Asp.NetBatch5\FinalProject\DataImporter\DataImporter.Web\Models\Imports\UploadModel.cs:line 113
   at DataImporter.Web.Controllers.ImportController.Upload(UploadModel model) in D:\DevSkill\dotNet\Code\Asp.NetBatch5\FinalProject\DataImporter\DataImporter.Web\Controllers\ImportController.cs:line 53
2021-10-07 13:07:21.780 +06:00 [INF] Application Starting up
2021-10-07 13:08:53.559 +06:00 [ERR] File Already Exit
System.InvalidOperationException: Error saving file D:\DevSkill\dotNet\Code\Asp.NetBatch5\FinalProject\DataImporter\DataImporter.Web\wwwroot\Uploads\New.xlsx
 ---> OfficeOpenXml.LicenseException: Please set the ExcelPackage.LicenseContext property. See https://epplussoftware.com/developers/licenseexception
   at OfficeOpenXml.ExcelPackage.get_Workbook()
   at OfficeOpenXml.ExcelPackage.Save()
   --- End of inner exception stack trace ---
   at OfficeOpenXml.ExcelPackage.Save()
   at OfficeOpenXml.ExcelPackage.SaveAs(FileInfo file)
   at DataImporter.Web.Models.Imports.UploadModel.UploadExcelFile() in D:\DevSkill\dotNet\Code\Asp.NetBatch5\FinalProject\DataImporter\DataImporter.Web\Models\Imports\UploadModel.cs:line 113
   at DataImporter.Web.Controllers.ImportController.Upload(UploadModel model) in D:\DevSkill\dotNet\Code\Asp.NetBatch5\FinalProject\DataImporter\DataImporter.Web\Controllers\ImportController.cs:line 53
2021-10-07 13:09:21.224 +06:00 [INF] Application Starting up
2021-10-07 13:12:37.899 +06:00 [INF] Application Starting up
2021-10-07 13:17:53.345 +06:00 [INF] Application Starting up
2021-10-07 13:18:42.517 +06:00 [ERR] File Already Exit
System.InvalidOperationException: File Already Exit
   at DataImporter.Web.Models.Imports.UploadModel.UploadExcelFile() in D:\DevSkill\dotNet\Code\Asp.NetBatch5\FinalProject\DataImporter\DataImporter.Web\Models\Imports\UploadModel.cs:line 103
   at DataImporter.Web.Controllers.ImportController.Upload(UploadModel model) in D:\DevSkill\dotNet\Code\Asp.NetBatch5\FinalProject\DataImporter\DataImporter.Web\Controllers\ImportController.cs:line 53
2021-10-07 13:23:39.144 +06:00 [INF] Application Starting up
2021-10-07 13:27:44.940 +06:00 [INF] Application Starting up
2021-10-07 13:33:41.211 +06:00 [ERR] An unhandled exception has occurred while executing the request.
System.NullReferenceException: Object reference not set to an instance of an object.
   at AspNetCore.Views_Group_TestData.ExecuteAsync() in D:\DevSkill\dotNet\Code\Asp.NetBatch5\FinalProject\DataImporter\DataImporter.Web\Views\Group\TestData.cshtml:line 71
   at Microsoft.AspNetCore.Mvc.Razor.RazorView.RenderPageCoreAsync(IRazorPage page, ViewContext context)
   at Microsoft.AspNetCore.Mvc.Razor.RazorView.RenderPageAsync(IRazorPage page, ViewContext context, Boolean invokeViewStarts)
   at Microsoft.AspNetCore.Mvc.Razor.RazorView.RenderAsync(ViewContext context)
   at Microsoft.AspNetCore.Mvc.ViewFeatures.ViewExecutor.ExecuteAsync(ViewContext viewContext, String contentType, Nullable`1 statusCode)
   at Microsoft.AspNetCore.Mvc.ViewFeatures.ViewExecutor.ExecuteAsync(ViewContext viewContext, String contentType, Nullable`1 statusCode)
   at Microsoft.AspNetCore.Mvc.ViewFeatures.ViewExecutor.ExecuteAsync(ActionContext actionContext, IView view, ViewDataDictionary viewData, ITempDataDictionary tempData, String contentType, Nullable`1 statusCode)
   at Microsoft.AspNetCore.Mvc.ViewFeatures.ViewResultExecutor.ExecuteAsync(ActionContext context, ViewResult result)
   at Microsoft.AspNetCore.Mvc.ViewResult.ExecuteResultAsync(ActionContext context)
   at Microsoft.AspNetCore.Mvc.Infrastructure.ResourceInvoker.<InvokeNextResultFilterAsync>g__Awaited|29_0[TFilter,TFilterAsync](ResourceInvoker invoker, Task lastTask, State next, Scope scope, Object state, Boolean isCompleted)
   at Microsoft.AspNetCore.Mvc.Infrastructure.ResourceInvoker.Rethrow(ResultExecutedContextSealed context)
   at Microsoft.AspNetCore.Mvc.Infrastructure.ResourceInvoker.ResultNext[TFilter,TFilterAsync](State& next, Scope& scope, Object& state, Boolean& isCompleted)
   at Microsoft.AspNetCore.Mvc.Infrastructure.ResourceInvoker.InvokeResultFilters()
--- End of stack trace from previous location ---
   at Microsoft.AspNetCore.Mvc.Infrastructure.ResourceInvoker.<InvokeNextResourceFilter>g__Awaited|24_0(ResourceInvoker invoker, Task lastTask, State next, Scope scope, Object state, Boolean isCompleted)
   at Microsoft.AspNetCore.Mvc.Infrastructure.ResourceInvoker.Rethrow(ResourceExecutedContextSealed context)
   at Microsoft.AspNetCore.Mvc.Infrastructure.ResourceInvoker.Next(State& next, Scope& scope, Object& state, Boolean& isCompleted)
   at Microsoft.AspNetCore.Mvc.Infrastructure.ResourceInvoker.InvokeFilterPipelineAsync()
--- End of stack trace from previous location ---
   at Microsoft.AspNetCore.Mvc.Infrastructure.ResourceInvoker.<InvokeAsync>g__Awaited|17_0(ResourceInvoker invoker, Task task, IDisposable scope)
   at Microsoft.AspNetCore.Routing.EndpointMiddleware.<Invoke>g__AwaitRequestTask|6_0(Endpoint endpoint, Task requestTask, ILogger logger)
   at Microsoft.AspNetCore.Session.SessionMiddleware.Invoke(HttpContext context)
   at Microsoft.AspNetCore.Session.SessionMiddleware.Invoke(HttpContext context)
   at Microsoft.AspNetCore.Authorization.Policy.AuthorizationMiddlewareResultHandler.HandleAsync(RequestDelegate next, HttpContext context, AuthorizationPolicy policy, PolicyAuthorizationResult authorizeResult)
   at Microsoft.AspNetCore.Authorization.AuthorizationMiddleware.Invoke(HttpContext context)
   at Microsoft.AspNetCore.Authentication.AuthenticationMiddleware.Invoke(HttpContext context)
   at Microsoft.AspNetCore.Diagnostics.EntityFrameworkCore.MigrationsEndPointMiddleware.Invoke(HttpContext context)
   at Microsoft.AspNetCore.Diagnostics.DeveloperExceptionPageMiddleware.Invoke(HttpContext context)
2021-10-07 13:35:48.393 +06:00 [INF] Application Starting up
2021-10-07 15:22:39.404 +06:00 [INF] Application Starting up
2021-10-07 15:32:56.598 +06:00 [INF] Application Starting up
2021-10-07 15:44:05.374 +06:00 [INF] Application Starting up
2021-10-07 15:53:43.070 +06:00 [INF] Application Starting up
2021-10-07 17:07:16.376 +06:00 [INF] Application Starting up
2021-10-07 17:08:00.847 +06:00 [INF] Application Starting up
2021-10-07 17:17:36.458 +06:00 [INF] Application Starting up
2021-10-07 18:51:41.254 +06:00 [INF] Application Starting up
