2021-07-11 00:02:12.581 +06:00 [INF] Application Starting up
2021-07-11 00:03:31.024 +06:00 [INF] Application Starting up
2021-07-11 00:26:38.239 +06:00 [INF] Application Starting up
2021-07-11 00:29:01.141 +06:00 [INF] Application Starting up
2021-07-11 00:30:26.199 +06:00 [INF] Application Starting up
2021-07-11 00:33:32.602 +06:00 [INF] Application Starting up
2021-07-11 00:38:04.088 +06:00 [INF] Application Starting up
2021-07-11 00:43:28.810 +06:00 [INF] Application Starting up
2021-07-11 00:45:13.806 +06:00 [INF] Application Starting up
2021-07-11 00:47:31.936 +06:00 [INF] Application Starting up
2021-07-11 00:48:15.858 +06:00 [INF] Application Starting up
2021-07-11 00:56:16.361 +06:00 [INF] Application Starting up
2021-07-11 00:58:36.879 +06:00 [INF] Application Starting up
2021-07-11 01:02:23.316 +06:00 [INF] Application Starting up
2021-07-11 01:04:38.586 +06:00 [INF] Application Starting up
2021-07-11 01:05:53.383 +06:00 [INF] Application Starting up
2021-07-11 01:06:50.124 +06:00 [INF] Application Starting up
2021-07-11 01:27:29.280 +06:00 [INF] Application Starting up
2021-07-11 01:33:26.381 +06:00 [INF] Application Starting up
2021-07-11 02:18:33.187 +06:00 [INF] Application Starting up
2021-07-11 02:46:26.141 +06:00 [INF] Application Starting up
2021-07-11 02:48:31.622 +06:00 [INF] Application Starting up
2021-07-11 02:48:43.527 +06:00 [ERR] An unhandled exception has occurred while executing the request.
System.InvalidOperationException: The model item passed into the ViewDataDictionary is of type 'DemoProject.Areas.Admin.Models.EnrollStudentModel', but this ViewDataDictionary instance requires a model item of type 'DemoProject.Areas.Admin.Models.CreateCourseModel'.
   at Microsoft.AspNetCore.Mvc.ViewFeatures.ViewDataDictionary.EnsureCompatible(Object value)
   at Microsoft.AspNetCore.Mvc.ViewFeatures.ViewDataDictionary..ctor(ViewDataDictionary source, Object model, Type declaredModelType)
   at lambda_method580(Closure , ViewDataDictionary )
   at Microsoft.AspNetCore.Mvc.Razor.RazorPagePropertyActivator.CreateViewDataDictionary(ViewContext context)
   at Microsoft.AspNetCore.Mvc.Razor.RazorPagePropertyActivator.Activate(Object page, ViewContext context)
   at Microsoft.AspNetCore.Mvc.Razor.RazorPageActivator.Activate(IRazorPage page, ViewContext context)
   at Microsoft.AspNetCore.Mvc.Razor.RazorView.RenderPageCoreAsync(IRazorPage page, ViewContext context)
   at Microsoft.AspNetCore.Mvc.Razor.RazorView.RenderPageAsync(IRazorPage page, ViewContext context, Boolean invokeViewStarts)
   at Microsoft.AspNetCore.Mvc.Razor.RazorView.RenderAsync(ViewContext context)
   at Microsoft.AspNetCore.Mvc.ViewFeatures.ViewExecutor.ExecuteAsync(ViewContext viewContext, String contentType, Nullable`1 statusCode)
   at Microsoft.AspNetCore.Mvc.ViewFeatures.ViewExecutor.ExecuteAsync(ViewContext viewContext, String contentType, Nullable`1 statusCode)
   at Microsoft.AspNetCore.Mvc.ViewFeatures.ViewExecutor.ExecuteAsync(ActionContext actionContext, IView view, ViewDataDictionary viewData, ITempDataDictionary tempData, String contentType, Nullable`1 statusCode)
   at Microsoft.AspNetCore.Mvc.ViewFeatures.ViewResultExecutor.ExecuteAsync(ActionContext context, ViewResult result)
   at Microsoft.AspNetCore.Mvc.ViewResult.ExecuteResultAsync(ActionContext context)
   at Microsoft.AspNetCore.Mvc.Infrastructure.ResourceInvoker.<InvokeNextResultFilterAsync>g__Awaited|29_0[TFilter,TFilterAsync](ResourceInvoker invoker, Task lastTask, State next, Scope scope, Object state, Boolean isCompleted)
   at Microsoft.AspNetCore.Mvc.Infrastructure.ResourceInvoker.Rethrow(ResultExecutedContextSealed context)
   at Microsoft.AspNetCore.Mvc.Infrastructure.ResourceInvoker.ResultNext[TFilter,TFilterAsync](State& next, Scope& scope, Object& state, Boolean& isCompleted)
   at Microsoft.AspNetCore.Mvc.Infrastructure.ResourceInvoker.InvokeResultFilters()
--- End of stack trace from previous location ---
   at Microsoft.AspNetCore.Mvc.Infrastructure.ResourceInvoker.<InvokeNextResourceFilter>g__Awaited|24_0(ResourceInvoker invoker, Task lastTask, State next, Scope scope, Object state, Boolean isCompleted)
   at Microsoft.AspNetCore.Mvc.Infrastructure.ResourceInvoker.Rethrow(ResourceExecutedContextSealed context)
   at Microsoft.AspNetCore.Mvc.Infrastructure.ResourceInvoker.Next(State& next, Scope& scope, Object& state, Boolean& isCompleted)
   at Microsoft.AspNetCore.Mvc.Infrastructure.ResourceInvoker.InvokeFilterPipelineAsync()
--- End of stack trace from previous location ---
   at Microsoft.AspNetCore.Mvc.Infrastructure.ResourceInvoker.<InvokeAsync>g__Awaited|17_0(ResourceInvoker invoker, Task task, IDisposable scope)
   at Microsoft.AspNetCore.Routing.EndpointMiddleware.<Invoke>g__AwaitRequestTask|6_0(Endpoint endpoint, Task requestTask, ILogger logger)
   at Microsoft.AspNetCore.Session.SessionMiddleware.Invoke(HttpContext context)
   at Microsoft.AspNetCore.Session.SessionMiddleware.Invoke(HttpContext context)
   at Microsoft.AspNetCore.Authorization.AuthorizationMiddleware.Invoke(HttpContext context)
   at Microsoft.AspNetCore.Authentication.AuthenticationMiddleware.Invoke(HttpContext context)
   at Microsoft.AspNetCore.Diagnostics.EntityFrameworkCore.MigrationsEndPointMiddleware.Invoke(HttpContext context)
   at Microsoft.AspNetCore.Diagnostics.DeveloperExceptionPageMiddleware.Invoke(HttpContext context)
2021-07-11 02:48:44.975 +06:00 [ERR] An exception occurred while calculating the database error page content. Skipping display of the database error page.
System.InvalidOperationException: StatusCode cannot be set because the response has already started.
   at Microsoft.AspNetCore.Server.IIS.Core.IISHttpContext.ThrowResponseAlreadyStartedException(String name)
   at Microsoft.AspNetCore.Server.IIS.Core.IISHttpContext.set_StatusCode(Int32 value)
   at Microsoft.AspNetCore.Server.IIS.Core.IISHttpContext.Microsoft.AspNetCore.Http.Features.IHttpResponseFeature.set_StatusCode(Int32 value)
   at Microsoft.AspNetCore.Http.DefaultHttpResponse.set_StatusCode(Int32 value)
   at Microsoft.AspNetCore.Diagnostics.EntityFrameworkCore.Views.DatabaseErrorPage.ExecuteAsync()
   at Microsoft.Extensions.RazorViews.BaseView.ExecuteAsync(HttpContext context)
   at Microsoft.AspNetCore.Diagnostics.EntityFrameworkCore.DatabaseDeveloperPageExceptionFilter.HandleExceptionAsync(ErrorContext errorContext, Func`2 next)
2021-07-11 04:20:00.940 +06:00 [INF] Application Starting up
2021-07-11 04:22:41.245 +06:00 [INF] Application Starting up
2021-07-11 04:32:01.341 +06:00 [INF] Application Starting up
2021-07-11 04:34:05.647 +06:00 [INF] Application Starting up
2021-07-11 04:36:19.096 +06:00 [ERR] Course create failed
System.NotImplementedException: The method or operation is not implemented.
   at DemoProject.Data.Repository`2.Add(TEntity entity) in D:\DevSkill\dotNet\Code\Asp.NetBatch5\AspDotNetMVC\ClassEighteen_v2\DemoProject.Data\Repository.cs:line 22
   at DemoProject.Training.Services.CourseService.CreateCourse(Course course) in D:\DevSkill\dotNet\Code\Asp.NetBatch5\AspDotNetMVC\ClassEighteen_v2\DemoProject.Training\Services\CourseService.cs:line 39
   at DemoProject.Areas.Admin.Models.CreateCourseModel.CreateCourse() in D:\DevSkill\dotNet\Code\Asp.NetBatch5\AspDotNetMVC\ClassEighteen_v2\DemoProject\Areas\Admin\Models\CreateCourseModel.cs:line 35
   at DemoProject.Areas.Admin.Controllers.CourseController.CreateCourse(CreateCourseModel model) in D:\DevSkill\dotNet\Code\Asp.NetBatch5\AspDotNetMVC\ClassEighteen_v2\DemoProject\Areas\Admin\Controllers\CourseController.cs:line 52
2021-07-11 04:37:13.571 +06:00 [ERR] Course create failed
System.NotImplementedException: The method or operation is not implemented.
   at DemoProject.Data.Repository`2.Add(TEntity entity) in D:\DevSkill\dotNet\Code\Asp.NetBatch5\AspDotNetMVC\ClassEighteen_v2\DemoProject.Data\Repository.cs:line 22
   at DemoProject.Training.Services.CourseService.CreateCourse(Course course) in D:\DevSkill\dotNet\Code\Asp.NetBatch5\AspDotNetMVC\ClassEighteen_v2\DemoProject.Training\Services\CourseService.cs:line 39
   at DemoProject.Areas.Admin.Models.CreateCourseModel.CreateCourse() in D:\DevSkill\dotNet\Code\Asp.NetBatch5\AspDotNetMVC\ClassEighteen_v2\DemoProject\Areas\Admin\Models\CreateCourseModel.cs:line 35
   at DemoProject.Areas.Admin.Controllers.CourseController.CreateCourse(CreateCourseModel model) in D:\DevSkill\dotNet\Code\Asp.NetBatch5\AspDotNetMVC\ClassEighteen_v2\DemoProject\Areas\Admin\Controllers\CourseController.cs:line 52
2021-07-11 04:38:42.093 +06:00 [ERR] Course create failed
System.NotImplementedException: The method or operation is not implemented.
   at DemoProject.Data.Repository`2.Add(TEntity entity) in D:\DevSkill\dotNet\Code\Asp.NetBatch5\AspDotNetMVC\ClassEighteen_v2\DemoProject.Data\Repository.cs:line 22
   at DemoProject.Training.Services.CourseService.CreateCourse(Course course) in D:\DevSkill\dotNet\Code\Asp.NetBatch5\AspDotNetMVC\ClassEighteen_v2\DemoProject.Training\Services\CourseService.cs:line 39
   at DemoProject.Areas.Admin.Models.CreateCourseModel.CreateCourse() in D:\DevSkill\dotNet\Code\Asp.NetBatch5\AspDotNetMVC\ClassEighteen_v2\DemoProject\Areas\Admin\Models\CreateCourseModel.cs:line 35
   at DemoProject.Areas.Admin.Controllers.CourseController.CreateCourse(CreateCourseModel model) in D:\DevSkill\dotNet\Code\Asp.NetBatch5\AspDotNetMVC\ClassEighteen_v2\DemoProject\Areas\Admin\Controllers\CourseController.cs:line 52
2021-07-11 04:39:20.605 +06:00 [INF] Application Starting up
2021-07-11 04:41:49.376 +06:00 [INF] Application Starting up
2021-07-11 04:44:27.644 +06:00 [INF] Application Starting up
2021-07-11 04:45:14.269 +06:00 [ERR] Course create failed
System.NotImplementedException: The method or operation is not implemented.
   at DemoProject.Data.Repository`2.Add(TEntity entity) in D:\DevSkill\dotNet\Code\Asp.NetBatch5\AspDotNetMVC\ClassEighteen_v2\DemoProject.Data\Repository.cs:line 22
   at DemoProject.Training.Services.CourseService.CreateCourse(Course course) in D:\DevSkill\dotNet\Code\Asp.NetBatch5\AspDotNetMVC\ClassEighteen_v2\DemoProject.Training\Services\CourseService.cs:line 39
   at DemoProject.Areas.Admin.Models.CreateCourseModel.CreateCourse() in D:\DevSkill\dotNet\Code\Asp.NetBatch5\AspDotNetMVC\ClassEighteen_v2\DemoProject\Areas\Admin\Models\CreateCourseModel.cs:line 35
   at DemoProject.Areas.Admin.Controllers.CourseController.CreateCourse(CreateCourseModel model) in D:\DevSkill\dotNet\Code\Asp.NetBatch5\AspDotNetMVC\ClassEighteen_v2\DemoProject\Areas\Admin\Controllers\CourseController.cs:line 52
2021-07-11 04:45:59.062 +06:00 [ERR] Course create failed
System.NotImplementedException: The method or operation is not implemented.
   at DemoProject.Data.Repository`2.Add(TEntity entity) in D:\DevSkill\dotNet\Code\Asp.NetBatch5\AspDotNetMVC\ClassEighteen_v2\DemoProject.Data\Repository.cs:line 22
   at DemoProject.Training.Services.CourseService.CreateCourse(Course course) in D:\DevSkill\dotNet\Code\Asp.NetBatch5\AspDotNetMVC\ClassEighteen_v2\DemoProject.Training\Services\CourseService.cs:line 39
   at DemoProject.Areas.Admin.Models.CreateCourseModel.CreateCourse() in D:\DevSkill\dotNet\Code\Asp.NetBatch5\AspDotNetMVC\ClassEighteen_v2\DemoProject\Areas\Admin\Models\CreateCourseModel.cs:line 35
   at DemoProject.Areas.Admin.Controllers.CourseController.CreateCourse(CreateCourseModel model) in D:\DevSkill\dotNet\Code\Asp.NetBatch5\AspDotNetMVC\ClassEighteen_v2\DemoProject\Areas\Admin\Controllers\CourseController.cs:line 52
2021-07-11 19:26:56.229 +06:00 [INF] Application Starting up
2021-07-11 19:29:01.075 +06:00 [ERR] Course create failed
System.NotImplementedException: The method or operation is not implemented.
   at DemoProject.Data.Repository`2.Add(TEntity entity) in D:\DevSkill\dotNet\Code\Asp.NetBatch5\AspDotNetMVC\ClassEighteen_v2\DemoProject.Data\Repository.cs:line 22
   at DemoProject.Training.Services.CourseService.CreateCourse(Course course) in D:\DevSkill\dotNet\Code\Asp.NetBatch5\AspDotNetMVC\ClassEighteen_v2\DemoProject.Training\Services\CourseService.cs:line 39
   at DemoProject.Areas.Admin.Models.CreateCourseModel.CreateCourse() in D:\DevSkill\dotNet\Code\Asp.NetBatch5\AspDotNetMVC\ClassEighteen_v2\DemoProject\Areas\Admin\Models\CreateCourseModel.cs:line 35
   at DemoProject.Areas.Admin.Controllers.CourseController.CreateCourse(CreateCourseModel model) in D:\DevSkill\dotNet\Code\Asp.NetBatch5\AspDotNetMVC\ClassEighteen_v2\DemoProject\Areas\Admin\Controllers\CourseController.cs:line 52
2021-07-11 19:38:12.218 +06:00 [INF] Application Starting up
2021-07-11 19:39:19.784 +06:00 [ERR] Course create failed
System.NotImplementedException: The method or operation is not implemented.
   at DemoProject.Data.Repository`2.Add(TEntity entity) in D:\DevSkill\dotNet\Code\Asp.NetBatch5\AspDotNetMVC\ClassEighteen_v2\DemoProject.Data\Repository.cs:line 22
   at DemoProject.Training.Services.CourseService.CreateCourse(Course course) in D:\DevSkill\dotNet\Code\Asp.NetBatch5\AspDotNetMVC\ClassEighteen_v2\DemoProject.Training\Services\CourseService.cs:line 39
   at DemoProject.Areas.Admin.Models.CreateCourseModel.CreateCourse() in D:\DevSkill\dotNet\Code\Asp.NetBatch5\AspDotNetMVC\ClassEighteen_v2\DemoProject\Areas\Admin\Models\CreateCourseModel.cs:line 35
   at DemoProject.Areas.Admin.Controllers.CourseController.CreateCourse(CreateCourseModel model) in D:\DevSkill\dotNet\Code\Asp.NetBatch5\AspDotNetMVC\ClassEighteen_v2\DemoProject\Areas\Admin\Controllers\CourseController.cs:line 52
2021-07-11 20:17:04.334 +06:00 [INF] Application Starting up
2021-07-11 20:18:11.422 +06:00 [ERR] Course create failed

System.NotImplementedException: The method or operation is not implemented.
   at DemoProject.Data.Repository`2.Add(TEntity entity) in D:\DevSkill\dotNet\Code\Asp.NetBatch5\AspDotNetMVC\ClassEighteen_v2\DemoProject.Data\Repository.cs:line 22
   at DemoProject.Training.Services.CourseService.CreateCourse(Course course) in D:\DevSkill\dotNet\Code\Asp.NetBatch5\AspDotNetMVC\ClassEighteen_v2\DemoProject.Training\Services\CourseService.cs:line 40
   at DemoProject.Areas.Admin.Models.CreateCourseModel.CreateCourse() in D:\DevSkill\dotNet\Code\Asp.NetBatch5\AspDotNetMVC\ClassEighteen_v2\DemoProject\Areas\Admin\Models\CreateCourseModel.cs:line 35
   at DemoProject.Areas.Admin.Controllers.CourseController.CreateCourse(CreateCourseModel model) in D:\DevSkill\dotNet\Code\Asp.NetBatch5\AspDotNetMVC\ClassEighteen_v2\DemoProject\Areas\Admin\Controllers\CourseController.cs:line 52
2021-07-11 20:21:16.478 +06:00 [INF] Application Starting up
2021-07-11 20:24:46.195 +06:00 [INF] Application Starting up
2021-07-11 21:14:58.146 +06:00 [INF] Application Starting up
2021-07-11 21:16:03.950 +06:00 [ERR] Course create failed
Microsoft.EntityFrameworkCore.DbUpdateException: An error occurred while updating the entries. See the inner exception for details.
 ---> Microsoft.Data.SqlClient.SqlException (0x80131904): Cannot insert the value NULL into column 'Id', table 'DemoProject.dbo.Courses'; column does not allow nulls. INSERT fails.
The statement has been terminated.
   at Microsoft.Data.SqlClient.SqlConnection.OnError(SqlException exception, Boolean breakConnection, Action`1 wrapCloseInAction)
   at Microsoft.Data.SqlClient.SqlInternalConnection.OnError(SqlException exception, Boolean breakConnection, Action`1 wrapCloseInAction)
   at Microsoft.Data.SqlClient.TdsParser.ThrowExceptionAndWarning(TdsParserStateObject stateObj, Boolean callerHasConnectionLock, Boolean asyncClose)
   at Microsoft.Data.SqlClient.TdsParser.TryRun(RunBehavior runBehavior, SqlCommand cmdHandler, SqlDataReader dataStream, BulkCopySimpleResultSet bulkCopyHandler, TdsParserStateObject stateObj, Boolean& dataReady)
   at Microsoft.Data.SqlClient.SqlDataReader.TryConsumeMetaData()
   at Microsoft.Data.SqlClient.SqlDataReader.get_MetaData()
   at Microsoft.Data.SqlClient.SqlCommand.FinishExecuteReader(SqlDataReader ds, RunBehavior runBehavior, String resetOptionsString, Boolean isInternal, Boolean forDescribeParameterEncryption, Boolean shouldCacheForAlwaysEncrypted)
   at Microsoft.Data.SqlClient.SqlCommand.RunExecuteReaderTds(CommandBehavior cmdBehavior, RunBehavior runBehavior, Boolean returnStream, Boolean isAsync, Int32 timeout, Task& task, Boolean asyncWrite, Boolean inRetry, SqlDataReader ds, Boolean describeParameterEncryptionRequest)
   at Microsoft.Data.SqlClient.SqlCommand.RunExecuteReader(CommandBehavior cmdBehavior, RunBehavior runBehavior, Boolean returnStream, TaskCompletionSource`1 completion, Int32 timeout, Task& task, Boolean& usedCache, Boolean asyncWrite, Boolean inRetry, String method)
   at Microsoft.Data.SqlClient.SqlCommand.RunExecuteReader(CommandBehavior cmdBehavior, RunBehavior runBehavior, Boolean returnStream, String method)
   at Microsoft.Data.SqlClient.SqlCommand.ExecuteReader(CommandBehavior behavior)
   at Microsoft.Data.SqlClient.SqlCommand.ExecuteDbDataReader(CommandBehavior behavior)
   at System.Data.Common.DbCommand.ExecuteReader()
   at Microsoft.EntityFrameworkCore.Storage.RelationalCommand.ExecuteReader(RelationalCommandParameterObject parameterObject)
   at Microsoft.EntityFrameworkCore.Update.ReaderModificationCommandBatch.Execute(IRelationalConnection connection)
ClientConnectionId:aa4c3a44-8252-4366-8a7e-b825470b8c58
Error Number:515,State:2,Class:16
   --- End of inner exception stack trace ---
   at Microsoft.EntityFrameworkCore.Update.ReaderModificationCommandBatch.Execute(IRelationalConnection connection)
   at Microsoft.EntityFrameworkCore.Update.Internal.BatchExecutor.Execute(IEnumerable`1 commandBatches, IRelationalConnection connection)
   at Microsoft.EntityFrameworkCore.Storage.RelationalDatabase.SaveChanges(IList`1 entries)
   at Microsoft.EntityFrameworkCore.ChangeTracking.Internal.StateManager.SaveChanges(IList`1 entriesToSave)
   at Microsoft.EntityFrameworkCore.ChangeTracking.Internal.StateManager.SaveChanges(DbContext _, Boolean acceptAllChangesOnSuccess)
   at Microsoft.EntityFrameworkCore.SqlServer.Storage.Internal.SqlServerExecutionStrategy.Execute[TState,TResult](TState state, Func`3 operation, Func`3 verifySucceeded)
   at Microsoft.EntityFrameworkCore.ChangeTracking.Internal.StateManager.SaveChanges(Boolean acceptAllChangesOnSuccess)
   at Microsoft.EntityFrameworkCore.DbContext.SaveChanges(Boolean acceptAllChangesOnSuccess)
   at Microsoft.EntityFrameworkCore.DbContext.SaveChanges()
   at DemoProject.Data.UnitOfWork.Save() in D:\DevSkill\dotNet\Code\Asp.NetBatch5\AspDotNetMVC\ClassEighteen_v2\DemoProject.Data\UnitOfWork.cs:line 25
   at DemoProject.Training.Services.CourseService.CreateCourse(Course course) in D:\DevSkill\dotNet\Code\Asp.NetBatch5\AspDotNetMVC\ClassEighteen_v2\DemoProject.Training\Services\CourseService.cs:line 51
   at DemoProject.Areas.Admin.Models.CreateCourseModel.CreateCourse() in D:\DevSkill\dotNet\Code\Asp.NetBatch5\AspDotNetMVC\ClassEighteen_v2\DemoProject\Areas\Admin\Models\CreateCourseModel.cs:line 36
   at DemoProject.Areas.Admin.Controllers.CourseController.CreateCourse(CreateCourseModel model) in D:\DevSkill\dotNet\Code\Asp.NetBatch5\AspDotNetMVC\ClassEighteen_v2\DemoProject\Areas\Admin\Controllers\CourseController.cs:line 52
2021-07-11 21:17:24.981 +06:00 [INF] Application Starting up
2021-07-11 21:17:59.276 +06:00 [ERR] Course create failed
Microsoft.EntityFrameworkCore.DbUpdateException: An error occurred while updating the entries. See the inner exception for details.
 ---> Microsoft.Data.SqlClient.SqlException (0x80131904): Cannot insert the value NULL into column 'Id', table 'DemoProject.dbo.Courses'; column does not allow nulls. INSERT fails.
The statement has been terminated.
   at Microsoft.Data.SqlClient.SqlConnection.OnError(SqlException exception, Boolean breakConnection, Action`1 wrapCloseInAction)
   at Microsoft.Data.SqlClient.SqlInternalConnection.OnError(SqlException exception, Boolean breakConnection, Action`1 wrapCloseInAction)
   at Microsoft.Data.SqlClient.TdsParser.ThrowExceptionAndWarning(TdsParserStateObject stateObj, Boolean callerHasConnectionLock, Boolean asyncClose)
   at Microsoft.Data.SqlClient.TdsParser.TryRun(RunBehavior runBehavior, SqlCommand cmdHandler, SqlDataReader dataStream, BulkCopySimpleResultSet bulkCopyHandler, TdsParserStateObject stateObj, Boolean& dataReady)
   at Microsoft.Data.SqlClient.SqlDataReader.TryConsumeMetaData()
   at Microsoft.Data.SqlClient.SqlDataReader.get_MetaData()
   at Microsoft.Data.SqlClient.SqlCommand.FinishExecuteReader(SqlDataReader ds, RunBehavior runBehavior, String resetOptionsString, Boolean isInternal, Boolean forDescribeParameterEncryption, Boolean shouldCacheForAlwaysEncrypted)
   at Microsoft.Data.SqlClient.SqlCommand.RunExecuteReaderTds(CommandBehavior cmdBehavior, RunBehavior runBehavior, Boolean returnStream, Boolean isAsync, Int32 timeout, Task& task, Boolean asyncWrite, Boolean inRetry, SqlDataReader ds, Boolean describeParameterEncryptionRequest)
   at Microsoft.Data.SqlClient.SqlCommand.RunExecuteReader(CommandBehavior cmdBehavior, RunBehavior runBehavior, Boolean returnStream, TaskCompletionSource`1 completion, Int32 timeout, Task& task, Boolean& usedCache, Boolean asyncWrite, Boolean inRetry, String method)
   at Microsoft.Data.SqlClient.SqlCommand.RunExecuteReader(CommandBehavior cmdBehavior, RunBehavior runBehavior, Boolean returnStream, String method)
   at Microsoft.Data.SqlClient.SqlCommand.ExecuteReader(CommandBehavior behavior)
   at Microsoft.Data.SqlClient.SqlCommand.ExecuteDbDataReader(CommandBehavior behavior)
   at System.Data.Common.DbCommand.ExecuteReader()
   at Microsoft.EntityFrameworkCore.Storage.RelationalCommand.ExecuteReader(RelationalCommandParameterObject parameterObject)
   at Microsoft.EntityFrameworkCore.Update.ReaderModificationCommandBatch.Execute(IRelationalConnection connection)
ClientConnectionId:1ff2c5a5-73a1-4e08-aaf7-bc676da38688
Error Number:515,State:2,Class:16
   --- End of inner exception stack trace ---
   at Microsoft.EntityFrameworkCore.Update.ReaderModificationCommandBatch.Execute(IRelationalConnection connection)
   at Microsoft.EntityFrameworkCore.Update.Internal.BatchExecutor.Execute(IEnumerable`1 commandBatches, IRelationalConnection connection)
   at Microsoft.EntityFrameworkCore.Storage.RelationalDatabase.SaveChanges(IList`1 entries)
   at Microsoft.EntityFrameworkCore.ChangeTracking.Internal.StateManager.SaveChanges(IList`1 entriesToSave)
   at Microsoft.EntityFrameworkCore.ChangeTracking.Internal.StateManager.SaveChanges(DbContext _, Boolean acceptAllChangesOnSuccess)
   at Microsoft.EntityFrameworkCore.SqlServer.Storage.Internal.SqlServerExecutionStrategy.Execute[TState,TResult](TState state, Func`3 operation, Func`3 verifySucceeded)
   at Microsoft.EntityFrameworkCore.ChangeTracking.Internal.StateManager.SaveChanges(Boolean acceptAllChangesOnSuccess)
   at Microsoft.EntityFrameworkCore.DbContext.SaveChanges(Boolean acceptAllChangesOnSuccess)
   at Microsoft.EntityFrameworkCore.DbContext.SaveChanges()
   at DemoProject.Data.UnitOfWork.Save() in D:\DevSkill\dotNet\Code\Asp.NetBatch5\AspDotNetMVC\ClassEighteen_v2\DemoProject.Data\UnitOfWork.cs:line 25
   at DemoProject.Training.Services.CourseService.CreateCourse(Course course) in D:\DevSkill\dotNet\Code\Asp.NetBatch5\AspDotNetMVC\ClassEighteen_v2\DemoProject.Training\Services\CourseService.cs:line 51
   at DemoProject.Areas.Admin.Models.CreateCourseModel.CreateCourse() in D:\DevSkill\dotNet\Code\Asp.NetBatch5\AspDotNetMVC\ClassEighteen_v2\DemoProject\Areas\Admin\Models\CreateCourseModel.cs:line 36
   at DemoProject.Areas.Admin.Controllers.CourseController.CreateCourse(CreateCourseModel model) in D:\DevSkill\dotNet\Code\Asp.NetBatch5\AspDotNetMVC\ClassEighteen_v2\DemoProject\Areas\Admin\Controllers\CourseController.cs:line 52
2021-07-11 21:27:22.615 +06:00 [INF] Application Starting up
2021-07-11 21:27:48.401 +06:00 [ERR] Course create failed
Microsoft.EntityFrameworkCore.DbUpdateException: An error occurred while updating the entries. See the inner exception for details.
 ---> Microsoft.Data.SqlClient.SqlException (0x80131904): Cannot insert the value NULL into column 'Id', table 'DemoProject.dbo.Courses'; column does not allow nulls. INSERT fails.
The statement has been terminated.
   at Microsoft.Data.SqlClient.SqlConnection.OnError(SqlException exception, Boolean breakConnection, Action`1 wrapCloseInAction)
   at Microsoft.Data.SqlClient.SqlInternalConnection.OnError(SqlException exception, Boolean breakConnection, Action`1 wrapCloseInAction)
   at Microsoft.Data.SqlClient.TdsParser.ThrowExceptionAndWarning(TdsParserStateObject stateObj, Boolean callerHasConnectionLock, Boolean asyncClose)
   at Microsoft.Data.SqlClient.TdsParser.TryRun(RunBehavior runBehavior, SqlCommand cmdHandler, SqlDataReader dataStream, BulkCopySimpleResultSet bulkCopyHandler, TdsParserStateObject stateObj, Boolean& dataReady)
   at Microsoft.Data.SqlClient.SqlDataReader.TryConsumeMetaData()
   at Microsoft.Data.SqlClient.SqlDataReader.get_MetaData()
   at Microsoft.Data.SqlClient.SqlCommand.FinishExecuteReader(SqlDataReader ds, RunBehavior runBehavior, String resetOptionsString, Boolean isInternal, Boolean forDescribeParameterEncryption, Boolean shouldCacheForAlwaysEncrypted)
   at Microsoft.Data.SqlClient.SqlCommand.RunExecuteReaderTds(CommandBehavior cmdBehavior, RunBehavior runBehavior, Boolean returnStream, Boolean isAsync, Int32 timeout, Task& task, Boolean asyncWrite, Boolean inRetry, SqlDataReader ds, Boolean describeParameterEncryptionRequest)
   at Microsoft.Data.SqlClient.SqlCommand.RunExecuteReader(CommandBehavior cmdBehavior, RunBehavior runBehavior, Boolean returnStream, TaskCompletionSource`1 completion, Int32 timeout, Task& task, Boolean& usedCache, Boolean asyncWrite, Boolean inRetry, String method)
   at Microsoft.Data.SqlClient.SqlCommand.RunExecuteReader(CommandBehavior cmdBehavior, RunBehavior runBehavior, Boolean returnStream, String method)
   at Microsoft.Data.SqlClient.SqlCommand.ExecuteReader(CommandBehavior behavior)
   at Microsoft.Data.SqlClient.SqlCommand.ExecuteDbDataReader(CommandBehavior behavior)
   at System.Data.Common.DbCommand.ExecuteReader()
   at Microsoft.EntityFrameworkCore.Storage.RelationalCommand.ExecuteReader(RelationalCommandParameterObject parameterObject)
   at Microsoft.EntityFrameworkCore.Update.ReaderModificationCommandBatch.Execute(IRelationalConnection connection)
ClientConnectionId:945dedf7-bcd2-469c-ad70-0c30da5f475c
Error Number:515,State:2,Class:16
   --- End of inner exception stack trace ---

   at Microsoft.EntityFrameworkCore.Update.ReaderModificationCommandBatch.Execute(IRelationalConnection connection)
   at Microsoft.EntityFrameworkCore.Update.Internal.BatchExecutor.Execute(IEnumerable`1 commandBatches, IRelationalConnection connection)
   at Microsoft.EntityFrameworkCore.Storage.RelationalDatabase.SaveChanges(IList`1 entries)
   at Microsoft.EntityFrameworkCore.ChangeTracking.Internal.StateManager.SaveChanges(IList`1 entriesToSave)
   at Microsoft.EntityFrameworkCore.ChangeTracking.Internal.StateManager.SaveChanges(DbContext _, Boolean acceptAllChangesOnSuccess)
   at Microsoft.EntityFrameworkCore.SqlServer.Storage.Internal.SqlServerExecutionStrategy.Execute[TState,TResult](TState state, Func`3 operation, Func`3 verifySucceeded)
   at Microsoft.EntityFrameworkCore.ChangeTracking.Internal.StateManager.SaveChanges(Boolean acceptAllChangesOnSuccess)
   at Microsoft.EntityFrameworkCore.DbContext.SaveChanges(Boolean acceptAllChangesOnSuccess)
   at Microsoft.EntityFrameworkCore.DbContext.SaveChanges()
   at DemoProject.Data.UnitOfWork.Save() in D:\DevSkill\dotNet\Code\Asp.NetBatch5\AspDotNetMVC\ClassEighteen_v2\DemoProject.Data\UnitOfWork.cs:line 25
   at DemoProject.Training.Services.CourseService.CreateCourse(Course course) in D:\DevSkill\dotNet\Code\Asp.NetBatch5\AspDotNetMVC\ClassEighteen_v2\DemoProject.Training\Services\CourseService.cs:line 51
   at DemoProject.Areas.Admin.Models.CreateCourseModel.CreateCourse() in D:\DevSkill\dotNet\Code\Asp.NetBatch5\AspDotNetMVC\ClassEighteen_v2\DemoProject\Areas\Admin\Models\CreateCourseModel.cs:line 36
   at DemoProject.Areas.Admin.Controllers.CourseController.CreateCourse(CreateCourseModel model) in D:\DevSkill\dotNet\Code\Asp.NetBatch5\AspDotNetMVC\ClassEighteen_v2\DemoProject\Areas\Admin\Controllers\CourseController.cs:line 52
2021-07-11 21:42:22.687 +06:00 [INF] Application Starting up
2021-07-11 22:01:52.893 +06:00 [ERR] Course create failed
Microsoft.EntityFrameworkCore.DbUpdateException: An error occurred while updating the entries. See the inner exception for details.
 ---> Microsoft.Data.SqlClient.SqlException (0x80131904): Cannot insert the value NULL into column 'Id', table 'DemoProject.dbo.Courses'; column does not allow nulls. INSERT fails.
The statement has been terminated.
   at Microsoft.Data.SqlClient.SqlConnection.OnError(SqlException exception, Boolean breakConnection, Action`1 wrapCloseInAction)
   at Microsoft.Data.SqlClient.SqlInternalConnection.OnError(SqlException exception, Boolean breakConnection, Action`1 wrapCloseInAction)
   at Microsoft.Data.SqlClient.TdsParser.ThrowExceptionAndWarning(TdsParserStateObject stateObj, Boolean callerHasConnectionLock, Boolean asyncClose)
   at Microsoft.Data.SqlClient.TdsParser.TryRun(RunBehavior runBehavior, SqlCommand cmdHandler, SqlDataReader dataStream, BulkCopySimpleResultSet bulkCopyHandler, TdsParserStateObject stateObj, Boolean& dataReady)
   at Microsoft.Data.SqlClient.SqlDataReader.TryConsumeMetaData()
   at Microsoft.Data.SqlClient.SqlDataReader.get_MetaData()
   at Microsoft.Data.SqlClient.SqlCommand.FinishExecuteReader(SqlDataReader ds, RunBehavior runBehavior, String resetOptionsString, Boolean isInternal, Boolean forDescribeParameterEncryption, Boolean shouldCacheForAlwaysEncrypted)
   at Microsoft.Data.SqlClient.SqlCommand.RunExecuteReaderTds(CommandBehavior cmdBehavior, RunBehavior runBehavior, Boolean returnStream, Boolean isAsync, Int32 timeout, Task& task, Boolean asyncWrite, Boolean inRetry, SqlDataReader ds, Boolean describeParameterEncryptionRequest)
   at Microsoft.Data.SqlClient.SqlCommand.RunExecuteReader(CommandBehavior cmdBehavior, RunBehavior runBehavior, Boolean returnStream, TaskCompletionSource`1 completion, Int32 timeout, Task& task, Boolean& usedCache, Boolean asyncWrite, Boolean inRetry, String method)
   at Microsoft.Data.SqlClient.SqlCommand.RunExecuteReader(CommandBehavior cmdBehavior, RunBehavior runBehavior, Boolean returnStream, String method)
   at Microsoft.Data.SqlClient.SqlCommand.ExecuteReader(CommandBehavior behavior)
   at Microsoft.Data.SqlClient.SqlCommand.ExecuteDbDataReader(CommandBehavior behavior)
   at System.Data.Common.DbCommand.ExecuteReader()
   at Microsoft.EntityFrameworkCore.Storage.RelationalCommand.ExecuteReader(RelationalCommandParameterObject parameterObject)
   at Microsoft.EntityFrameworkCore.Update.ReaderModificationCommandBatch.Execute(IRelationalConnection connection)
ClientConnectionId:e0c651d6-c92c-461e-b5db-adf383957a3c
Error Number:515,State:2,Class:16
   --- End of inner exception stack trace ---
   at Microsoft.EntityFrameworkCore.Update.ReaderModificationCommandBatch.Execute(IRelationalConnection connection)
   at Microsoft.EntityFrameworkCore.Update.Internal.BatchExecutor.Execute(IEnumerable`1 commandBatches, IRelationalConnection connection)
   at Microsoft.EntityFrameworkCore.Storage.RelationalDatabase.SaveChanges(IList`1 entries)
   at Microsoft.EntityFrameworkCore.ChangeTracking.Internal.StateManager.SaveChanges(IList`1 entriesToSave)
   at Microsoft.EntityFrameworkCore.ChangeTracking.Internal.StateManager.SaveChanges(DbContext _, Boolean acceptAllChangesOnSuccess)
   at Microsoft.EntityFrameworkCore.SqlServer.Storage.Internal.SqlServerExecutionStrategy.Execute[TState,TResult](TState state, Func`3 operation, Func`3 verifySucceeded)
   at Microsoft.EntityFrameworkCore.ChangeTracking.Internal.StateManager.SaveChanges(Boolean acceptAllChangesOnSuccess)
   at Microsoft.EntityFrameworkCore.DbContext.SaveChanges(Boolean acceptAllChangesOnSuccess)
   at Microsoft.EntityFrameworkCore.DbContext.SaveChanges()
   at DemoProject.Data.UnitOfWork.Save() in D:\DevSkill\dotNet\Code\Asp.NetBatch5\AspDotNetMVC\ClassEighteen_v2\DemoProject.Data\UnitOfWork.cs:line 25
   at DemoProject.Training.Services.CourseService.CreateCourse(Course course) in D:\DevSkill\dotNet\Code\Asp.NetBatch5\AspDotNetMVC\ClassEighteen_v2\DemoProject.Training\Services\CourseService.cs:line 51
   at DemoProject.Areas.Admin.Models.CreateCourseModel.CreateCourse() in D:\DevSkill\dotNet\Code\Asp.NetBatch5\AspDotNetMVC\ClassEighteen_v2\DemoProject\Areas\Admin\Models\CreateCourseModel.cs:line 36
   at DemoProject.Areas.Admin.Controllers.CourseController.CreateCourse(CreateCourseModel model) in D:\DevSkill\dotNet\Code\Asp.NetBatch5\AspDotNetMVC\ClassEighteen_v2\DemoProject\Areas\Admin\Controllers\CourseController.cs:line 52
2021-07-11 23:41:08.344 +06:00 [INF] Application Starting up
2021-07-11 23:42:01.532 +06:00 [ERR] Course create failed
Microsoft.EntityFrameworkCore.DbUpdateException: An error occurred while updating the entries. See the inner exception for details.
 ---> Microsoft.Data.SqlClient.SqlException (0x80131904): Cannot insert the value NULL into column 'Id', table 'DemoProject.dbo.Courses'; column does not allow nulls. INSERT fails.
The statement has been terminated.
   at Microsoft.Data.SqlClient.SqlConnection.OnError(SqlException exception, Boolean breakConnection, Action`1 wrapCloseInAction)
   at Microsoft.Data.SqlClient.SqlInternalConnection.OnError(SqlException exception, Boolean breakConnection, Action`1 wrapCloseInAction)
   at Microsoft.Data.SqlClient.TdsParser.ThrowExceptionAndWarning(TdsParserStateObject stateObj, Boolean callerHasConnectionLock, Boolean asyncClose)
   at Microsoft.Data.SqlClient.TdsParser.TryRun(RunBehavior runBehavior, SqlCommand cmdHandler, SqlDataReader dataStream, BulkCopySimpleResultSet bulkCopyHandler, TdsParserStateObject stateObj, Boolean& dataReady)
   at Microsoft.Data.SqlClient.SqlDataReader.TryConsumeMetaData()
   at Microsoft.Data.SqlClient.SqlDataReader.get_MetaData()
   at Microsoft.Data.SqlClient.SqlCommand.FinishExecuteReader(SqlDataReader ds, RunBehavior runBehavior, String resetOptionsString, Boolean isInternal, Boolean forDescribeParameterEncryption, Boolean shouldCacheForAlwaysEncrypted)
   at Microsoft.Data.SqlClient.SqlCommand.RunExecuteReaderTds(CommandBehavior cmdBehavior, RunBehavior runBehavior, Boolean returnStream, Boolean isAsync, Int32 timeout, Task& task, Boolean asyncWrite, Boolean inRetry, SqlDataReader ds, Boolean describeParameterEncryptionRequest)
   at Microsoft.Data.SqlClient.SqlCommand.RunExecuteReader(CommandBehavior cmdBehavior, RunBehavior runBehavior, Boolean returnStream, TaskCompletionSource`1 completion, Int32 timeout, Task& task, Boolean& usedCache, Boolean asyncWrite, Boolean inRetry, String method)
   at Microsoft.Data.SqlClient.SqlCommand.RunExecuteReader(CommandBehavior cmdBehavior, RunBehavior runBehavior, Boolean returnStream, String method)
   at Microsoft.Data.SqlClient.SqlCommand.ExecuteReader(CommandBehavior behavior)
   at Microsoft.Data.SqlClient.SqlCommand.ExecuteDbDataReader(CommandBehavior behavior)
   at System.Data.Common.DbCommand.ExecuteReader()
   at Microsoft.EntityFrameworkCore.Storage.RelationalCommand.ExecuteReader(RelationalCommandParameterObject parameterObject)
   at Microsoft.EntityFrameworkCore.Update.ReaderModificationCommandBatch.Execute(IRelationalConnection connection)
ClientConnectionId:cc7621cf-b785-427a-9964-f808b8de4cb6
Error Number:515,State:2,Class:16
   --- End of inner exception stack trace ---
   at Microsoft.EntityFrameworkCore.Update.ReaderModificationCommandBatch.Execute(IRelationalConnection connection)
   at Microsoft.EntityFrameworkCore.Update.Internal.BatchExecutor.Execute(IEnumerable`1 commandBatches, IRelationalConnection connection)
   at Microsoft.EntityFrameworkCore.Storage.RelationalDatabase.SaveChanges(IList`1 entries)
   at Microsoft.EntityFrameworkCore.ChangeTracking.Internal.StateManager.SaveChanges(IList`1 entriesToSave)
   at Microsoft.EntityFrameworkCore.ChangeTracking.Internal.StateManager.SaveChanges(DbContext _, Boolean acceptAllChangesOnSuccess)
   at Microsoft.EntityFrameworkCore.SqlServer.Storage.Internal.SqlServerExecutionStrategy.Execute[TState,TResult](TState state, Func`3 operation, Func`3 verifySucceeded)
   at Microsoft.EntityFrameworkCore.ChangeTracking.Internal.StateManager.SaveChanges(Boolean acceptAllChangesOnSuccess)
   at Microsoft.EntityFrameworkCore.DbContext.SaveChanges(Boolean acceptAllChangesOnSuccess)
   at Microsoft.EntityFrameworkCore.DbContext.SaveChanges()
   at DemoProject.Data.UnitOfWork.Save() in D:\DevSkill\dotNet\Code\Asp.NetBatch5\AspDotNetMVC\ClassEighteen_v2\DemoProject.Data\UnitOfWork.cs:line 25
   at DemoProject.Training.Services.CourseService.CreateCourse(Course course) in D:\DevSkill\dotNet\Code\Asp.NetBatch5\AspDotNetMVC\ClassEighteen_v2\DemoProject.Training\Services\CourseService.cs:line 51
   at DemoProject.Areas.Admin.Models.CreateCourseModel.CreateCourse() in D:\DevSkill\dotNet\Code\Asp.NetBatch5\AspDotNetMVC\ClassEighteen_v2\DemoProject\Areas\Admin\Models\CreateCourseModel.cs:line 36
   at DemoProject.Areas.Admin.Controllers.CourseController.CreateCourse(CreateCourseModel model) in D:\DevSkill\dotNet\Code\Asp.NetBatch5\AspDotNetMVC\ClassEighteen_v2\DemoProject\Areas\Admin\Controllers\CourseController.cs:line 52
2021-07-11 23:44:44.994 +06:00 [INF] Application Starting up
2021-07-11 23:44:58.694 +06:00 [ERR] Course create failed
System.InvalidOperationException: Title already Exits
   at DemoProject.Training.Services.CourseService.CreateCourse(Course course) in D:\DevSkill\dotNet\Code\Asp.NetBatch5\AspDotNetMVC\ClassEighteen_v2\DemoProject.Training\Services\CourseService.cs:line 38
   at DemoProject.Areas.Admin.Models.CreateCourseModel.CreateCourse() in D:\DevSkill\dotNet\Code\Asp.NetBatch5\AspDotNetMVC\ClassEighteen_v2\DemoProject\Areas\Admin\Models\CreateCourseModel.cs:line 36
   at DemoProject.Areas.Admin.Controllers.CourseController.CreateCourse(CreateCourseModel model) in D:\DevSkill\dotNet\Code\Asp.NetBatch5\AspDotNetMVC\ClassEighteen_v2\DemoProject\Areas\Admin\Controllers\CourseController.cs:line 52
2021-07-11 23:51:56.701 +06:00 [INF] Application Starting up
2021-07-11 23:57:56.242 +06:00 [INF] Application Starting up
