2021-10-02 00:28:55.008 +06:00 [INF] Application Starting up
2021-10-02 00:29:43.603 +06:00 [INF] Application Starting up
2021-10-02 00:31:14.326 +06:00 [INF] Application Starting up
2021-10-02 00:31:34.652 +06:00 [FTL] Application start-up failed
System.NotSupportedException: No data is available for encoding 1252. For information on defining a custom encoding, see the documentation for the Encoding.RegisterProvider method.
   at System.Text.Encoding.GetEncoding(Int32 codepage)
   at ExcelDataReader.ExcelReaderConfiguration..ctor()
   at ExcelDataReader.ExcelReaderFactory.CreateReader(Stream fileStream, ExcelReaderConfiguration configuration)
   at DataImporter.ExcelFileReader.HelperExcelDataRead.ReadExcelData(Int32 nedColmun, String filePath) in D:\DevSkill\dotNet\Code\Asp.NetBatch5\FinalProject\DataImporter\DataImporter.ExcelFileReader\HelperExcelDataRead.cs:line 18
   at DataImporter.Worker.Model.ImportModel.ExcelValueUpload() in D:\DevSkill\dotNet\Code\Asp.NetBatch5\FinalProject\DataImporter\DataImporter.Worker\Model\ImportModel.cs:line 60
   at DataImporter.Worker.Worker.ExecuteAsync(CancellationToken stoppingToken) in D:\DevSkill\dotNet\Code\Asp.NetBatch5\FinalProject\DataImporter\DataImporter.Worker\Worker.cs:line 28
   at Microsoft.Extensions.Hosting.Internal.Host.StartAsync(CancellationToken cancellationToken)
   at Microsoft.Extensions.Hosting.HostingAbstractionsHostExtensions.RunAsync(IHost host, CancellationToken token)
   at Microsoft.Extensions.Hosting.HostingAbstractionsHostExtensions.RunAsync(IHost host, CancellationToken token)
   at Microsoft.Extensions.Hosting.HostingAbstractionsHostExtensions.Run(IHost host)
   at DataImporter.Worker.Program.Main(String[] args) in D:\DevSkill\dotNet\Code\Asp.NetBatch5\FinalProject\DataImporter\DataImporter.Worker\Program.cs:line 40
2021-10-02 00:31:43.429 +06:00 [INF] Application Starting up
2021-10-02 17:15:23.713 +06:00 [INF] Application Starting up
2021-10-02 17:37:53.232 +06:00 [INF] Application Starting up
2021-10-02 17:39:22.762 +06:00 [INF] Application Starting up
2021-10-02 17:40:11.661 +06:00 [INF] Application Starting up
2021-10-02 17:41:26.492 +06:00 [INF] Application Starting up
2021-10-02 17:45:11.185 +06:00 [INF] Application Starting up
2021-10-02 17:51:21.140 +06:00 [INF] Application Starting up
2021-10-02 17:52:52.829 +06:00 [INF] Application Starting up
2021-10-02 17:57:03.036 +06:00 [INF] Application Starting up
2021-10-02 17:59:52.505 +06:00 [INF] Application Starting up
2021-10-02 18:04:00.738 +06:00 [INF] Application Starting up
2021-10-02 18:05:31.933 +06:00 [INF] Application Starting up
2021-10-02 18:08:24.975 +06:00 [INF] Application Starting up
2021-10-02 18:11:40.198 +06:00 [INF] Application Starting up
2021-10-02 18:41:28.282 +06:00 [INF] Application Starting up
2021-10-02 18:44:24.099 +06:00 [INF] Application Starting up
2021-10-02 18:54:41.412 +06:00 [INF] Application Starting up
2021-10-02 18:55:25.164 +06:00 [INF] Worker running at: "2021-10-02T18:55:25.1583055+06:00"
2021-10-02 23:50:15.966 +06:00 [INF] Application Starting up
2021-10-02 23:54:11.483 +06:00 [INF] Application Starting up
