2021-08-02 01:47:00.950 +06:00 [INF] Application Starting up
2021-08-02 01:51:02.428 +06:00 [INF] Application Starting up
2021-08-02 12:08:55.883 +06:00 [INF] Application Starting up
2021-08-02 12:36:13.068 +06:00 [INF] Application Starting up
2021-08-02 20:30:22.132 +06:00 [INF] Application Starting up
2021-08-02 20:30:40.523 +06:00 [ERR] An unhandled exception has occurred while executing the request.
Microsoft.AspNetCore.Routing.Matching.AmbiguousMatchException: The request matched multiple endpoints. Matches: 

InventorySystem.Web.Areas.Management.Controllers.StockController.Create (InventorySystem.Web)
InventorySystem.Web.Areas.Management.Controllers.StockController.Create (InventorySystem.Web)
   at Microsoft.AspNetCore.Routing.Matching.DefaultEndpointSelector.ReportAmbiguity(CandidateState[] candidateState)
   at Microsoft.AspNetCore.Routing.Matching.DefaultEndpointSelector.ProcessFinalCandidates(HttpContext httpContext, CandidateState[] candidateState)
   at Microsoft.AspNetCore.Routing.Matching.DefaultEndpointSelector.Select(HttpContext httpContext, CandidateState[] candidateState)
   at Microsoft.AspNetCore.Routing.Matching.DfaMatcher.MatchAsync(HttpContext httpContext)
   at Microsoft.AspNetCore.Routing.Matching.DataSourceDependentMatcher.MatchAsync(HttpContext httpContext)
   at Microsoft.AspNetCore.Routing.EndpointRoutingMiddleware.Invoke(HttpContext httpContext)
   at Microsoft.AspNetCore.StaticFiles.StaticFileMiddleware.Invoke(HttpContext context)
   at Microsoft.AspNetCore.HttpsPolicy.HttpsRedirectionMiddleware.Invoke(HttpContext context)
   at Microsoft.AspNetCore.Diagnostics.EntityFrameworkCore.MigrationsEndPointMiddleware.Invoke(HttpContext context)
   at Microsoft.AspNetCore.Diagnostics.DeveloperExceptionPageMiddleware.Invoke(HttpContext context)
2021-08-02 20:30:41.471 +06:00 [ERR] An exception occurred while calculating the database error page content. Skipping display of the database error page.
System.ArgumentException: Keyword not supported: 'inventorysystem.web, version'.
   at Microsoft.Data.Common.DbConnectionOptions.ParseInternal(Dictionary`2 parsetable, String connectionString, Boolean buildChain, Dictionary`2 synonyms, Boolean firstKey)
   at Microsoft.Data.Common.DbConnectionOptions..ctor(String connectionString, Dictionary`2 synonyms)
   at Microsoft.Data.SqlClient.SqlConnectionString..ctor(String connectionString)
   at Microsoft.Data.SqlClient.SqlConnectionFactory.CreateConnectionOptions(String connectionString, DbConnectionOptions previous)
   at Microsoft.Data.ProviderBase.DbConnectionFactory.GetConnectionPoolGroup(DbConnectionPoolKey key, DbConnectionPoolGroupOptions poolOptions, DbConnectionOptions& userConnectionOptions)
   at Microsoft.Data.SqlClient.SqlConnection.ConnectionString_Set(DbConnectionPoolKey key)
   at Microsoft.Data.SqlClient.SqlConnection.set_ConnectionString(String value)
   at Microsoft.Data.SqlClient.SqlConnection..ctor(String connectionString)
   at Microsoft.EntityFrameworkCore.SqlServer.Storage.Internal.SqlServerConnection.CreateDbConnection()
   at Microsoft.EntityFrameworkCore.Storage.RelationalConnection.get_DbConnection()
   at Microsoft.EntityFrameworkCore.Storage.RelationalConnection.OpenAsync(CancellationToken cancellationToken, Boolean errorsExpected)
   at Microsoft.EntityFrameworkCore.SqlServer.Storage.Internal.SqlServerDatabaseCreator.<>c__DisplayClass20_0.<<ExistsAsync>b__0>d.MoveNext()
--- End of stack trace from previous location ---
   at Microsoft.EntityFrameworkCore.SqlServer.Storage.Internal.SqlServerDatabaseCreator.<>c__DisplayClass20_0.<<ExistsAsync>b__0>d.MoveNext()
--- End of stack trace from previous location ---
   at Microsoft.EntityFrameworkCore.SqlServer.Storage.Internal.SqlServerExecutionStrategy.ExecuteAsync[TState,TResult](TState state, Func`4 operation, Func`4 verifySucceeded, CancellationToken cancellationToken)
   at Microsoft.AspNetCore.Diagnostics.EntityFrameworkCore.HttpContextDatabaseContextDetailsExtensions.GetContextDetailsAsync(HttpContext httpContext, Type dbcontextType, ILogger logger)
   at Microsoft.AspNetCore.Diagnostics.EntityFrameworkCore.DatabaseDeveloperPageExceptionFilter.HandleExceptionAsync(ErrorContext errorContext, Func`2 next)
2021-08-02 20:31:30.356 +06:00 [INF] Application Starting up
2021-08-02 20:32:07.433 +06:00 [ERR] An unhandled exception has occurred while executing the request.
Microsoft.EntityFrameworkCore.DbUpdateException: An error occurred while updating the entries. See the inner exception for details.
 ---> Microsoft.Data.SqlClient.SqlException (0x80131904): The INSERT statement conflicted with the FOREIGN KEY constraint "FK_Stocks_InventoryProducts_ProductId". The conflict occurred in database "Assignment_3", table "dbo.InventoryProducts", column 'Id'.
The statement has been terminated.
   at Microsoft.Data.SqlClient.SqlConnection.OnError(SqlException exception, Boolean breakConnection, Action`1 wrapCloseInAction)
   at Microsoft.Data.SqlClient.SqlInternalConnection.OnError(SqlException exception, Boolean breakConnection, Action`1 wrapCloseInAction)
   at Microsoft.Data.SqlClient.TdsParser.ThrowExceptionAndWarning(TdsParserStateObject stateObj, Boolean callerHasConnectionLock, Boolean asyncClose)
   at Microsoft.Data.SqlClient.TdsParser.TryRun(RunBehavior runBehavior, SqlCommand cmdHandler, SqlDataReader dataStream, BulkCopySimpleResultSet bulkCopyHandler, TdsParserStateObject stateObj, Boolean& dataReady)
   at Microsoft.Data.SqlClient.SqlDataReader.TryConsumeMetaData()
   at Microsoft.Data.SqlClient.SqlDataReader.get_MetaData()
   at Microsoft.Data.SqlClient.SqlCommand.FinishExecuteReader(SqlDataReader ds, RunBehavior runBehavior, String resetOptionsString, Boolean isInternal, Boolean forDescribeParameterEncryption, Boolean shouldCacheForAlwaysEncrypted)
   at Microsoft.Data.SqlClient.SqlCommand.RunExecuteReaderTds(CommandBehavior cmdBehavior, RunBehavior runBehavior, Boolean returnStream, Boolean isAsync, Int32 timeout, Task& task, Boolean asyncWrite, Boolean inRetry, SqlDataReader ds, Boolean describeParameterEncryptionRequest)
   at Microsoft.Data.SqlClient.SqlCommand.RunExecuteReader(CommandBehavior cmdBehavior, RunBehavior runBehavior, Boolean returnStream, TaskCompletionSource`1 completion, Int32 timeout, Task& task, Boolean& usedCache, Boolean asyncWrite, Boolean inRetry, String method)
   at Microsoft.Data.SqlClient.SqlCommand.RunExecuteReader(CommandBehavior cmdBehavior, RunBehavior runBehavior, Boolean returnStream, String method)
   at Microsoft.Data.SqlClient.SqlCommand.ExecuteReader(CommandBehavior behavior)
   at Microsoft.Data.SqlClient.SqlCommand.ExecuteDbDataReader(CommandBehavior behavior)
   at System.Data.Common.DbCommand.ExecuteReader()
   at Microsoft.EntityFrameworkCore.Storage.RelationalCommand.ExecuteReader(RelationalCommandParameterObject parameterObject)
   at Microsoft.EntityFrameworkCore.Update.ReaderModificationCommandBatch.Execute(IRelationalConnection connection)
ClientConnectionId:682fcb97-ef6c-4b65-98d8-33b794490e11
Error Number:547,State:0,Class:16
   --- End of inner exception stack trace ---
   at Microsoft.EntityFrameworkCore.Update.ReaderModificationCommandBatch.Execute(IRelationalConnection connection)
   at Microsoft.EntityFrameworkCore.Update.Internal.BatchExecutor.Execute(IEnumerable`1 commandBatches, IRelationalConnection connection)
   at Microsoft.EntityFrameworkCore.Storage.RelationalDatabase.SaveChanges(IList`1 entries)
   at Microsoft.EntityFrameworkCore.ChangeTracking.Internal.StateManager.SaveChanges(IList`1 entriesToSave)
   at Microsoft.EntityFrameworkCore.ChangeTracking.Internal.StateManager.SaveChanges(DbContext _, Boolean acceptAllChangesOnSuccess)
   at Microsoft.EntityFrameworkCore.SqlServer.Storage.Internal.SqlServerExecutionStrategy.Execute[TState,TResult](TState state, Func`3 operation, Func`3 verifySucceeded)
   at Microsoft.EntityFrameworkCore.ChangeTracking.Internal.StateManager.SaveChanges(Boolean acceptAllChangesOnSuccess)
   at Microsoft.EntityFrameworkCore.DbContext.SaveChanges(Boolean acceptAllChangesOnSuccess)
   at Microsoft.EntityFrameworkCore.DbContext.SaveChanges()
   at InventorySystem.Data.UnitOfWork.Save() in D:\DevSkill\dotNet\Code\Asp.NetBatch5\AspDotNetMVC\Assignment\Assignment_3\InventorySystem\InventorySystem.Data\UnitOfWork.cs:line 12
   at InventorySystem.Tracking.Services.StockService.CreateStock(Stock stock) in D:\DevSkill\dotNet\Code\Asp.NetBatch5\AspDotNetMVC\Assignment\Assignment_3\InventorySystem\InventorySystem.Tracking\Services\StockService.cs:line 28
   at InventorySystem.Web.Areas.Management.Models.CreateStockModel.CreateStock() in D:\DevSkill\dotNet\Code\Asp.NetBatch5\AspDotNetMVC\Assignment\Assignment_3\InventorySystem\InventorySystem.Web\Areas\Management\Models\CreateStockModel.cs:line 38
   at InventorySystem.Web.Areas.Management.Controllers.StockController.Create(CreateStockModel model) in D:\DevSkill\dotNet\Code\Asp.NetBatch5\AspDotNetMVC\Assignment\Assignment_3\InventorySystem\InventorySystem.Web\Areas\Management\Controllers\StockController.cs:line 32
   at lambda_method605(Closure , Object , Object[] )
   at Microsoft.AspNetCore.Mvc.Infrastructure.ActionMethodExecutor.SyncActionResultExecutor.Execute(IActionResultTypeMapper mapper, ObjectMethodExecutor executor, Object controller, Object[] arguments)
   at Microsoft.AspNetCore.Mvc.Infrastructure.ControllerActionInvoker.InvokeActionMethodAsync()
   at Microsoft.AspNetCore.Mvc.Infrastructure.ControllerActionInvoker.Next(State& next, Scope& scope, Object& state, Boolean& isCompleted)
   at Microsoft.AspNetCore.Mvc.Infrastructure.ControllerActionInvoker.InvokeNextActionFilterAsync()
--- End of stack trace from previous location ---
   at Microsoft.AspNetCore.Mvc.Infrastructure.ControllerActionInvoker.Rethrow(ActionExecutedContextSealed context)
   at Microsoft.AspNetCore.Mvc.Infrastructure.ControllerActionInvoker.Next(State& next, Scope& scope, Object& state, Boolean& isCompleted)
   at Microsoft.AspNetCore.Mvc.Infrastructure.ControllerActionInvoker.InvokeInnerFilterAsync()
--- End of stack trace from previous location ---
   at Microsoft.AspNetCore.Mvc.Infrastructure.ResourceInvoker.<InvokeNextResourceFilter>g__Awaited|24_0(ResourceInvoker invoker, Task lastTask, State next, Scope scope, Object state, Boolean isCompleted)
   at Microsoft.AspNetCore.Mvc.Infrastructure.ResourceInvoker.Rethrow(ResourceExecutedContextSealed context)
   at Microsoft.AspNetCore.Mvc.Infrastructure.ResourceInvoker.Next(State& next, Scope& scope, Object& state, Boolean& isCompleted)
   at Microsoft.AspNetCore.Mvc.Infrastructure.ResourceInvoker.InvokeFilterPipelineAsync()
--- End of stack trace from previous location ---
   at Microsoft.AspNetCore.Mvc.Infrastructure.ResourceInvoker.<InvokeAsync>g__Awaited|17_0(ResourceInvoker invoker, Task task, IDisposable scope)
   at Microsoft.AspNetCore.Routing.EndpointMiddleware.<Invoke>g__AwaitRequestTask|6_0(Endpoint endpoint, Task requestTask, ILogger logger)
   at Microsoft.AspNetCore.Session.SessionMiddleware.Invoke(HttpContext context)
   at Microsoft.AspNetCore.Session.SessionMiddleware.Invoke(HttpContext context)
   at Microsoft.AspNetCore.Authorization.AuthorizationMiddleware.Invoke(HttpContext context)
   at Microsoft.AspNetCore.Authentication.AuthenticationMiddleware.Invoke(HttpContext context)
   at Microsoft.AspNetCore.Diagnostics.EntityFrameworkCore.MigrationsEndPointMiddleware.Invoke(HttpContext context)
   at Microsoft.AspNetCore.Diagnostics.DeveloperExceptionPageMiddleware.Invoke(HttpContext context)
2021-08-02 20:32:07.946 +06:00 [ERR] An exception occurred while calculating the database error page content. Skipping display of the database error page.
System.ArgumentException: Keyword not supported: 'inventorysystem.web, version'.
   at Microsoft.Data.Common.DbConnectionOptions.ParseInternal(Dictionary`2 parsetable, String connectionString, Boolean buildChain, Dictionary`2 synonyms, Boolean firstKey)
   at Microsoft.Data.Common.DbConnectionOptions..ctor(String connectionString, Dictionary`2 synonyms)
   at Microsoft.Data.SqlClient.SqlConnectionString..ctor(String connectionString)
   at Microsoft.Data.SqlClient.SqlConnectionFactory.CreateConnectionOptions(String connectionString, DbConnectionOptions previous)
   at Microsoft.Data.ProviderBase.DbConnectionFactory.GetConnectionPoolGroup(DbConnectionPoolKey key, DbConnectionPoolGroupOptions poolOptions, DbConnectionOptions& userConnectionOptions)
   at Microsoft.Data.SqlClient.SqlConnection.ConnectionString_Set(DbConnectionPoolKey key)
   at Microsoft.Data.SqlClient.SqlConnection.set_ConnectionString(String value)
   at Microsoft.Data.SqlClient.SqlConnection..ctor(String connectionString)
   at Microsoft.EntityFrameworkCore.SqlServer.Storage.Internal.SqlServerConnection.CreateDbConnection()
   at Microsoft.EntityFrameworkCore.Storage.RelationalConnection.get_DbConnection()
   at Microsoft.EntityFrameworkCore.Storage.RelationalConnection.OpenAsync(CancellationToken cancellationToken, Boolean errorsExpected)
   at Microsoft.EntityFrameworkCore.SqlServer.Storage.Internal.SqlServerDatabaseCreator.<>c__DisplayClass20_0.<<ExistsAsync>b__0>d.MoveNext()
--- End of stack trace from previous location ---
   at Microsoft.EntityFrameworkCore.SqlServer.Storage.Internal.SqlServerDatabaseCreator.<>c__DisplayClass20_0.<<ExistsAsync>b__0>d.MoveNext()
--- End of stack trace from previous location ---
   at Microsoft.EntityFrameworkCore.SqlServer.Storage.Internal.SqlServerExecutionStrategy.ExecuteAsync[TState,TResult](TState state, Func`4 operation, Func`4 verifySucceeded, CancellationToken cancellationToken)
   at Microsoft.AspNetCore.Diagnostics.EntityFrameworkCore.HttpContextDatabaseContextDetailsExtensions.GetContextDetailsAsync(HttpContext httpContext, Type dbcontextType, ILogger logger)
   at Microsoft.AspNetCore.Diagnostics.EntityFrameworkCore.DatabaseDeveloperPageExceptionFilter.HandleExceptionAsync(ErrorContext errorContext, Func`2 next)
2021-08-02 20:33:06.174 +06:00 [INF] Application Starting up
2021-08-02 20:41:18.873 +06:00 [INF] Application Starting up
2021-08-02 20:43:07.828 +06:00 [INF] Application Starting up
2021-08-02 20:45:19.342 +06:00 [ERR] An unhandled exception has occurred while executing the request.
System.InvalidOperationException: Invalid Product Id
   at InventorySystem.Tracking.Services.StockService.CreateStock(Stock stock) in D:\DevSkill\dotNet\Code\Asp.NetBatch5\AspDotNetMVC\Assignment\Assignment_3\InventorySystem\InventorySystem.Tracking\Services\StockService.cs:line 22
   at InventorySystem.Web.Areas.Management.Models.CreateStockModel.CreateStock() in D:\DevSkill\dotNet\Code\Asp.NetBatch5\AspDotNetMVC\Assignment\Assignment_3\InventorySystem\InventorySystem.Web\Areas\Management\Models\CreateStockModel.cs:line 38
   at InventorySystem.Web.Areas.Management.Controllers.StockController.Create(CreateStockModel model) in D:\DevSkill\dotNet\Code\Asp.NetBatch5\AspDotNetMVC\Assignment\Assignment_3\InventorySystem\InventorySystem.Web\Areas\Management\Controllers\StockController.cs:line 32
   at lambda_method618(Closure , Object , Object[] )
   at Microsoft.AspNetCore.Mvc.Infrastructure.ActionMethodExecutor.SyncActionResultExecutor.Execute(IActionResultTypeMapper mapper, ObjectMethodExecutor executor, Object controller, Object[] arguments)
   at Microsoft.AspNetCore.Mvc.Infrastructure.ControllerActionInvoker.InvokeActionMethodAsync()
   at Microsoft.AspNetCore.Mvc.Infrastructure.ControllerActionInvoker.Next(State& next, Scope& scope, Object& state, Boolean& isCompleted)
   at Microsoft.AspNetCore.Mvc.Infrastructure.ControllerActionInvoker.InvokeNextActionFilterAsync()
--- End of stack trace from previous location ---
   at Microsoft.AspNetCore.Mvc.Infrastructure.ControllerActionInvoker.Rethrow(ActionExecutedContextSealed context)
   at Microsoft.AspNetCore.Mvc.Infrastructure.ControllerActionInvoker.Next(State& next, Scope& scope, Object& state, Boolean& isCompleted)
   at Microsoft.AspNetCore.Mvc.Infrastructure.ControllerActionInvoker.InvokeInnerFilterAsync()
--- End of stack trace from previous location ---
   at Microsoft.AspNetCore.Mvc.Infrastructure.ResourceInvoker.<InvokeNextResourceFilter>g__Awaited|24_0(ResourceInvoker invoker, Task lastTask, State next, Scope scope, Object state, Boolean isCompleted)
   at Microsoft.AspNetCore.Mvc.Infrastructure.ResourceInvoker.Rethrow(ResourceExecutedContextSealed context)
   at Microsoft.AspNetCore.Mvc.Infrastructure.ResourceInvoker.Next(State& next, Scope& scope, Object& state, Boolean& isCompleted)
   at Microsoft.AspNetCore.Mvc.Infrastructure.ResourceInvoker.InvokeFilterPipelineAsync()
--- End of stack trace from previous location ---
   at Microsoft.AspNetCore.Mvc.Infrastructure.ResourceInvoker.<InvokeAsync>g__Awaited|17_0(ResourceInvoker invoker, Task task, IDisposable scope)
   at Microsoft.AspNetCore.Routing.EndpointMiddleware.<Invoke>g__AwaitRequestTask|6_0(Endpoint endpoint, Task requestTask, ILogger logger)
   at Microsoft.AspNetCore.Session.SessionMiddleware.Invoke(HttpContext context)
   at Microsoft.AspNetCore.Session.SessionMiddleware.Invoke(HttpContext context)
   at Microsoft.AspNetCore.Authorization.AuthorizationMiddleware.Invoke(HttpContext context)
   at Microsoft.AspNetCore.Authentication.AuthenticationMiddleware.Invoke(HttpContext context)
   at Microsoft.AspNetCore.Diagnostics.EntityFrameworkCore.MigrationsEndPointMiddleware.Invoke(HttpContext context)
   at Microsoft.AspNetCore.Diagnostics.DeveloperExceptionPageMiddleware.Invoke(HttpContext context)
2021-08-02 20:45:23.352 +06:00 [ERR] An exception occurred while calculating the database error page content. Skipping display of the database error page.
System.ArgumentException: Keyword not supported: 'inventorysystem.web, version'.
   at Microsoft.Data.Common.DbConnectionOptions.ParseInternal(Dictionary`2 parsetable, String connectionString, Boolean buildChain, Dictionary`2 synonyms, Boolean firstKey)
   at Microsoft.Data.Common.DbConnectionOptions..ctor(String connectionString, Dictionary`2 synonyms)
   at Microsoft.Data.SqlClient.SqlConnectionString..ctor(String connectionString)
   at Microsoft.Data.SqlClient.SqlConnectionFactory.CreateConnectionOptions(String connectionString, DbConnectionOptions previous)
   at Microsoft.Data.ProviderBase.DbConnectionFactory.GetConnectionPoolGroup(DbConnectionPoolKey key, DbConnectionPoolGroupOptions poolOptions, DbConnectionOptions& userConnectionOptions)
   at Microsoft.Data.SqlClient.SqlConnection.ConnectionString_Set(DbConnectionPoolKey key)
   at Microsoft.Data.SqlClient.SqlConnection.set_ConnectionString(String value)
   at Microsoft.Data.SqlClient.SqlConnection..ctor(String connectionString)
   at Microsoft.EntityFrameworkCore.SqlServer.Storage.Internal.SqlServerConnection.CreateDbConnection()
   at Microsoft.EntityFrameworkCore.Storage.RelationalConnection.get_DbConnection()
   at Microsoft.EntityFrameworkCore.Storage.RelationalConnection.OpenAsync(CancellationToken cancellationToken, Boolean errorsExpected)
   at Microsoft.EntityFrameworkCore.SqlServer.Storage.Internal.SqlServerDatabaseCreator.<>c__DisplayClass20_0.<<ExistsAsync>b__0>d.MoveNext()
--- End of stack trace from previous location ---
   at Microsoft.EntityFrameworkCore.SqlServer.Storage.Internal.SqlServerDatabaseCreator.<>c__DisplayClass20_0.<<ExistsAsync>b__0>d.MoveNext()
--- End of stack trace from previous location ---
   at Microsoft.EntityFrameworkCore.SqlServer.Storage.Internal.SqlServerExecutionStrategy.ExecuteAsync[TState,TResult](TState state, Func`4 operation, Func`4 verifySucceeded, CancellationToken cancellationToken)
   at Microsoft.AspNetCore.Diagnostics.EntityFrameworkCore.HttpContextDatabaseContextDetailsExtensions.GetContextDetailsAsync(HttpContext httpContext, Type dbcontextType, ILogger logger)
   at Microsoft.AspNetCore.Diagnostics.EntityFrameworkCore.DatabaseDeveloperPageExceptionFilter.HandleExceptionAsync(ErrorContext errorContext, Func`2 next)
2021-08-02 20:45:47.887 +06:00 [INF] Application Starting up
2021-08-02 20:48:34.953 +06:00 [INF] Application Starting up
2021-08-02 20:48:58.012 +06:00 [ERR] Failed
System.InvalidOperationException: Invalid Product Id
   at InventorySystem.Tracking.Services.StockService.CreateStock(Stock stock) in D:\DevSkill\dotNet\Code\Asp.NetBatch5\AspDotNetMVC\Assignment\Assignment_3\InventorySystem\InventorySystem.Tracking\Services\StockService.cs:line 22
   at InventorySystem.Web.Areas.Management.Models.CreateStockModel.CreateStock() in D:\DevSkill\dotNet\Code\Asp.NetBatch5\AspDotNetMVC\Assignment\Assignment_3\InventorySystem\InventorySystem.Web\Areas\Management\Models\CreateStockModel.cs:line 38
   at InventorySystem.Web.Areas.Management.Controllers.StockController.Create(CreateStockModel model) in D:\DevSkill\dotNet\Code\Asp.NetBatch5\AspDotNetMVC\Assignment\Assignment_3\InventorySystem\InventorySystem.Web\Areas\Management\Controllers\StockController.cs:line 35
2021-08-02 21:28:02.352 +06:00 [INF] Application Starting up
2021-08-02 23:34:34.724 +06:00 [INF] Application Starting up
2021-08-02 23:34:56.304 +06:00 [ERR] The view 'Edit' was not found. Searched locations: ["/Areas/Management/Views/Stock/Edit.cshtml","/Areas/Management/Views/Shared/Edit.cshtml","/Views/Shared/Edit.cshtml","/Pages/Shared/Edit.cshtml"]
2021-08-02 23:34:56.367 +06:00 [ERR] An unhandled exception has occurred while executing the request.
System.InvalidOperationException: The view 'Edit' was not found. The following locations were searched:
/Areas/Management/Views/Stock/Edit.cshtml
/Areas/Management/Views/Shared/Edit.cshtml
/Views/Shared/Edit.cshtml
/Pages/Shared/Edit.cshtml
   at Microsoft.AspNetCore.Mvc.ViewEngines.ViewEngineResult.EnsureSuccessful(IEnumerable`1 originalLocations)
   at Microsoft.AspNetCore.Mvc.ViewFeatures.ViewResultExecutor.ExecuteAsync(ActionContext context, ViewResult result)
   at Microsoft.AspNetCore.Mvc.ViewResult.ExecuteResultAsync(ActionContext context)
   at Microsoft.AspNetCore.Mvc.Infrastructure.ResourceInvoker.<InvokeNextResultFilterAsync>g__Awaited|29_0[TFilter,TFilterAsync](ResourceInvoker invoker, Task lastTask, State next, Scope scope, Object state, Boolean isCompleted)
   at Microsoft.AspNetCore.Mvc.Infrastructure.ResourceInvoker.Rethrow(ResultExecutedContextSealed context)
   at Microsoft.AspNetCore.Mvc.Infrastructure.ResourceInvoker.ResultNext[TFilter,TFilterAsync](State& next, Scope& scope, Object& state, Boolean& isCompleted)
   at Microsoft.AspNetCore.Mvc.Infrastructure.ResourceInvoker.InvokeResultFilters()
--- End of stack trace from previous location ---
   at Microsoft.AspNetCore.Mvc.Infrastructure.ResourceInvoker.<InvokeNextResourceFilter>g__Awaited|24_0(ResourceInvoker invoker, Task lastTask, State next, Scope scope, Object state, Boolean isCompleted)
   at Microsoft.AspNetCore.Mvc.Infrastructure.ResourceInvoker.Rethrow(ResourceExecutedContextSealed context)
   at Microsoft.AspNetCore.Mvc.Infrastructure.ResourceInvoker.Next(State& next, Scope& scope, Object& state, Boolean& isCompleted)
   at Microsoft.AspNetCore.Mvc.Infrastructure.ResourceInvoker.InvokeFilterPipelineAsync()
--- End of stack trace from previous location ---
   at Microsoft.AspNetCore.Mvc.Infrastructure.ResourceInvoker.<InvokeAsync>g__Awaited|17_0(ResourceInvoker invoker, Task task, IDisposable scope)
   at Microsoft.AspNetCore.Routing.EndpointMiddleware.<Invoke>g__AwaitRequestTask|6_0(Endpoint endpoint, Task requestTask, ILogger logger)
   at Microsoft.AspNetCore.Session.SessionMiddleware.Invoke(HttpContext context)
   at Microsoft.AspNetCore.Session.SessionMiddleware.Invoke(HttpContext context)
   at Microsoft.AspNetCore.Authorization.AuthorizationMiddleware.Invoke(HttpContext context)
   at Microsoft.AspNetCore.Authentication.AuthenticationMiddleware.Invoke(HttpContext context)
   at Microsoft.AspNetCore.Diagnostics.EntityFrameworkCore.MigrationsEndPointMiddleware.Invoke(HttpContext context)
   at Microsoft.AspNetCore.Diagnostics.DeveloperExceptionPageMiddleware.Invoke(HttpContext context)
2021-08-02 23:34:56.931 +06:00 [ERR] An exception occurred while calculating the database error page content. Skipping display of the database error page.
System.ArgumentException: Keyword not supported: 'inventorysystem.web, version'.
   at Microsoft.Data.Common.DbConnectionOptions.ParseInternal(Dictionary`2 parsetable, String connectionString, Boolean buildChain, Dictionary`2 synonyms, Boolean firstKey)
   at Microsoft.Data.Common.DbConnectionOptions..ctor(String connectionString, Dictionary`2 synonyms)
   at Microsoft.Data.SqlClient.SqlConnectionString..ctor(String connectionString)
   at Microsoft.Data.SqlClient.SqlConnectionFactory.CreateConnectionOptions(String connectionString, DbConnectionOptions previous)
   at Microsoft.Data.ProviderBase.DbConnectionFactory.GetConnectionPoolGroup(DbConnectionPoolKey key, DbConnectionPoolGroupOptions poolOptions, DbConnectionOptions& userConnectionOptions)
   at Microsoft.Data.SqlClient.SqlConnection.ConnectionString_Set(DbConnectionPoolKey key)
   at Microsoft.Data.SqlClient.SqlConnection.set_ConnectionString(String value)
   at Microsoft.Data.SqlClient.SqlConnection..ctor(String connectionString)
   at Microsoft.EntityFrameworkCore.SqlServer.Storage.Internal.SqlServerConnection.CreateDbConnection()
   at Microsoft.EntityFrameworkCore.Storage.RelationalConnection.get_DbConnection()
   at Microsoft.EntityFrameworkCore.Storage.RelationalConnection.OpenAsync(CancellationToken cancellationToken, Boolean errorsExpected)
   at Microsoft.EntityFrameworkCore.SqlServer.Storage.Internal.SqlServerDatabaseCreator.<>c__DisplayClass20_0.<<ExistsAsync>b__0>d.MoveNext()
--- End of stack trace from previous location ---
   at Microsoft.EntityFrameworkCore.SqlServer.Storage.Internal.SqlServerDatabaseCreator.<>c__DisplayClass20_0.<<ExistsAsync>b__0>d.MoveNext()
--- End of stack trace from previous location ---
   at Microsoft.EntityFrameworkCore.SqlServer.Storage.Internal.SqlServerExecutionStrategy.ExecuteAsync[TState,TResult](TState state, Func`4 operation, Func`4 verifySucceeded, CancellationToken cancellationToken)
   at Microsoft.AspNetCore.Diagnostics.EntityFrameworkCore.HttpContextDatabaseContextDetailsExtensions.GetContextDetailsAsync(HttpContext httpContext, Type dbcontextType, ILogger logger)
   at Microsoft.AspNetCore.Diagnostics.EntityFrameworkCore.DatabaseDeveloperPageExceptionFilter.HandleExceptionAsync(ErrorContext errorContext, Func`2 next)
2021-08-02 23:39:04.760 +06:00 [INF] Application Starting up
