2021-08-01 00:43:57.836 +06:00 [INF] Application Starting up
2021-08-01 00:54:41.237 +06:00 [INF] Application Starting up
2021-08-01 00:59:27.256 +06:00 [INF] Application Starting up
2021-08-01 01:04:28.380 +06:00 [INF] Application Starting up
2021-08-01 01:18:13.388 +06:00 [INF] Application Starting up
2021-08-01 01:19:15.446 +06:00 [ERR] Failed
Microsoft.EntityFrameworkCore.DbUpdateException: An error occurred while updating the entries. See the inner exception for details.
 ---> Microsoft.Data.SqlClient.SqlException (0x80131904): The INSERT statement conflicted with the FOREIGN KEY constraint "FK_Photos_Members_MemberId". The conflict occurred in database "Assignment_3", table "dbo.Members", column 'Id'.
The statement has been terminated.
   at Microsoft.Data.SqlClient.SqlConnection.OnError(SqlException exception, Boolean breakConnection, Action`1 wrapCloseInAction)
   at Microsoft.Data.SqlClient.SqlInternalConnection.OnError(SqlException exception, Boolean breakConnection, Action`1 wrapCloseInAction)
   at Microsoft.Data.SqlClient.TdsParser.ThrowExceptionAndWarning(TdsParserStateObject stateObj, Boolean callerHasConnectionLock, Boolean asyncClose)
   at Microsoft.Data.SqlClient.TdsParser.TryRun(RunBehavior runBehavior, SqlCommand cmdHandler, SqlDataReader dataStream, BulkCopySimpleResultSet bulkCopyHandler, TdsParserStateObject stateObj, Boolean& dataReady)
   at Microsoft.Data.SqlClient.SqlDataReader.TryConsumeMetaData()
   at Microsoft.Data.SqlClient.SqlDataReader.get_MetaData()
   at Microsoft.Data.SqlClient.SqlCommand.FinishExecuteReader(SqlDataReader ds, RunBehavior runBehavior, String resetOptionsString, Boolean isInternal, Boolean forDescribeParameterEncryption, Boolean shouldCacheForAlwaysEncrypted)
   at Microsoft.Data.SqlClient.SqlCommand.RunExecuteReaderTds(CommandBehavior cmdBehavior, RunBehavior runBehavior, Boolean returnStream, Boolean isAsync, Int32 timeout, Task& task, Boolean asyncWrite, Boolean inRetry, SqlDataReader ds, Boolean describeParameterEncryptionRequest)
   at Microsoft.Data.SqlClient.SqlCommand.RunExecuteReader(CommandBehavior cmdBehavior, RunBehavior runBehavior, Boolean returnStream, TaskCompletionSource`1 completion, Int32 timeout, Task& task, Boolean& usedCache, Boolean asyncWrite, Boolean inRetry, String method)
   at Microsoft.Data.SqlClient.SqlCommand.RunExecuteReader(CommandBehavior cmdBehavior, RunBehavior runBehavior, Boolean returnStream, String method)
   at Microsoft.Data.SqlClient.SqlCommand.ExecuteReader(CommandBehavior behavior)
   at Microsoft.Data.SqlClient.SqlCommand.ExecuteDbDataReader(CommandBehavior behavior)
   at System.Data.Common.DbCommand.ExecuteReader()
   at Microsoft.EntityFrameworkCore.Storage.RelationalCommand.ExecuteReader(RelationalCommandParameterObject parameterObject)
   at Microsoft.EntityFrameworkCore.Update.ReaderModificationCommandBatch.Execute(IRelationalConnection connection)
ClientConnectionId:36c3c517-0062-45f1-8fb2-ce8f14434e79
Error Number:547,State:0,Class:16
   --- End of inner exception stack trace ---
   at Microsoft.EntityFrameworkCore.Update.ReaderModificationCommandBatch.Execute(IRelationalConnection connection)
   at Microsoft.EntityFrameworkCore.Update.Internal.BatchExecutor.Execute(IEnumerable`1 commandBatches, IRelationalConnection connection)
   at Microsoft.EntityFrameworkCore.Storage.RelationalDatabase.SaveChanges(IList`1 entries)
   at Microsoft.EntityFrameworkCore.ChangeTracking.Internal.StateManager.SaveChanges(IList`1 entriesToSave)
   at Microsoft.EntityFrameworkCore.ChangeTracking.Internal.StateManager.SaveChanges(DbContext _, Boolean acceptAllChangesOnSuccess)
   at Microsoft.EntityFrameworkCore.SqlServer.Storage.Internal.SqlServerExecutionStrategy.Execute[TState,TResult](TState state, Func`3 operation, Func`3 verifySucceeded)
   at Microsoft.EntityFrameworkCore.ChangeTracking.Internal.StateManager.SaveChanges(Boolean acceptAllChangesOnSuccess)
   at Microsoft.EntityFrameworkCore.DbContext.SaveChanges(Boolean acceptAllChangesOnSuccess)
   at Microsoft.EntityFrameworkCore.DbContext.SaveChanges()
   at SocialNetwork.Data.UnitOfWork.Save() in J:\ASP\Assignment_3\SocialNetwork\SocialNetwork.Data\UnitOfWork.cs:line 16
   at SocialNetwork.Account.Services.PhotoService.CreatePhoto(Photo photo) in J:\ASP\Assignment_3\SocialNetwork\SocialNetwork.Account\Services\PhotoService.cs:line 27
   at SocialNetwork.Web.Areas.Netizen.Models.CreatePhotoModel.CreatePhoto() in J:\ASP\Assignment_3\SocialNetwork\SocialNetwork.Web\Areas\Netizen\Models\CreatePhotoModel.cs:line 37
   at SocialNetwork.Web.Areas.Netizen.Controllers.PhotoController.Create(CreatePhotoModel model) in J:\ASP\Assignment_3\SocialNetwork\SocialNetwork.Web\Areas\Netizen\Controllers\PhotoController.cs:line 38
2021-08-01 01:19:55.828 +06:00 [ERR] Failed
Microsoft.EntityFrameworkCore.DbUpdateException: An error occurred while updating the entries. See the inner exception for details.
 ---> Microsoft.Data.SqlClient.SqlException (0x80131904): The INSERT statement conflicted with the FOREIGN KEY constraint "FK_Photos_Members_MemberId". The conflict occurred in database "Assignment_3", table "dbo.Members", column 'Id'.
The statement has been terminated.
   at Microsoft.Data.SqlClient.SqlConnection.OnError(SqlException exception, Boolean breakConnection, Action`1 wrapCloseInAction)
   at Microsoft.Data.SqlClient.SqlInternalConnection.OnError(SqlException exception, Boolean breakConnection, Action`1 wrapCloseInAction)
   at Microsoft.Data.SqlClient.TdsParser.ThrowExceptionAndWarning(TdsParserStateObject stateObj, Boolean callerHasConnectionLock, Boolean asyncClose)
   at Microsoft.Data.SqlClient.TdsParser.TryRun(RunBehavior runBehavior, SqlCommand cmdHandler, SqlDataReader dataStream, BulkCopySimpleResultSet bulkCopyHandler, TdsParserStateObject stateObj, Boolean& dataReady)
   at Microsoft.Data.SqlClient.SqlDataReader.TryConsumeMetaData()
   at Microsoft.Data.SqlClient.SqlDataReader.get_MetaData()
   at Microsoft.Data.SqlClient.SqlCommand.FinishExecuteReader(SqlDataReader ds, RunBehavior runBehavior, String resetOptionsString, Boolean isInternal, Boolean forDescribeParameterEncryption, Boolean shouldCacheForAlwaysEncrypted)
   at Microsoft.Data.SqlClient.SqlCommand.RunExecuteReaderTds(CommandBehavior cmdBehavior, RunBehavior runBehavior, Boolean returnStream, Boolean isAsync, Int32 timeout, Task& task, Boolean asyncWrite, Boolean inRetry, SqlDataReader ds, Boolean describeParameterEncryptionRequest)
   at Microsoft.Data.SqlClient.SqlCommand.RunExecuteReader(CommandBehavior cmdBehavior, RunBehavior runBehavior, Boolean returnStream, TaskCompletionSource`1 completion, Int32 timeout, Task& task, Boolean& usedCache, Boolean asyncWrite, Boolean inRetry, String method)
   at Microsoft.Data.SqlClient.SqlCommand.RunExecuteReader(CommandBehavior cmdBehavior, RunBehavior runBehavior, Boolean returnStream, String method)
   at Microsoft.Data.SqlClient.SqlCommand.ExecuteReader(CommandBehavior behavior)
   at Microsoft.Data.SqlClient.SqlCommand.ExecuteDbDataReader(CommandBehavior behavior)
   at System.Data.Common.DbCommand.ExecuteReader()
   at Microsoft.EntityFrameworkCore.Storage.RelationalCommand.ExecuteReader(RelationalCommandParameterObject parameterObject)
   at Microsoft.EntityFrameworkCore.Update.ReaderModificationCommandBatch.Execute(IRelationalConnection connection)
ClientConnectionId:36c3c517-0062-45f1-8fb2-ce8f14434e79
Error Number:547,State:0,Class:16
   --- End of inner exception stack trace ---
   at Microsoft.EntityFrameworkCore.Update.ReaderModificationCommandBatch.Execute(IRelationalConnection connection)
   at Microsoft.EntityFrameworkCore.Update.Internal.BatchExecutor.Execute(IEnumerable`1 commandBatches, IRelationalConnection connection)
   at Microsoft.EntityFrameworkCore.Storage.RelationalDatabase.SaveChanges(IList`1 entries)
   at Microsoft.EntityFrameworkCore.ChangeTracking.Internal.StateManager.SaveChanges(IList`1 entriesToSave)
   at Microsoft.EntityFrameworkCore.ChangeTracking.Internal.StateManager.SaveChanges(DbContext _, Boolean acceptAllChangesOnSuccess)
   at Microsoft.EntityFrameworkCore.SqlServer.Storage.Internal.SqlServerExecutionStrategy.Execute[TState,TResult](TState state, Func`3 operation, Func`3 verifySucceeded)
   at Microsoft.EntityFrameworkCore.ChangeTracking.Internal.StateManager.SaveChanges(Boolean acceptAllChangesOnSuccess)
   at Microsoft.EntityFrameworkCore.DbContext.SaveChanges(Boolean acceptAllChangesOnSuccess)
   at Microsoft.EntityFrameworkCore.DbContext.SaveChanges()
   at SocialNetwork.Data.UnitOfWork.Save() in J:\ASP\Assignment_3\SocialNetwork\SocialNetwork.Data\UnitOfWork.cs:line 16
   at SocialNetwork.Account.Services.PhotoService.CreatePhoto(Photo photo) in J:\ASP\Assignment_3\SocialNetwork\SocialNetwork.Account\Services\PhotoService.cs:line 27
   at SocialNetwork.Web.Areas.Netizen.Models.CreatePhotoModel.CreatePhoto() in J:\ASP\Assignment_3\SocialNetwork\SocialNetwork.Web\Areas\Netizen\Models\CreatePhotoModel.cs:line 37
   at SocialNetwork.Web.Areas.Netizen.Controllers.PhotoController.Create(CreatePhotoModel model) in J:\ASP\Assignment_3\SocialNetwork\SocialNetwork.Web\Areas\Netizen\Controllers\PhotoController.cs:line 38
2021-08-01 18:02:52.105 +06:00 [INF] Application Starting up
2021-08-01 18:47:20.669 +06:00 [INF] Application Starting up
2021-08-01 18:49:21.637 +06:00 [INF] Application Starting up
2021-08-01 19:03:39.464 +06:00 [INF] Application Starting up
2021-08-01 19:05:11.640 +06:00 [ERR] Failed
System.InvalidOperationException: Invalid member
   at SocialNetwork.Account.Services.PhotoService.CreatePhoto(Photo photo) in J:\ASP\Assignment_3\SocialNetwork\SocialNetwork.Account\Services\PhotoService.cs:line 32
   at SocialNetwork.Web.Areas.Netizen.Models.CreatePhotoModel.CreatePhoto() in J:\ASP\Assignment_3\SocialNetwork\SocialNetwork.Web\Areas\Netizen\Models\CreatePhotoModel.cs:line 38
   at SocialNetwork.Web.Areas.Netizen.Controllers.PhotoController.Create(CreatePhotoModel model) in J:\ASP\Assignment_3\SocialNetwork\SocialNetwork.Web\Areas\Netizen\Controllers\PhotoController.cs:line 39
2021-08-01 20:43:16.016 +06:00 [INF] Application Starting up
2021-08-01 21:06:15.401 +06:00 [INF] Application Starting up
2021-08-01 21:27:15.781 +06:00 [INF] Application Starting up
