2021-05-04 01:22:26.336 +06:00 [INF] Application Starting up
2021-05-04 01:22:33.774 +06:00 [FTL] Application startup exception
System.InvalidOperationException: Unable to resolve service for type 'Microsoft.AspNetCore.Session.ISessionStore' while attempting to activate 'Microsoft.AspNetCore.Session.SessionMiddleware'.
   at Microsoft.Extensions.Internal.ActivatorUtilities.ConstructorMatcher.CreateInstance(IServiceProvider provider)
   at Microsoft.Extensions.Internal.ActivatorUtilities.CreateInstance(IServiceProvider provider, Type instanceType, Object[] parameters)
   at Microsoft.AspNetCore.Builder.UseMiddlewareExtensions.<>c__DisplayClass5_0.<UseMiddleware>b__0(RequestDelegate next)
   at Microsoft.AspNetCore.Builder.ApplicationBuilder.Build()
   at Microsoft.AspNetCore.Hosting.GenericWebHostService.StartAsync(CancellationToken cancellationToken)
2021-05-04 01:22:33.957 +06:00 [FTL] Application start-up failed
System.InvalidOperationException: Unable to resolve service for type 'Microsoft.AspNetCore.Session.ISessionStore' while attempting to activate 'Microsoft.AspNetCore.Session.SessionMiddleware'.
   at Microsoft.Extensions.Internal.ActivatorUtilities.ConstructorMatcher.CreateInstance(IServiceProvider provider)
   at Microsoft.Extensions.Internal.ActivatorUtilities.CreateInstance(IServiceProvider provider, Type instanceType, Object[] parameters)
   at Microsoft.AspNetCore.Builder.UseMiddlewareExtensions.<>c__DisplayClass5_0.<UseMiddleware>b__0(RequestDelegate next)
   at Microsoft.AspNetCore.Builder.ApplicationBuilder.Build()
   at Microsoft.AspNetCore.Hosting.GenericWebHostService.StartAsync(CancellationToken cancellationToken)
   at Microsoft.Extensions.Hosting.Internal.Host.StartAsync(CancellationToken cancellationToken)
   at Microsoft.Extensions.Hosting.HostingAbstractionsHostExtensions.RunAsync(IHost host, CancellationToken token)
   at Microsoft.Extensions.Hosting.HostingAbstractionsHostExtensions.RunAsync(IHost host, CancellationToken token)
   at Microsoft.Extensions.Hosting.HostingAbstractionsHostExtensions.Run(IHost host)
   at SecondDemo.Program.Main(String[] args) in D:\DevSkill\dotNet\Code\Asp.NetBatch5\AspDotNetMVC\classSix\SecondDemo\SecondDemo\Program.cs:line 32
2021-05-04 01:31:14.715 +06:00 [INF] Application Starting up
