2021-08-17 17:56:23.166 +06:00 [INF] Application Starting up
2021-08-17 18:00:50.996 +06:00 [ERR] Failed executing DbCommand (141ms) [Parameters=[@__normalizedUserName_0='?' (Size = 256)], CommandType='"Text"', CommandTimeout='30']
SELECT TOP(1) [a].[Id], [a].[AccessFailedCount], [a].[ConcurrencyStamp], [a].[Email], [a].[EmailConfirmed], [a].[LockoutEnabled], [a].[LockoutEnd], [a].[NormalizedEmail], [a].[NormalizedUserName], [a].[PasswordHash], [a].[PhoneNumber], [a].[PhoneNumberConfirmed], [a].[SecurityStamp], [a].[TwoFactorEnabled], [a].[UserName]
FROM [AspNetUsers] AS [a]
WHERE [a].[NormalizedUserName] = @__normalizedUserName_0
2021-08-17 18:00:51.263 +06:00 [ERR] An exception occurred while iterating over the results of a query for context type 'SchoolManagement.Membership.Contexts.ApplicationDbContext'.
Microsoft.Data.SqlClient.SqlException (0x80131904): Invalid object name 'AspNetUsers'.
   at Microsoft.Data.SqlClient.SqlCommand.<>c.<ExecuteDbDataReaderAsync>b__169_0(Task`1 result)
   at System.Threading.Tasks.ContinuationResultTaskFromResultTask`2.InnerInvoke()
   at System.Threading.Tasks.Task.<>c.<.cctor>b__277_0(Object obj)
   at System.Threading.ExecutionContext.RunInternal(ExecutionContext executionContext, ContextCallback callback, Object state)
--- End of stack trace from previous location ---
   at System.Threading.Tasks.Task.ExecuteWithThreadLocal(Task& currentTaskSlot, Thread threadPoolThread)
--- End of stack trace from previous location ---
   at Microsoft.EntityFrameworkCore.Storage.RelationalCommand.ExecuteReaderAsync(RelationalCommandParameterObject parameterObject, CancellationToken cancellationToken)
   at Microsoft.EntityFrameworkCore.Storage.RelationalCommand.ExecuteReaderAsync(RelationalCommandParameterObject parameterObject, CancellationToken cancellationToken)
   at Microsoft.EntityFrameworkCore.Query.Internal.SingleQueryingEnumerable`1.AsyncEnumerator.InitializeReaderAsync(DbContext _, Boolean result, CancellationToken cancellationToken)
   at Microsoft.EntityFrameworkCore.SqlServer.Storage.Internal.SqlServerExecutionStrategy.ExecuteAsync[TState,TResult](TState state, Func`4 operation, Func`4 verifySucceeded, CancellationToken cancellationToken)
   at Microsoft.EntityFrameworkCore.Query.Internal.SingleQueryingEnumerable`1.AsyncEnumerator.MoveNextAsync()
ClientConnectionId:880906ae-53d1-4fd9-a80b-f100d2f6ce5d
Error Number:208,State:1,Class:16
Microsoft.Data.SqlClient.SqlException (0x80131904): Invalid object name 'AspNetUsers'.
   at Microsoft.Data.SqlClient.SqlCommand.<>c.<ExecuteDbDataReaderAsync>b__169_0(Task`1 result)
   at System.Threading.Tasks.ContinuationResultTaskFromResultTask`2.InnerInvoke()
   at System.Threading.Tasks.Task.<>c.<.cctor>b__277_0(Object obj)
   at System.Threading.ExecutionContext.RunInternal(ExecutionContext executionContext, ContextCallback callback, Object state)
--- End of stack trace from previous location ---
   at System.Threading.Tasks.Task.ExecuteWithThreadLocal(Task& currentTaskSlot, Thread threadPoolThread)
--- End of stack trace from previous location ---
   at Microsoft.EntityFrameworkCore.Storage.RelationalCommand.ExecuteReaderAsync(RelationalCommandParameterObject parameterObject, CancellationToken cancellationToken)
   at Microsoft.EntityFrameworkCore.Storage.RelationalCommand.ExecuteReaderAsync(RelationalCommandParameterObject parameterObject, CancellationToken cancellationToken)
   at Microsoft.EntityFrameworkCore.Query.Internal.SingleQueryingEnumerable`1.AsyncEnumerator.InitializeReaderAsync(DbContext _, Boolean result, CancellationToken cancellationToken)
   at Microsoft.EntityFrameworkCore.SqlServer.Storage.Internal.SqlServerExecutionStrategy.ExecuteAsync[TState,TResult](TState state, Func`4 operation, Func`4 verifySucceeded, CancellationToken cancellationToken)
   at Microsoft.EntityFrameworkCore.Query.Internal.SingleQueryingEnumerable`1.AsyncEnumerator.MoveNextAsync()
ClientConnectionId:880906ae-53d1-4fd9-a80b-f100d2f6ce5d
Error Number:208,State:1,Class:16
2021-08-17 18:00:51.564 +06:00 [ERR] An unhandled exception has occurred while executing the request.
Microsoft.Data.SqlClient.SqlException (0x80131904): Invalid object name 'AspNetUsers'.
   at Microsoft.Data.SqlClient.SqlCommand.<>c.<ExecuteDbDataReaderAsync>b__169_0(Task`1 result)
   at System.Threading.Tasks.ContinuationResultTaskFromResultTask`2.InnerInvoke()
   at System.Threading.Tasks.Task.<>c.<.cctor>b__277_0(Object obj)
   at System.Threading.ExecutionContext.RunInternal(ExecutionContext executionContext, ContextCallback callback, Object state)
--- End of stack trace from previous location ---
   at System.Threading.Tasks.Task.ExecuteWithThreadLocal(Task& currentTaskSlot, Thread threadPoolThread)
--- End of stack trace from previous location ---
   at Microsoft.EntityFrameworkCore.Storage.RelationalCommand.ExecuteReaderAsync(RelationalCommandParameterObject parameterObject, CancellationToken cancellationToken)
   at Microsoft.EntityFrameworkCore.Storage.RelationalCommand.ExecuteReaderAsync(RelationalCommandParameterObject parameterObject, CancellationToken cancellationToken)
   at Microsoft.EntityFrameworkCore.Query.Internal.SingleQueryingEnumerable`1.AsyncEnumerator.InitializeReaderAsync(DbContext _, Boolean result, CancellationToken cancellationToken)
   at Microsoft.EntityFrameworkCore.SqlServer.Storage.Internal.SqlServerExecutionStrategy.ExecuteAsync[TState,TResult](TState state, Func`4 operation, Func`4 verifySucceeded, CancellationToken cancellationToken)
   at Microsoft.EntityFrameworkCore.Query.Internal.SingleQueryingEnumerable`1.AsyncEnumerator.MoveNextAsync()
   at Microsoft.EntityFrameworkCore.Query.ShapedQueryCompilingExpressionVisitor.SingleOrDefaultAsync[TSource](IAsyncEnumerable`1 asyncEnumerable, CancellationToken cancellationToken)
   at Microsoft.EntityFrameworkCore.Query.ShapedQueryCompilingExpressionVisitor.SingleOrDefaultAsync[TSource](IAsyncEnumerable`1 asyncEnumerable, CancellationToken cancellationToken)
   at Microsoft.AspNetCore.Identity.UserManager`1.FindByNameAsync(String userName)
   at Microsoft.AspNetCore.Identity.UserValidator`1.ValidateUserName(UserManager`1 manager, TUser user, ICollection`1 errors)
   at Microsoft.AspNetCore.Identity.UserValidator`1.ValidateAsync(UserManager`1 manager, TUser user)
   at Microsoft.AspNetCore.Identity.UserManager`1.ValidateUserAsync(TUser user)
   at Microsoft.AspNetCore.Identity.UserManager`1.CreateAsync(TUser user)
   at Microsoft.AspNetCore.Identity.UserManager`1.CreateAsync(TUser user, String password)
   at SchoolManagement.Web.Controllers.AccountController.Register(RegisterModel model, String returnUrl) in D:\DevSkill\dotNet\Code\Asp.NetBatch5\AspDotNetMVC\Practices\SchoolManagement.Web\SchoolManagement.Web\Controllers\AccountController.cs:line 56
   at Microsoft.AspNetCore.Mvc.Infrastructure.ActionMethodExecutor.TaskOfIActionResultExecutor.Execute(IActionResultTypeMapper mapper, ObjectMethodExecutor executor, Object controller, Object[] arguments)
   at Microsoft.AspNetCore.Mvc.Infrastructure.ControllerActionInvoker.<InvokeActionMethodAsync>g__Awaited|12_0(ControllerActionInvoker invoker, ValueTask`1 actionResultValueTask)
   at Microsoft.AspNetCore.Mvc.Infrastructure.ControllerActionInvoker.<InvokeNextActionFilterAsync>g__Awaited|10_0(ControllerActionInvoker invoker, Task lastTask, State next, Scope scope, Object state, Boolean isCompleted)
   at Microsoft.AspNetCore.Mvc.Infrastructure.ControllerActionInvoker.Rethrow(ActionExecutedContextSealed context)
   at Microsoft.AspNetCore.Mvc.Infrastructure.ControllerActionInvoker.Next(State& next, Scope& scope, Object& state, Boolean& isCompleted)
   at Microsoft.AspNetCore.Mvc.Infrastructure.ControllerActionInvoker.<InvokeInnerFilterAsync>g__Awaited|13_0(ControllerActionInvoker invoker, Task lastTask, State next, Scope scope, Object state, Boolean isCompleted)
   at Microsoft.AspNetCore.Mvc.Infrastructure.ResourceInvoker.<InvokeNextResourceFilter>g__Awaited|24_0(ResourceInvoker invoker, Task lastTask, State next, Scope scope, Object state, Boolean isCompleted)
   at Microsoft.AspNetCore.Mvc.Infrastructure.ResourceInvoker.Rethrow(ResourceExecutedContextSealed context)
   at Microsoft.AspNetCore.Mvc.Infrastructure.ResourceInvoker.Next(State& next, Scope& scope, Object& state, Boolean& isCompleted)
   at Microsoft.AspNetCore.Mvc.Infrastructure.ResourceInvoker.<InvokeFilterPipelineAsync>g__Awaited|19_0(ResourceInvoker invoker, Task lastTask, State next, Scope scope, Object state, Boolean isCompleted)
   at Microsoft.AspNetCore.Mvc.Infrastructure.ResourceInvoker.<InvokeAsync>g__Awaited|17_0(ResourceInvoker invoker, Task task, IDisposable scope)
   at Microsoft.AspNetCore.Routing.EndpointMiddleware.<Invoke>g__AwaitRequestTask|6_0(Endpoint endpoint, Task requestTask, ILogger logger)
   at Microsoft.AspNetCore.Session.SessionMiddleware.Invoke(HttpContext context)
   at Microsoft.AspNetCore.Session.SessionMiddleware.Invoke(HttpContext context)
   at Microsoft.AspNetCore.Authorization.AuthorizationMiddleware.Invoke(HttpContext context)
   at Microsoft.AspNetCore.Authentication.AuthenticationMiddleware.Invoke(HttpContext context)
   at Microsoft.AspNetCore.Diagnostics.EntityFrameworkCore.MigrationsEndPointMiddleware.Invoke(HttpContext context)
   at Microsoft.AspNetCore.Diagnostics.DeveloperExceptionPageMiddleware.Invoke(HttpContext context)
ClientConnectionId:880906ae-53d1-4fd9-a80b-f100d2f6ce5d
Error Number:208,State:1,Class:16
2021-08-17 19:57:31.100 +06:00 [INF] Application Starting up
2021-08-17 19:58:23.620 +06:00 [INF] User created a new account with password.
2021-08-17 19:58:43.958 +06:00 [INF] User logged out.
2021-08-17 19:59:12.663 +06:00 [INF] User created a new account with password.
2021-08-17 19:59:16.811 +06:00 [INF] User logged out.
2021-08-17 19:59:51.667 +06:00 [INF] User created a new account with password.
2021-08-17 20:00:44.943 +06:00 [INF] User logged out.
2021-08-17 20:00:54.318 +06:00 [INF] User logged in.
2021-08-17 20:00:56.566 +06:00 [INF] User logged out.
2021-08-17 20:01:03.589 +06:00 [INF] User logged in.
2021-08-17 20:02:52.835 +06:00 [INF] Application Starting up
2021-08-17 20:03:07.835 +06:00 [INF] User logged out.
2021-08-17 20:03:31.517 +06:00 [INF] User created a new account with password.
2021-08-17 20:03:41.649 +06:00 [INF] User logged out.
2021-08-17 20:03:51.498 +06:00 [INF] User logged in.
2021-08-17 20:10:44.901 +06:00 [INF] User logged out.
2021-08-17 20:11:33.062 +06:00 [INF] Application Starting up
2021-08-17 20:12:03.233 +06:00 [INF] User logged in.
2021-08-17 20:13:13.884 +06:00 [INF] Application Starting up
2021-08-17 20:13:26.310 +06:00 [INF] User logged out.
2021-08-17 20:13:42.527 +06:00 [INF] User logged in.
2021-08-17 20:14:32.618 +06:00 [INF] Application Starting up
2021-08-17 20:14:44.833 +06:00 [INF] User logged out.
2021-08-17 20:16:34.366 +06:00 [INF] Application Starting up
2021-08-17 20:16:53.110 +06:00 [INF] User logged in.
2021-08-17 20:17:05.737 +06:00 [INF] User logged out.
2021-08-17 20:48:21.287 +06:00 [INF] Application Starting up
2021-08-17 20:49:04.250 +06:00 [INF] User created a new account with password.
2021-08-17 20:50:48.105 +06:00 [INF] User logged out.
2021-08-17 20:51:08.381 +06:00 [INF] User logged in.
2021-08-17 20:51:36.462 +06:00 [INF] User logged out.
2021-08-17 20:51:51.029 +06:00 [INF] User logged in.
2021-08-17 21:05:54.236 +06:00 [INF] Application Starting up
2021-08-17 21:06:20.664 +06:00 [INF] User logged out.
2021-08-17 21:06:39.566 +06:00 [INF] User logged in.
2021-08-17 21:09:12.650 +06:00 [INF] Application Starting up
2021-08-17 21:12:18.748 +06:00 [INF] Application Starting up
2021-08-17 21:13:03.186 +06:00 [INF] User logged out.
2021-08-17 21:13:13.841 +06:00 [INF] User logged in.
2021-08-17 21:20:26.449 +06:00 [INF] Application Starting up
2021-08-17 22:24:07.486 +06:00 [INF] Application Starting up
2021-08-17 22:26:52.673 +06:00 [INF] Application Starting up
2021-08-17 22:28:18.053 +06:00 [INF] Application Starting up
2021-08-17 22:29:00.258 +06:00 [INF] Application Starting up
2021-08-17 22:30:11.850 +06:00 [INF] Application Starting up
2021-08-17 22:30:40.442 +06:00 [INF] User logged in.
2021-08-17 22:32:19.452 +06:00 [INF] Application Starting up
2021-08-17 22:32:51.847 +06:00 [INF] User logged out.
2021-08-17 22:33:05.685 +06:00 [INF] User logged in.
2021-08-17 22:33:20.195 +06:00 [INF] User logged out.
2021-08-17 22:49:11.438 +06:00 [INF] Application Starting up
2021-08-17 22:49:39.481 +06:00 [INF] User logged in.
2021-08-17 22:50:39.563 +06:00 [INF] User logged out.
2021-08-17 22:50:49.313 +06:00 [INF] User logged in.
2021-08-17 23:24:45.316 +06:00 [INF] Application Starting up
2021-08-17 23:25:25.965 +06:00 [INF] Application Starting up
2021-08-17 23:26:57.985 +06:00 [INF] User created a new account with password.
2021-08-17 23:50:20.758 +06:00 [INF] Application Starting up
2021-08-17 23:50:28.884 +06:00 [INF] User logged out.
2021-08-17 23:50:41.064 +06:00 [INF] User logged in.
2021-08-17 23:58:02.789 +06:00 [INF] Application Starting up
2021-08-17 23:58:11.012 +06:00 [INF] User logged out.
2021-08-17 23:58:31.400 +06:00 [INF] User created a new account with password.
