2021-09-01 14:12:16.473 +06:00 [INF] Application Starting up
2021-09-01 15:49:21.996 +06:00 [INF] Application Starting up
2021-09-01 15:49:39.294 +06:00 [INF] Worker running at: "2021-09-01T15:49:39.2866495+06:00"
2021-09-01 19:45:01.373 +06:00 [INF] Application Starting up
2021-09-01 19:45:09.707 +06:00 [INF] Worker running at: "2021-09-01T19:45:09.6984241+06:00"
2021-09-01 20:38:17.617 +06:00 [INF] Application Starting up
2021-09-01 20:38:27.843 +06:00 [INF] Worker running at: "2021-09-01T20:38:27.8394660+06:00"
2021-09-01 20:40:33.294 +06:00 [INF] Application Starting up
2021-09-01 20:40:39.248 +06:00 [INF] Worker running at: "2021-09-01T20:40:39.2375740+06:00"
2021-09-01 20:41:53.417 +06:00 [INF] Application Starting up
2021-09-01 21:12:49.709 +06:00 [INF] Application Starting up
2021-09-01 22:21:38.310 +06:00 [INF] Application Starting up
2021-09-01 22:21:43.442 +06:00 [FTL] Application start-up failed
Microsoft.EntityFrameworkCore.DbUpdateException: An error occurred while updating the entries. See the inner exception for details.
 ---> Microsoft.Data.SqlClient.SqlException (0x80131904): Cannot insert the value NULL into column 'Id', table 'assignment_4.dbo.Companies'; column does not allow nulls. INSERT fails.
The statement has been terminated.
   at Microsoft.Data.SqlClient.SqlConnection.OnError(SqlException exception, Boolean breakConnection, Action`1 wrapCloseInAction)
   at Microsoft.Data.SqlClient.SqlInternalConnection.OnError(SqlException exception, Boolean breakConnection, Action`1 wrapCloseInAction)
   at Microsoft.Data.SqlClient.TdsParser.ThrowExceptionAndWarning(TdsParserStateObject stateObj, Boolean callerHasConnectionLock, Boolean asyncClose)
   at Microsoft.Data.SqlClient.TdsParser.TryRun(RunBehavior runBehavior, SqlCommand cmdHandler, SqlDataReader dataStream, BulkCopySimpleResultSet bulkCopyHandler, TdsParserStateObject stateObj, Boolean& dataReady)
   at Microsoft.Data.SqlClient.SqlDataReader.TryConsumeMetaData()
   at Microsoft.Data.SqlClient.SqlDataReader.get_MetaData()
   at Microsoft.Data.SqlClient.SqlCommand.FinishExecuteReader(SqlDataReader ds, RunBehavior runBehavior, String resetOptionsString, Boolean isInternal, Boolean forDescribeParameterEncryption, Boolean shouldCacheForAlwaysEncrypted)
   at Microsoft.Data.SqlClient.SqlCommand.RunExecuteReaderTds(CommandBehavior cmdBehavior, RunBehavior runBehavior, Boolean returnStream, Boolean isAsync, Int32 timeout, Task& task, Boolean asyncWrite, Boolean inRetry, SqlDataReader ds, Boolean describeParameterEncryptionRequest)
   at Microsoft.Data.SqlClient.SqlCommand.RunExecuteReader(CommandBehavior cmdBehavior, RunBehavior runBehavior, Boolean returnStream, TaskCompletionSource`1 completion, Int32 timeout, Task& task, Boolean& usedCache, Boolean asyncWrite, Boolean inRetry, String method)
   at Microsoft.Data.SqlClient.SqlCommand.RunExecuteReader(CommandBehavior cmdBehavior, RunBehavior runBehavior, Boolean returnStream, String method)
   at Microsoft.Data.SqlClient.SqlCommand.ExecuteReader(CommandBehavior behavior)
   at Microsoft.Data.SqlClient.SqlCommand.ExecuteDbDataReader(CommandBehavior behavior)
   at System.Data.Common.DbCommand.ExecuteReader()
   at Microsoft.EntityFrameworkCore.Storage.RelationalCommand.ExecuteReader(RelationalCommandParameterObject parameterObject)
   at Microsoft.EntityFrameworkCore.Update.ReaderModificationCommandBatch.Execute(IRelationalConnection connection)
ClientConnectionId:2339adb5-ff81-439b-92fb-163c759da2a3
Error Number:515,State:2,Class:16
   --- End of inner exception stack trace ---
   at Microsoft.EntityFrameworkCore.Update.ReaderModificationCommandBatch.Execute(IRelationalConnection connection)
   at Microsoft.EntityFrameworkCore.Update.Internal.BatchExecutor.Execute(IEnumerable`1 commandBatches, IRelationalConnection connection)
   at Microsoft.EntityFrameworkCore.Storage.RelationalDatabase.SaveChanges(IList`1 entries)
   at Microsoft.EntityFrameworkCore.ChangeTracking.Internal.StateManager.SaveChanges(IList`1 entriesToSave)
   at Microsoft.EntityFrameworkCore.ChangeTracking.Internal.StateManager.SaveChanges(DbContext _, Boolean acceptAllChangesOnSuccess)
   at Microsoft.EntityFrameworkCore.SqlServer.Storage.Internal.SqlServerExecutionStrategy.Execute[TState,TResult](TState state, Func`3 operation, Func`3 verifySucceeded)
   at Microsoft.EntityFrameworkCore.ChangeTracking.Internal.StateManager.SaveChanges(Boolean acceptAllChangesOnSuccess)
   at Microsoft.EntityFrameworkCore.DbContext.SaveChanges(Boolean acceptAllChangesOnSuccess)
   at Microsoft.EntityFrameworkCore.DbContext.SaveChanges()
   at StockData.Data.UnitOfWork.Save() in D:\DevSkill\dotNet\Code\Asp.NetBatch5\AspDotNetMVC\Assignment\Assignment_4\StockData\StockData.Data\UnitOfWork.cs:line 15
   at StockData.Trend.Services.CompanyService.DataSet(Company company) in D:\DevSkill\dotNet\Code\Asp.NetBatch5\AspDotNetMVC\Assignment\Assignment_4\StockData\StockData.Trend\Services\CompanyService.cs:line 28
   at StockData.Worker.Model.CompanyModel.GetCompanyData() in D:\DevSkill\dotNet\Code\Asp.NetBatch5\AspDotNetMVC\Assignment\Assignment_4\StockData\StockData.Worker\Model\CompanyModel.cs:line 43
   at StockData.Worker.Worker.ExecuteAsync(CancellationToken stoppingToken) in D:\DevSkill\dotNet\Code\Asp.NetBatch5\AspDotNetMVC\Assignment\Assignment_4\StockData\StockData.Worker\Worker.cs:line 31
   at Microsoft.Extensions.Hosting.Internal.Host.StartAsync(CancellationToken cancellationToken)
   at Microsoft.Extensions.Hosting.HostingAbstractionsHostExtensions.RunAsync(IHost host, CancellationToken token)
   at Microsoft.Extensions.Hosting.HostingAbstractionsHostExtensions.RunAsync(IHost host, CancellationToken token)
   at Microsoft.Extensions.Hosting.HostingAbstractionsHostExtensions.Run(IHost host)
   at StockData.Worker.Program.Main(String[] args) in D:\DevSkill\dotNet\Code\Asp.NetBatch5\AspDotNetMVC\Assignment\Assignment_4\StockData\StockData.Worker\Program.cs:line 38
2021-09-01 22:26:11.109 +06:00 [INF] Application Starting up
2021-09-01 22:26:31.563 +06:00 [INF] Worker running at: "2021-09-01T22:26:31.5544620+06:00"
2021-09-01 22:27:06.872 +06:00 [INF] Application Starting up
